/* ESATAN-TMS version 2020, run date 23:49 Tue 11 May 2021 */
BEGIN_MODEL GagarinSat_cfgCryo WORKBENCH_V1
GEOMETRY CCD_CryoCool_Sink;
CCD_CryoCool_Sink = NON_GEOMETRIC_THERMAL_NODE(
    capacitance_override = 0.0);

CCD_CryoCool_Sink = TRANSLATE(
    object_name = CCD_CryoCool_Sink,
    z_dist = 0.31,
    clear = TRUE);
CCD_CryoCool_Sink = NON_GEOMETRIC_THERMAL_NODE(
    origin = [0., 0., 0.],
    radius = 0.04,
    capacitance_override = 0.0);

CCD_CryoCool_Sink = TRANSLATE(
    object_name = CCD_CryoCool_Sink,
    z_dist = 0.31,
    clear = TRUE);
CCD_CryoCool_Sink = NON_GEOMETRIC_THERMAL_NODE(
    origin = [0., 0., 0.],
    radius = 0.04,
    capacitance_override = 0.0);

CCD_CryoCool_Sink = TRANSLATE(
    object_name = CCD_CryoCool_Sink,
    z_dist = 0.31+0.04,
    clear = TRUE);
GEOMETRY CCD_CryoCool_Diss;
CCD_CryoCool_Diss = NON_GEOMETRIC_THERMAL_NODE(
    origin = [0., 0., 0.],
    radius = 0.04,
    capacitance_override = 0.0);

CCD_CryoCool_Diss = TRANSLATE(
    object_name = CCD_CryoCool_Diss,
    z_dist = 0.31+0.04+0.125,
    clear = TRUE);
CCD_CryoCool_Diss = NON_GEOMETRIC_THERMAL_NODE(
    origin = [0., 0., 0.],
    radius = 0.04,
    capacitance_override = 0.0);

CCD_CryoCool_Diss = TRANSLATE(
    object_name = CCD_CryoCool_Diss,
    z_dist = 0.31+0.04+0.135,
    clear = TRUE);
CCD_CryoCool_Diss = NON_GEOMETRIC_THERMAL_NODE(
    origin = [0., 0., 0.],
    radius = 0.04,
    capacitance_override = 0.0);

CCD_CryoCool_Diss = TRANSLATE(
    object_name = CCD_CryoCool_Diss,
    z_dist = 0.31+0.04+0.16,
    clear = TRUE);
CCD_CryoCool_Diss = NON_GEOMETRIC_THERMAL_NODE(
    origin = [0., 0., 0.],
    radius = 0.04,
    capacitance_override = 0.0);

CCD_CryoCool_Diss = TRANSLATE(
    object_name = CCD_CryoCool_Diss,
    z_dist = 0.31+0.04+0.165,
    clear = TRUE);
CCD_CryoCool_Diss = NON_GEOMETRIC_THERMAL_NODE(
    origin = [0.0, 0.0, 0.0],
    radius = 0.04,
    node_number = 0,
    volume = 0.0,
    capacitance_override = 0.0,
    colour1 = "BLUE_CYAN",
    colour2 = "BLUE_CYAN");

CCD_CryoCool_Diss = TRANSLATE(
    object_name = CCD_CryoCool_Diss,
    z_dist = 0.52,
    clear = TRUE);
CCD_CryoCool_Diss = NON_GEOMETRIC_THERMAL_NODE(
    origin = [0.0, 0.0, 0.0],
    radius = 0.04,
    node_number = 0,
    volume = 0.0,
    capacitance_override = 0.0,
    colour1 = "BLUE_CYAN",
    colour2 = "BLUE_CYAN");

CCD_CryoCool_Diss = TRANSLATE(
    object_name = CCD_CryoCool_Diss,
    z_dist = 0.505,
    clear = TRUE);
CCD_CryoCool_Diss = NON_GEOMETRIC_THERMAL_NODE(
    origin = [0.0, 0.0, 0.0],
    radius = 0.04,
    node_number = 0,
    volume = 0.0,
    capacitance_override = 0.0,
    colour1 = "BLUE_CYAN",
    colour2 = "BLUE_CYAN");

CCD_CryoCool_Diss = TRANSLATE(
    object_name = CCD_CryoCool_Diss,
    z_dist = 0.51,
    clear = TRUE);
CCD_CryoCool_Diss = NON_GEOMETRIC_THERMAL_NODE(
    origin = [0.0, 0.0, 0.0],
    radius = 0.04,
    node_number = 0,
    volume = 0.0,
    capacitance_override = 0.0,
    colour1 = "BLUE_CYAN",
    colour2 = "BLUE_CYAN");

CCD_CryoCool_Diss = TRANSLATE(
    object_name = CCD_CryoCool_Diss,
    z_dist = 0.515,
    clear = TRUE);
CCD_CryoCool_Diss = NON_GEOMETRIC_THERMAL_NODE(
    origin = [0.0, 0.0, 0.0],
    radius = 0.04,
    node_number = 0,
    volume = 0.0,
    capacitance_override = 0.0,
    colour1 = "BLUE_CYAN",
    colour2 = "BLUE_CYAN");

CCD_CryoCool_Diss = TRANSLATE(
    object_name = CCD_CryoCool_Diss,
    z_dist = 0.512,
    clear = TRUE);
DELETE CCD_RAD_1;
CONDUCTOR CryoCool_Diss_RAD;
CryoCool_Diss_RAD = CONDUCTIVE_CONDUCTOR(
    source_reference = "IR_TEL_CCD:face1",
    destination_reference = "CCD_CryoCool_Sink",
    conductor_override = 176.4);

CryoCool_Diss_RAD = CONDUCTIVE_CONDUCTOR(
    source_reference = "CCD_CryoCool_Diss",
    destination_reference = "RAD_IR_TEL_2:face1",
    conductor_override = 42.076);

CONDUCTOR CCD_to_CryoCool_Sink;
CCD_to_CryoCool_Sink = CONDUCTIVE_CONDUCTOR(
    source_reference = "IR_TEL_CCD:face1",
    destination_reference = "CCD_CryoCool_Sink",
    conductor_override = 176.71);

CCD_CryoCool_Sink = NON_GEOMETRIC_THERMAL_NODE(
    origin = [0.0, 0.0, 0.0],
    radius = 0.04,
    node_number = 0,
    volume = 2.97160e-4,
    bulk = Al_6061,
    capacitance_override = -10000.0,
    colour1 = "BLUE_CYAN",
    colour2 = "BLUE_CYAN");

CCD_CryoCool_Sink = TRANSLATE(
    object_name = CCD_CryoCool_Sink,
    z_dist = 0.35,
    clear = TRUE);
CCD_CryoCool_Diss = NON_GEOMETRIC_THERMAL_NODE(
    origin = [0.0, 0.0, 0.0],
    radius = 0.04,
    node_number = 0,
    volume = 2.97160e-4,
    bulk = Copper,
    capacitance_override = -10000.0,
    colour1 = "BLUE_CYAN",
    colour2 = "BLUE_CYAN");

CCD_CryoCool_Diss = TRANSLATE(
    object_name = CCD_CryoCool_Diss,
    z_dist = 0.512,
    clear = TRUE);
CCD_CryoCool_Sink = NON_GEOMETRIC_THERMAL_NODE(
    origin = [0.0, 0.0, 0.0],
    radius = 0.04,
    node_number = 0,
    volume = 2.9716e-04,
    bulk = Copper,
    capacitance_override = -10000.0,
    colour1 = "BLUE_CYAN",
    colour2 = "BLUE_CYAN");

CCD_CryoCool_Sink = TRANSLATE(
    object_name = CCD_CryoCool_Sink,
    z_dist = 0.35,
    clear = TRUE);
CCD_CryoCool_Sink = NON_GEOMETRIC_THERMAL_NODE(
    origin = [0.0, 0.0, 0.0],
    radius = 0.04,
    node_number = 70500,
    volume = 2.9716e-04,
    bulk = Copper,
    capacitance_override = -10000.0,
    colour1 = "BLUE_CYAN",
    colour2 = "BLUE_CYAN");

CCD_CryoCool_Sink = TRANSLATE(
    object_name = CCD_CryoCool_Sink,
    z_dist = 0.35,
    clear = TRUE);
CCD_CryoCool_Diss = NON_GEOMETRIC_THERMAL_NODE(
    origin = [0.0, 0.0, 0.0],
    radius = 0.04,
    node_number = 70500,
    volume = 2.9716e-04,
    bulk = Copper,
    capacitance_override = -10000.0,
    colour1 = "BLUE_CYAN",
    colour2 = "BLUE_CYAN");

CCD_CryoCool_Diss = TRANSLATE(
    object_name = CCD_CryoCool_Diss,
    z_dist = 0.512,
    clear = TRUE);
CCD_CryoCool_Diss = NON_GEOMETRIC_THERMAL_NODE(
    origin = [0.0, 0.0, 0.0],
    radius = 0.04,
    node_number = 71000,
    volume = 2.9716e-04,
    bulk = Copper,
    capacitance_override = -10000.0,
    colour1 = "BLUE_CYAN",
    colour2 = "BLUE_CYAN");

CCD_CryoCool_Diss = TRANSLATE(
    object_name = CCD_CryoCool_Diss,
    z_dist = 0.512,
    clear = TRUE);
CCD_CryoCool_Diss = NON_GEOMETRIC_THERMAL_NODE(
    origin = [0.0, 0.0, 0.0],
    radius = 0.04,
    node_number = 71000,
    volume = 2.9716e-04,
    bulk = Copper,
    capacitance_override = -10000.0,
    colour1 = "RED",
    colour2 = "RED");

CCD_CryoCool_Diss = TRANSLATE(
    object_name = CCD_CryoCool_Diss,
    z_dist = 0.512,
    clear = TRUE);
REFERENCE_BODY = REFERENCE_BODY + CCD_CryoCool_Diss + CCD_CryoCool_Sink;
GEOMETRY NewCombine1;
REFERENCE_BODY = REFERENCE_BODY + NewCombine1;
NewCombine1 = CCD_CryoCool_Sink + CCD_CryoCool_Diss;
RENAME(old_name = "NewCombine1", new_name = "CryoCooler");
Solar_Panles_xPlus = SHELL_SCS_RECTANGLE(
    xmax = 0.8625,
    ymax = 0.3,
    height = 0.0,
    xmin = 0.0,
    ymin = 0.0,
    sense = -1,
    colour1 = "YELLOW",
    colour2 = "LAVENDER",
    side1 = "Active",
    nbase1 = 21000,
    ndelta1_1 = 1,
    side2 = "Active",
    nbase2 = 20000,
    ndelta2_1 = 1,
    label1 = "SPS_CELLS",
    label2 = "SPS_STR",
    opt1 = Solar_Cells,
    opt2 = Kapton_ITO,
    criticality1 = "NORMAL",
    criticality2 = "NORMAL",
    composition = "DUAL",
    bulk1 = GaAs,
    thick1 = 1.0e-03,
    bulk2 = Al_7075,
    thick2 = 1.0e-03,
    meshType1 = "regular",
    nodes1 = 8,
    meshType2 = "regular",
    nodes2 = 2,
    analysis_type = "Lumped Parameter");

Solar_Panles_xPlus = ROTATE(
    object_name = Solar_Panles_xPlus,
    x_ang = 90.0,
    clear = TRUE);
Solar_Panles_xPlus = TRANSLATE(
    object_name = Solar_Panles_xPlus,
    x_dist = 0.25,
    z_dist = 0.56);
RAD_IR_TEL = SHELL_SCS_CONE(
    semi_ang = 45.0,
    hmax = 0.2,
    hmin = 0.1385,
    angmin = 0.0,
    angmax = 360.0,
    sense = -1,
    colour1 = "PURPLE",
    colour2 = "PALE_BLUE",
    side1 = "Active",
    nbase1 = 61000,
    ndelta1_1 = 1,
    side2 = "Conductive",
    nbase2 = 61000,
    ndelta2_1 = 1,
    label1 = "RAD_Ins",
    label2 = "RAD_Ins",
    opt1 = OSR,
    opt2 = OSR,
    criticality1 = "NORMAL",
    criticality2 = "NORMAL",
    bulk = Copper,
    thick = 5.0e-03,
    meshType1 = "regular",
    nodes1 = 1,
    meshType2 = "regular",
    nodes2 = 3,
    analysis_type = "Lumped Parameter");

RAD_IR_TEL = ROTATE(
    object_name = RAD_IR_TEL,
    x_ang = 90.0,
    z_ang = -90.0,
    clear = TRUE);
RAD_IR_TEL = TRANSLATE(
    object_name = RAD_IR_TEL,
    x_dist = -0.211,
    z_dist = 0.55);
DELETE_GEOMETRY (geometry = RAD_STR, recursive = FALSE, unassign = FALSE);
DELETE_GEOMETRY (geometry = RAD_CUTTER_STR, recursive = FALSE, unassign = FALSE);
DELETE STR_RAD_3;
DELETE STR_RAD_2;
DELETE RAD_STR_Support2;
DELETE RAD_STR_Support4;
DELETE RAD_STR_Support1;
DELETE STR_RAD_4;
DELETE RAD_STR_Support3;
DELETE STR_RAD_1;
CONDUCTOR CryoCool_Sink_Support;
CryoCool_Sink_Support = CONDUCTIVE_CONDUCTOR(
    source_reference = "CCD_CryoCool_Sink",
    destination_reference = "IR_TEL_STR:face2",
    conductor_override = 0.10053096);

CONDUCTOR CryoCool_Sink_Support2;
CryoCool_Sink_Support2 = CONDUCTIVE_CONDUCTOR(
    source_reference = "CCD_CryoCool_Sink",
    destination_reference = "IR_TEL_STR:face4",
    conductor_override = 0.10053096);

DELETE CryoCool_Sink_Support;
CryoCool_Sink_Support2 = CONDUCTIVE_CONDUCTOR(
    source_reference = "CCD_CryoCool_Sink",
    destination_reference = "IR_TEL_STR:face4",
    conductor_override = 0.0080424771);

CONDUCTOR CryoCool_Sink_Support1;
CryoCool_Sink_Support1 = CONDUCTIVE_CONDUCTOR(
    source_reference = "CCD_CryoCool_Sink",
    destination_reference = "IR_TEL_STR:face2",
    conductor_override = 0.0080424771);

CONDUCTOR CryoCool_Diss_Support1;
CryoCool_Diss_Support1 = CONDUCTIVE_CONDUCTOR(
    source_reference = "CCD_CryoCool_Diss",
    destination_reference = "Body_plate_1:face5",
    conductor_override = 0.02010619298);

CONDUCTOR CryoCool_Diss_Support2;
CryoCool_Diss_Support2 = CONDUCTIVE_CONDUCTOR(
    source_reference = "CCD_CryoCool_Diss",
    destination_reference = "Body_plate_1:face7",
    conductor_override = 0.02010619298);

CONDUCTOR CryoCool_Diss_Support3;
CryoCool_Diss_Support3 = CONDUCTIVE_CONDUCTOR(
    source_reference = "CCD_CryoCool_Diss",
    destination_reference = "Body_plate_1:face1",
    conductor_override = 0.02010619298);

CONDUCTOR CryoCool_Diss_Support4;
CryoCool_Diss_Support4 = CONDUCTIVE_CONDUCTOR(
    source_reference = "CCD_CryoCool_Diss",
    destination_reference = "Body_plate_1:face1",
    conductor_override = 0.02010619298);

CryoCool_Diss_Support4 = CONDUCTIVE_CONDUCTOR(
    source_reference = "CCD_CryoCool_Diss",
    destination_reference = "Body_plate_1:face1",
    conductor_override = 0.02010619);

CryoCool_Diss_Support4 = CONDUCTIVE_CONDUCTOR(
    source_reference = "CCD_CryoCool_Diss",
    destination_reference = "Body_plate_1:face3",
    conductor_override = 0.02010619);

CryoCool_Diss_Support3 = CONDUCTIVE_CONDUCTOR(
    source_reference = "CCD_CryoCool_Diss",
    destination_reference = "Body_plate_1:face1",
    conductor_override = 0.02010619);

CryoCool_Diss_Support2 = CONDUCTIVE_CONDUCTOR(
    source_reference = "CCD_CryoCool_Diss",
    destination_reference = "Body_plate_1:face7",
    conductor_override = 0.02010619);

CryoCool_Diss_Support1 = CONDUCTIVE_CONDUCTOR(
    source_reference = "CCD_CryoCool_Diss",
    destination_reference = "Body_plate_1:face5",
    conductor_override = 0.02010619);

CryoCool_Diss_Support1 = CONDUCTIVE_CONDUCTOR(
    source_reference = "CCD_CryoCool_Diss",
    destination_reference = "Body_plate_1:face5",
    conductor_override = 0.0050265482);

CryoCool_Diss_Support2 = CONDUCTIVE_CONDUCTOR(
    source_reference = "CCD_CryoCool_Diss",
    destination_reference = "Body_plate_1:face7",
    conductor_override = 0.0050265482);

CryoCool_Diss_Support3 = CONDUCTIVE_CONDUCTOR(
    source_reference = "CCD_CryoCool_Diss",
    destination_reference = "Body_plate_1:face1",
    conductor_override = 0.0050265482);

CryoCool_Diss_Support4 = CONDUCTIVE_CONDUCTOR(
    source_reference = "CCD_CryoCool_Diss",
    destination_reference = "Body_plate_1:face3",
    conductor_override = 0.0050265482);

CryoCool_Diss_Support1 = CONDUCTIVE_CONDUCTOR(
    source_reference = "CCD_CryoCool_Diss",
    destination_reference = "Body_plate_1:face5",
    conductor_override = 0.010053096);

CryoCool_Diss_Support2 = CONDUCTIVE_CONDUCTOR(
    source_reference = "CCD_CryoCool_Diss",
    destination_reference = "Body_plate_1:face7",
    conductor_override = 0.010053096);

CryoCool_Diss_Support3 = CONDUCTIVE_CONDUCTOR(
    source_reference = "CCD_CryoCool_Diss",
    destination_reference = "Body_plate_1:face1",
    conductor_override = 0.010053096);

CryoCool_Diss_Support4 = CONDUCTIVE_CONDUCTOR(
    source_reference = "CCD_CryoCool_Diss",
    destination_reference = "Body_plate_1:face3",
    conductor_override = 0.010053096);

/* ESATAN-TMS version 2020, run date 9:46 Wed 12 May 2021 */
/* BEGIN_MODEL GagarinSat_cfgCryo WORKBENCH_V1 */
GagarinSat_cfgCryo = ASSEMBLE(
    ref_comp = REFERENCE_BODY,
    moving_comp = Solar_Panles_xPlus,
    orientation = "TRUE_SUN",
    rot_point = [0.25, 0.0, 0.71],
    rot_axis = [1.0, 0.0, 0.0],
    rot_min_ang = 0.0,
    rot_max_ang = 360.0,
    point_vect = [0.0, 1.0, 0.0]
);
GagarinSat_cfgCryo = ASSEMBLE(
    ref_comp = REFERENCE_BODY,
    moving_comp = Solar_Panles_xPlus,
    orientation = "TRUE_SUN",
    rot_point = [0.25, 0.0, 0.71],
    rot_axis = [1.0, 0.0, 0.0],
    rot_min_ang = 0.0,
    rot_max_ang = 360.0,
    point_vect = [1.0, 0.0, 0.0]
)
   /* Warning Error: current function is assemble procedure */
   /* Pointing vector and rotation axis are parallel.
      Error number: 680 */

   /* Warning Error: current function is procedure parser */
   /* invalid parameter value */
;
GagarinSat_cfgCryo = ASSEMBLE(
    ref_comp = REFERENCE_BODY,
    moving_comp = Solar_Panles_xPlus,
    orientation = "TRUE_SUN",
    rot_point = [0.25, 0.0, 0.71],
    rot_axis = [1.0, 0.0, 0.0],
    rot_min_ang = 0.0,
    rot_max_ang = 360.0,
    point_vect = [0.0, 0.0, 1.0]
);
GagarinSat_cfgCryo = ASSEMBLE(
    ref_comp = REFERENCE_BODY,
    moving_comp = Solar_Panles_xPlus,
    orientation = "TRUE_SUN",
    rot_point = [0.25, 0.0, 0.71],
    rot_axis = [1.0, 0.0, 0.0],
    rot_min_ang = 0.0,
    rot_max_ang = 360.0,
    point_vect = [0.0, 1.0, 1.0]
);
GagarinSat_cfgCryo = ASSEMBLE(
    ref_comp = REFERENCE_BODY,
    moving_comp = Solar_Panles_xPlus,
    orientation = "TRUE_SUN",
    rot_point = [0.25, 0.0, 0.71],
    rot_axis = [1.0, 0.0, 0.0],
    rot_min_ang = 0.0,
    rot_max_ang = 360.0,
    point_vect = [0.0, -1.0, 1.0]
);
GagarinSat_cfgCryo = ASSEMBLE(
    ref_comp = REFERENCE_BODY,
    moving_comp = Solar_Panles_xPlus,
    orientation = "TRUE_SUN",
    rot_point = [0.25, 0.0, 0.71],
    rot_axis = [1.0, 0.0, 0.0],
    rot_min_ang = 0.0,
    rot_max_ang = 360.0,
    point_vect = [0.0, -1.0, -1.0]
);
GagarinSat_cfgCryo = ASSEMBLE(
    ref_comp = REFERENCE_BODY,
    moving_comp = Solar_Panles_xPlus,
    orientation = "TRUE_SUN",
    rot_point = [0.25, 0.0, 0.71],
    rot_axis = [1.0, 0.0, 0.0],
    rot_min_ang = 0.0,
    rot_max_ang = 360.0,
    point_vect = [0.0, 1.0, -1.0]
);
GagarinSat_cfgCryo = ASSEMBLE(
    ref_comp = REFERENCE_BODY,
    moving_comp = Solar_Panles_xPlus,
    orientation = "TRUE_SUN",
    rot_point = [0.25, 0.0, 0.71],
    rot_axis = [1.0, 0.0, 0.0],
    rot_min_ang = 0.0,
    rot_max_ang = 360.0,
    point_vect = [0.0, 1.0, -1.0]
);
GagarinSat_cfgCryo = ASSEMBLE(
    ref_comp = REFERENCE_BODY,
    moving_comp = Solar_Panles_xPlus,
    orientation = "TRUE_SUN",
    rot_point = [0.25, 0.0, 0.71],
    rot_axis = [1.0, 0.0, 0.0],
    rot_min_ang = 0.0,
    rot_max_ang = 360.0,
    point_vect = [0.0, 1.0, 1.0]
);
GagarinSat_cfgCryo = ASSEMBLE(
    ref_comp = REFERENCE_BODY,
    moving_comp = Solar_Panles_xPlus,
    orientation = "TRUE_SUN",
    rot_point = [0.25, 0.0, 0.71],
    rot_axis = [1.0, 0.0, 0.0],
    rot_min_ang = 0.0,
    rot_max_ang = 360.0,
    point_vect = [0.0, 1.0, -1.0]
);
GagarinSat_cfgCryo = ASSEMBLE(
    ref_comp = REFERENCE_BODY,
    moving_comp = Solar_Panles_xPlus,
    orientation = "TRUE_SUN",
    rot_point = [0.25, 0.0, 0.71],
    rot_axis = [0.0, 1.0, 0.0],
    rot_min_ang = 0.0,
    rot_max_ang = 360.0,
    point_vect = [0.0, 0.0, -1.0]
);
GagarinSat_cfgCryo = ASSEMBLE(
    ref_comp = REFERENCE_BODY,
    moving_comp = Solar_Panles_xPlus,
    orientation = "TRUE_SUN",
    rot_point = [0.25, 0.0, 0.71],
    rot_axis = [0.0, 0.0, 1.0],
    rot_min_ang = 0.0,
    rot_max_ang = 360.0,
    point_vect = [0.0, -1.0, 0.0]
);
GagarinSat_cfgCryo = ASSEMBLE(
    ref_comp = REFERENCE_BODY,
    moving_comp = Solar_Panles_xPlus,
    orientation = "TRUE_SUN",
    rot_point = [0.25, 0.0, 0.71],
    rot_axis = [1.0, 0.0, 0.0],
    rot_min_ang = 0.0,
    rot_max_ang = 360.0,
    point_vect = [0.0, -1.0, 0.0]
);
/* END_MODEL */
/* ESATAN-TMS version 2020, run date 10:24 Wed 12 May 2021 */
/* BEGIN_MODEL GagarinSat_cfgCryo WORKBENCH_V1 */
RAD_IR_TEL = SHELL_SCS_CONE(
    semi_ang = 45.0,
    hmax = 0.2,
    hmin = 0.1385,
    angmin = 0.0,
    angmax = 360.0,
    sense = -1,
    colour1 = "PURPLE",
    colour2 = "PALE_BLUE",
    side1 = "Active",
    nbase1 = 61000,
    ndelta1_1 = 1,
    side2 = "Active",
    nbase2 = 61000,
    ndelta2_1 = 1,
    label1 = "RAD_Ins",
    label2 = "RAD_Ins",
    opt1 = OSR,
    opt2 = OSR,
    criticality1 = "NORMAL",
    criticality2 = "NORMAL",
    bulk = Copper,
    thick = 5.0e-03,
    meshType1 = "regular",
    nodes1 = 1,
    meshType2 = "regular",
    nodes2 = 3,
    analysis_type = "Lumped Parameter");

RAD_IR_TEL = ROTATE(
    object_name = RAD_IR_TEL,
    x_ang = 90.0,
    z_ang = -90.0,
    clear = TRUE);
RAD_IR_TEL = TRANSLATE(
    object_name = RAD_IR_TEL,
    x_dist = -0.211,
    z_dist = 0.55);
RAD_IR_TEL = SHELL_SCS_CONE(
    semi_ang = 45.0,
    hmax = 0.2,
    hmin = 0.1385,
    angmin = 0.0,
    angmax = 360.0,
    sense = -1,
    colour1 = "PURPLE",
    colour2 = "PALE_BLUE",
    side1 = "Active",
    nbase1 = 61000,
    ndelta1_1 = 1,
    side2 = "Active",
    nbase2 = 61000,
    ndelta2_1 = 1,
    label1 = "RAD_Ins",
    label2 = "RAD_Ins",
    opt1 = OSR,
    opt2 = OSR,
    criticality1 = "NORMAL",
    criticality2 = "NORMAL",
    bulk = Copper,
    thick = 5.0e-03,
    meshType1 = "regular",
    nodes1 = 1,
    meshType2 = "regular",
    nodes2 = 3,
    analysis_type = "Lumped Parameter");

RAD_IR_TEL = ROTATE(
    object_name = RAD_IR_TEL,
    x_ang = 90.0,
    z_ang = -90.0,
    clear = TRUE);
RAD_IR_TEL = TRANSLATE(
    object_name = RAD_IR_TEL,
    x_dist = -0.211,
    z_dist = 0.55);
RAD_IR_TEL_2 = SHELL_SCS_DISC(
    rmax = 0.1385,
    rmin = 0.0,
    height = 0.0,
    angmin = 0.0,
    angmax = 360.0,
    sense = -1,
    colour1 = "PURPLE",
    colour2 = "PALE_BLUE",
    side1 = "Active",
    nbase1 = 62000,
    ndelta1_1 = 1,
    side2 = "Active",
    nbase2 = 62500,
    ndelta2_1 = 1,
    label1 = "RAD_Ins",
    label2 = "RAD_Ins",
    opt1 = OSR,
    opt2 = OSR,
    criticality1 = "NORMAL",
    criticality2 = "NORMAL",
    bulk = Copper,
    thick = 5.0e-03,
    meshType1 = "regular",
    nodes1 = 1,
    meshType2 = "regular",
    nodes2 = 1,
    analysis_type = "Lumped Parameter");

RAD_IR_TEL_2 = ROTATE(
    object_name = RAD_IR_TEL_2,
    x_ang = 90.0,
    z_ang = 90.0,
    clear = TRUE);
RAD_IR_TEL_2 = TRANSLATE(
    object_name = RAD_IR_TEL_2,
    x_dist = -0.21,
    z_dist = 0.55);
RAD_INS = SHELL_SCS_RECTANGLE(
    xmax = 0.25,
    ymax = 0.34,
    height = 0.0,
    xmin = 0.0,
    ymin = 0.0,
    sense = -1,
    colour1 = "PALE_BLUE",
    colour2 = "PURPLE",
    side1 = "Active",
    nbase1 = 60000,
    ndelta1_1 = 1,
    side2 = "Active",
    nbase2 = 60000,
    ndelta2_1 = 1,
    label1 = "RAD_IR_Tel",
    label2 = "RAD_IR_Tel",
    opt1 = OSR,
    opt2 = OSR,
    criticality1 = "NORMAL",
    criticality2 = "NORMAL",
    bulk = Copper,
    thick = 5.0e-03,
    meshType1 = "regular",
    nodes1 = 3,
    meshType2 = "regular",
    nodes2 = 3,
    analysis_type = "Lumped Parameter");

RAD_INS = ROTATE(
    object_name = RAD_INS,
    x_ang = 90.0,
    z_ang = 90.0,
    clear = TRUE);
RAD_INS = TRANSLATE(
    object_name = RAD_INS,
    x_dist = 0.21,
    y_dist = -0.125,
    z_dist = 0.36);
/* END_MODEL */
/* ESATAN-TMS version 2020, run date 14:10 Wed 12 May 2021 */
/* BEGIN_MODEL GagarinSat_cfgCryo WORKBENCH_V1 */
Solar_Panles_xPlus = SHELL_SCS_RECTANGLE(
    xmax = 0.936*0.3,
    ymax = 0.3,
    height = 0.0,
    xmin = 0.0,
    ymin = 0.0,
    sense = -1,
    colour1 = "YELLOW",
    colour2 = "LAVENDER",
    side1 = "Active",
    nbase1 = 21000,
    ndelta1_1 = 1,
    side2 = "Active",
    nbase2 = 20000,
    ndelta2_1 = 1,
    label1 = "SPS_CELLS",
    label2 = "SPS_STR",
    opt1 = Solar_Cells,
    opt2 = Kapton_ITO,
    criticality1 = "NORMAL",
    criticality2 = "NORMAL",
    composition = "DUAL",
    bulk1 = GaAs,
    thick1 = 1.0e-03,
    bulk2 = Al_7075,
    thick2 = 1.0e-03,
    meshType1 = "regular",
    nodes1 = 8,
    meshType2 = "regular",
    nodes2 = 2,
    analysis_type = "Lumped Parameter");

Solar_Panles_xPlus = ROTATE(
    object_name = Solar_Panles_xPlus,
    x_ang = 90.0,
    clear = TRUE);
Solar_Panles_xPlus = TRANSLATE(
    object_name = Solar_Panles_xPlus,
    x_dist = 0.25,
    z_dist = 0.56);
Solar_Panles_xPlus = SHELL_SCS_RECTANGLE(
    xmax = 0.936,
    ymax = 0.3,
    height = 0.0,
    xmin = 0.0,
    ymin = 0.0,
    sense = -1,
    colour1 = "YELLOW",
    colour2 = "LAVENDER",
    side1 = "Active",
    nbase1 = 21000,
    ndelta1_1 = 1,
    side2 = "Active",
    nbase2 = 20000,
    ndelta2_1 = 1,
    label1 = "SPS_CELLS",
    label2 = "SPS_STR",
    opt1 = Solar_Cells,
    opt2 = Kapton_ITO,
    criticality1 = "NORMAL",
    criticality2 = "NORMAL",
    composition = "DUAL",
    bulk1 = GaAs,
    thick1 = 1.0e-03,
    bulk2 = Al_7075,
    thick2 = 1.0e-03,
    meshType1 = "regular",
    nodes1 = 8,
    meshType2 = "regular",
    nodes2 = 2,
    analysis_type = "Lumped Parameter");

Solar_Panles_xPlus = ROTATE(
    object_name = Solar_Panles_xPlus,
    x_ang = 90.0,
    clear = TRUE);
Solar_Panles_xPlus = TRANSLATE(
    object_name = Solar_Panles_xPlus,
    x_dist = 0.25,
    z_dist = 0.56);
RAD_Ins_block_to_cone_1 = CONDUCTIVE_CONDUCTOR(
    source_reference = "RAD_IR_TEL_2:face2",
    destination_reference = "RAD_IR_TEL:face2",
    conductor_override = 1272.3);

RAD_Ins_block_to_cone_2 = CONDUCTIVE_CONDUCTOR(
    source_reference = "RAD_IR_TEL_2:face1",
    destination_reference = "RAD_IR_TEL:face1",
    conductor_override = 1272.3);

CCD_CryoCool_Diss = NON_GEOMETRIC_THERMAL_NODE(
    origin = [0.0, 0.0, 0.0],
    radius = 0.04,
    node_number = 71000,
    volume = 2.9716e-04,
    bulk = Al_6061,
    capacitance_override = -10000.0,
    colour1 = "RED",
    colour2 = "RED");

CCD_CryoCool_Diss = TRANSLATE(
    object_name = CCD_CryoCool_Diss,
    z_dist = 0.512,
    clear = TRUE);
CCD_CryoCool_Sink = NON_GEOMETRIC_THERMAL_NODE(
    origin = [0.0, 0.0, 0.0],
    radius = 0.04,
    node_number = 70500,
    volume = 2.9716e-04,
    bulk = Al_6061,
    capacitance_override = -10000.0,
    colour1 = "BLUE_CYAN",
    colour2 = "BLUE_CYAN");

CCD_CryoCool_Sink = TRANSLATE(
    object_name = CCD_CryoCool_Sink,
    z_dist = 0.35,
    clear = TRUE);
EBox_Plate_bottom = DEFINE_CONTACT_ZONE(
source_reference = "Electronic_Box:surface1",
destination_reference = "Body_plate_2:surface1",
contact_conductance = 200.0,
maximum_gap = 0.01,
number_sample_points = 10000);

/* END_MODEL */
/* ESATAN-TMS version 2020, run date 16:07 Wed 12 May 2021 */
/* BEGIN_MODEL GagarinSat_cfgCryo WORKBENCH_V1 */
/* END_MODEL */
/* ESATAN-TMS version 2020, run date 22:03 Wed 12 May 2021 */
/* BEGIN_MODEL GagarinSat_cfgCryo WORKBENCH_V1 */
/* END_MODEL */
/* ESATAN-TMS version 2020, run date 22:05 Wed 12 May 2021 */
/* BEGIN_MODEL GagarinSat_cfgCryo WORKBENCH_V1 */
CCD_to_CryoCool_Sink = CONDUCTIVE_CONDUCTOR(
    source_reference = "IR_TEL_CCD:face1",
    destination_reference = "CCD_CryoCool_Sink",
    conductor_override = 6.675884);

CryoCool_Diss_RAD = CONDUCTIVE_CONDUCTOR(
    source_reference = "CCD_CryoCool_Diss",
    destination_reference = "RAD_IR_TEL_2:face1",
    conductor_override = 2.543194);

CryoCool_Diss_Support1 = CONDUCTIVE_CONDUCTOR(
    source_reference = "CCD_CryoCool_Diss",
    destination_reference = "Body_plate_1:face5",
    conductor_override = 0.0100531);

CryoCool_Diss_Support1 = CONDUCTIVE_CONDUCTOR(
    source_reference = "CCD_CryoCool_Diss",
    destination_reference = "Body_plate_1:face5",
    conductor_override = 0.125118);

CryoCool_Diss_Support2 = CONDUCTIVE_CONDUCTOR(
    source_reference = "CCD_CryoCool_Diss",
    destination_reference = "Body_plate_1:face7",
    conductor_override = 0.125118);

CryoCool_Diss_Support3 = CONDUCTIVE_CONDUCTOR(
    source_reference = "CCD_CryoCool_Diss",
    destination_reference = "Body_plate_1:face1",
    conductor_override = 0.125118);

CryoCool_Diss_Support4 = CONDUCTIVE_CONDUCTOR(
    source_reference = "CCD_CryoCool_Diss",
    destination_reference = "Body_plate_1:face3",
    conductor_override = 0.125118);

CryoCool_Sink_Support1 = CONDUCTIVE_CONDUCTOR(
    source_reference = "CCD_CryoCool_Sink",
    destination_reference = "IR_TEL_STR:face2",
    conductor_override = 0.003141592);

CryoCool_Sink_Support2 = CONDUCTIVE_CONDUCTOR(
    source_reference = "CCD_CryoCool_Sink",
    destination_reference = "IR_TEL_STR:face4",
    conductor_override = 0.003141592);

EBox_RAD_1 = CONDUCTIVE_CONDUCTOR(
    source_reference = "Electronic_Box:face5",
    destination_reference = "RAD_INS:face10",
    conductor_override = 6.32452);

EBox_RAD_2 = CONDUCTIVE_CONDUCTOR(
    source_reference = "Electronic_Box:face1",
    destination_reference = "RAD_INS:face10",
    conductor_override = 6.32452);

EBox_RAD_3 = CONDUCTIVE_CONDUCTOR(
    source_reference = "Electronic_Box:face7",
    destination_reference = "RAD_INS:face10",
    conductor_override = 6.32452);

EBox_RAD_4 = CONDUCTIVE_CONDUCTOR(
    source_reference = "Electronic_Box:face3",
    destination_reference = "RAD_INS:face10",
    conductor_override = 6.32452);

IR_Tel_Asmbly_RAD_1 = CONDUCTIVE_CONDUCTOR(
    source_reference = "IR_TEL_STR_2:face1",
    destination_reference = "RAD_IR_TEL_STR:surface2",
    conductor_override = 1.5542857);

IR_Tel_Asmbly_RAD_2 = CONDUCTIVE_CONDUCTOR(
    source_reference = "IR_TEL_OBJ:face3",
    destination_reference = "RAD_IR_TEL_STR:surface2",
    conductor_override = 10.88);

IR_Tel_Asmbly_RAD_3 = CONDUCTIVE_CONDUCTOR(
    source_reference = "IR_TEL_OBJ:face1",
    destination_reference = "RAD_IR_TEL_STR:surface2",
    conductor_override = 10.88);

IR_Tel_Asmbly_RAD_4 = CONDUCTIVE_CONDUCTOR(
    source_reference = "IR_TEL_STR:face3",
    destination_reference = "RAD_IR_TEL_STR:surface2",
    conductor_override = 3.4);

IR_Tel_Asmbly_RAD_5 = CONDUCTIVE_CONDUCTOR(
    source_reference = "IR_TEL_STR:face1",
    destination_reference = "RAD_IR_TEL_STR:surface2",
    conductor_override = 3.4);

IR_Tel_Lens_IR_Tel_Obj = CONDUCTIVE_CONDUCTOR(
    source_reference = "IR_TEL_LENS:face1",
    destination_reference = "IR_TEL_OBJ:surface2",
    conductor_override = 0.00153418076);

IR_Tel_Obj_IR_Tel_CCD_1 = CONDUCTIVE_CONDUCTOR(
    source_reference = "IR_TEL_OBJ:face2",
    destination_reference = "IR_TEL_CCD:surface2",
    conductor_override = 0.00047918456);

IR_Tel_Obj_IR_Tel_CCD_2 = CONDUCTIVE_CONDUCTOR(
    source_reference = "IR_TEL_OBJ:face4",
    destination_reference = "IR_TEL_CCD:surface2",
    conductor_override = 0.00047918456);

IR_Tel_Obj_IR_Tel_STR_1 = CONDUCTIVE_CONDUCTOR(
    source_reference = "IR_TEL_OBJ:face1",
    destination_reference = "IR_TEL_STR:face2",
    conductor_override = 0.002872);

IR_Tel_Obj_IR_Tel_STR_2 = CONDUCTIVE_CONDUCTOR(
    source_reference = "IR_TEL_OBJ:face3",
    destination_reference = "IR_TEL_STR:face4",
    conductor_override = 0.002872);

IR_Tel_STR_Panel_inf_1 = CONDUCTIVE_CONDUCTOR(
    source_reference = "IR_TEL_STR:face3",
    destination_reference = "Panels:face61",
    conductor_override = 0.0118117656);

IR_Tel_STR_Panel_inf_2 = CONDUCTIVE_CONDUCTOR(
    source_reference = "IR_TEL_STR:face3",
    destination_reference = "Panels:face63",
    conductor_override = 0.0118117656);

IR_Tel_STR_Panel_inf_3 = CONDUCTIVE_CONDUCTOR(
    source_reference = "IR_TEL_STR:face1",
    destination_reference = "Panels:face57",
    conductor_override = 0.0118117656);

IR_Tel_STR_Panel_inf_4 = CONDUCTIVE_CONDUCTOR(
    source_reference = "IR_TEL_STR:face1",
    destination_reference = "Panels:face59",
    conductor_override = 0.0118117656);

PLD1_RAD_1 = CONDUCTIVE_CONDUCTOR(
    source_reference = "Payload_1",
    destination_reference = "RAD_INS:face10",
    conductor_override = 1.7548387);

PLD2_RAD_1 = CONDUCTIVE_CONDUCTOR(
    source_reference = "Payload_2",
    destination_reference = "RAD_INS:face10",
    conductor_override = 4.94545454545455);

Panel_xyneg_Plate2_1 = CONDUCTIVE_CONDUCTOR(
    source_reference = "Panels:face52",
    destination_reference = "Body_plate_2:face2",
    conductor_override = 0.0206388);

Panel_xyneg_Plate2_2 = CONDUCTIVE_CONDUCTOR(
    source_reference = "Body_plate_2:face2",
    destination_reference = "Panels:face14",
    conductor_override = 0.0206388);

Panel_xyneg_Plate2_3 = CONDUCTIVE_CONDUCTOR(
    source_reference = "Body_plate_2:face6",
    destination_reference = "Panels:face50",
    conductor_override = 0.0206388);

Panel_xyneg_Plate2_4 = CONDUCTIVE_CONDUCTOR(
    source_reference = "Body_plate_2:face6",
    destination_reference = "Panels:face40",
    conductor_override = 0.0244808743);

Panel_xyneg_Plate_2 = CONDUCTIVE_CONDUCTOR(
    source_reference = "Panels:face48",
    destination_reference = "Body_plate_1:face2",
    conductor_override = 0.0244808743);

Panel_xyneg_Plate_2 = CONDUCTIVE_CONDUCTOR(
    source_reference = "Panels:face48",
    destination_reference = "Body_plate_1:face2",
    conductor_override = 0.0244808743);

Panel_xyneg_Plate_1 = CONDUCTIVE_CONDUCTOR(
    source_reference = "Panels:face46",
    destination_reference = "Body_plate_1:face6",
    conductor_override = 0.057485);

Panel_xyneg_Plate_1 = CONDUCTIVE_CONDUCTOR(
    source_reference = "Panels:face46",
    destination_reference = "Body_plate_1:face6",
    conductor_override = 0.0206388);

Panel_xyneg_Plate_2 = CONDUCTIVE_CONDUCTOR(
    source_reference = "Panels:face48",
    destination_reference = "Body_plate_1:face2",
    conductor_override = 0.0206388);

Panel_xyneg_Plate_3 = CONDUCTIVE_CONDUCTOR(
    source_reference = "Panels:face10",
    destination_reference = "Body_plate_1:face2",
    conductor_override = 0.0244808743);

Panel_xyneg_Plate_4 = CONDUCTIVE_CONDUCTOR(
    source_reference = "Panels:face36",
    destination_reference = "Body_plate_1:face6",
    conductor_override = 0.0244808743);

Panel_xypos_Plate2_1 = CONDUCTIVE_CONDUCTOR(
    source_reference = "Body_plate_2:face4",
    destination_reference = "Panels:face26",
    conductor_override = 0.0206388);

Panel_xypos_Plate2_2 = CONDUCTIVE_CONDUCTOR(
    source_reference = "Body_plate_2:face4",
    destination_reference = "Panels:face16",
    conductor_override = 0.0206388);

Panel_xypos_Plate2_3 = CONDUCTIVE_CONDUCTOR(
    source_reference = "Body_plate_2:face8",
    destination_reference = "Panels:face28",
    conductor_override = 0.0206388);

Panel_xypos_Plate2_2 = CONDUCTIVE_CONDUCTOR(
    source_reference = "Body_plate_2:face4",
    destination_reference = "Panels:face16",
    conductor_override = 0.0244808743);

Panel_xypos_Plate2_4 = CONDUCTIVE_CONDUCTOR(
    source_reference = "Body_plate_2:face8",
    destination_reference = "Panels:face38",
    conductor_override = 0.0244808743);

Panel_xypos_Plate_1 = CONDUCTIVE_CONDUCTOR(
    source_reference = "Panels:face22",
    destination_reference = "Body_plate_1:face4",
    conductor_override = 0.0244808743);

Panel_xypos_Plate_2 = CONDUCTIVE_CONDUCTOR(
    source_reference = "Panels:face24",
    destination_reference = "Body_plate_1:face8",
    conductor_override = 0.0244808743);

Panel_xypos_Plate_3 = CONDUCTIVE_CONDUCTOR(
    source_reference = "Panels:face12",
    destination_reference = "Body_plate_1:face4",
    conductor_override = 0.0244808743);

Panel_xypos_Plate_4 = CONDUCTIVE_CONDUCTOR(
    source_reference = "Panels:face34",
    destination_reference = "Body_plate_1:face8",
    conductor_override = 0.0244808743);

Panel_xypos_Plate_1 = CONDUCTIVE_CONDUCTOR(
    source_reference = "Panels:face22",
    destination_reference = "Body_plate_1:face4",
    conductor_override = 0.0206388);

Panel_xypos_Plate_2 = CONDUCTIVE_CONDUCTOR(
    source_reference = "Panels:face24",
    destination_reference = "Body_plate_1:face8",
    conductor_override = 0.0206388);

Plate2_PLD1_1 = CONDUCTIVE_CONDUCTOR(
    source_reference = "Payload_1",
    destination_reference = "Body_plate_1:face5",
    conductor_override = 1.08);

Plate2_PLD1_2 = CONDUCTIVE_CONDUCTOR(
    source_reference = "Payload_1",
    destination_reference = "Body_plate_1:face1",
    conductor_override = 1.08);

Plate2_PLD2_1 = CONDUCTIVE_CONDUCTOR(
    source_reference = "Payload_2",
    destination_reference = "Body_plate_1:face7",
    conductor_override = 1.47);

Plate2_PLD2_2 = CONDUCTIVE_CONDUCTOR(
    source_reference = "Payload_2",
    destination_reference = "Body_plate_1:face3",
    conductor_override = 1.47);

Plate2_Panel_xyneg_1 = CONDUCTIVE_CONDUCTOR(
    source_reference = "Body_plate_2:face5",
    destination_reference = "Panels:face54",
    conductor_override = 0.0206388);

Plate2_Panel_xyneg_2 = CONDUCTIVE_CONDUCTOR(
    source_reference = "Body_plate_2:face7",
    destination_reference = "Panels:face32",
    conductor_override = 0.0206388);

Plate2_Panel_xyneg_3 = CONDUCTIVE_CONDUCTOR(
    source_reference = "Body_plate_2:face5",
    destination_reference = "Panels:face44",
    conductor_override = 0.0244808743);

Plate2_Panel_xyneg_4 = CONDUCTIVE_CONDUCTOR(
    source_reference = "Body_plate_2:face7",
    destination_reference = "Panels:face42",
    conductor_override = 0.0244808743);

Plate2_Panel_xypos_3 = CONDUCTIVE_CONDUCTOR(
    source_reference = "Body_plate_2:face1",
    destination_reference = "Panels:face18",
    conductor_override = 0.0244808743);

Plate2_Panel_xypos_4 = CONDUCTIVE_CONDUCTOR(
    source_reference = "Body_plate_2:face3",
    destination_reference = "Panels:face20",
    conductor_override = 0.0244808743);

Plate2_Panel_xypos_1 = CONDUCTIVE_CONDUCTOR(
    source_reference = "Body_plate_2:face1",
    destination_reference = "Panels:face56",
    conductor_override = 0.0206388);

Plate2_Panel_xypos_2 = CONDUCTIVE_CONDUCTOR(
    source_reference = "Body_plate_2:face3",
    destination_reference = "Panels:face30",
    conductor_override = 0.0206388);

Plate_Panel_xyneg_1 = CONDUCTIVE_CONDUCTOR(
    source_reference = "Body_plate_1:face3",
    destination_reference = "Panels:face26",
    conductor_override = 0.0206388);

Plate_Panel_xyneg_2 = CONDUCTIVE_CONDUCTOR(
    source_reference = "Body_plate_1:face1",
    destination_reference = "Panels:face52",
    conductor_override = 0.0206388);

Plate_Panel_xypos_1 = CONDUCTIVE_CONDUCTOR(
    source_reference = "Body_plate_1:face7",
    destination_reference = "Panels:face28",
    conductor_override = 0.0206388);

Plate_Panel_xypos_2 = CONDUCTIVE_CONDUCTOR(
    source_reference = "Body_plate_1:face5",
    destination_reference = "Panels:face50",
    conductor_override = 0.0206388);

Plate_Panel_xyneg_3 = CONDUCTIVE_CONDUCTOR(
    source_reference = "Body_plate_1:face3",
    destination_reference = "Panels:face16",
    conductor_override = 0.0244808743);

Plate_Panel_xyneg_4 = CONDUCTIVE_CONDUCTOR(
    source_reference = "Body_plate_1:face1",
    destination_reference = "Panels:face14",
    conductor_override = 0.0244808743);

Plate_Panel_xypos_3 = CONDUCTIVE_CONDUCTOR(
    source_reference = "Body_plate_1:face7",
    destination_reference = "Panels:face38",
    conductor_override = 0.0244808743);

Plate_Panel_xypos_4 = CONDUCTIVE_CONDUCTOR(
    source_reference = "Body_plate_1:face5",
    destination_reference = "Panels:face40",
    conductor_override = 0.0244808743);

RAD_IR_Tel_Support1 = CONDUCTIVE_CONDUCTOR(
    source_reference = "Panels:face31",
    destination_reference = "RAD_INS:face18",
    conductor_override = 0.0141371669);

RAD_IR_Tel_Support2 = CONDUCTIVE_CONDUCTOR(
    source_reference = "Panels:face29",
    destination_reference = "RAD_INS:face14",
    conductor_override = 0.0141371669);

RAD_IR_Tel_Support3 = CONDUCTIVE_CONDUCTOR(
    source_reference = "Panels:face21",
    destination_reference = "RAD_INS:face8",
    conductor_override = 0.0141371669);

RAD_IR_Tel_Support4 = CONDUCTIVE_CONDUCTOR(
    source_reference = "Panels:face23",
    destination_reference = "RAD_INS:face12",
    conductor_override = 0.0141371669);

RAD_Ins_Support1 = CONDUCTIVE_CONDUCTOR(
    source_reference = "Panels:face55",
    destination_reference = "RAD_IR_TEL_2:face1",
    conductor_override = 0.0141371669);

RAD_Ins_Support2 = CONDUCTIVE_CONDUCTOR(
    source_reference = "Panels:face53",
    destination_reference = "RAD_IR_TEL:face3",
    conductor_override = 0.0141371669);

RAD_Ins_block_to_cone_1 = CONDUCTIVE_CONDUCTOR(
    source_reference = "RAD_IR_TEL_2:face2",
    destination_reference = "RAD_IR_TEL:face2",
    conductor_override = 13.6);

RAD_Ins_block_to_cone_2 = CONDUCTIVE_CONDUCTOR(
    source_reference = "RAD_IR_TEL_2:face1",
    destination_reference = "RAD_IR_TEL:face1",
    conductor_override = 13.6);

CCD_CryoCool_Diss = NON_GEOMETRIC_THERMAL_NODE(
    origin = [0.0, 0.0, 0.0],
    radius = 0.04,
    node_number = 71000,
    model_name = "CryoDiss",
    volume = 2.9716e-04,
    bulk = Al_6061,
    capacitance_override = -10000.0,
    colour1 = "RED",
    colour2 = "RED");

CCD_CryoCool_Diss = TRANSLATE(
    object_name = CCD_CryoCool_Diss,
    z_dist = 0.512,
    clear = TRUE);
CCD_CryoCool_Diss = NON_GEOMETRIC_THERMAL_NODE(
    origin = [0.0, 0.0, 0.0],
    radius = 0.04,
    node_number = 71000,
    model_name = "CryoDiss",
    volume = 2.9716e-04,
    bulk = Al_6061,
    capacitance_override = -10000.0,
    colour1 = "RED",
    colour2 = "RED");

CCD_CryoCool_Diss = TRANSLATE(
    object_name = CCD_CryoCool_Diss,
    z_dist = 0.512,
    clear = TRUE);
CCD_CryoCool_Sink = NON_GEOMETRIC_THERMAL_NODE(
    origin = [0.0, 0.0, 0.0],
    radius = 0.04,
    node_number = 70500,
    model_name = "CryoSink",
    volume = 2.9716e-04,
    bulk = Al_6061,
    capacitance_override = -10000.0,
    colour1 = "BLUE_CYAN",
    colour2 = "BLUE_CYAN");

CCD_CryoCool_Sink = TRANSLATE(
    object_name = CCD_CryoCool_Sink,
    z_dist = 0.35,
    clear = TRUE);
END_MODEL
