/* ESATAN-TMS version 2020, run date 23:46 Tue 11 May 2021 */
BEGIN_MODEL GagarinSat_cfgCryo WORKBENCH_V1 ;
RADIATIVE_PRE_PROCESS_OVERLAY(source = "GEOMETRY",
                              display = "MODEL_ONLY");
CLEAR();

GagarinSat_cfgCryo.NODES = FALSE;

ANNOTATE(string = "Colour",
         x = 0.02,
         y = 0.95);

DISPLAY(p_and_o = [0.0,0.0,0.0,0.0,0.0,0.0],
        scale = 1.0,
        axes = TRUE,
        asm_axes = TRUE,
        points = FALSE);

RESET_VIEW();

CLEAR();

GagarinSat_cfgCryo.NODES = FALSE;

ANNOTATE(string = "Colour",
         x = 0.02,
         y = 0.95);

DISPLAY(p_and_o = [0.0,0.0,0.0,0.0,0.0,0.0],
        scale = 1.0,
        axes = TRUE,
        asm_axes = TRUE,
        points = FALSE);

CLEAR();

GagarinSat_cfgCryo.NODES = FALSE;

ANNOTATE(string = "Colour",
         x = 0.02,
         y = 0.95);

DISPLAY(p_and_o = [0.0,0.0,0.0,0.0,0.0,0.0],
        scale = 1.0,
        axes = TRUE,
        asm_axes = TRUE,
        points = FALSE);

CLEAR();

GagarinSat_cfgCryo.NODES = FALSE;

ANNOTATE(string = "Colour",
         x = 0.02,
         y = 0.95);

DISPLAY(p_and_o = [0.0,0.0,0.0,0.0,0.0,0.0],
        scale = 1.0,
        axes = TRUE,
        asm_axes = TRUE,
        points = FALSE);

CLEAR();

GagarinSat_cfgCryo.NODES = FALSE;

ANNOTATE(string = "Colour",
         x = 0.02,
         y = 0.95);

DISPLAY(p_and_o = [0.0,0.0,0.0,0.0,0.0,0.0],
        scale = 1.0,
        axes = TRUE,
        asm_axes = TRUE,
        points = FALSE);

CLEAR();

GagarinSat_cfgCryo.NODES = FALSE;

ANNOTATE(string = "Colour",
         x = 0.02,
         y = 0.95);

DISPLAY(p_and_o = [0.0,0.0,0.0,0.0,0.0,0.0],
        scale = 1.0,
        axes = TRUE,
        asm_axes = TRUE,
        points = FALSE);

CLEAR();

GagarinSat_cfgCryo.NODES = FALSE;

ANNOTATE(string = "Colour",
         x = 0.02,
         y = 0.95);

DISPLAY(p_and_o = [0.0,0.0,0.0,0.0,0.0,0.0],
        scale = 1.0,
        axes = TRUE,
        asm_axes = TRUE,
        points = FALSE);

CLEAR();

GagarinSat_cfgCryo.NODES = FALSE;

ANNOTATE(string = "Colour",
         x = 0.02,
         y = 0.95);

DISPLAY(p_and_o = [0.0,0.0,0.0,0.0,0.0,0.0],
        scale = 1.0,
        axes = TRUE,
        asm_axes = TRUE,
        points = FALSE);

CLEAR();

GagarinSat_cfgCryo.NODES = FALSE;

ANNOTATE(string = "Colour",
         x = 0.02,
         y = 0.95);

DISPLAY(p_and_o = [0.0,0.0,0.0,0.0,0.0,0.0],
        scale = 1.0,
        axes = TRUE,
        asm_axes = TRUE,
        points = FALSE);

CLEAR();

GagarinSat_cfgCryo.NODES = FALSE;

ANNOTATE(string = "Colour",
         x = 0.02,
         y = 0.95);

DISPLAY(p_and_o = [0.0,0.0,0.0,0.0,0.0,0.0],
        scale = 1.0,
        axes = TRUE,
        asm_axes = TRUE,
        points = FALSE);

CLEAR();

GagarinSat_cfgCryo.NODES = FALSE;

ANNOTATE(string = "Colour",
         x = 0.02,
         y = 0.95);

DISPLAY(p_and_o = [0.0,0.0,0.0,0.0,0.0,0.0],
        scale = 1.0,
        axes = TRUE,
        asm_axes = TRUE,
        points = FALSE);

CLEAR();

GagarinSat_cfgCryo.NODES = FALSE;

ANNOTATE(string = "Colour",
         x = 0.02,
         y = 0.95);

DISPLAY(p_and_o = [0.0,0.0,0.0,0.0,0.0,0.0],
        scale = 1.0,
        axes = TRUE,
        asm_axes = TRUE,
        points = FALSE);

CLEAR();

GagarinSat_cfgCryo.NODES = FALSE;

ANNOTATE(string = "Colour",
         x = 0.02,
         y = 0.95);

DISPLAY(p_and_o = [0.0,0.0,0.0,0.0,0.0,0.0],
        scale = 1.0,
        axes = TRUE,
        asm_axes = TRUE,
        points = FALSE);

CLEAR();

GagarinSat_cfgCryo.NODES = FALSE;

ANNOTATE(string = "Colour",
         x = 0.02,
         y = 0.95);

DISPLAY(p_and_o = [0.0,0.0,0.0,0.0,0.0,0.0],
        scale = 1.0,
        axes = TRUE,
        asm_axes = TRUE,
        points = FALSE);

CLEAR();

GagarinSat_cfgCryo.NODES = FALSE;

ANNOTATE(string = "Colour",
         x = 0.02,
         y = 0.95);

DISPLAY(p_and_o = [0.0,0.0,0.0,0.0,0.0,0.0],
        scale = 1.0,
        axes = TRUE,
        asm_axes = TRUE,
        points = FALSE);

CLEAR();

GagarinSat_cfgCryo.NODES = FALSE;

ANNOTATE(string = "Colour",
         x = 0.02,
         y = 0.95);

DISPLAY(p_and_o = [0.0,0.0,0.0,0.0,0.0,0.0],
        scale = 1.0,
        axes = TRUE,
        asm_axes = TRUE,
        points = FALSE);

CLEAR();

GagarinSat_cfgCryo.NODES = FALSE;

ANNOTATE(string = "Colour",
         x = 0.02,
         y = 0.95);

DISPLAY(p_and_o = [0.0,0.0,0.0,0.0,0.0,0.0],
        scale = 1.0,
        axes = TRUE,
        asm_axes = TRUE,
        points = FALSE);

CLEAR();

GagarinSat_cfgCryo.NODES = FALSE;

ANNOTATE(string = "Colour",
         x = 0.02,
         y = 0.95);

DISPLAY(p_and_o = [0.0,0.0,0.0,0.0,0.0,0.0],
        scale = 1.0,
        axes = TRUE,
        asm_axes = TRUE,
        points = FALSE);

CLEAR();

GagarinSat_cfgCryo.NODES = FALSE;

ANNOTATE(string = "Colour",
         x = 0.02,
         y = 0.95);

DISPLAY(p_and_o = [0.0,0.0,0.0,0.0,0.0,0.0],
        scale = 1.0,
        axes = TRUE,
        asm_axes = TRUE,
        points = FALSE);

CLEAR();

GagarinSat_cfgCryo.NODES = FALSE;

ANNOTATE(string = "Colour",
         x = 0.02,
         y = 0.95);

DISPLAY(p_and_o = [0.0,0.0,0.0,0.0,0.0,0.0],
        scale = 1.0,
        axes = TRUE,
        asm_axes = TRUE,
        points = FALSE);

CLEAR();

GagarinSat_cfgCryo.NODES = FALSE;

ANNOTATE(string = "Colour",
         x = 0.02,
         y = 0.95);

DISPLAY(p_and_o = [0.0,0.0,0.0,0.0,0.0,0.0],
        scale = 1.0,
        axes = TRUE,
        asm_axes = TRUE,
        points = FALSE);

CLEAR();

GagarinSat_cfgCryo.NODES = FALSE;

ANNOTATE(string = "Colour",
         x = 0.02,
         y = 0.95);

DISPLAY(p_and_o = [0.0,0.0,0.0,0.0,0.0,0.0],
        scale = 1.0,
        axes = TRUE,
        asm_axes = TRUE,
        points = FALSE);

CLEAR();

GagarinSat_cfgCryo.NODES = FALSE;

ANNOTATE(string = "Colour",
         x = 0.02,
         y = 0.95);

DISPLAY(p_and_o = [0.0,0.0,0.0,0.0,0.0,0.0],
        scale = 1.0,
        axes = TRUE,
        asm_axes = TRUE,
        points = FALSE);

CLEAR();

GagarinSat_cfgCryo.NODES = FALSE;

ANNOTATE(string = "Colour",
         x = 0.02,
         y = 0.95);

DISPLAY(p_and_o = [0.0,0.0,0.0,0.0,0.0,0.0],
        scale = 1.0,
        axes = TRUE,
        asm_axes = TRUE,
        points = FALSE);

CLEAR();

GagarinSat_cfgCryo.NODES = FALSE;

ANNOTATE(string = "Colour",
         x = 0.02,
         y = 0.95);

DISPLAY(p_and_o = [0.0,0.0,0.0,0.0,0.0,0.0],
        scale = 1.0,
        axes = TRUE,
        asm_axes = TRUE,
        points = FALSE);

CLEAR();

GagarinSat_cfgCryo.NODES = FALSE;

ANNOTATE(string = "Colour",
         x = 0.02,
         y = 0.95);

DISPLAY(p_and_o = [0.0,0.0,0.0,0.0,0.0,0.0],
        scale = 1.0,
        axes = TRUE,
        asm_axes = TRUE,
        points = FALSE);

CLEAR();

GagarinSat_cfgCryo.NODES = FALSE;

ANNOTATE(string = "Colour",
         x = 0.02,
         y = 0.95);

DISPLAY(p_and_o = [0.0,0.0,0.0,0.0,0.0,0.0],
        scale = 1.0,
        axes = TRUE,
        asm_axes = TRUE,
        points = FALSE);

CLEAR();

GagarinSat_cfgCryo.NODES = FALSE;

ANNOTATE(string = "Colour",
         x = 0.02,
         y = 0.95);

DISPLAY(p_and_o = [0.0,0.0,0.0,0.0,0.0,0.0],
        scale = 1.0,
        axes = TRUE,
        asm_axes = TRUE,
        points = FALSE);

CLEAR();

GagarinSat_cfgCryo.NODES = FALSE;

ANNOTATE(string = "Colour",
         x = 0.02,
         y = 0.95);

DISPLAY(p_and_o = [0.0,0.0,0.0,0.0,0.0,0.0],
        scale = 1.0,
        axes = TRUE,
        asm_axes = TRUE,
        points = FALSE);

CLEAR();

GagarinSat_cfgCryo.NODES = FALSE;

ANNOTATE(string = "Colour",
         x = 0.02,
         y = 0.95);

DISPLAY(p_and_o = [0.0,0.0,0.0,0.0,0.0,0.0],
        scale = 1.0,
        axes = TRUE,
        asm_axes = TRUE,
        points = FALSE);

CLEAR();

GagarinSat_cfgCryo.NODES = FALSE;

ANNOTATE(string = "Colour",
         x = 0.02,
         y = 0.95);

DISPLAY(p_and_o = [0.0,0.0,0.0,0.0,0.0,0.0],
        scale = 1.0,
        axes = TRUE,
        asm_axes = TRUE,
        points = FALSE);

CLEAR();

GagarinSat_cfgCryo.NODES = FALSE;

ANNOTATE(string = "Colour",
         x = 0.02,
         y = 0.95);

DISPLAY(p_and_o = [0.0,0.0,0.0,0.0,0.0,0.0],
        scale = 1.0,
        axes = TRUE,
        asm_axes = TRUE,
        points = FALSE);

CLEAR();

GagarinSat_cfgCryo.NODES = FALSE;

ANNOTATE(string = "Colour",
         x = 0.02,
         y = 0.95);

DISPLAY(p_and_o = [0.0,0.0,0.0,0.0,0.0,0.0],
        scale = 1.0,
        axes = TRUE,
        asm_axes = TRUE,
        points = FALSE);

CLEAR();

GagarinSat_cfgCryo.NODES = FALSE;

ANNOTATE(string = "Colour",
         x = 0.02,
         y = 0.95);

DISPLAY(p_and_o = [0.0,0.0,0.0,0.0,0.0,0.0],
        scale = 1.0,
        axes = TRUE,
        asm_axes = TRUE,
        points = FALSE);

CLEAR();

GagarinSat_cfgCryo.NODES = FALSE;

ANNOTATE(string = "Colour",
         x = 0.02,
         y = 0.95);

DISPLAY(p_and_o = [0.0,0.0,0.0,0.0,0.0,0.0],
        scale = 1.0,
        axes = TRUE,
        asm_axes = TRUE,
        points = FALSE);

CLEAR();

GagarinSat_cfgCryo.NODES = FALSE;

ANNOTATE(string = "Colour",
         x = 0.02,
         y = 0.95);

DISPLAY(p_and_o = [0.0,0.0,0.0,0.0,0.0,0.0],
        scale = 1.0,
        axes = TRUE,
        asm_axes = TRUE,
        points = FALSE);

CLEAR();

GagarinSat_cfgCryo.NODES = FALSE;

ANNOTATE(string = "Colour",
         x = 0.02,
         y = 0.95);

DISPLAY(p_and_o = [0.0,0.0,0.0,0.0,0.0,0.0],
        scale = 1.0,
        axes = TRUE,
        asm_axes = TRUE,
        points = FALSE);

CLEAR();

GagarinSat_cfgCryo.NODES = FALSE;

ANNOTATE(string = "Colour",
         x = 0.02,
         y = 0.95);

DISPLAY(p_and_o = [0.0,0.0,0.0,0.0,0.0,0.0],
        scale = 1.0,
        axes = TRUE,
        asm_axes = TRUE,
        points = FALSE);

CLEAR();

GagarinSat_cfgCryo.NODES = FALSE;

ANNOTATE(string = "Colour",
         x = 0.02,
         y = 0.95);

DISPLAY(p_and_o = [0.0,0.0,0.0,0.0,0.0,0.0],
        scale = 1.0,
        axes = TRUE,
        asm_axes = TRUE,
        points = FALSE);

CLEAR();

GagarinSat_cfgCryo.NODES = FALSE;

ANNOTATE(string = "Colour",
         x = 0.02,
         y = 0.95);

DISPLAY(p_and_o = [0.0,0.0,0.0,0.0,0.0,0.0],
        scale = 1.0,
        axes = TRUE,
        asm_axes = TRUE,
        points = FALSE);

CLEAR();

GagarinSat_cfgCryo.NODES = FALSE;

ANNOTATE(string = "Colour",
         x = 0.02,
         y = 0.95);

DISPLAY(p_and_o = [0.0,0.0,0.0,0.0,0.0,0.0],
        scale = 1.0,
        axes = TRUE,
        asm_axes = TRUE,
        points = FALSE);

RADIATIVE_PRE_PROCESS_OVERLAY(source = "GEOMETRY",
                              display = "MODEL_ONLY");
CLEAR();

GagarinSat_cfgCryo.NODES = FALSE;

ANNOTATE(string = "Colour",
         x = 0.02,
         y = 0.95);

DISPLAY(p_and_o = [0.0,0.0,0.0,0.0,0.0,0.0],
        scale = 1.0,
        axes = TRUE,
        asm_axes = TRUE,
        points = FALSE);

CLEAR();

GagarinSat_cfgCryo.NODES = FALSE;

ANNOTATE(string = "Colour",
         x = 0.02,
         y = 0.95);

DISPLAY(p_and_o = [0.0,0.0,0.0,0.0,0.0,0.0],
        scale = 1.0,
        axes = TRUE,
        asm_axes = TRUE,
        points = FALSE);

CLEAR();

GagarinSat_cfgCryo.NODES = FALSE;

ANNOTATE(string = "Colour",
         x = 0.02,
         y = 0.95);

DISPLAY(p_and_o = [0.0,0.0,0.0,0.0,0.0,0.0],
        scale = 1.0,
        axes = TRUE,
        asm_axes = TRUE,
        points = FALSE);

CLEAR();

GagarinSat_cfgCryo.NODES = FALSE;

ANNOTATE(string = "Colour",
         x = 0.02,
         y = 0.95);

DISPLAY(p_and_o = [0.0,0.0,0.0,0.0,0.0,0.0],
        scale = 1.0,
        axes = TRUE,
        asm_axes = TRUE,
        points = FALSE);

CLEAR();

GagarinSat_cfgCryo.NODES = FALSE;

ANNOTATE(string = "Colour",
         x = 0.02,
         y = 0.95);

DISPLAY(p_and_o = [0.0,0.0,0.0,0.0,0.0,0.0],
        scale = 1.0,
        axes = TRUE,
        asm_axes = TRUE,
        points = FALSE);

LOAD_EXTERNAL_RESULTS (
   type = "TMD",
   file = "C:\ESATAN-TMS\ESATAN-TMS-Models\ESATAN-TMS_Models\GagarinSat_cfgCryo\esatan\Case_00\GAGARINSAT_CFGCRYO_CASE_.TMD");
RADIATIVE_PRE_PROCESS_OVERLAY(source = "GEOMETRY",
                              display = "MODEL_ONLY");
CLEAR();

GagarinSat_cfgCryo.NODES = FALSE;

ANNOTATE(string = "Colour",
         x = 0.02,
         y = 0.95);

DISPLAY(p_and_o = [0.0,0.0,0.0,0.0,0.0,0.0],
        scale = 1.0,
        axes = TRUE,
        asm_axes = TRUE,
        points = FALSE);

THERMAL_POST_PROCESS_OVERLAY(
    record_type= "Thermal_Node",
    start_time = 0.0,
    end_time = 6059.29,
    cycle = 1,
    radiative_case = Rad_Case_00,
    analysis_case = Case_00,
    fixed_scale = FALSE,
    attribute = "Temperature",
     draw_periapsis = TRUE,
     draw_asc_node = TRUE
);
DEFINE_RANGE(
    range = default_range,
    min = -193.15,
    max = 58.398237962186045,
    type = "LINEAR"
);

CLEAR();

KEY(shade = continuous_shade,
    range = default_range,
    x = 0.02,
    y = 0.02);

GagarinSat_cfgCryo.RANGE = "default_range";
GagarinSat_cfgCryo.SHADE = "continuous_shade";
GagarinSat_cfgCryo.NODES = FALSE;

ANNOTATE(string = "Thermal Node Attributes: Temperature",
         x = 0.02,
         y = 0.95);

DRAW_ORBIT(analysis_case = Case_00);
DRAW_PERIAPSIS(orbit = Rad_Case_00.ORBIT);
DRAW_ASCENDING_NODE(orbit = Rad_Case_00.ORBIT);
vis_orbit_index = 1;
vis_orbit_index = 1;
DRAW_PLANET(radiative_case = Rad_Case_00,
            time = vis_orbit_times[vis_orbit_index],
            scale = 1.0,
            range = default_range,
            shade = continuous_shade
);
DISPLAY(p_and_o = vis_orbit_pos[vis_orbit_index],
        time = vis_orbit_times[vis_orbit_index],
        scale = 0.02 * (Rad_Case_00.ORBIT.ALT_A + R_PLANET),
        axes = TRUE,
        asm_axes = TRUE,
        points = FALSE);

THERMAL_POST_PROCESS_OVERLAY(
    record_type= "Thermal_Node",
    start_time = 0.0,
    end_time = 6059.29,
    cycle = 1,
    radiative_case = Rad_Case_00,
    analysis_case = Case_00,
    fixed_scale = FALSE,
    attribute = "Temperature",
     planet_scale = 0.546,
     model_scale = 0.715,
     draw_periapsis = TRUE,
     draw_asc_node = TRUE
);
CLEAR();

KEY(shade = continuous_shade,
    range = default_range,
    x = 0.02,
    y = 0.02);

GagarinSat_cfgCryo.RANGE = "default_range";
GagarinSat_cfgCryo.SHADE = "continuous_shade";
GagarinSat_cfgCryo.NODES = FALSE;

ANNOTATE(string = "Thermal Node Attributes: Temperature",
         x = 0.02,
         y = 0.95);

DRAW_ORBIT(analysis_case = Case_00);
DRAW_PERIAPSIS(orbit = Rad_Case_00.ORBIT);
DRAW_ASCENDING_NODE(orbit = Rad_Case_00.ORBIT);
DRAW_PLANET(radiative_case = Rad_Case_00,
            time = vis_orbit_times[vis_orbit_index],
            scale = 0.546,
            range = default_range,
            shade = continuous_shade
);
DISPLAY(p_and_o = vis_orbit_pos[vis_orbit_index],
        time = vis_orbit_times[vis_orbit_index],
        scale = 0.715 * (Rad_Case_00.ORBIT.ALT_A + R_PLANET),
        axes = TRUE,
        asm_axes = TRUE,
        points = FALSE);

CLEAR();

KEY(shade = continuous_shade,
    range = default_range,
    x = 0.02,
    y = 0.02);

GagarinSat_cfgCryo.RANGE = "default_range";
GagarinSat_cfgCryo.SHADE = "continuous_shade";
GagarinSat_cfgCryo.NODES = FALSE;

ANNOTATE(string = "Thermal Node Attributes: Temperature",
         x = 0.02,
         y = 0.95);

DRAW_ORBIT(analysis_case = Case_00);
DRAW_PERIAPSIS(orbit = Rad_Case_00.ORBIT);
DRAW_ASCENDING_NODE(orbit = Rad_Case_00.ORBIT);
DRAW_PLANET(radiative_case = Rad_Case_00,
            time = vis_orbit_times[1],
            scale = 0.546,
            range = default_range,
            shade = continuous_shade
);
FOR (vis_orbit_index = 1;
    vis_orbit_index <= 11;
    vis_orbit_index = EVAL(vis_orbit_index + 1))
DISPLAY(p_and_o = vis_orbit_pos[vis_orbit_index],
        time = vis_orbit_times[vis_orbit_index],
        scale = 0.715 * (Rad_Case_00.ORBIT.ALT_A + R_PLANET),
        axes = TRUE,
        asm_axes = TRUE,
        points = FALSE);

END_FOR
CLEAR();

KEY(shade = continuous_shade,
    range = default_range,
    x = 0.02,
    y = 0.02);

GagarinSat_cfgCryo.RANGE = "default_range";
GagarinSat_cfgCryo.SHADE = "continuous_shade";
GagarinSat_cfgCryo.NODES = FALSE;

ANNOTATE(string = "Thermal Node Attributes: Temperature",
         x = 0.02,
         y = 0.95);

DRAW_ORBIT(analysis_case = Case_00);
DRAW_PERIAPSIS(orbit = Rad_Case_00.ORBIT);
DRAW_ASCENDING_NODE(orbit = Rad_Case_00.ORBIT);
vis_orbit_index = 1;
vis_orbit_index = 1;
DRAW_PLANET(radiative_case = Rad_Case_00,
            time = vis_orbit_times[1],
            scale = 0.546,
            range = default_range,
            shade = continuous_shade
);
FOR (vis_orbit_index = 1;
    vis_orbit_index <= 11;
    vis_orbit_index = EVAL(vis_orbit_index + 1))
DISPLAY(p_and_o = vis_orbit_pos[vis_orbit_index],
        time = vis_orbit_times[vis_orbit_index],
        scale = 0.715 * (Rad_Case_00.ORBIT.ALT_A + R_PLANET),
        axes = TRUE,
        asm_axes = TRUE,
        points = FALSE);

END_FOR
CLEAR();

KEY(shade = continuous_shade,
    range = default_range,
    x = 0.02,
    y = 0.02);

GagarinSat_cfgCryo.RANGE = "default_range";
GagarinSat_cfgCryo.SHADE = "continuous_shade";
GagarinSat_cfgCryo.NODES = FALSE;

ANNOTATE(string = "Thermal Node Attributes: Temperature",
         x = 0.02,
         y = 0.95);

DRAW_ORBIT(analysis_case = Case_00);
DRAW_PERIAPSIS(orbit = Rad_Case_00.ORBIT);
DRAW_ASCENDING_NODE(orbit = Rad_Case_00.ORBIT);
vis_orbit_index = 1;
vis_orbit_index = 1;
DRAW_PLANET(radiative_case = Rad_Case_00,
            time = vis_orbit_times[1],
            scale = 0.546,
            range = default_range,
            shade = continuous_shade
);
FOR (vis_orbit_index = 1;
    vis_orbit_index <= 11;
    vis_orbit_index = EVAL(vis_orbit_index + 1))
DISPLAY(p_and_o = vis_orbit_pos[vis_orbit_index],
        time = vis_orbit_times[vis_orbit_index],
        scale = 0.715 * (Rad_Case_00.ORBIT.ALT_A + R_PLANET),
        axes = TRUE,
        asm_axes = TRUE,
        points = FALSE);

END_FOR
CLEAR();

KEY(shade = continuous_shade,
    range = default_range,
    x = 0.02,
    y = 0.02);

GagarinSat_cfgCryo.RANGE = "default_range";
GagarinSat_cfgCryo.SHADE = "continuous_shade";
GagarinSat_cfgCryo.NODES = FALSE;

ANNOTATE(string = "Thermal Node Attributes: Temperature",
         x = 0.02,
         y = 0.95);

DRAW_ORBIT(analysis_case = Case_00);
DRAW_PERIAPSIS(orbit = Rad_Case_00.ORBIT);
DRAW_ASCENDING_NODE(orbit = Rad_Case_00.ORBIT);
vis_orbit_index = 1;
vis_orbit_index = 1;
DRAW_PLANET(radiative_case = Rad_Case_00,
            time = vis_orbit_times[1],
            scale = 0.546,
            range = default_range,
            shade = continuous_shade
);
FOR (vis_orbit_index = 1;
    vis_orbit_index <= 11;
    vis_orbit_index = EVAL(vis_orbit_index + 1))
DISPLAY(p_and_o = vis_orbit_pos[vis_orbit_index],
        time = vis_orbit_times[vis_orbit_index],
        scale = 0.715 * (Rad_Case_00.ORBIT.ALT_A + R_PLANET),
        axes = TRUE,
        asm_axes = TRUE,
        points = FALSE);

END_FOR
LOAD_EXTERNAL_RESULTS (
   type = "TMD",
   file = "C:\ESATAN-TMS\ESATAN-TMS-Models\ESATAN-TMS_Models\GagarinSat_cfgCryo\esatan\Case_00\GAGARINSAT_CFGCRYO_CASE_.TMD");
RADIATIVE_PRE_PROCESS_OVERLAY(source = "GEOMETRY",
                              display = "MODEL_ONLY");
CLEAR();

GagarinSat_cfgCryo.NODES = FALSE;

ANNOTATE(string = "Colour",
         x = 0.02,
         y = 0.95);

DISPLAY(p_and_o = [0.0,0.0,0.0,0.0,0.0,0.0],
        scale = 1.0,
        axes = TRUE,
        asm_axes = TRUE,
        points = FALSE);

RESET_VIEW();

THERMAL_POST_PROCESS_OVERLAY(
    record_type= "Thermal_Node",
    start_time = 0.0,
    end_time = 6059.29,
    cycle = 1,
    radiative_case = Rad_Case_00,
    analysis_case = Case_00,
    fixed_scale = FALSE,
    attribute = "Temperature",
     planet_scale = 0.546,
     model_scale = 0.715,
     draw_periapsis = TRUE,
     draw_asc_node = TRUE
);
DEFINE_RANGE(
    range = default_range,
    min = -193.15,
    max = 58.44306166586003,
    type = "LINEAR"
);

CLEAR();

KEY(shade = continuous_shade,
    range = default_range,
    x = 0.02,
    y = 0.02);

GagarinSat_cfgCryo.RANGE = "default_range";
GagarinSat_cfgCryo.SHADE = "continuous_shade";
GagarinSat_cfgCryo.NODES = FALSE;

ANNOTATE(string = "Thermal Node Attributes: Temperature",
         x = 0.02,
         y = 0.95);

DRAW_ORBIT(analysis_case = Case_00);
DRAW_PERIAPSIS(orbit = Rad_Case_00.ORBIT);
DRAW_ASCENDING_NODE(orbit = Rad_Case_00.ORBIT);
vis_orbit_index = 1;
vis_orbit_index = 1;
DRAW_PLANET(radiative_case = Rad_Case_00,
            time = vis_orbit_times[1],
            scale = 0.546,
            range = default_range,
            shade = continuous_shade
);
FOR (vis_orbit_index = 1;
    vis_orbit_index <= 11;
    vis_orbit_index = EVAL(vis_orbit_index + 1))
DISPLAY(p_and_o = vis_orbit_pos[vis_orbit_index],
        time = vis_orbit_times[vis_orbit_index],
        scale = 0.715 * (Rad_Case_00.ORBIT.ALT_A + R_PLANET),
        axes = TRUE,
        asm_axes = TRUE,
        points = FALSE);

END_FOR
DEFINE_RANGE(
    range = default_range,
    min = -193.15,
    max = 138.32992011061424,
    type = "LINEAR"
);

CLEAR();

KEY(shade = continuous_shade,
    range = default_range,
    x = 0.02,
    y = 0.02);

GagarinSat_cfgCryo.RANGE = "default_range";
GagarinSat_cfgCryo.SHADE = "continuous_shade";
GagarinSat_cfgCryo.NODES = FALSE;

ANNOTATE(string = "Thermal Node Attributes: Temperature",
         x = 0.02,
         y = 0.95);

DRAW_ORBIT(analysis_case = Case_00);
DRAW_PERIAPSIS(orbit = Rad_Case_00.ORBIT);
DRAW_ASCENDING_NODE(orbit = Rad_Case_00.ORBIT);
vis_orbit_index = 1;
vis_orbit_index = 1;
DRAW_PLANET(radiative_case = Rad_Case_00,
            time = vis_orbit_times[1],
            scale = 0.546,
            range = default_range,
            shade = continuous_shade
);
FOR (vis_orbit_index = 1;
    vis_orbit_index <= 11;
    vis_orbit_index = EVAL(vis_orbit_index + 1))
DISPLAY(p_and_o = vis_orbit_pos[vis_orbit_index],
        time = vis_orbit_times[vis_orbit_index],
        scale = 0.715 * (Rad_Case_00.ORBIT.ALT_A + R_PLANET),
        axes = TRUE,
        asm_axes = TRUE,
        points = FALSE);

END_FOR
CLEAR();

KEY(shade = continuous_shade,
    range = default_range,
    x = 0.02,
    y = 0.02);

GagarinSat_cfgCryo.RANGE = "default_range";
GagarinSat_cfgCryo.SHADE = "continuous_shade";
GagarinSat_cfgCryo.NODES = FALSE;

ANNOTATE(string = "Thermal Node Attributes: Temperature",
         x = 0.02,
         y = 0.95);

DRAW_ORBIT(analysis_case = Case_00);
DRAW_PERIAPSIS(orbit = Rad_Case_00.ORBIT);
DRAW_ASCENDING_NODE(orbit = Rad_Case_00.ORBIT);
vis_orbit_index = 1;
vis_orbit_index = 1;
DRAW_PLANET(radiative_case = Rad_Case_00,
            time = vis_orbit_times[1],
            scale = 0.546,
            range = default_range,
            shade = continuous_shade
);
FOR (vis_orbit_index = 1;
    vis_orbit_index <= 11;
    vis_orbit_index = EVAL(vis_orbit_index + 1))
DISPLAY(p_and_o = vis_orbit_pos[vis_orbit_index],
        time = vis_orbit_times[vis_orbit_index],
        scale = 0.715 * (Rad_Case_00.ORBIT.ALT_A + R_PLANET),
        axes = TRUE,
        asm_axes = TRUE,
        points = FALSE);

END_FOR
DEFINE_RANGE(
    range = default_range,
    min = -193.15,
    max = 58.44306166586003,
    type = "LINEAR"
);

CLEAR();

KEY(shade = continuous_shade,
    range = default_range,
    x = 0.02,
    y = 0.02);

GagarinSat_cfgCryo.RANGE = "default_range";
GagarinSat_cfgCryo.SHADE = "continuous_shade";
GagarinSat_cfgCryo.NODES = FALSE;

ANNOTATE(string = "Thermal Node Attributes: Temperature",
         x = 0.02,
         y = 0.95);

DRAW_ORBIT(analysis_case = Case_00);
DRAW_PERIAPSIS(orbit = Rad_Case_00.ORBIT);
DRAW_ASCENDING_NODE(orbit = Rad_Case_00.ORBIT);
vis_orbit_index = 1;
vis_orbit_index = 1;
DRAW_PLANET(radiative_case = Rad_Case_00,
            time = vis_orbit_times[1],
            scale = 0.546,
            range = default_range,
            shade = continuous_shade
);
FOR (vis_orbit_index = 1;
    vis_orbit_index <= 11;
    vis_orbit_index = EVAL(vis_orbit_index + 1))
DISPLAY(p_and_o = vis_orbit_pos[vis_orbit_index],
        time = vis_orbit_times[vis_orbit_index],
        scale = 0.715 * (Rad_Case_00.ORBIT.ALT_A + R_PLANET),
        axes = TRUE,
        asm_axes = TRUE,
        points = FALSE);

END_FOR
CLEAR();

KEY(shade = continuous_shade,
    range = default_range,
    x = 0.02,
    y = 0.02);

GagarinSat_cfgCryo.RANGE = "default_range";
GagarinSat_cfgCryo.SHADE = "continuous_shade";
GagarinSat_cfgCryo.NODES = FALSE;

ANNOTATE(string = "Thermal Node Attributes: Temperature",
         x = 0.02,
         y = 0.95);

DRAW_ORBIT(analysis_case = Case_00);
DRAW_PERIAPSIS(orbit = Rad_Case_00.ORBIT);
DRAW_ASCENDING_NODE(orbit = Rad_Case_00.ORBIT);
vis_orbit_index = 1;
vis_orbit_index = 1;
DRAW_PLANET(radiative_case = Rad_Case_00,
            time = vis_orbit_times[1],
            scale = 0.546,
            range = default_range,
            shade = continuous_shade
);
FOR (vis_orbit_index = 1;
    vis_orbit_index <= 11;
    vis_orbit_index = EVAL(vis_orbit_index + 1))
DISPLAY(p_and_o = vis_orbit_pos[vis_orbit_index],
        time = vis_orbit_times[vis_orbit_index],
        scale = 0.715 * (Rad_Case_00.ORBIT.ALT_A + R_PLANET),
        axes = TRUE,
        asm_axes = TRUE,
        points = FALSE);

END_FOR
THERMAL_POST_PROCESS_OVERLAY(
    record_type = "Thermal_Node",
    time_step = 0.0,
    fixed_scale = FALSE,
    attribute = "Temperature",
    radiative_case = Rad_Case_00
);
DEFINE_RANGE(
    range = default_range,
    min = -193.15,
    max = 27.522665383075786,
    type = "LINEAR"
);

CLEAR();

KEY(shade = continuous_shade,
    range = default_range,
    x = 0.02,
    y = 0.02);

GagarinSat_cfgCryo.RANGE = "default_range";
GagarinSat_cfgCryo.SHADE = "continuous_shade";
GagarinSat_cfgCryo.NODES = FALSE;

ANNOTATE(string = "Thermal Node Attributes: Temperature",
         x = 0.02,
         y = 0.95);

DISPLAY(p_and_o = [0.0,0.0,0.0,0.0,0.0,0.0],
        time = vis_orbit_times[1],
        scale = 1.0,
        axes = TRUE,
        asm_axes = TRUE,
        points = FALSE,
        assembly_p_and_o = vis_orbit_pos[1]);

RESET_VIEW();

CLEAR();

KEY(shade = continuous_shade,
    range = default_range,
    x = 0.02,
    y = 0.02);

GagarinSat_cfgCryo.RANGE = "default_range";
GagarinSat_cfgCryo.SHADE = "continuous_shade";
GagarinSat_cfgCryo.NODES = FALSE;

ANNOTATE(string = "Thermal Node Attributes: Temperature",
         x = 0.02,
         y = 0.95);

DISPLAY(p_and_o = [0.0,0.0,0.0,0.0,0.0,0.0],
        time = vis_orbit_times[1],
        scale = 1.0,
        axes = TRUE,
        asm_axes = TRUE,
        points = FALSE,
        assembly_p_and_o = vis_orbit_pos[1]);

CLEAR();

KEY(shade = continuous_shade,
    range = default_range,
    x = 0.02,
    y = 0.02);

GagarinSat_cfgCryo.RANGE = "default_range";
GagarinSat_cfgCryo.SHADE = "continuous_shade";
GagarinSat_cfgCryo.NODES = FALSE;

ANNOTATE(string = "Thermal Node Attributes: Temperature",
         x = 0.02,
         y = 0.95);

DISPLAY(p_and_o = [0.0,0.0,0.0,0.0,0.0,0.0],
        time = vis_orbit_times[1],
        scale = 1.0,
        axes = TRUE,
        asm_axes = TRUE,
        points = FALSE,
        assembly_p_and_o = vis_orbit_pos[1]);

CLEAR();

KEY(shade = continuous_shade,
    range = default_range,
    x = 0.02,
    y = 0.02);

GagarinSat_cfgCryo.RANGE = "default_range";
GagarinSat_cfgCryo.SHADE = "continuous_shade";
GagarinSat_cfgCryo.NODES = FALSE;

ANNOTATE(string = "Thermal Node Attributes: Temperature",
         x = 0.02,
         y = 0.95);

DISPLAY(p_and_o = [0.0,0.0,0.0,0.0,0.0,0.0],
        time = vis_orbit_times[1],
        scale = 1.0,
        axes = TRUE,
        asm_axes = TRUE,
        points = FALSE,
        assembly_p_and_o = vis_orbit_pos[1]);

CLEAR();

KEY(shade = continuous_shade,
    range = default_range,
    x = 0.02,
    y = 0.02);

GagarinSat_cfgCryo.RANGE = "default_range";
GagarinSat_cfgCryo.SHADE = "continuous_shade";
GagarinSat_cfgCryo.NODES = FALSE;

ANNOTATE(string = "Thermal Node Attributes: Temperature",
         x = 0.02,
         y = 0.95);

DISPLAY(p_and_o = [0.0,0.0,0.0,0.0,0.0,0.0],
        time = vis_orbit_times[1],
        scale = 1.0,
        axes = TRUE,
        asm_axes = TRUE,
        points = FALSE,
        assembly_p_and_o = vis_orbit_pos[1]);

CLEAR();

KEY(shade = continuous_shade,
    range = default_range,
    x = 0.02,
    y = 0.02);

GagarinSat_cfgCryo.RANGE = "default_range";
GagarinSat_cfgCryo.SHADE = "continuous_shade";
GagarinSat_cfgCryo.NODES = FALSE;

ANNOTATE(string = "Thermal Node Attributes: Temperature",
         x = 0.02,
         y = 0.95);

DISPLAY(p_and_o = [0.0,0.0,0.0,0.0,0.0,0.0],
        time = vis_orbit_times[1],
        scale = 1.0,
        axes = TRUE,
        asm_axes = TRUE,
        points = FALSE,
        assembly_p_and_o = vis_orbit_pos[1]);

CLEAR();

KEY(shade = continuous_shade,
    range = default_range,
    x = 0.02,
    y = 0.02);

GagarinSat_cfgCryo.RANGE = "default_range";
GagarinSat_cfgCryo.SHADE = "continuous_shade";
GagarinSat_cfgCryo.NODES = FALSE;

ANNOTATE(string = "Thermal Node Attributes: Temperature",
         x = 0.02,
         y = 0.95);

DISPLAY(p_and_o = [0.0,0.0,0.0,0.0,0.0,0.0],
        time = vis_orbit_times[1],
        scale = 1.0,
        axes = TRUE,
        asm_axes = TRUE,
        points = FALSE,
        assembly_p_and_o = vis_orbit_pos[1]);

CLEAR();

KEY(shade = continuous_shade,
    range = default_range,
    x = 0.02,
    y = 0.02);

GagarinSat_cfgCryo.RANGE = "default_range";
GagarinSat_cfgCryo.SHADE = "continuous_shade";
GagarinSat_cfgCryo.NODES = FALSE;

ANNOTATE(string = "Thermal Node Attributes: Temperature",
         x = 0.02,
         y = 0.95);

DISPLAY(p_and_o = [0.0,0.0,0.0,0.0,0.0,0.0],
        time = vis_orbit_times[1],
        scale = 1.0,
        axes = TRUE,
        asm_axes = TRUE,
        points = FALSE,
        assembly_p_and_o = vis_orbit_pos[1]);

CLEAR();

KEY(shade = continuous_shade,
    range = default_range,
    x = 0.02,
    y = 0.02);

GagarinSat_cfgCryo.RANGE = "default_range";
GagarinSat_cfgCryo.SHADE = "continuous_shade";
GagarinSat_cfgCryo.NODES = FALSE;

ANNOTATE(string = "Thermal Node Attributes: Temperature",
         x = 0.02,
         y = 0.95);

DISPLAY(p_and_o = [0.0,0.0,0.0,0.0,0.0,0.0],
        time = vis_orbit_times[1],
        scale = 1.0,
        axes = TRUE,
        asm_axes = TRUE,
        points = FALSE,
        assembly_p_and_o = vis_orbit_pos[1]);

CLEAR();

KEY(shade = continuous_shade,
    range = default_range,
    x = 0.02,
    y = 0.02);

GagarinSat_cfgCryo.RANGE = "default_range";
GagarinSat_cfgCryo.SHADE = "continuous_shade";
GagarinSat_cfgCryo.NODES = FALSE;

ANNOTATE(string = "Thermal Node Attributes: Temperature",
         x = 0.02,
         y = 0.95);

DISPLAY(p_and_o = [0.0,0.0,0.0,0.0,0.0,0.0],
        time = vis_orbit_times[1],
        scale = 1.0,
        axes = TRUE,
        asm_axes = TRUE,
        points = FALSE,
        assembly_p_and_o = vis_orbit_pos[1]);

CLEAR();

KEY(shade = continuous_shade,
    range = default_range,
    x = 0.02,
    y = 0.02);

GagarinSat_cfgCryo.RANGE = "default_range";
GagarinSat_cfgCryo.SHADE = "continuous_shade";
GagarinSat_cfgCryo.NODES = FALSE;

ANNOTATE(string = "Thermal Node Attributes: Temperature",
         x = 0.02,
         y = 0.95);

DISPLAY(p_and_o = [0.0,0.0,0.0,0.0,0.0,0.0],
        time = vis_orbit_times[1],
        scale = 1.0,
        axes = TRUE,
        asm_axes = TRUE,
        points = FALSE,
        assembly_p_and_o = vis_orbit_pos[1]);

CLEAR();

KEY(shade = continuous_shade,
    range = default_range,
    x = 0.02,
    y = 0.02);

GagarinSat_cfgCryo.RANGE = "default_range";
GagarinSat_cfgCryo.SHADE = "continuous_shade";
GagarinSat_cfgCryo.NODES = FALSE;

ANNOTATE(string = "Thermal Node Attributes: Temperature",
         x = 0.02,
         y = 0.95);

DISPLAY(p_and_o = [0.0,0.0,0.0,0.0,0.0,0.0],
        time = vis_orbit_times[1],
        scale = 1.0,
        axes = TRUE,
        asm_axes = TRUE,
        points = FALSE,
        assembly_p_and_o = vis_orbit_pos[1]);

CLEAR();

KEY(shade = continuous_shade,
    range = default_range,
    x = 0.02,
    y = 0.02);

GagarinSat_cfgCryo.RANGE = "default_range";
GagarinSat_cfgCryo.SHADE = "continuous_shade";
GagarinSat_cfgCryo.NODES = FALSE;

ANNOTATE(string = "Thermal Node Attributes: Temperature",
         x = 0.02,
         y = 0.95);

DISPLAY(p_and_o = [0.0,0.0,0.0,0.0,0.0,0.0],
        time = vis_orbit_times[1],
        scale = 1.0,
        axes = TRUE,
        asm_axes = TRUE,
        points = FALSE,
        assembly_p_and_o = vis_orbit_pos[1]);

CLEAR();

KEY(shade = continuous_shade,
    range = default_range,
    x = 0.02,
    y = 0.02);

GagarinSat_cfgCryo.RANGE = "default_range";
GagarinSat_cfgCryo.SHADE = "continuous_shade";
GagarinSat_cfgCryo.NODES = FALSE;

ANNOTATE(string = "Thermal Node Attributes: Temperature",
         x = 0.02,
         y = 0.95);

DISPLAY(p_and_o = [0.0,0.0,0.0,0.0,0.0,0.0],
        time = vis_orbit_times[1],
        scale = 1.0,
        axes = TRUE,
        asm_axes = TRUE,
        points = FALSE,
        assembly_p_and_o = vis_orbit_pos[1]);

CLEAR();

KEY(shade = continuous_shade,
    range = default_range,
    x = 0.02,
    y = 0.02);

GagarinSat_cfgCryo.RANGE = "default_range";
GagarinSat_cfgCryo.SHADE = "continuous_shade";
GagarinSat_cfgCryo.NODES = FALSE;

ANNOTATE(string = "Thermal Node Attributes: Temperature",
         x = 0.02,
         y = 0.95);

DISPLAY(p_and_o = [0.0,0.0,0.0,0.0,0.0,0.0],
        time = vis_orbit_times[1],
        scale = 1.0,
        axes = TRUE,
        asm_axes = TRUE,
        points = FALSE,
        assembly_p_and_o = vis_orbit_pos[1]);

CLEAR();

KEY(shade = continuous_shade,
    range = default_range,
    x = 0.02,
    y = 0.02);

GagarinSat_cfgCryo.RANGE = "default_range";
GagarinSat_cfgCryo.SHADE = "continuous_shade";
GagarinSat_cfgCryo.NODES = FALSE;

ANNOTATE(string = "Thermal Node Attributes: Temperature",
         x = 0.02,
         y = 0.95);

DISPLAY(p_and_o = [0.0,0.0,0.0,0.0,0.0,0.0],
        time = vis_orbit_times[1],
        scale = 1.0,
        axes = TRUE,
        asm_axes = TRUE,
        points = FALSE,
        assembly_p_and_o = vis_orbit_pos[1]);

CLEAR();

KEY(shade = continuous_shade,
    range = default_range,
    x = 0.02,
    y = 0.02);

GagarinSat_cfgCryo.RANGE = "default_range";
GagarinSat_cfgCryo.SHADE = "continuous_shade";
GagarinSat_cfgCryo.NODES = FALSE;

ANNOTATE(string = "Thermal Node Attributes: Temperature",
         x = 0.02,
         y = 0.95);

DISPLAY(p_and_o = [0.0,0.0,0.0,0.0,0.0,0.0],
        time = vis_orbit_times[1],
        scale = 1.0,
        axes = TRUE,
        asm_axes = TRUE,
        points = FALSE,
        assembly_p_and_o = vis_orbit_pos[1]);

CLEAR();

KEY(shade = continuous_shade,
    range = default_range,
    x = 0.02,
    y = 0.02);

GagarinSat_cfgCryo.RANGE = "default_range";
GagarinSat_cfgCryo.SHADE = "continuous_shade";
GagarinSat_cfgCryo.NODES = FALSE;

ANNOTATE(string = "Thermal Node Attributes: Temperature",
         x = 0.02,
         y = 0.95);

DISPLAY(p_and_o = [0.0,0.0,0.0,0.0,0.0,0.0],
        time = vis_orbit_times[1],
        scale = 1.0,
        axes = TRUE,
        asm_axes = TRUE,
        points = FALSE,
        assembly_p_and_o = vis_orbit_pos[1]);

CLEAR();

KEY(shade = continuous_shade,
    range = default_range,
    x = 0.02,
    y = 0.02);

GagarinSat_cfgCryo.RANGE = "default_range";
GagarinSat_cfgCryo.SHADE = "continuous_shade";
GagarinSat_cfgCryo.NODES = FALSE;

ANNOTATE(string = "Thermal Node Attributes: Temperature",
         x = 0.02,
         y = 0.95);

DISPLAY(p_and_o = [0.0,0.0,0.0,0.0,0.0,0.0],
        time = vis_orbit_times[1],
        scale = 1.0,
        axes = TRUE,
        asm_axes = TRUE,
        points = FALSE,
        assembly_p_and_o = vis_orbit_pos[1]);

CLEAR();

KEY(shade = continuous_shade,
    range = default_range,
    x = 0.02,
    y = 0.02);

GagarinSat_cfgCryo.RANGE = "default_range";
GagarinSat_cfgCryo.SHADE = "continuous_shade";
GagarinSat_cfgCryo.NODES = FALSE;

ANNOTATE(string = "Thermal Node Attributes: Temperature",
         x = 0.02,
         y = 0.95);

DISPLAY(p_and_o = [0.0,0.0,0.0,0.0,0.0,0.0],
        time = vis_orbit_times[1],
        scale = 1.0,
        axes = TRUE,
        asm_axes = TRUE,
        points = FALSE,
        assembly_p_and_o = vis_orbit_pos[1]);

CLEAR();

KEY(shade = continuous_shade,
    range = default_range,
    x = 0.02,
    y = 0.02);

GagarinSat_cfgCryo.RANGE = "default_range";
GagarinSat_cfgCryo.SHADE = "continuous_shade";
GagarinSat_cfgCryo.NODES = FALSE;

ANNOTATE(string = "Thermal Node Attributes: Temperature",
         x = 0.02,
         y = 0.95);

DISPLAY(p_and_o = [0.0,0.0,0.0,0.0,0.0,0.0],
        time = vis_orbit_times[1],
        scale = 1.0,
        axes = TRUE,
        asm_axes = TRUE,
        points = FALSE,
        assembly_p_and_o = vis_orbit_pos[1]);

DEFINE_RANGE(
    range = default_range,
    min = -193.15,
    max = 20.947015492907177,
    type = "LINEAR"
);

CLEAR();

KEY(shade = continuous_shade,
    range = default_range,
    x = 0.02,
    y = 0.02);

GagarinSat_cfgCryo.RANGE = "default_range";
GagarinSat_cfgCryo.SHADE = "continuous_shade";
GagarinSat_cfgCryo.NODES = FALSE;

ANNOTATE(string = "Thermal Node Attributes: Temperature",
         x = 0.02,
         y = 0.95);

DISPLAY(p_and_o = [0.0,0.0,0.0,0.0,0.0,0.0],
        time = vis_orbit_times[1],
        scale = 1.0,
        axes = TRUE,
        asm_axes = TRUE,
        points = FALSE,
        assembly_p_and_o = vis_orbit_pos[1]);

CLEAR();

KEY(shade = continuous_shade,
    range = default_range,
    x = 0.02,
    y = 0.02);

GagarinSat_cfgCryo.RANGE = "default_range";
GagarinSat_cfgCryo.SHADE = "continuous_shade";
GagarinSat_cfgCryo.NODES = FALSE;

ANNOTATE(string = "Thermal Node Attributes: Temperature",
         x = 0.02,
         y = 0.95);

DISPLAY(p_and_o = [0.0,0.0,0.0,0.0,0.0,0.0],
        time = vis_orbit_times[1],
        scale = 1.0,
        axes = TRUE,
        asm_axes = TRUE,
        points = FALSE,
        assembly_p_and_o = vis_orbit_pos[1]);

CLEAR();

KEY(shade = continuous_shade,
    range = default_range,
    x = 0.02,
    y = 0.02);

GagarinSat_cfgCryo.RANGE = "default_range";
GagarinSat_cfgCryo.SHADE = "continuous_shade";
GagarinSat_cfgCryo.NODES = FALSE;

ANNOTATE(string = "Thermal Node Attributes: Temperature",
         x = 0.02,
         y = 0.95);

DISPLAY(p_and_o = [0.0,0.0,0.0,0.0,0.0,0.0],
        time = vis_orbit_times[1],
        scale = 1.0,
        axes = TRUE,
        asm_axes = TRUE,
        points = FALSE,
        assembly_p_and_o = vis_orbit_pos[1]);

CLEAR();

KEY(shade = continuous_shade,
    range = default_range,
    x = 0.02,
    y = 0.02);

GagarinSat_cfgCryo.RANGE = "default_range";
GagarinSat_cfgCryo.SHADE = "continuous_shade";
GagarinSat_cfgCryo.NODES = FALSE;

ANNOTATE(string = "Thermal Node Attributes: Temperature",
         x = 0.02,
         y = 0.95);

DISPLAY(p_and_o = [0.0,0.0,0.0,0.0,0.0,0.0],
        time = vis_orbit_times[1],
        scale = 1.0,
        axes = TRUE,
        asm_axes = TRUE,
        points = FALSE,
        assembly_p_and_o = vis_orbit_pos[1]);

CLEAR();

KEY(shade = continuous_shade,
    range = default_range,
    x = 0.02,
    y = 0.02);

GagarinSat_cfgCryo.RANGE = "default_range";
GagarinSat_cfgCryo.SHADE = "continuous_shade";
GagarinSat_cfgCryo.NODES = FALSE;

ANNOTATE(string = "Thermal Node Attributes: Temperature",
         x = 0.02,
         y = 0.95);

DISPLAY(p_and_o = [0.0,0.0,0.0,0.0,0.0,0.0],
        time = vis_orbit_times[1],
        scale = 1.0,
        axes = TRUE,
        asm_axes = TRUE,
        points = FALSE,
        assembly_p_and_o = vis_orbit_pos[1]);

CLEAR();

KEY(shade = continuous_shade,
    range = default_range,
    x = 0.02,
    y = 0.02);

GagarinSat_cfgCryo.RANGE = "default_range";
GagarinSat_cfgCryo.SHADE = "continuous_shade";
GagarinSat_cfgCryo.NODES = FALSE;

ANNOTATE(string = "Thermal Node Attributes: Temperature",
         x = 0.02,
         y = 0.95);

DISPLAY(p_and_o = [0.0,0.0,0.0,0.0,0.0,0.0],
        time = vis_orbit_times[1],
        scale = 1.0,
        axes = TRUE,
        asm_axes = TRUE,
        points = FALSE,
        assembly_p_and_o = vis_orbit_pos[1]);

CLEAR();

KEY(shade = continuous_shade,
    range = default_range,
    x = 0.02,
    y = 0.02);

GagarinSat_cfgCryo.RANGE = "default_range";
GagarinSat_cfgCryo.SHADE = "continuous_shade";
GagarinSat_cfgCryo.NODES = FALSE;

ANNOTATE(string = "Thermal Node Attributes: Temperature",
         x = 0.02,
         y = 0.95);

DISPLAY(p_and_o = [0.0,0.0,0.0,0.0,0.0,0.0],
        time = vis_orbit_times[1],
        scale = 1.0,
        axes = TRUE,
        asm_axes = TRUE,
        points = FALSE,
        assembly_p_and_o = vis_orbit_pos[1]);

CLEAR();

KEY(shade = continuous_shade,
    range = default_range,
    x = 0.02,
    y = 0.02);

GagarinSat_cfgCryo.RANGE = "default_range";
GagarinSat_cfgCryo.SHADE = "continuous_shade";
GagarinSat_cfgCryo.NODES = FALSE;

ANNOTATE(string = "Thermal Node Attributes: Temperature",
         x = 0.02,
         y = 0.95);

DISPLAY(p_and_o = [0.0,0.0,0.0,0.0,0.0,0.0],
        time = vis_orbit_times[1],
        scale = 1.0,
        axes = TRUE,
        asm_axes = TRUE,
        points = FALSE,
        assembly_p_and_o = vis_orbit_pos[1]);

CLEAR();

KEY(shade = continuous_shade,
    range = default_range,
    x = 0.02,
    y = 0.02);

GagarinSat_cfgCryo.RANGE = "default_range";
GagarinSat_cfgCryo.SHADE = "continuous_shade";
GagarinSat_cfgCryo.NODES = FALSE;

ANNOTATE(string = "Thermal Node Attributes: Temperature",
         x = 0.02,
         y = 0.95);

DISPLAY(p_and_o = [0.0,0.0,0.0,0.0,0.0,0.0],
        time = vis_orbit_times[1],
        scale = 1.0,
        axes = TRUE,
        asm_axes = TRUE,
        points = FALSE,
        assembly_p_and_o = vis_orbit_pos[1]);

LOAD_EXTERNAL_RESULTS (
   type = "TMD",
   file = "C:\ESATAN-TMS\ESATAN-TMS-Models\ESATAN-TMS_Models\GagarinSat_cfgCryo\esatan\Case_00\GAGARINSAT_CFGCRYO_CASE_.TMD");
RADIATIVE_PRE_PROCESS_OVERLAY(source = "GEOMETRY",
                              display = "MODEL_ONLY");
CLEAR();

GagarinSat_cfgCryo.NODES = FALSE;

ANNOTATE(string = "Colour",
         x = 0.02,
         y = 0.95);

DISPLAY(p_and_o = [0.0,0.0,0.0,0.0,0.0,0.0],
        scale = 1.0,
        axes = TRUE,
        asm_axes = TRUE,
        points = FALSE);

THERMAL_POST_PROCESS_OVERLAY(
    record_type= "Thermal_Node",
    start_time = 0.0,
    end_time = 6059.29,
    cycle = 1,
    radiative_case = Rad_Case_00,
    analysis_case = Case_00,
    fixed_scale = FALSE,
    attribute = "Temperature",
     planet_scale = 0.546,
     model_scale = 0.715,
     draw_periapsis = TRUE,
     draw_asc_node = TRUE
);
DEFINE_RANGE(
    range = default_range,
    min = -193.15,
    max = 58.65256281156706,
    type = "LINEAR"
);

CLEAR();

KEY(shade = continuous_shade,
    range = default_range,
    x = 0.02,
    y = 0.02);

GagarinSat_cfgCryo.RANGE = "default_range";
GagarinSat_cfgCryo.SHADE = "continuous_shade";
GagarinSat_cfgCryo.NODES = FALSE;

ANNOTATE(string = "Thermal Node Attributes: Temperature",
         x = 0.02,
         y = 0.95);

DRAW_ORBIT(analysis_case = Case_00);
DRAW_PERIAPSIS(orbit = Rad_Case_00.ORBIT);
DRAW_ASCENDING_NODE(orbit = Rad_Case_00.ORBIT);
vis_orbit_index = 1;
vis_orbit_index = 1;
DRAW_PLANET(radiative_case = Rad_Case_00,
            time = vis_orbit_times[1],
            scale = 0.546,
            range = default_range,
            shade = continuous_shade
);
FOR (vis_orbit_index = 1;
    vis_orbit_index <= 11;
    vis_orbit_index = EVAL(vis_orbit_index + 1))
DISPLAY(p_and_o = vis_orbit_pos[vis_orbit_index],
        time = vis_orbit_times[vis_orbit_index],
        scale = 0.715 * (Rad_Case_00.ORBIT.ALT_A + R_PLANET),
        axes = TRUE,
        asm_axes = TRUE,
        points = FALSE);

END_FOR
DEFINE_RANGE(
    range = default_range,
    min = -28.234081362140316,
    max = 58.65256281156706,
    type = "LINEAR"
);

CLEAR();

KEY(shade = continuous_shade,
    range = default_range,
    x = 0.02,
    y = 0.02);

GagarinSat_cfgCryo.RANGE = "default_range";
GagarinSat_cfgCryo.SHADE = "continuous_shade";
GagarinSat_cfgCryo.NODES = FALSE;

ANNOTATE(string = "Thermal Node Attributes: Temperature",
         x = 0.02,
         y = 0.95);

DRAW_ORBIT(analysis_case = Case_00);
DRAW_PERIAPSIS(orbit = Rad_Case_00.ORBIT);
DRAW_ASCENDING_NODE(orbit = Rad_Case_00.ORBIT);
vis_orbit_index = 1;
vis_orbit_index = 1;
DRAW_PLANET(radiative_case = Rad_Case_00,
            time = vis_orbit_times[1],
            scale = 0.546,
            range = default_range,
            shade = continuous_shade
);
FOR (vis_orbit_index = 1;
    vis_orbit_index <= 11;
    vis_orbit_index = EVAL(vis_orbit_index + 1))
DISPLAY(p_and_o = vis_orbit_pos[vis_orbit_index],
        time = vis_orbit_times[vis_orbit_index],
        scale = 0.715 * (Rad_Case_00.ORBIT.ALT_A + R_PLANET),
        axes = TRUE,
        asm_axes = TRUE,
        points = FALSE);

END_FOR
CLEAR();

KEY(shade = continuous_shade,
    range = default_range,
    x = 0.02,
    y = 0.02);

GagarinSat_cfgCryo.RANGE = "default_range";
GagarinSat_cfgCryo.SHADE = "continuous_shade";
GagarinSat_cfgCryo.NODES = FALSE;

ANNOTATE(string = "Thermal Node Attributes: Temperature",
         x = 0.02,
         y = 0.95);

DRAW_ORBIT(analysis_case = Case_00);
DRAW_PERIAPSIS(orbit = Rad_Case_00.ORBIT);
DRAW_ASCENDING_NODE(orbit = Rad_Case_00.ORBIT);
vis_orbit_index = 1;
vis_orbit_index = 1;
DRAW_PLANET(radiative_case = Rad_Case_00,
            time = vis_orbit_times[1],
            scale = 0.546,
            range = default_range,
            shade = continuous_shade
);
FOR (vis_orbit_index = 1;
    vis_orbit_index <= 11;
    vis_orbit_index = EVAL(vis_orbit_index + 1))
DISPLAY(p_and_o = vis_orbit_pos[vis_orbit_index],
        time = vis_orbit_times[vis_orbit_index],
        scale = 0.715 * (Rad_Case_00.ORBIT.ALT_A + R_PLANET),
        axes = TRUE,
        asm_axes = TRUE,
        points = FALSE);

END_FOR
CLEAR();

KEY(shade = continuous_shade,
    range = default_range,
    x = 0.02,
    y = 0.02);

GagarinSat_cfgCryo.RANGE = "default_range";
GagarinSat_cfgCryo.SHADE = "continuous_shade";
GagarinSat_cfgCryo.NODES = FALSE;

ANNOTATE(string = "Thermal Node Attributes: Temperature",
         x = 0.02,
         y = 0.95);

DRAW_ORBIT(analysis_case = Case_00);
DRAW_PERIAPSIS(orbit = Rad_Case_00.ORBIT);
DRAW_ASCENDING_NODE(orbit = Rad_Case_00.ORBIT);
vis_orbit_index = 1;
vis_orbit_index = 1;
DRAW_PLANET(radiative_case = Rad_Case_00,
            time = vis_orbit_times[1],
            scale = 0.546,
            range = default_range,
            shade = continuous_shade
);
FOR (vis_orbit_index = 1;
    vis_orbit_index <= 11;
    vis_orbit_index = EVAL(vis_orbit_index + 1))
DISPLAY(p_and_o = vis_orbit_pos[vis_orbit_index],
        time = vis_orbit_times[vis_orbit_index],
        scale = 0.715 * (Rad_Case_00.ORBIT.ALT_A + R_PLANET),
        axes = TRUE,
        asm_axes = TRUE,
        points = FALSE);

END_FOR
CLEAR();

KEY(shade = continuous_shade,
    range = default_range,
    x = 0.02,
    y = 0.02);

GagarinSat_cfgCryo.RANGE = "default_range";
GagarinSat_cfgCryo.SHADE = "continuous_shade";
GagarinSat_cfgCryo.NODES = FALSE;

ANNOTATE(string = "Thermal Node Attributes: Temperature",
         x = 0.02,
         y = 0.95);

DRAW_ORBIT(analysis_case = Case_00);
DRAW_PERIAPSIS(orbit = Rad_Case_00.ORBIT);
DRAW_ASCENDING_NODE(orbit = Rad_Case_00.ORBIT);
vis_orbit_index = 1;
vis_orbit_index = 1;
DRAW_PLANET(radiative_case = Rad_Case_00,
            time = vis_orbit_times[1],
            scale = 0.546,
            range = default_range,
            shade = continuous_shade
);
FOR (vis_orbit_index = 1;
    vis_orbit_index <= 11;
    vis_orbit_index = EVAL(vis_orbit_index + 1))
DISPLAY(p_and_o = vis_orbit_pos[vis_orbit_index],
        time = vis_orbit_times[vis_orbit_index],
        scale = 0.715 * (Rad_Case_00.ORBIT.ALT_A + R_PLANET),
        axes = TRUE,
        asm_axes = TRUE,
        points = FALSE);

END_FOR
CLEAR();

KEY(shade = continuous_shade,
    range = default_range,
    x = 0.02,
    y = 0.02);

GagarinSat_cfgCryo.RANGE = "default_range";
GagarinSat_cfgCryo.SHADE = "continuous_shade";
GagarinSat_cfgCryo.NODES = FALSE;

ANNOTATE(string = "Thermal Node Attributes: Temperature",
         x = 0.02,
         y = 0.95);

DRAW_ORBIT(analysis_case = Case_00);
DRAW_PERIAPSIS(orbit = Rad_Case_00.ORBIT);
DRAW_ASCENDING_NODE(orbit = Rad_Case_00.ORBIT);
vis_orbit_index = 1;
vis_orbit_index = 1;
DRAW_PLANET(radiative_case = Rad_Case_00,
            time = vis_orbit_times[1],
            scale = 0.546,
            range = default_range,
            shade = continuous_shade
);
FOR (vis_orbit_index = 1;
    vis_orbit_index <= 11;
    vis_orbit_index = EVAL(vis_orbit_index + 1))
DISPLAY(p_and_o = vis_orbit_pos[vis_orbit_index],
        time = vis_orbit_times[vis_orbit_index],
        scale = 0.715 * (Rad_Case_00.ORBIT.ALT_A + R_PLANET),
        axes = TRUE,
        asm_axes = TRUE,
        points = FALSE);

END_FOR
CLEAR();

KEY(shade = continuous_shade,
    range = default_range,
    x = 0.02,
    y = 0.02);

GagarinSat_cfgCryo.RANGE = "default_range";
GagarinSat_cfgCryo.SHADE = "continuous_shade";
GagarinSat_cfgCryo.NODES = FALSE;

ANNOTATE(string = "Thermal Node Attributes: Temperature",
         x = 0.02,
         y = 0.95);

DRAW_ORBIT(analysis_case = Case_00);
DRAW_PERIAPSIS(orbit = Rad_Case_00.ORBIT);
DRAW_ASCENDING_NODE(orbit = Rad_Case_00.ORBIT);
vis_orbit_index = 1;
vis_orbit_index = 1;
DRAW_PLANET(radiative_case = Rad_Case_00,
            time = vis_orbit_times[1],
            scale = 0.546,
            range = default_range,
            shade = continuous_shade
);
FOR (vis_orbit_index = 1;
    vis_orbit_index <= 11;
    vis_orbit_index = EVAL(vis_orbit_index + 1))
DISPLAY(p_and_o = vis_orbit_pos[vis_orbit_index],
        time = vis_orbit_times[vis_orbit_index],
        scale = 0.715 * (Rad_Case_00.ORBIT.ALT_A + R_PLANET),
        axes = TRUE,
        asm_axes = TRUE,
        points = FALSE);

END_FOR
DEFINE_RANGE(
    range = default_range,
    min = -28.25101735552924,
    max = 58.65151866920296,
    type = "LINEAR"
);

CLEAR();

KEY(shade = continuous_shade,
    range = default_range,
    x = 0.02,
    y = 0.02);

GagarinSat_cfgCryo.RANGE = "default_range";
GagarinSat_cfgCryo.SHADE = "continuous_shade";
GagarinSat_cfgCryo.NODES = FALSE;

ANNOTATE(string = "Thermal Node Attributes: Temperature",
         x = 0.02,
         y = 0.95);

DRAW_ORBIT(analysis_case = Case_00);
DRAW_PERIAPSIS(orbit = Rad_Case_00.ORBIT);
DRAW_ASCENDING_NODE(orbit = Rad_Case_00.ORBIT);
vis_orbit_index = 1;
vis_orbit_index = 1;
DRAW_PLANET(radiative_case = Rad_Case_00,
            time = vis_orbit_times[1],
            scale = 0.546,
            range = default_range,
            shade = continuous_shade
);
FOR (vis_orbit_index = 1;
    vis_orbit_index <= 11;
    vis_orbit_index = EVAL(vis_orbit_index + 1))
DISPLAY(p_and_o = vis_orbit_pos[vis_orbit_index],
        time = vis_orbit_times[vis_orbit_index],
        scale = 0.715 * (Rad_Case_00.ORBIT.ALT_A + R_PLANET),
        axes = TRUE,
        asm_axes = TRUE,
        points = FALSE);

END_FOR
CLEAR();

KEY(shade = continuous_shade,
    range = default_range,
    x = 0.02,
    y = 0.02);

GagarinSat_cfgCryo.RANGE = "default_range";
GagarinSat_cfgCryo.SHADE = "continuous_shade";
GagarinSat_cfgCryo.NODES = FALSE;

ANNOTATE(string = "Thermal Node Attributes: Temperature",
         x = 0.02,
         y = 0.95);

DRAW_ORBIT(analysis_case = Case_00);
DRAW_PERIAPSIS(orbit = Rad_Case_00.ORBIT);
DRAW_ASCENDING_NODE(orbit = Rad_Case_00.ORBIT);
vis_orbit_index = 1;
vis_orbit_index = 1;
DRAW_PLANET(radiative_case = Rad_Case_00,
            time = vis_orbit_times[1],
            scale = 0.546,
            range = default_range,
            shade = continuous_shade
);
FOR (vis_orbit_index = 1;
    vis_orbit_index <= 11;
    vis_orbit_index = EVAL(vis_orbit_index + 1))
DISPLAY(p_and_o = vis_orbit_pos[vis_orbit_index],
        time = vis_orbit_times[vis_orbit_index],
        scale = 0.715 * (Rad_Case_00.ORBIT.ALT_A + R_PLANET),
        axes = TRUE,
        asm_axes = TRUE,
        points = FALSE);

END_FOR
CLEAR();

KEY(shade = continuous_shade,
    range = default_range,
    x = 0.02,
    y = 0.02);

GagarinSat_cfgCryo.RANGE = "default_range";
GagarinSat_cfgCryo.SHADE = "continuous_shade";
GagarinSat_cfgCryo.NODES = FALSE;

ANNOTATE(string = "Thermal Node Attributes: Temperature",
         x = 0.02,
         y = 0.95);

DRAW_ORBIT(analysis_case = Case_00);
DRAW_PERIAPSIS(orbit = Rad_Case_00.ORBIT);
DRAW_ASCENDING_NODE(orbit = Rad_Case_00.ORBIT);
vis_orbit_index = 1;
vis_orbit_index = 1;
DRAW_PLANET(radiative_case = Rad_Case_00,
            time = vis_orbit_times[1],
            scale = 0.546,
            range = default_range,
            shade = continuous_shade
);
FOR (vis_orbit_index = 1;
    vis_orbit_index <= 11;
    vis_orbit_index = EVAL(vis_orbit_index + 1))
DISPLAY(p_and_o = vis_orbit_pos[vis_orbit_index],
        time = vis_orbit_times[vis_orbit_index],
        scale = 0.715 * (Rad_Case_00.ORBIT.ALT_A + R_PLANET),
        axes = TRUE,
        asm_axes = TRUE,
        points = FALSE);

END_FOR
RADIATIVE_PRE_PROCESS_OVERLAY(
    source = "GEOMETRY",
    display = "ORBITAL",
    radiative_case = Rad_Case_01,
    model_scale = 0.1,
    draw_model = TRUE,
    planet_scale = 1.0,
    draw_planet = TRUE);
CLEAR();

GagarinSat_cfgCryo.NODES = FALSE;

ANNOTATE(string = "",
         x = 0.02,
         y = 0.95);
DRAW_ORBIT(orbit = Rad_Case_01.ORBIT);
vis_orbit_index = 1;
vis_orbit_index = 1;
DRAW_PLANET(radiative_case = Rad_Case_01,
            time = Rad_Case_01.ORBIT_TIMES[vis_orbit_index],
            scale = 1.0,
            range = default_range,
            shade = continuous_shade
);
DISPLAY(p_and_o = Rad_Case_01.ORBIT_POSITIONS[vis_orbit_index],
        time = Rad_Case_01.ORBIT_TIMES[vis_orbit_index],
        scale = 0.1 * (Rad_Case_01.ORBIT.ALT_A + R_PLANET),
        axes = TRUE,
        asm_axes = TRUE,
        points = FALSE,
        radiative_case = Rad_Case_01,
        orbit_position = vis_orbit_index,
        spin_position = 0);

CLEAR();

GagarinSat_cfgCryo.NODES = FALSE;

ANNOTATE(string = "",
         x = 0.02,
         y = 0.95);
DRAW_ORBIT(orbit = Rad_Case_01.ORBIT);
DRAW_PLANET(radiative_case = Rad_Case_01,
            time = Rad_Case_01.ORBIT_TIMES[vis_orbit_index],
            scale = 1.0,
            range = default_range,
            shade = continuous_shade
);
DISPLAY(p_and_o = Rad_Case_01.ORBIT_POSITIONS[vis_orbit_index],
        time = Rad_Case_01.ORBIT_TIMES[vis_orbit_index],
        scale = 0.1 * (Rad_Case_01.ORBIT.ALT_A + R_PLANET),
        axes = TRUE,
        asm_axes = TRUE,
        points = FALSE,
        radiative_case = Rad_Case_01,
        orbit_position = vis_orbit_index,
        spin_position = 0);

RADIATIVE_PRE_PROCESS_OVERLAY(
    source = "GEOMETRY",
    display = "ORBITAL",
    radiative_case = Rad_Case_01,
    model_scale = 0.1,
    draw_model = TRUE,
    planet_scale = 1.0,
    draw_planet = TRUE);
CLEAR();

GagarinSat_cfgCryo.NODES = FALSE;

ANNOTATE(string = "",
         x = 0.02,
         y = 0.95);
DRAW_ORBIT(orbit = Rad_Case_01.ORBIT);
DRAW_PLANET(radiative_case = Rad_Case_01,
            time = Rad_Case_01.ORBIT_TIMES[vis_orbit_index],
            scale = 1.0,
            range = default_range,
            shade = continuous_shade
);
DISPLAY(p_and_o = Rad_Case_01.ORBIT_POSITIONS[vis_orbit_index],
        time = Rad_Case_01.ORBIT_TIMES[vis_orbit_index],
        scale = 0.1 * (Rad_Case_01.ORBIT.ALT_A + R_PLANET),
        axes = TRUE,
        asm_axes = TRUE,
        points = FALSE,
        radiative_case = Rad_Case_01,
        orbit_position = vis_orbit_index,
        spin_position = 0);

CLEAR();

GagarinSat_cfgCryo.NODES = FALSE;

ANNOTATE(string = "",
         x = 0.02,
         y = 0.95);
DRAW_ORBIT(orbit = Rad_Case_01.ORBIT);
DRAW_PLANET(radiative_case = Rad_Case_01,
            time = Rad_Case_01.ORBIT_TIMES[vis_orbit_index],
            scale = 1.0,
            range = default_range,
            shade = continuous_shade
);
DISPLAY(p_and_o = Rad_Case_01.ORBIT_POSITIONS[vis_orbit_index],
        time = Rad_Case_01.ORBIT_TIMES[vis_orbit_index],
        scale = 0.1 * (Rad_Case_01.ORBIT.ALT_A + R_PLANET),
        axes = TRUE,
        asm_axes = TRUE,
        points = FALSE,
        radiative_case = Rad_Case_01,
        orbit_position = vis_orbit_index,
        spin_position = 0);

LOAD_EXTERNAL_RESULTS (
   type = "TMD",
   file = "C:\ESATAN-TMS\ESATAN-TMS-Models\ESATAN-TMS_Models\GagarinSat_cfgCryo\esatan\Case_01\GAGARINSAT_CFGCRYO_CASE_.TMD");
RADIATIVE_PRE_PROCESS_OVERLAY(source = "GEOMETRY",
                              display = "MODEL_ONLY");
CLEAR();

GagarinSat_cfgCryo.NODES = FALSE;

ANNOTATE(string = "Colour",
         x = 0.02,
         y = 0.95);

DISPLAY(p_and_o = [0.0,0.0,0.0,0.0,0.0,0.0],
        scale = 1.0,
        axes = TRUE,
        asm_axes = TRUE,
        points = FALSE);

RESET_VIEW();

THERMAL_POST_PROCESS_OVERLAY(
    record_type= "Thermal_Node",
    start_time = 0.0,
    end_time = 6059.29,
    cycle = 1,
    radiative_case = Rad_Case_01,
    analysis_case = Case_01,
    fixed_scale = FALSE,
    attribute = "Temperature",
     planet_scale = 0.546,
     model_scale = 0.715,
     draw_periapsis = TRUE,
     draw_asc_node = TRUE
);
DEFINE_RANGE(
    range = default_range,
    min = -23.407583082373005,
    max = 16.07332533401354,
    type = "LINEAR"
);

CLEAR();

KEY(shade = continuous_shade,
    range = default_range,
    x = 0.02,
    y = 0.02);

GagarinSat_cfgCryo.RANGE = "default_range";
GagarinSat_cfgCryo.SHADE = "continuous_shade";
GagarinSat_cfgCryo.NODES = FALSE;

ANNOTATE(string = "Thermal Node Attributes: Temperature",
         x = 0.02,
         y = 0.95);

DRAW_ORBIT(analysis_case = Case_01);
DRAW_PERIAPSIS(orbit = Rad_Case_01.ORBIT);
DRAW_ASCENDING_NODE(orbit = Rad_Case_01.ORBIT);
DRAW_PLANET(radiative_case = Rad_Case_01,
            time = vis_orbit_times[vis_orbit_index],
            scale = 0.546,
            range = default_range,
            shade = continuous_shade
);
DISPLAY(p_and_o = vis_orbit_pos[vis_orbit_index],
        time = vis_orbit_times[vis_orbit_index],
        scale = 0.715 * (Rad_Case_01.ORBIT.ALT_A + R_PLANET),
        axes = TRUE,
        asm_axes = TRUE,
        points = FALSE);

CLEAR();

KEY(shade = continuous_shade,
    range = default_range,
    x = 0.02,
    y = 0.02);

GagarinSat_cfgCryo.RANGE = "default_range";
GagarinSat_cfgCryo.SHADE = "continuous_shade";
GagarinSat_cfgCryo.NODES = FALSE;

ANNOTATE(string = "Thermal Node Attributes: Temperature",
         x = 0.02,
         y = 0.95);

DRAW_ORBIT(analysis_case = Case_01);
DRAW_PERIAPSIS(orbit = Rad_Case_01.ORBIT);
DRAW_ASCENDING_NODE(orbit = Rad_Case_01.ORBIT);
DRAW_PLANET(radiative_case = Rad_Case_01,
            time = vis_orbit_times[vis_orbit_index],
            scale = 0.546,
            range = default_range,
            shade = continuous_shade
);
DISPLAY(p_and_o = vis_orbit_pos[vis_orbit_index],
        time = vis_orbit_times[vis_orbit_index],
        scale = 0.715 * (Rad_Case_01.ORBIT.ALT_A + R_PLANET),
        axes = TRUE,
        asm_axes = TRUE,
        points = FALSE);

CLEAR();

KEY(shade = continuous_shade,
    range = default_range,
    x = 0.02,
    y = 0.02);

GagarinSat_cfgCryo.RANGE = "default_range";
GagarinSat_cfgCryo.SHADE = "continuous_shade";
GagarinSat_cfgCryo.NODES = FALSE;

ANNOTATE(string = "Thermal Node Attributes: Temperature",
         x = 0.02,
         y = 0.95);

DRAW_ORBIT(analysis_case = Case_01);
DRAW_PERIAPSIS(orbit = Rad_Case_01.ORBIT);
DRAW_ASCENDING_NODE(orbit = Rad_Case_01.ORBIT);
DRAW_PLANET(radiative_case = Rad_Case_01,
            time = vis_orbit_times[vis_orbit_index],
            scale = 0.546,
            range = default_range,
            shade = continuous_shade
);
DISPLAY(p_and_o = vis_orbit_pos[vis_orbit_index],
        time = vis_orbit_times[vis_orbit_index],
        scale = 0.715 * (Rad_Case_01.ORBIT.ALT_A + R_PLANET),
        axes = TRUE,
        asm_axes = TRUE,
        points = FALSE);

DEFINE_RANGE(
    range = default_range,
    min = -193.15,
    max = 133.23903328334,
    type = "LINEAR"
);

CLEAR();

KEY(shade = continuous_shade,
    range = default_range,
    x = 0.02,
    y = 0.02);

GagarinSat_cfgCryo.RANGE = "default_range";
GagarinSat_cfgCryo.SHADE = "continuous_shade";
GagarinSat_cfgCryo.NODES = FALSE;

ANNOTATE(string = "Thermal Node Attributes: Temperature",
         x = 0.02,
         y = 0.95);

DRAW_ORBIT(analysis_case = Case_01);
DRAW_PERIAPSIS(orbit = Rad_Case_01.ORBIT);
DRAW_ASCENDING_NODE(orbit = Rad_Case_01.ORBIT);
DRAW_PLANET(radiative_case = Rad_Case_01,
            time = vis_orbit_times[vis_orbit_index],
            scale = 0.546,
            range = default_range,
            shade = continuous_shade
);
DISPLAY(p_and_o = vis_orbit_pos[vis_orbit_index],
        time = vis_orbit_times[vis_orbit_index],
        scale = 0.715 * (Rad_Case_01.ORBIT.ALT_A + R_PLANET),
        axes = TRUE,
        asm_axes = TRUE,
        points = FALSE);

CLEAR();

KEY(shade = continuous_shade,
    range = default_range,
    x = 0.02,
    y = 0.02);

GagarinSat_cfgCryo.RANGE = "default_range";
GagarinSat_cfgCryo.SHADE = "continuous_shade";
GagarinSat_cfgCryo.NODES = FALSE;

ANNOTATE(string = "Thermal Node Attributes: Temperature",
         x = 0.02,
         y = 0.95);

DRAW_ORBIT(analysis_case = Case_01);
DRAW_PERIAPSIS(orbit = Rad_Case_01.ORBIT);
DRAW_ASCENDING_NODE(orbit = Rad_Case_01.ORBIT);
DRAW_PLANET(radiative_case = Rad_Case_01,
            time = vis_orbit_times[1],
            scale = 0.546,
            range = default_range,
            shade = continuous_shade
);
FOR (vis_orbit_index = 1;
    vis_orbit_index <= 11;
    vis_orbit_index = EVAL(vis_orbit_index + 1))
DISPLAY(p_and_o = vis_orbit_pos[vis_orbit_index],
        time = vis_orbit_times[vis_orbit_index],
        scale = 0.715 * (Rad_Case_01.ORBIT.ALT_A + R_PLANET),
        axes = TRUE,
        asm_axes = TRUE,
        points = FALSE);

END_FOR
DEFINE_RANGE(
    range = default_range,
    min = -193.15,
    max = 16.07332533401354,
    type = "LINEAR"
);

CLEAR();

KEY(shade = continuous_shade,
    range = default_range,
    x = 0.02,
    y = 0.02);

GagarinSat_cfgCryo.RANGE = "default_range";
GagarinSat_cfgCryo.SHADE = "continuous_shade";
GagarinSat_cfgCryo.NODES = FALSE;

ANNOTATE(string = "Thermal Node Attributes: Temperature",
         x = 0.02,
         y = 0.95);

DRAW_ORBIT(analysis_case = Case_01);
DRAW_PERIAPSIS(orbit = Rad_Case_01.ORBIT);
DRAW_ASCENDING_NODE(orbit = Rad_Case_01.ORBIT);
vis_orbit_index = 1;
vis_orbit_index = 1;
DRAW_PLANET(radiative_case = Rad_Case_01,
            time = vis_orbit_times[1],
            scale = 0.546,
            range = default_range,
            shade = continuous_shade
);
FOR (vis_orbit_index = 1;
    vis_orbit_index <= 11;
    vis_orbit_index = EVAL(vis_orbit_index + 1))
DISPLAY(p_and_o = vis_orbit_pos[vis_orbit_index],
        time = vis_orbit_times[vis_orbit_index],
        scale = 0.715 * (Rad_Case_01.ORBIT.ALT_A + R_PLANET),
        axes = TRUE,
        asm_axes = TRUE,
        points = FALSE);

END_FOR
THERMAL_POST_PROCESS_OVERLAY(
    record_type= "Heat_Flux_Sum",
    start_time = 0.0,
    end_time = 6059.29,
    cycle = 1,
    radiative_case = Rad_Case_01,
    analysis_case = Case_01,
    solar_hf="Total_Solar_Heat_Source",
    fixed_scale = FALSE,
     planet_scale = 0.546,
     model_scale = 0.715,
     draw_periapsis = TRUE,
     draw_asc_node = TRUE
);
DEFINE_RANGE(
    range = default_range,
    min = 0.0,
    max = 508.95160427592424,
    type = "LINEAR"
);

CLEAR();

KEY(shade = continuous_shade,
    range = default_range,
    x = 0.02,
    y = 0.02);

GagarinSat_cfgCryo.RANGE = "default_range";
GagarinSat_cfgCryo.SHADE = "continuous_shade";
GagarinSat_cfgCryo.NODES = FALSE;

ANNOTATE(string = "Heat Flux (W/m2) Total Solar Heat Source",
         x = 0.02,
         y = 0.95);

DRAW_ORBIT(analysis_case = Case_01);
DRAW_PERIAPSIS(orbit = Rad_Case_01.ORBIT);
DRAW_ASCENDING_NODE(orbit = Rad_Case_01.ORBIT);
vis_orbit_index = 1;
vis_orbit_index = 1;
DRAW_PLANET(radiative_case = Rad_Case_01,
            time = vis_orbit_times[1],
            scale = 0.546,
            range = default_range,
            shade = continuous_shade
);
FOR (vis_orbit_index = 1;
    vis_orbit_index <= 11;
    vis_orbit_index = EVAL(vis_orbit_index + 1))
DISPLAY(p_and_o = vis_orbit_pos[vis_orbit_index],
        time = vis_orbit_times[vis_orbit_index],
        scale = 0.715 * (Rad_Case_01.ORBIT.ALT_A + R_PLANET),
        axes = TRUE,
        asm_axes = TRUE,
        points = FALSE);

END_FOR
THERMAL_POST_PROCESS_OVERLAY(
    record_type= "Heat_Flux_Sum",
    start_time = 0.0,
    end_time = 6059.29,
    cycle = 1,
    radiative_case = Rad_Case_01,
    analysis_case = Case_01,
    ir_hf="Total_Earth_Heat_Source",
    solar_hf="Total_Solar_Heat_Source",
    fixed_scale = FALSE,
     planet_scale = 0.546,
     model_scale = 0.715,
     draw_periapsis = TRUE,
     draw_asc_node = TRUE
);
DEFINE_RANGE(
    range = default_range,
    min = 0.0,
    max = 549.2888966778961,
    type = "LINEAR"
);

CLEAR();

KEY(shade = continuous_shade,
    range = default_range,
    x = 0.02,
    y = 0.02);

GagarinSat_cfgCryo.RANGE = "default_range";
GagarinSat_cfgCryo.SHADE = "continuous_shade";
GagarinSat_cfgCryo.NODES = FALSE;

ANNOTATE(string = "Heat Flux (W/m2) Total Earth Heat Source + Total Solar Heat Source",
         x = 0.02,
         y = 0.95);

DRAW_ORBIT(analysis_case = Case_01);
DRAW_PERIAPSIS(orbit = Rad_Case_01.ORBIT);
DRAW_ASCENDING_NODE(orbit = Rad_Case_01.ORBIT);
vis_orbit_index = 1;
vis_orbit_index = 1;
DRAW_PLANET(radiative_case = Rad_Case_01,
            time = vis_orbit_times[1],
            scale = 0.546,
            range = default_range,
            shade = continuous_shade
);
FOR (vis_orbit_index = 1;
    vis_orbit_index <= 11;
    vis_orbit_index = EVAL(vis_orbit_index + 1))
DISPLAY(p_and_o = vis_orbit_pos[vis_orbit_index],
        time = vis_orbit_times[vis_orbit_index],
        scale = 0.715 * (Rad_Case_01.ORBIT.ALT_A + R_PLANET),
        axes = TRUE,
        asm_axes = TRUE,
        points = FALSE);

END_FOR
THERMAL_POST_PROCESS_OVERLAY(
    record_type= "Heat_Flux_Sum",
    start_time = 0.0,
    end_time = 6059.29,
    cycle = 1,
    radiative_case = Rad_Case_01,
    analysis_case = Case_01,
    albedo_hf="Total_Albedo_Heat_Source",
    ir_hf="Total_Earth_Heat_Source",
    solar_hf="Total_Solar_Heat_Source",
    fixed_scale = FALSE,
     planet_scale = 0.546,
     model_scale = 0.715,
     draw_periapsis = TRUE,
     draw_asc_node = TRUE
);
DEFINE_RANGE(
    range = default_range,
    min = 0.0,
    max = 549.2896326093032,
    type = "LINEAR"
);

CLEAR();

KEY(shade = continuous_shade,
    range = default_range,
    x = 0.02,
    y = 0.02);

GagarinSat_cfgCryo.RANGE = "default_range";
GagarinSat_cfgCryo.SHADE = "continuous_shade";
GagarinSat_cfgCryo.NODES = FALSE;

ANNOTATE(string = "Heat Flux (W/m2) Total Albedo Heat Source + Total Earth Heat Source + Total Solar Heat Source",
         x = 0.02,
         y = 0.95);

DRAW_ORBIT(analysis_case = Case_01);
DRAW_PERIAPSIS(orbit = Rad_Case_01.ORBIT);
DRAW_ASCENDING_NODE(orbit = Rad_Case_01.ORBIT);
vis_orbit_index = 1;
vis_orbit_index = 1;
DRAW_PLANET(radiative_case = Rad_Case_01,
            time = vis_orbit_times[1],
            scale = 0.546,
            range = default_range,
            shade = continuous_shade
);
FOR (vis_orbit_index = 1;
    vis_orbit_index <= 11;
    vis_orbit_index = EVAL(vis_orbit_index + 1))
DISPLAY(p_and_o = vis_orbit_pos[vis_orbit_index],
        time = vis_orbit_times[vis_orbit_index],
        scale = 0.715 * (Rad_Case_01.ORBIT.ALT_A + R_PLANET),
        axes = TRUE,
        asm_axes = TRUE,
        points = FALSE);

END_FOR
THERMAL_POST_PROCESS_OVERLAY(
    record_type= "Heat_Flux_Sum",
    start_time = 0.0,
    end_time = 6059.29,
    cycle = 1,
    radiative_case = Rad_Case_01,
    analysis_case = Case_01,
    solar_hf="Total_Solar_Heat_Source",
    fixed_scale = FALSE,
     planet_scale = 0.546,
     model_scale = 0.715,
     draw_periapsis = TRUE,
     draw_asc_node = TRUE
);
DEFINE_RANGE(
    range = default_range,
    min = 0.0,
    max = 508.95160427592424,
    type = "LINEAR"
);

CLEAR();

KEY(shade = continuous_shade,
    range = default_range,
    x = 0.02,
    y = 0.02);

GagarinSat_cfgCryo.RANGE = "default_range";
GagarinSat_cfgCryo.SHADE = "continuous_shade";
GagarinSat_cfgCryo.NODES = FALSE;

ANNOTATE(string = "Heat Flux (W/m2) Total Solar Heat Source",
         x = 0.02,
         y = 0.95);

DRAW_ORBIT(analysis_case = Case_01);
DRAW_PERIAPSIS(orbit = Rad_Case_01.ORBIT);
DRAW_ASCENDING_NODE(orbit = Rad_Case_01.ORBIT);
vis_orbit_index = 1;
vis_orbit_index = 1;
DRAW_PLANET(radiative_case = Rad_Case_01,
            time = vis_orbit_times[1],
            scale = 0.546,
            range = default_range,
            shade = continuous_shade
);
FOR (vis_orbit_index = 1;
    vis_orbit_index <= 11;
    vis_orbit_index = EVAL(vis_orbit_index + 1))
DISPLAY(p_and_o = vis_orbit_pos[vis_orbit_index],
        time = vis_orbit_times[vis_orbit_index],
        scale = 0.715 * (Rad_Case_01.ORBIT.ALT_A + R_PLANET),
        axes = TRUE,
        asm_axes = TRUE,
        points = FALSE);

END_FOR
THERMAL_POST_PROCESS_OVERLAY(
    record_type= "Heat_Flux_Sum",
    start_time = 0.0,
    end_time = 6059.29,
    cycle = 1,
    radiative_case = Rad_Case_01,
    analysis_case = Case_01,
    albedo_hf="Total_Albedo_Heat_Source",
    solar_hf="Total_Solar_Heat_Source",
    fixed_scale = FALSE,
     planet_scale = 0.546,
     model_scale = 0.715,
     draw_periapsis = TRUE,
     draw_asc_node = TRUE
);
DEFINE_RANGE(
    range = default_range,
    min = 0.0,
    max = 512.4028226960418,
    type = "LINEAR"
);

CLEAR();

KEY(shade = continuous_shade,
    range = default_range,
    x = 0.02,
    y = 0.02);

GagarinSat_cfgCryo.RANGE = "default_range";
GagarinSat_cfgCryo.SHADE = "continuous_shade";
GagarinSat_cfgCryo.NODES = FALSE;

ANNOTATE(string = "Heat Flux (W/m2) Total Albedo Heat Source + Total Solar Heat Source",
         x = 0.02,
         y = 0.95);

DRAW_ORBIT(analysis_case = Case_01);
DRAW_PERIAPSIS(orbit = Rad_Case_01.ORBIT);
DRAW_ASCENDING_NODE(orbit = Rad_Case_01.ORBIT);
vis_orbit_index = 1;
vis_orbit_index = 1;
DRAW_PLANET(radiative_case = Rad_Case_01,
            time = vis_orbit_times[1],
            scale = 0.546,
            range = default_range,
            shade = continuous_shade
);
FOR (vis_orbit_index = 1;
    vis_orbit_index <= 11;
    vis_orbit_index = EVAL(vis_orbit_index + 1))
DISPLAY(p_and_o = vis_orbit_pos[vis_orbit_index],
        time = vis_orbit_times[vis_orbit_index],
        scale = 0.715 * (Rad_Case_01.ORBIT.ALT_A + R_PLANET),
        axes = TRUE,
        asm_axes = TRUE,
        points = FALSE);

END_FOR
THERMAL_POST_PROCESS_OVERLAY(
    record_type= "Heat_Flux_Sum",
    start_time = 0.0,
    end_time = 6059.29,
    cycle = 1,
    radiative_case = Rad_Case_01,
    analysis_case = Case_01,
    albedo_hf="Total_Albedo_Heat_Source",
    solar_hf="Total_Solar_Heat_Source",
    fixed_scale = FALSE,
    average = TRUE

);
DEFINE_RANGE(
    range = default_range,
    min = 0.0,
    max = 404.3966811000026,
    type = "LINEAR"
);

CLEAR();

KEY(shade = continuous_shade,
    range = default_range,
    x = 0.02,
    y = 0.02);

GagarinSat_cfgCryo.RANGE = "default_range";
GagarinSat_cfgCryo.SHADE = "continuous_shade";
GagarinSat_cfgCryo.NODES = FALSE;

ANNOTATE(string = "Heat Flux (W/m2) Total Albedo Heat Source + Total Solar Heat Source",
         x = 0.02,
         y = 0.95);

DISPLAY(p_and_o = [0.0,0.0,0.0,0.0,0.0,0.0],
        scale = 1.0,
        axes = TRUE,
        asm_axes = TRUE,
        points = FALSE);

RESET_VIEW();

THERMAL_POST_PROCESS_OVERLAY(
    record_type= "Heat_Flux_Sum",
    start_time = 0.0,
    end_time = 6059.29,
    cycle = 1,
    radiative_case = Rad_Case_01,
    analysis_case = Case_01,
    albedo_hf="Total_Albedo_Heat_Source",
    solar_hf="Total_Solar_Heat_Source",
    fixed_scale = FALSE,
     planet_scale = 0.546,
     model_scale = 0.715,
     draw_periapsis = TRUE,
     draw_asc_node = TRUE
);
DEFINE_RANGE(
    range = default_range,
    min = 0.0,
    max = 512.4028226960418,
    type = "LINEAR"
);

CLEAR();

KEY(shade = continuous_shade,
    range = default_range,
    x = 0.02,
    y = 0.02);

GagarinSat_cfgCryo.RANGE = "default_range";
GagarinSat_cfgCryo.SHADE = "continuous_shade";
GagarinSat_cfgCryo.NODES = FALSE;

ANNOTATE(string = "Heat Flux (W/m2) Total Albedo Heat Source + Total Solar Heat Source",
         x = 0.02,
         y = 0.95);

DRAW_ORBIT(analysis_case = Case_01);
DRAW_PERIAPSIS(orbit = Rad_Case_01.ORBIT);
DRAW_ASCENDING_NODE(orbit = Rad_Case_01.ORBIT);
vis_orbit_index = 1;
vis_orbit_index = 1;
DRAW_PLANET(radiative_case = Rad_Case_01,
            time = vis_orbit_times[1],
            scale = 0.546,
            range = default_range,
            shade = continuous_shade
);
FOR (vis_orbit_index = 1;
    vis_orbit_index <= 11;
    vis_orbit_index = EVAL(vis_orbit_index + 1))
DISPLAY(p_and_o = vis_orbit_pos[vis_orbit_index],
        time = vis_orbit_times[vis_orbit_index],
        scale = 0.715 * (Rad_Case_01.ORBIT.ALT_A + R_PLANET),
        axes = TRUE,
        asm_axes = TRUE,
        points = FALSE);

END_FOR
THERMAL_POST_PROCESS_OVERLAY(
    record_type= "Thermal_Node",
    start_time = 0.0,
    end_time = 6059.29,
    cycle = 1,
    radiative_case = Rad_Case_01,
    analysis_case = Case_01,
    fixed_scale = FALSE,
    attribute = "Temperature",
     planet_scale = 0.546,
     model_scale = 0.715,
     draw_periapsis = TRUE,
     draw_asc_node = TRUE
);
DEFINE_RANGE(
    range = default_range,
    min = -193.15,
    max = 16.07332533401354,
    type = "LINEAR"
);

CLEAR();

KEY(shade = continuous_shade,
    range = default_range,
    x = 0.02,
    y = 0.02);

GagarinSat_cfgCryo.RANGE = "default_range";
GagarinSat_cfgCryo.SHADE = "continuous_shade";
GagarinSat_cfgCryo.NODES = FALSE;

ANNOTATE(string = "Thermal Node Attributes: Temperature",
         x = 0.02,
         y = 0.95);

DRAW_ORBIT(analysis_case = Case_01);
DRAW_PERIAPSIS(orbit = Rad_Case_01.ORBIT);
DRAW_ASCENDING_NODE(orbit = Rad_Case_01.ORBIT);
vis_orbit_index = 1;
vis_orbit_index = 1;
DRAW_PLANET(radiative_case = Rad_Case_01,
            time = vis_orbit_times[1],
            scale = 0.546,
            range = default_range,
            shade = continuous_shade
);
FOR (vis_orbit_index = 1;
    vis_orbit_index <= 11;
    vis_orbit_index = EVAL(vis_orbit_index + 1))
DISPLAY(p_and_o = vis_orbit_pos[vis_orbit_index],
        time = vis_orbit_times[vis_orbit_index],
        scale = 0.715 * (Rad_Case_01.ORBIT.ALT_A + R_PLANET),
        axes = TRUE,
        asm_axes = TRUE,
        points = FALSE);

END_FOR
CLEAR();

KEY(shade = continuous_shade,
    range = default_range,
    x = 0.02,
    y = 0.02);

GagarinSat_cfgCryo.RANGE = "default_range";
GagarinSat_cfgCryo.SHADE = "continuous_shade";
GagarinSat_cfgCryo.NODES = FALSE;

ANNOTATE(string = "Thermal Node Attributes: Temperature",
         x = 0.02,
         y = 0.95);

DRAW_ORBIT(analysis_case = Case_01);
DRAW_PERIAPSIS(orbit = Rad_Case_01.ORBIT);
DRAW_ASCENDING_NODE(orbit = Rad_Case_01.ORBIT);
vis_orbit_index = 1;
vis_orbit_index = 1;
DRAW_PLANET(radiative_case = Rad_Case_01,
            time = vis_orbit_times[1],
            scale = 0.546,
            range = default_range,
            shade = continuous_shade
);
FOR (vis_orbit_index = 1;
    vis_orbit_index <= 11;
    vis_orbit_index = EVAL(vis_orbit_index + 1))
DISPLAY(p_and_o = vis_orbit_pos[vis_orbit_index],
        time = vis_orbit_times[vis_orbit_index],
        scale = 0.715 * (Rad_Case_01.ORBIT.ALT_A + R_PLANET),
        axes = TRUE,
        asm_axes = TRUE,
        points = FALSE);

END_FOR
LOAD_EXTERNAL_RESULTS (
   type = "TMD",
   file = "C:\ESATAN-TMS\ESATAN-TMS-Models\ESATAN-TMS_Models\GagarinSat_cfgCryo\esatan\Case_00\GAGARINSAT_CFGCRYO_CASE_.TMD");
RADIATIVE_PRE_PROCESS_OVERLAY(source = "GEOMETRY",
                              display = "MODEL_ONLY");
CLEAR();

GagarinSat_cfgCryo.NODES = FALSE;

ANNOTATE(string = "Colour",
         x = 0.02,
         y = 0.95);

DISPLAY(p_and_o = [0.0,0.0,0.0,0.0,0.0,0.0],
        scale = 1.0,
        axes = TRUE,
        asm_axes = TRUE,
        points = FALSE);

RESET_VIEW();

THERMAL_POST_PROCESS_OVERLAY(
    record_type= "Thermal_Node",
    start_time = 0.0,
    end_time = 6059.29,
    cycle = 1,
    radiative_case = Rad_Case_00,
    analysis_case = Case_00,
    fixed_scale = FALSE,
    attribute = "Temperature",
     planet_scale = 0.546,
     model_scale = 0.715,
     draw_periapsis = TRUE,
     draw_asc_node = TRUE
);
DEFINE_RANGE(
    range = default_range,
    min = -193.15,
    max = 58.65151866920296,
    type = "LINEAR"
);

CLEAR();

KEY(shade = continuous_shade,
    range = default_range,
    x = 0.02,
    y = 0.02);

GagarinSat_cfgCryo.RANGE = "default_range";
GagarinSat_cfgCryo.SHADE = "continuous_shade";
GagarinSat_cfgCryo.NODES = FALSE;

ANNOTATE(string = "Thermal Node Attributes: Temperature",
         x = 0.02,
         y = 0.95);

DRAW_ORBIT(analysis_case = Case_00);
DRAW_PERIAPSIS(orbit = Rad_Case_00.ORBIT);
DRAW_ASCENDING_NODE(orbit = Rad_Case_00.ORBIT);
vis_orbit_index = 1;
vis_orbit_index = 1;
DRAW_PLANET(radiative_case = Rad_Case_00,
            time = vis_orbit_times[1],
            scale = 0.546,
            range = default_range,
            shade = continuous_shade
);
FOR (vis_orbit_index = 1;
    vis_orbit_index <= 11;
    vis_orbit_index = EVAL(vis_orbit_index + 1))
DISPLAY(p_and_o = vis_orbit_pos[vis_orbit_index],
        time = vis_orbit_times[vis_orbit_index],
        scale = 0.715 * (Rad_Case_00.ORBIT.ALT_A + R_PLANET),
        axes = TRUE,
        asm_axes = TRUE,
        points = FALSE);

END_FOR
