/* ESATAN-TMS version 2020, run date 14:30 Thu 13 May 2021 */
BEGIN_MODEL CryoSAT WORKBENCH_V1 ;
RADIATIVE_PRE_PROCESS_OVERLAY(source = "GEOMETRY",
                              display = "MODEL_ONLY");
CLEAR();

CryoSAT.NODES = FALSE;

ANNOTATE(string = "Colour",
         x = 0.02,
         y = 0.95);

DISPLAY(p_and_o = [0.0,0.0,0.0,0.0,0.0,0.0],
        scale = 1.0,
        axes = TRUE,
        asm_axes = TRUE,
        points = FALSE);

RESET_VIEW();

LOAD_EXTERNAL_RESULTS (
   type = "TMD",
   file = "C:\ESATAN-TMS\ESATAN-TMS-Models\ESATAN-TMS_Models\CryoSAT\esatan\Case_00\GAGARINSAT_CFGCRYO_CASE_.TMD");
RADIATIVE_PRE_PROCESS_OVERLAY(source = "GEOMETRY",
                              display = "MODEL_ONLY");
CLEAR();

CryoSAT.NODES = FALSE;

ANNOTATE(string = "Colour",
         x = 0.02,
         y = 0.95);

DISPLAY(p_and_o = [0.0,0.0,0.0,0.0,0.0,0.0],
        scale = 1.0,
        axes = TRUE,
        asm_axes = TRUE,
        points = FALSE);

THERMAL_POST_PROCESS_OVERLAY(
    record_type = "Thermal_Node",
    time_step = 0.0,
    fixed_scale = FALSE,
    attribute = "Temperature",
    radiative_case = Rad_Case_00
);
DEFINE_RANGE(
    range = default_range,
    min = -202.62253502036725,
    max = 25.558880546517454,
    type = "LINEAR"
);

CLEAR();

KEY(shade = continuous_shade,
    range = default_range,
    x = 0.02,
    y = 0.02);

CryoSAT.RANGE = "default_range";
CryoSAT.SHADE = "continuous_shade";
CryoSAT.NODES = FALSE;

ANNOTATE(string = "Thermal Node Attributes: Temperature",
         x = 0.02,
         y = 0.95);

DISPLAY(p_and_o = [0.0,0.0,0.0,0.0,0.0,0.0],
        time = vis_orbit_times[1],
        scale = 1.0,
        axes = TRUE,
        asm_axes = TRUE,
        points = FALSE,
        assembly_p_and_o = vis_orbit_pos[1]);

CLEAR();

KEY(shade = continuous_shade,
    range = default_range,
    x = 0.02,
    y = 0.02);

CryoSAT.RANGE = "default_range";
CryoSAT.SHADE = "continuous_shade";
CryoSAT.NODES = FALSE;

ANNOTATE(string = "Thermal Node Attributes: Temperature",
         x = 0.02,
         y = 0.95);

DISPLAY(p_and_o = [0.0,0.0,0.0,0.0,0.0,0.0],
        time = vis_orbit_times[1],
        scale = 1.0,
        axes = TRUE,
        asm_axes = TRUE,
        points = FALSE,
        assembly_p_and_o = vis_orbit_pos[1]);

CLEAR();

KEY(shade = continuous_shade,
    range = default_range,
    x = 0.02,
    y = 0.02);

CryoSAT.RANGE = "default_range";
CryoSAT.SHADE = "continuous_shade";
CryoSAT.NODES = FALSE;

ANNOTATE(string = "Thermal Node Attributes: Temperature",
         x = 0.02,
         y = 0.95);

DISPLAY(p_and_o = [0.0,0.0,0.0,0.0,0.0,0.0],
        time = vis_orbit_times[1],
        scale = 1.0,
        axes = TRUE,
        asm_axes = TRUE,
        points = FALSE,
        assembly_p_and_o = vis_orbit_pos[1]);


   /* Warning Error: current function is Radiative results */
   /* Radiative case Rad_Case_01: Model geometry has changed, existing results deleted */
CLEAR();

KEY(shade = continuous_shade,
    range = default_range,
    x = 0.02,
    y = 0.02);

CryoSAT.RANGE = "default_range";
CryoSAT.SHADE = "continuous_shade";
CryoSAT.NODES = FALSE;

ANNOTATE(string = "Thermal Node Attributes: Temperature",
         x = 0.02,
         y = 0.95);

DISPLAY(p_and_o = [0.0,0.0,0.0,0.0,0.0,0.0],
        time = vis_orbit_times[1],
        scale = 1.0,
        axes = TRUE,
        asm_axes = TRUE,
        points = FALSE,
        assembly_p_and_o = vis_orbit_pos[1]);

CLEAR();

KEY(shade = continuous_shade,
    range = default_range,
    x = 0.02,
    y = 0.02);

CryoSAT.RANGE = "default_range";
CryoSAT.SHADE = "continuous_shade";
CryoSAT.NODES = FALSE;

ANNOTATE(string = "Thermal Node Attributes: Temperature",
         x = 0.02,
         y = 0.95);

DISPLAY(p_and_o = [0.0,0.0,0.0,0.0,0.0,0.0],
        time = vis_orbit_times[1],
        scale = 1.0,
        axes = TRUE,
        asm_axes = TRUE,
        points = FALSE,
        assembly_p_and_o = vis_orbit_pos[1]);

CLEAR();

KEY(shade = continuous_shade,
    range = default_range,
    x = 0.02,
    y = 0.02);

CryoSAT.RANGE = "default_range";
CryoSAT.SHADE = "continuous_shade";
CryoSAT.NODES = FALSE;

ANNOTATE(string = "Thermal Node Attributes: Temperature",
         x = 0.02,
         y = 0.95);

DISPLAY(p_and_o = [0.0,0.0,0.0,0.0,0.0,0.0],
        time = vis_orbit_times[1],
        scale = 1.0,
        axes = TRUE,
        asm_axes = TRUE,
        points = FALSE,
        assembly_p_and_o = vis_orbit_pos[1]);

CLEAR();

KEY(shade = continuous_shade,
    range = default_range,
    x = 0.02,
    y = 0.02);

CryoSAT.RANGE = "default_range";
CryoSAT.SHADE = "continuous_shade";
CryoSAT.NODES = FALSE;

ANNOTATE(string = "Thermal Node Attributes: Temperature",
         x = 0.02,
         y = 0.95);

DISPLAY(p_and_o = [0.0,0.0,0.0,0.0,0.0,0.0],
        time = vis_orbit_times[1],
        scale = 1.0,
        axes = TRUE,
        asm_axes = TRUE,
        points = FALSE,
        assembly_p_and_o = vis_orbit_pos[1]);

CLEAR();

KEY(shade = continuous_shade,
    range = default_range,
    x = 0.02,
    y = 0.02);

CryoSAT.RANGE = "default_range";
CryoSAT.SHADE = "continuous_shade";
CryoSAT.NODES = FALSE;

ANNOTATE(string = "Thermal Node Attributes: Temperature",
         x = 0.02,
         y = 0.95);

DISPLAY(p_and_o = [0.0,0.0,0.0,0.0,0.0,0.0],
        time = vis_orbit_times[1],
        scale = 1.0,
        axes = TRUE,
        asm_axes = TRUE,
        points = FALSE,
        assembly_p_and_o = vis_orbit_pos[1]);

CLEAR();

KEY(shade = continuous_shade,
    range = default_range,
    x = 0.02,
    y = 0.02);

CryoSAT.RANGE = "default_range";
CryoSAT.SHADE = "continuous_shade";
CryoSAT.NODES = FALSE;

ANNOTATE(string = "Thermal Node Attributes: Temperature",
         x = 0.02,
         y = 0.95);

DISPLAY(p_and_o = [0.0,0.0,0.0,0.0,0.0,0.0],
        time = vis_orbit_times[1],
        scale = 1.0,
        axes = TRUE,
        asm_axes = TRUE,
        points = FALSE,
        assembly_p_and_o = vis_orbit_pos[1]);

CLEAR();

KEY(shade = continuous_shade,
    range = default_range,
    x = 0.02,
    y = 0.02);

CryoSAT.RANGE = "default_range";
CryoSAT.SHADE = "continuous_shade";
CryoSAT.NODES = FALSE;

ANNOTATE(string = "Thermal Node Attributes: Temperature",
         x = 0.02,
         y = 0.95);

DISPLAY(p_and_o = [0.0,0.0,0.0,0.0,0.0,0.0],
        time = vis_orbit_times[1],
        scale = 1.0,
        axes = TRUE,
        asm_axes = TRUE,
        points = FALSE,
        assembly_p_and_o = vis_orbit_pos[1]);

CLEAR();

KEY(shade = continuous_shade,
    range = default_range,
    x = 0.02,
    y = 0.02);

CryoSAT.RANGE = "default_range";
CryoSAT.SHADE = "continuous_shade";
CryoSAT.NODES = FALSE;

ANNOTATE(string = "Thermal Node Attributes: Temperature",
         x = 0.02,
         y = 0.95);

DISPLAY(p_and_o = [0.0,0.0,0.0,0.0,0.0,0.0],
        time = vis_orbit_times[1],
        scale = 1.0,
        axes = TRUE,
        asm_axes = TRUE,
        points = FALSE,
        assembly_p_and_o = vis_orbit_pos[1]);

CLEAR();

KEY(shade = continuous_shade,
    range = default_range,
    x = 0.02,
    y = 0.02);

CryoSAT.RANGE = "default_range";
CryoSAT.SHADE = "continuous_shade";
CryoSAT.NODES = FALSE;

ANNOTATE(string = "Thermal Node Attributes: Temperature",
         x = 0.02,
         y = 0.95);

DISPLAY(p_and_o = [0.0,0.0,0.0,0.0,0.0,0.0],
        time = vis_orbit_times[1],
        scale = 1.0,
        axes = TRUE,
        asm_axes = TRUE,
        points = FALSE,
        assembly_p_and_o = vis_orbit_pos[1]);

CLEAR();

KEY(shade = continuous_shade,
    range = default_range,
    x = 0.02,
    y = 0.02);

CryoSAT.RANGE = "default_range";
CryoSAT.SHADE = "continuous_shade";
CryoSAT.NODES = FALSE;

ANNOTATE(string = "Thermal Node Attributes: Temperature",
         x = 0.02,
         y = 0.95);

DISPLAY(p_and_o = [0.0,0.0,0.0,0.0,0.0,0.0],
        time = vis_orbit_times[1],
        scale = 1.0,
        axes = TRUE,
        asm_axes = TRUE,
        points = FALSE,
        assembly_p_and_o = vis_orbit_pos[1]);

CLEAR();

KEY(shade = continuous_shade,
    range = default_range,
    x = 0.02,
    y = 0.02);

CryoSAT.RANGE = "default_range";
CryoSAT.SHADE = "continuous_shade";
CryoSAT.NODES = FALSE;

ANNOTATE(string = "Thermal Node Attributes: Temperature",
         x = 0.02,
         y = 0.95);

DISPLAY(p_and_o = [0.0,0.0,0.0,0.0,0.0,0.0],
        time = vis_orbit_times[1],
        scale = 1.0,
        axes = TRUE,
        asm_axes = TRUE,
        points = FALSE,
        assembly_p_and_o = vis_orbit_pos[1]);

LOAD_EXTERNAL_RESULTS (
   type = "TMD",
   file = "C:\ESATAN-TMS\ESATAN-TMS-Models\ESATAN-TMS_Models\CryoSAT\esatan\Case_00\GAGARINSAT_CFGCRYO_CASE_.TMD");
RADIATIVE_PRE_PROCESS_OVERLAY(source = "GEOMETRY",
                              display = "MODEL_ONLY");
CLEAR();

CryoSAT.NODES = FALSE;

ANNOTATE(string = "Colour",
         x = 0.02,
         y = 0.95);

DISPLAY(p_and_o = [0.0,0.0,0.0,0.0,0.0,0.0],
        scale = 1.0,
        axes = TRUE,
        asm_axes = TRUE,
        points = FALSE);

THERMAL_POST_PROCESS_OVERLAY(
    record_type = "Thermal_Node",
    time_step = 0.0,
    fixed_scale = FALSE,
    attribute = "Temperature",
    radiative_case = Rad_Case_00
);
CLEAR();

KEY(shade = continuous_shade,
    range = default_range,
    x = 0.02,
    y = 0.02);

CryoSAT.RANGE = "default_range";
CryoSAT.SHADE = "continuous_shade";
CryoSAT.NODES = FALSE;

ANNOTATE(string = "Thermal Node Attributes: Temperature",
         x = 0.02,
         y = 0.95);

DISPLAY(p_and_o = [0.0,0.0,0.0,0.0,0.0,0.0],
        time = vis_orbit_times[1],
        scale = 1.0,
        axes = TRUE,
        asm_axes = TRUE,
        points = FALSE,
        assembly_p_and_o = vis_orbit_pos[1]);

CLEAR();

KEY(shade = continuous_shade,
    range = default_range,
    x = 0.02,
    y = 0.02);

CryoSAT.RANGE = "default_range";
CryoSAT.SHADE = "continuous_shade";
CryoSAT.NODES = FALSE;

ANNOTATE(string = "Thermal Node Attributes: Temperature",
         x = 0.02,
         y = 0.95);

DISPLAY(p_and_o = [0.0,0.0,0.0,0.0,0.0,0.0],
        time = vis_orbit_times[1],
        scale = 1.0,
        axes = TRUE,
        asm_axes = TRUE,
        points = FALSE,
        assembly_p_and_o = vis_orbit_pos[1]);

CLEAR();

KEY(shade = continuous_shade,
    range = default_range,
    x = 0.02,
    y = 0.02);

CryoSAT.RANGE = "default_range";
CryoSAT.SHADE = "continuous_shade";
CryoSAT.NODES = FALSE;

ANNOTATE(string = "Thermal Node Attributes: Temperature",
         x = 0.02,
         y = 0.95);

DISPLAY(p_and_o = [0.0,0.0,0.0,0.0,0.0,0.0],
        time = vis_orbit_times[1],
        scale = 1.0,
        axes = TRUE,
        asm_axes = TRUE,
        points = FALSE,
        assembly_p_and_o = vis_orbit_pos[1]);

