/* ESATAN-TMS version 2020, run date 16:36 Mon 10 May 2021 */
BEGIN_MODEL GagarinSat_cfg2_v5 WORKBENCH_V1
CONDUCTOR Panel_xyneg_Plate_3;
Panel_xyneg_Plate_3 = CONDUCTIVE_CONDUCTOR(
    source_reference = "Panels:face10",
    destination_reference = "Body_plate_1:face2",
    conductor_override = 0.1);

CONDUCTOR Panel_xypos_Plate_3;
Panel_xypos_Plate_3 = CONDUCTIVE_CONDUCTOR(
    source_reference = "Panels:face12",
    destination_reference = "Body_plate_1:face4",
    conductor_override = 0.1);

CONDUCTOR Panel_xyneg_Plate_4;
Panel_xyneg_Plate_4 = CONDUCTIVE_CONDUCTOR(
    source_reference = "Panels:face28",
    destination_reference = "Body_plate_1:face6",
    conductor_override = 0.1);

CONDUCTOR Panel_xypos_Plate_4;
Panel_xypos_Plate_4 = CONDUCTIVE_CONDUCTOR(
    source_reference = "Panels:face26",
    destination_reference = "Body_plate_1:face8",
    conductor_override = 0.1);

CONDUCTOR Plate_Panel_xyneg_3;
Plate_Panel_xyneg_3 = CONDUCTIVE_CONDUCTOR(
    source_reference = "Body_plate_1:face5",
    destination_reference = "Panels:face32",
    conductor_override = 0.1);

CONDUCTOR Plate_Panel_xyneg_4;
Plate_Panel_xyneg_4 = CONDUCTIVE_CONDUCTOR(
    source_reference = "Body_plate_1:face1",
    destination_reference = "Panels:face14",
    conductor_override = 0.1);

CONDUCTOR Plate_Panel_xypos_3;
Plate_Panel_xypos_3 = CONDUCTIVE_CONDUCTOR(
    source_reference = "Body_plate_1:face7",
    destination_reference = "Panels:face30",
    conductor_override = 0.1);

CONDUCTOR Plate_Panel_xypos_4;
Plate_Panel_xypos_4 = CONDUCTIVE_CONDUCTOR(
    source_reference = "Body_plate_1:face3",
    destination_reference = "Panels:face16",
    conductor_override = 0.1);

Panel_xypos_SolarPanel_2 = CONDUCTIVE_CONDUCTOR(
    source_reference = "Panels:face21",
    destination_reference = "Solar_Panles_xPlus:face2",
    conductivity = 160.0,
    shape_factor = 6.66667e-03);

EBox_Plate_bottom = DEFINE_CONTACT_ZONE(
source_reference = "Electronic_Box:surface1",
destination_reference = "Body_plate_1:surface1",
contact_conductance = 400.0,
maximum_gap = 0.01,
number_sample_points = 10000);

END_MODEL
