#@@>
#@@> ESATAN-TMS  2020                    November  2019
#@@> ITP Engines UK - www.esatan-tms.com
#@@>
#@@> Run date: 27 April     2021  10:36:33
#@@>

$MODEL HelloWorld_acase01, ACDFILE
# ESATAN-TMS 2020, run date 11:33 Tue 13 Apr 2021
# Model name: HelloWorld        Analysis case: acase01
#
# template file: Template.tpl
# ESATAN-TMS 2020, run date 11:32 Tue 13 Apr 2021
# Model name: HelloWorld        Analysis case: acase01
#
  $LOCALS
# Results Generated from
# ESATAN-TMS 2020, run date 11:33 Tue 13 Apr 2021
# Model name: HelloWorld        Analysis case: acase01
    $REAL
      #
      # Material properties from bulk 'Al_6061'
      k_Al_6061 = 160.000;  Cp_Al_6061 = 900.000;  Dens_Al_6061 = 2700.00;
      #
      # Material properties from bulk 'GaAs'
      k_GaAs = 55.0000;  Cp_GaAs = 1000.00;  Dens_GaAs = 5300.00;
      #
      # Material properties from bulk 'MLI_foil'
      k_MLI_foil = 0.00000;  Cp_MLI_foil = 900.000;  Dens_MLI_foil = 300.000;
#
  $NODES
# Results Generated from
# ESATAN-TMS 2020, run date 11:33 Tue 13 Apr 2021
# Model name: HelloWorld        Analysis case: acase01
    D100 = 'Body_A_MLI', T = 0.D+00,
     C = 3.75D-04 * Cp_MLI_foil * Dens_MLI_foil,
     A = 0.750000, ALP = 0.200000, EPS = 0.100000,
     FX = 0.375000, FY = 0.500000, FZ = 1.20000;
    D101 = 'Body_A_MLI', T = 0.D+00,
     C = 3.75D-04 * Cp_MLI_foil * Dens_MLI_foil,
     A = 0.750000, ALP = 0.200000, EPS = 0.100000,
     FX = 1.12500, FY = 0.500000, FZ = 1.20000;
    D102 = 'Body_A_MLI', T = 0.D+00,
     C = 3.75D-04 * Cp_MLI_foil * Dens_MLI_foil,
     A = 0.750000, ALP = 0.200000, EPS = 0.100000,
     FX = 0.375000, FY = 1.50000, FZ = 1.20000;
    D103 = 'Body_A_MLI', T = 0.D+00,
     C = 3.75D-04 * Cp_MLI_foil * Dens_MLI_foil,
     A = 0.750000, ALP = 0.200000, EPS = 0.100000,
     FX = 1.12500, FY = 1.50000, FZ = 1.20000;
    D104 = 'Body_A_MLI', T = 0.D+00,
     C = 2.25D-04 * Cp_MLI_foil * Dens_MLI_foil,
     A = 0.450000, ALP = 0.200000, EPS = 0.100000,
     FX = 0.375000, FY = 0.00000, FZ = 0.300000;
    D105 = 'Body_A_MLI', T = 0.D+00,
     C = 2.25D-04 * Cp_MLI_foil * Dens_MLI_foil,
     A = 0.450000, ALP = 0.200000, EPS = 0.100000,
     FX = 1.12500, FY = 0.00000, FZ = 0.300000;
    D106 = 'Body_A_MLI', T = 0.D+00,
     C = 2.25D-04 * Cp_MLI_foil * Dens_MLI_foil,
     A = 0.450000, ALP = 0.200000, EPS = 0.100000,
     FX = 0.375000, FY = 0.00000, FZ = 0.900000;
    D107 = 'Body_A_MLI', T = 0.D+00,
     C = 2.25D-04 * Cp_MLI_foil * Dens_MLI_foil,
     A = 0.450000, ALP = 0.200000, EPS = 0.100000,
     FX = 1.12500, FY = 0.00000, FZ = 0.900000;
    D108 = 'Body_A_MLI', T = 0.D+00,
     C = 3.D-04 * Cp_MLI_foil * Dens_MLI_foil,
     A = 0.600000, ALP = 0.200000, EPS = 0.100000,
     FX = 1.50000, FY = 0.500000, FZ = 0.300000;
    D109 = 'Body_A_MLI', T = 0.D+00,
     C = 3.D-04 * Cp_MLI_foil * Dens_MLI_foil,
     A = 0.600000, ALP = 0.200000, EPS = 0.100000,
     FX = 1.50000, FY = 1.50000, FZ = 0.300000;
    D110 = 'Body_A_MLI', T = 0.D+00,
     C = 3.D-04 * Cp_MLI_foil * Dens_MLI_foil,
     A = 0.600000, ALP = 0.200000, EPS = 0.100000,
     FX = 1.50000, FY = 0.500000, FZ = 0.900000;
    D111 = 'Body_A_MLI', T = 0.D+00,
     C = 3.D-04 * Cp_MLI_foil * Dens_MLI_foil,
     A = 0.600000, ALP = 0.200000, EPS = 0.100000,
     FX = 1.50000, FY = 1.50000, FZ = 0.900000;
    D112 = 'Body_A_MLI', T = 0.D+00,
     C = 2.25D-04 * Cp_MLI_foil * Dens_MLI_foil,
     A = 0.450000, ALP = 0.200000, EPS = 0.100000,
     FX = 1.12500, FY = 2.00000, FZ = 0.300000;
    D113 = 'Body_A_MLI', T = 0.D+00,
     C = 2.25D-04 * Cp_MLI_foil * Dens_MLI_foil,
     A = 0.450000, ALP = 0.200000, EPS = 0.100000,
     FX = 0.375000, FY = 2.00000, FZ = 0.300000;
    D114 = 'Body_A_MLI', T = 0.D+00,
     C = 2.25D-04 * Cp_MLI_foil * Dens_MLI_foil,
     A = 0.450000, ALP = 0.200000, EPS = 0.100000,
     FX = 1.12500, FY = 2.00000, FZ = 0.900000;
    D115 = 'Body_A_MLI', T = 0.D+00,
     C = 2.25D-04 * Cp_MLI_foil * Dens_MLI_foil,
     A = 0.450000, ALP = 0.200000, EPS = 0.100000,
     FX = 0.375000, FY = 2.00000, FZ = 0.900000;
    D116 = 'Body_A_MLI', T = 0.D+00,
     C = 3.D-04 * Cp_MLI_foil * Dens_MLI_foil,
     A = 0.600000, ALP = 0.200000, EPS = 0.100000,
     FX = 0.00000, FY = 1.50000, FZ = 0.300000;
    D117 = 'Body_A_MLI', T = 0.D+00,
     C = 3.D-04 * Cp_MLI_foil * Dens_MLI_foil,
     A = 0.600000, ALP = 0.200000, EPS = 0.100000,
     FX = 0.00000, FY = 0.500000, FZ = 0.300000;
    D118 = 'Body_A_MLI', T = 0.D+00,
     C = 3.D-04 * Cp_MLI_foil * Dens_MLI_foil,
     A = 0.600000, ALP = 0.200000, EPS = 0.100000,
     FX = 0.00000, FY = 1.50000, FZ = 0.900000;
    D119 = 'Body_A_MLI', T = 0.D+00,
     C = 3.D-04 * Cp_MLI_foil * Dens_MLI_foil,
     A = 0.600000, ALP = 0.200000, EPS = 0.100000,
     FX = 0.00000, FY = 0.500000, FZ = 0.900000;
    D120 = 'Body_A_MLI', T = 0.D+00,
     C = 3.75D-04 * Cp_MLI_foil * Dens_MLI_foil,
     A = 0.750000, ALP = 0.200000, EPS = 0.100000,
     FX = 0.375000, FY = 1.50000, FZ = 0.00000;
    D121 = 'Body_A_MLI', T = 0.D+00,
     C = 3.75D-04 * Cp_MLI_foil * Dens_MLI_foil,
     A = 0.750000, ALP = 0.200000, EPS = 0.100000,
     FX = 1.12500, FY = 1.50000, FZ = 0.00000;
    D122 = 'Body_A_MLI', T = 0.D+00,
     C = 3.75D-04 * Cp_MLI_foil * Dens_MLI_foil,
     A = 0.750000, ALP = 0.200000, EPS = 0.100000,
     FX = 0.375000, FY = 0.500000, FZ = 0.00000;
    D123 = 'Body_A_MLI', T = 0.D+00,
     C = 3.75D-04 * Cp_MLI_foil * Dens_MLI_foil,
     A = 0.750000, ALP = 0.200000, EPS = 0.100000,
     FX = 1.12500, FY = 0.500000, FZ = 0.00000;
    D150 = 'Body_A_int', T = 0.D+00,
     C = 1.5D-03 * Cp_Al_6061 * Dens_Al_6061,
     A = 0.750000, ALP = 0.970000, EPS = 0.840000,
     FX = 0.375000, FY = 0.500000, FZ = 1.20000;
    D151 = 'Body_A_int', T = 0.D+00,
     C = 1.5D-03 * Cp_Al_6061 * Dens_Al_6061,
     A = 0.750000, ALP = 0.970000, EPS = 0.840000,
     FX = 1.12500, FY = 0.500000, FZ = 1.20000;
    D152 = 'Body_A_int', T = 0.D+00,
     C = 1.5D-03 * Cp_Al_6061 * Dens_Al_6061,
     A = 0.750000, ALP = 0.970000, EPS = 0.840000,
     FX = 0.375000, FY = 1.50000, FZ = 1.20000;
    D153 = 'Body_A_int', T = 0.D+00,
     C = 1.5D-03 * Cp_Al_6061 * Dens_Al_6061,
     A = 0.750000, ALP = 0.970000, EPS = 0.840000,
     FX = 1.12500, FY = 1.50000, FZ = 1.20000;
    D154 = 'Body_A_int', T = 0.D+00,
     C = 9.D-04 * Cp_Al_6061 * Dens_Al_6061,
     A = 0.450000, ALP = 0.970000, EPS = 0.840000,
     FX = 0.375000, FY = 0.00000, FZ = 0.300000;
    D155 = 'Body_A_int', T = 0.D+00,
     C = 9.D-04 * Cp_Al_6061 * Dens_Al_6061,
     A = 0.450000, ALP = 0.970000, EPS = 0.840000,
     FX = 1.12500, FY = 0.00000, FZ = 0.300000;
    D156 = 'Body_A_int', T = 0.D+00,
     C = 9.D-04 * Cp_Al_6061 * Dens_Al_6061,
     A = 0.450000, ALP = 0.970000, EPS = 0.840000,
     FX = 0.375000, FY = 0.00000, FZ = 0.900000;
    D157 = 'Body_A_int', T = 0.D+00,
     C = 9.D-04 * Cp_Al_6061 * Dens_Al_6061,
     A = 0.450000, ALP = 0.970000, EPS = 0.840000,
     FX = 1.12500, FY = 0.00000, FZ = 0.900000;
    D158 = 'Body_A_int', T = 0.D+00,
     C = 1.2D-03 * Cp_Al_6061 * Dens_Al_6061,
     A = 0.600000, ALP = 0.970000, EPS = 0.840000,
     FX = 1.50000, FY = 0.500000, FZ = 0.300000;
    D159 = 'Body_A_int', T = 0.D+00,
     C = 1.2D-03 * Cp_Al_6061 * Dens_Al_6061,
     A = 0.600000, ALP = 0.970000, EPS = 0.840000,
     FX = 1.50000, FY = 1.50000, FZ = 0.300000;
    D160 = 'Body_A_int', T = 0.D+00,
     C = 1.2D-03 * Cp_Al_6061 * Dens_Al_6061,
     A = 0.600000, ALP = 0.970000, EPS = 0.840000,
     FX = 1.50000, FY = 0.500000, FZ = 0.900000;
    D161 = 'Body_A_int', T = 0.D+00,
     C = 1.2D-03 * Cp_Al_6061 * Dens_Al_6061,
     A = 0.600000, ALP = 0.970000, EPS = 0.840000,
     FX = 1.50000, FY = 1.50000, FZ = 0.900000;
    D162 = 'Body_A_int', T = 0.D+00,
     C = 9.D-04 * Cp_Al_6061 * Dens_Al_6061,
     A = 0.450000, ALP = 0.970000, EPS = 0.840000,
     FX = 1.12500, FY = 2.00000, FZ = 0.300000;
    D163 = 'Body_A_int', T = 0.D+00,
     C = 9.D-04 * Cp_Al_6061 * Dens_Al_6061,
     A = 0.450000, ALP = 0.970000, EPS = 0.840000,
     FX = 0.375000, FY = 2.00000, FZ = 0.300000;
    D164 = 'Body_A_int', T = 0.D+00,
     C = 9.D-04 * Cp_Al_6061 * Dens_Al_6061,
     A = 0.450000, ALP = 0.970000, EPS = 0.840000,
     FX = 1.12500, FY = 2.00000, FZ = 0.900000;
    D165 = 'Body_A_int', T = 0.D+00,
     C = 9.D-04 * Cp_Al_6061 * Dens_Al_6061,
     A = 0.450000, ALP = 0.970000, EPS = 0.840000,
     FX = 0.375000, FY = 2.00000, FZ = 0.900000;
    D166 = 'Body_A_int', T = 0.D+00,
     C = 1.2D-03 * Cp_Al_6061 * Dens_Al_6061,
     A = 0.600000, ALP = 0.970000, EPS = 0.840000,
     FX = 0.00000, FY = 1.50000, FZ = 0.300000;
    D167 = 'Body_A_int', T = 0.D+00,
     C = 1.2D-03 * Cp_Al_6061 * Dens_Al_6061,
     A = 0.600000, ALP = 0.970000, EPS = 0.840000,
     FX = 0.00000, FY = 0.500000, FZ = 0.300000;
    D168 = 'Body_A_int', T = 0.D+00,
     C = 1.2D-03 * Cp_Al_6061 * Dens_Al_6061,
     A = 0.600000, ALP = 0.970000, EPS = 0.840000,
     FX = 0.00000, FY = 1.50000, FZ = 0.900000;
    D169 = 'Body_A_int', T = 0.D+00,
     C = 1.2D-03 * Cp_Al_6061 * Dens_Al_6061,
     A = 0.600000, ALP = 0.970000, EPS = 0.840000,
     FX = 0.00000, FY = 0.500000, FZ = 0.900000;
    D170 = 'Body_A_int', T = 0.D+00,
     C = 1.5D-03 * Cp_Al_6061 * Dens_Al_6061,
     A = 0.750000, ALP = 0.970000, EPS = 0.840000,
     FX = 0.375000, FY = 1.50000, FZ = 0.00000;
    D171 = 'Body_A_int', T = 0.D+00,
     C = 1.5D-03 * Cp_Al_6061 * Dens_Al_6061,
     A = 0.750000, ALP = 0.970000, EPS = 0.840000,
     FX = 1.12500, FY = 1.50000, FZ = 0.00000;
    D172 = 'Body_A_int', T = 0.D+00,
     C = 1.5D-03 * Cp_Al_6061 * Dens_Al_6061,
     A = 0.750000, ALP = 0.970000, EPS = 0.840000,
     FX = 0.375000, FY = 0.500000, FZ = 0.00000;
    D173 = 'Body_A_int', T = 0.D+00,
     C = 1.5D-03 * Cp_Al_6061 * Dens_Al_6061,
     A = 0.750000, ALP = 0.970000, EPS = 0.840000,
     FX = 1.12500, FY = 0.500000, FZ = 0.00000;
    D200 = 'Body_B_MLI', T = 0.D+00,
     C = 1.25D-04 * Cp_MLI_foil * Dens_MLI_foil,
     A = 0.250000, ALP = 0.200000, EPS = 0.100000,
     FX = 0.500000, FY = 2.25100, FZ = 1.20000;
    D201 = 'Body_B_MLI', T = 0.D+00,
     C = 1.25D-04 * Cp_MLI_foil * Dens_MLI_foil,
     A = 0.250000, ALP = 0.200000, EPS = 0.100000,
     FX = 1.00000, FY = 2.25100, FZ = 1.20000;
    D202 = 'Body_B_MLI', T = 0.D+00,
     C = 1.25D-04 * Cp_MLI_foil * Dens_MLI_foil,
     A = 0.250000, ALP = 0.200000, EPS = 0.100000,
     FX = 0.500000, FY = 2.75100, FZ = 1.20000;
    D203 = 'Body_B_MLI', T = 0.D+00,
     C = 1.25D-04 * Cp_MLI_foil * Dens_MLI_foil,
     A = 0.250000, ALP = 0.200000, EPS = 0.100000,
     FX = 1.00000, FY = 2.75100, FZ = 1.20000;
    D204 = 'Body_B_MLI', T = 0.D+00,
     C = 1.5D-04 * Cp_MLI_foil * Dens_MLI_foil,
     A = 0.300000, ALP = 0.200000, EPS = 0.100000,
     FX = 0.500000, FY = 2.00100, FZ = 0.300000;
    D205 = 'Body_B_MLI', T = 0.D+00,
     C = 1.5D-04 * Cp_MLI_foil * Dens_MLI_foil,
     A = 0.300000, ALP = 0.200000, EPS = 0.100000,
     FX = 1.00000, FY = 2.00100, FZ = 0.300000;
    D206 = 'Body_B_MLI', T = 0.D+00,
     C = 1.5D-04 * Cp_MLI_foil * Dens_MLI_foil,
     A = 0.300000, ALP = 0.200000, EPS = 0.100000,
     FX = 0.500000, FY = 2.00100, FZ = 0.900000;
    D207 = 'Body_B_MLI', T = 0.D+00,
     C = 1.5D-04 * Cp_MLI_foil * Dens_MLI_foil,
     A = 0.300000, ALP = 0.200000, EPS = 0.100000,
     FX = 1.00000, FY = 2.00100, FZ = 0.900000;
    D208 = 'Body_B_MLI', T = 0.D+00,
     C = 1.5D-04 * Cp_MLI_foil * Dens_MLI_foil,
     A = 0.300000, ALP = 0.200000, EPS = 0.100000,
     FX = 1.25000, FY = 2.25100, FZ = 0.300000;
    D209 = 'Body_B_MLI', T = 0.D+00,
     C = 1.5D-04 * Cp_MLI_foil * Dens_MLI_foil,
     A = 0.300000, ALP = 0.200000, EPS = 0.100000,
     FX = 1.25000, FY = 2.75100, FZ = 0.300000;
    D210 = 'Body_B_MLI', T = 0.D+00,
     C = 1.5D-04 * Cp_MLI_foil * Dens_MLI_foil,
     A = 0.300000, ALP = 0.200000, EPS = 0.100000,
     FX = 1.25000, FY = 2.25100, FZ = 0.900000;
    D211 = 'Body_B_MLI', T = 0.D+00,
     C = 1.5D-04 * Cp_MLI_foil * Dens_MLI_foil,
     A = 0.300000, ALP = 0.200000, EPS = 0.100000,
     FX = 1.25000, FY = 2.75100, FZ = 0.900000;
    D212 = 'Body_B_MLI', T = 0.D+00,
     C = 1.5D-04 * Cp_MLI_foil * Dens_MLI_foil,
     A = 0.300000, ALP = 0.200000, EPS = 0.100000,
     FX = 1.00000, FY = 3.00100, FZ = 0.300000;
    D213 = 'Body_B_MLI', T = 0.D+00,
     C = 1.5D-04 * Cp_MLI_foil * Dens_MLI_foil,
     A = 0.300000, ALP = 0.200000, EPS = 0.100000,
     FX = 0.500000, FY = 3.00100, FZ = 0.300000;
    D214 = 'Body_B_MLI', T = 0.D+00,
     C = 1.5D-04 * Cp_MLI_foil * Dens_MLI_foil,
     A = 0.300000, ALP = 0.200000, EPS = 0.100000,
     FX = 1.00000, FY = 3.00100, FZ = 0.900000;
    D215 = 'Body_B_MLI', T = 0.D+00,
     C = 1.5D-04 * Cp_MLI_foil * Dens_MLI_foil,
     A = 0.300000, ALP = 0.200000, EPS = 0.100000,
     FX = 0.500000, FY = 3.00100, FZ = 0.900000;
    D216 = 'Body_B_MLI', T = 0.D+00,
     C = 1.5D-04 * Cp_MLI_foil * Dens_MLI_foil,
     A = 0.300000, ALP = 0.200000, EPS = 0.100000,
     FX = 0.250000, FY = 2.75100, FZ = 0.300000;
    D217 = 'Body_B_MLI', T = 0.D+00,
     C = 1.5D-04 * Cp_MLI_foil * Dens_MLI_foil,
     A = 0.300000, ALP = 0.200000, EPS = 0.100000,
     FX = 0.250000, FY = 2.25100, FZ = 0.300000;
    D218 = 'Body_B_MLI', T = 0.D+00,
     C = 1.5D-04 * Cp_MLI_foil * Dens_MLI_foil,
     A = 0.300000, ALP = 0.200000, EPS = 0.100000,
     FX = 0.250000, FY = 2.75100, FZ = 0.900000;
    D219 = 'Body_B_MLI', T = 0.D+00,
     C = 1.5D-04 * Cp_MLI_foil * Dens_MLI_foil,
     A = 0.300000, ALP = 0.200000, EPS = 0.100000,
     FX = 0.250000, FY = 2.25100, FZ = 0.900000;
    D220 = 'Body_B_MLI', T = 0.D+00,
     C = 1.25D-04 * Cp_MLI_foil * Dens_MLI_foil,
     A = 0.250000, ALP = 0.200000, EPS = 0.100000,
     FX = 0.500000, FY = 2.75100, FZ = 0.00000;
    D221 = 'Body_B_MLI', T = 0.D+00,
     C = 1.25D-04 * Cp_MLI_foil * Dens_MLI_foil,
     A = 0.250000, ALP = 0.200000, EPS = 0.100000,
     FX = 1.00000, FY = 2.75100, FZ = 0.00000;
    D222 = 'Body_B_MLI', T = 0.D+00,
     C = 1.25D-04 * Cp_MLI_foil * Dens_MLI_foil,
     A = 0.250000, ALP = 0.200000, EPS = 0.100000,
     FX = 0.500000, FY = 2.25100, FZ = 0.00000;
    D223 = 'Body_B_MLI', T = 0.D+00,
     C = 1.25D-04 * Cp_MLI_foil * Dens_MLI_foil,
     A = 0.250000, ALP = 0.200000, EPS = 0.100000,
     FX = 1.00000, FY = 2.25100, FZ = 0.00000;
    D250 = 'Body_B_int', T = 0.D+00,
     C = 5.D-04 * Cp_Al_6061 * Dens_Al_6061,
     A = 0.250000, ALP = 0.970000, EPS = 0.840000,
     FX = 0.500000, FY = 2.25100, FZ = 1.20000;
    D251 = 'Body_B_int', T = 0.D+00,
     C = 5.D-04 * Cp_Al_6061 * Dens_Al_6061,
     A = 0.250000, ALP = 0.970000, EPS = 0.840000,
     FX = 1.00000, FY = 2.25100, FZ = 1.20000;
    D252 = 'Body_B_int', T = 0.D+00,
     C = 5.D-04 * Cp_Al_6061 * Dens_Al_6061,
     A = 0.250000, ALP = 0.970000, EPS = 0.840000,
     FX = 0.500000, FY = 2.75100, FZ = 1.20000;
    D253 = 'Body_B_int', T = 0.D+00,
     C = 5.D-04 * Cp_Al_6061 * Dens_Al_6061,
     A = 0.250000, ALP = 0.970000, EPS = 0.840000,
     FX = 1.00000, FY = 2.75100, FZ = 1.20000;
    D254 = 'Body_B_int', T = 0.D+00,
     C = 6.D-04 * Cp_Al_6061 * Dens_Al_6061,
     A = 0.300000, ALP = 0.970000, EPS = 0.840000,
     FX = 0.500000, FY = 2.00100, FZ = 0.300000;
    D255 = 'Body_B_int', T = 0.D+00,
     C = 6.D-04 * Cp_Al_6061 * Dens_Al_6061,
     A = 0.300000, ALP = 0.970000, EPS = 0.840000,
     FX = 1.00000, FY = 2.00100, FZ = 0.300000;
    D256 = 'Body_B_int', T = 0.D+00,
     C = 6.D-04 * Cp_Al_6061 * Dens_Al_6061,
     A = 0.300000, ALP = 0.970000, EPS = 0.840000,
     FX = 0.500000, FY = 2.00100, FZ = 0.900000;
    D257 = 'Body_B_int', T = 0.D+00,
     C = 6.D-04 * Cp_Al_6061 * Dens_Al_6061,
     A = 0.300000, ALP = 0.970000, EPS = 0.840000,
     FX = 1.00000, FY = 2.00100, FZ = 0.900000;
    D258 = 'Body_B_int', T = 0.D+00,
     C = 6.D-04 * Cp_Al_6061 * Dens_Al_6061,
     A = 0.300000, ALP = 0.970000, EPS = 0.840000,
     FX = 1.25000, FY = 2.25100, FZ = 0.300000;
    D259 = 'Body_B_int', T = 0.D+00,
     C = 6.D-04 * Cp_Al_6061 * Dens_Al_6061,
     A = 0.300000, ALP = 0.970000, EPS = 0.840000,
     FX = 1.25000, FY = 2.75100, FZ = 0.300000;
    D260 = 'Body_B_int', T = 0.D+00,
     C = 6.D-04 * Cp_Al_6061 * Dens_Al_6061,
     A = 0.300000, ALP = 0.970000, EPS = 0.840000,
     FX = 1.25000, FY = 2.25100, FZ = 0.900000;
    D261 = 'Body_B_int', T = 0.D+00,
     C = 6.D-04 * Cp_Al_6061 * Dens_Al_6061,
     A = 0.300000, ALP = 0.970000, EPS = 0.840000,
     FX = 1.25000, FY = 2.75100, FZ = 0.900000;
    D262 = 'Body_B_int', T = 0.D+00,
     C = 6.D-04 * Cp_Al_6061 * Dens_Al_6061,
     A = 0.300000, ALP = 0.970000, EPS = 0.840000,
     FX = 1.00000, FY = 3.00100, FZ = 0.300000;
    D263 = 'Body_B_int', T = 0.D+00,
     C = 6.D-04 * Cp_Al_6061 * Dens_Al_6061,
     A = 0.300000, ALP = 0.970000, EPS = 0.840000,
     FX = 0.500000, FY = 3.00100, FZ = 0.300000;
    D264 = 'Body_B_int', T = 0.D+00,
     C = 6.D-04 * Cp_Al_6061 * Dens_Al_6061,
     A = 0.300000, ALP = 0.970000, EPS = 0.840000,
     FX = 1.00000, FY = 3.00100, FZ = 0.900000;
    D265 = 'Body_B_int', T = 0.D+00,
     C = 6.D-04 * Cp_Al_6061 * Dens_Al_6061,
     A = 0.300000, ALP = 0.970000, EPS = 0.840000,
     FX = 0.500000, FY = 3.00100, FZ = 0.900000;
    D266 = 'Body_B_int', T = 0.D+00,
     C = 6.D-04 * Cp_Al_6061 * Dens_Al_6061,
     A = 0.300000, ALP = 0.970000, EPS = 0.840000,
     FX = 0.250000, FY = 2.75100, FZ = 0.300000;
    D267 = 'Body_B_int', T = 0.D+00,
     C = 6.D-04 * Cp_Al_6061 * Dens_Al_6061,
     A = 0.300000, ALP = 0.970000, EPS = 0.840000,
     FX = 0.250000, FY = 2.25100, FZ = 0.300000;
    D268 = 'Body_B_int', T = 0.D+00,
     C = 6.D-04 * Cp_Al_6061 * Dens_Al_6061,
     A = 0.300000, ALP = 0.970000, EPS = 0.840000,
     FX = 0.250000, FY = 2.75100, FZ = 0.900000;
    D269 = 'Body_B_int', T = 0.D+00,
     C = 6.D-04 * Cp_Al_6061 * Dens_Al_6061,
     A = 0.300000, ALP = 0.970000, EPS = 0.840000,
     FX = 0.250000, FY = 2.25100, FZ = 0.900000;
    D270 = 'Body_B_int', T = 0.D+00,
     C = 5.D-04 * Cp_Al_6061 * Dens_Al_6061,
     A = 0.250000, ALP = 0.970000, EPS = 0.840000,
     FX = 0.500000, FY = 2.75100, FZ = 0.00000;
    D271 = 'Body_B_int', T = 0.D+00,
     C = 5.D-04 * Cp_Al_6061 * Dens_Al_6061,
     A = 0.250000, ALP = 0.970000, EPS = 0.840000,
     FX = 1.00000, FY = 2.75100, FZ = 0.00000;
    D272 = 'Body_B_int', T = 0.D+00,
     C = 5.D-04 * Cp_Al_6061 * Dens_Al_6061,
     A = 0.250000, ALP = 0.970000, EPS = 0.840000,
     FX = 0.500000, FY = 2.25100, FZ = 0.00000;
    D273 = 'Body_B_int', T = 0.D+00,
     C = 5.D-04 * Cp_Al_6061 * Dens_Al_6061,
     A = 0.250000, ALP = 0.970000, EPS = 0.840000,
     FX = 1.00000, FY = 2.25100, FZ = 0.00000;
    D300 = 'Solar_Pannel_Support', T = 0.D+00,
     C = 4.504687D-04 * Cp_Al_6061 * Dens_Al_6061,
     A = 0.450469, ALP = 0.360000, EPS = 0.610000,
     FX = -4.65937, FY = 0.00000, FZ = 0.212500;
    D301 = 'Solar_Pannel_Support', T = 0.D+00,
     C = 4.504688D-04 * Cp_Al_6061 * Dens_Al_6061,
     A = 0.450469, ALP = 0.360000, EPS = 0.610000,
     FX = -4.07813, FY = 0.00000, FZ = 0.212500;
    D302 = 'Solar_Pannel_Support', T = 0.D+00,
     C = 4.504688D-04 * Cp_Al_6061 * Dens_Al_6061,
     A = 0.450469, ALP = 0.360000, EPS = 0.610000,
     FX = -3.49688, FY = 0.00000, FZ = 0.212500;
    D303 = 'Solar_Pannel_Support', T = 0.D+00,
     C = 4.504687D-04 * Cp_Al_6061 * Dens_Al_6061,
     A = 0.450469, ALP = 0.360000, EPS = 0.610000,
     FX = -2.91562, FY = 0.00000, FZ = 0.212500;
    D304 = 'Solar_Pannel_Support', T = 0.D+00,
     C = 4.504687D-04 * Cp_Al_6061 * Dens_Al_6061,
     A = 0.450469, ALP = 0.360000, EPS = 0.610000,
     FX = -2.33438, FY = 0.00000, FZ = 0.212500;
    D305 = 'Solar_Pannel_Support', T = 0.D+00,
     C = 4.504688D-04 * Cp_Al_6061 * Dens_Al_6061,
     A = 0.450469, ALP = 0.360000, EPS = 0.610000,
     FX = -1.75312, FY = 0.00000, FZ = 0.212500;
    D306 = 'Solar_Pannel_Support', T = 0.D+00,
     C = 4.504688D-04 * Cp_Al_6061 * Dens_Al_6061,
     A = 0.450469, ALP = 0.360000, EPS = 0.610000,
     FX = -1.17188, FY = 0.00000, FZ = 0.212500;
    D307 = 'Solar_Pannel_Support', T = 0.D+00,
     C = 4.504687D-04 * Cp_Al_6061 * Dens_Al_6061,
     A = 0.450469, ALP = 0.360000, EPS = 0.610000,
     FX = -0.590625, FY = 0.00000, FZ = 0.212500;
    D308 = 'Solar_Pannel_Support', T = 0.D+00,
     C = 4.504687D-04 * Cp_Al_6061 * Dens_Al_6061,
     A = 0.450469, ALP = 0.360000, EPS = 0.610000,
     FX = -4.65937, FY = 0.00000, FZ = 0.987500;
    D309 = 'Solar_Pannel_Support', T = 0.D+00,
     C = 4.504688D-04 * Cp_Al_6061 * Dens_Al_6061,
     A = 0.450469, ALP = 0.360000, EPS = 0.610000,
     FX = -4.07813, FY = 0.00000, FZ = 0.987500;
    D310 = 'Solar_Pannel_Support', T = 0.D+00,
     C = 4.504688D-04 * Cp_Al_6061 * Dens_Al_6061,
     A = 0.450469, ALP = 0.360000, EPS = 0.610000,
     FX = -3.49688, FY = 0.00000, FZ = 0.987500;
    D311 = 'Solar_Pannel_Support', T = 0.D+00,
     C = 4.504687D-04 * Cp_Al_6061 * Dens_Al_6061,
     A = 0.450469, ALP = 0.360000, EPS = 0.610000,
     FX = -2.91562, FY = 0.00000, FZ = 0.987500;
    D312 = 'Solar_Pannel_Support', T = 0.D+00,
     C = 4.504687D-04 * Cp_Al_6061 * Dens_Al_6061,
     A = 0.450469, ALP = 0.360000, EPS = 0.610000,
     FX = -2.33438, FY = 0.00000, FZ = 0.987500;
    D313 = 'Solar_Pannel_Support', T = 0.D+00,
     C = 4.504688D-04 * Cp_Al_6061 * Dens_Al_6061,
     A = 0.450469, ALP = 0.360000, EPS = 0.610000,
     FX = -1.75312, FY = 0.00000, FZ = 0.987500;
    D314 = 'Solar_Pannel_Support', T = 0.D+00,
     C = 4.504688D-04 * Cp_Al_6061 * Dens_Al_6061,
     A = 0.450469, ALP = 0.360000, EPS = 0.610000,
     FX = -1.17188, FY = 0.00000, FZ = 0.987500;
    D315 = 'Solar_Pannel_Support', T = 0.D+00,
     C = 4.504687D-04 * Cp_Al_6061 * Dens_Al_6061,
     A = 0.450469, ALP = 0.360000, EPS = 0.610000,
     FX = -0.590625, FY = 0.00000, FZ = 0.987500;
    D350 = 'Solar_Pannel_Cells', T = 0.D+00,
     C = 4.504687D-04 * Cp_GaAs * Dens_GaAs,
     A = 0.450469, ALP = 0.750000, EPS = 0.840000,
     FX = -4.65937, FY = 0.00000, FZ = 0.212500;
    D351 = 'Solar_Pannel_Cells', T = 0.D+00,
     C = 4.504688D-04 * Cp_GaAs * Dens_GaAs,
     A = 0.450469, ALP = 0.750000, EPS = 0.840000,
     FX = -4.07813, FY = 0.00000, FZ = 0.212500;
    D352 = 'Solar_Pannel_Cells', T = 0.D+00,
     C = 4.504688D-04 * Cp_GaAs * Dens_GaAs,
     A = 0.450469, ALP = 0.750000, EPS = 0.840000,
     FX = -3.49688, FY = 0.00000, FZ = 0.212500;
    D353 = 'Solar_Pannel_Cells', T = 0.D+00,
     C = 4.504687D-04 * Cp_GaAs * Dens_GaAs,
     A = 0.450469, ALP = 0.750000, EPS = 0.840000,
     FX = -2.91562, FY = 0.00000, FZ = 0.212500;
    D354 = 'Solar_Pannel_Cells', T = 0.D+00,
     C = 4.504687D-04 * Cp_GaAs * Dens_GaAs,
     A = 0.450469, ALP = 0.750000, EPS = 0.840000,
     FX = -2.33438, FY = 0.00000, FZ = 0.212500;
    D355 = 'Solar_Pannel_Cells', T = 0.D+00,
     C = 4.504688D-04 * Cp_GaAs * Dens_GaAs,
     A = 0.450469, ALP = 0.750000, EPS = 0.840000,
     FX = -1.75312, FY = 0.00000, FZ = 0.212500;
    D356 = 'Solar_Pannel_Cells', T = 0.D+00,
     C = 4.504688D-04 * Cp_GaAs * Dens_GaAs,
     A = 0.450469, ALP = 0.750000, EPS = 0.840000,
     FX = -1.17188, FY = 0.00000, FZ = 0.212500;
    D357 = 'Solar_Pannel_Cells', T = 0.D+00,
     C = 4.504687D-04 * Cp_GaAs * Dens_GaAs,
     A = 0.450469, ALP = 0.750000, EPS = 0.840000,
     FX = -0.590625, FY = 0.00000, FZ = 0.212500;
    D358 = 'Solar_Pannel_Cells', T = 0.D+00,
     C = 4.504687D-04 * Cp_GaAs * Dens_GaAs,
     A = 0.450469, ALP = 0.750000, EPS = 0.840000,
     FX = -4.65937, FY = 0.00000, FZ = 0.987500;
    D359 = 'Solar_Pannel_Cells', T = 0.D+00,
     C = 4.504688D-04 * Cp_GaAs * Dens_GaAs,
     A = 0.450469, ALP = 0.750000, EPS = 0.840000,
     FX = -4.07813, FY = 0.00000, FZ = 0.987500;
    D360 = 'Solar_Pannel_Cells', T = 0.D+00,
     C = 4.504688D-04 * Cp_GaAs * Dens_GaAs,
     A = 0.450469, ALP = 0.750000, EPS = 0.840000,
     FX = -3.49688, FY = 0.00000, FZ = 0.987500;
    D361 = 'Solar_Pannel_Cells', T = 0.D+00,
     C = 4.504687D-04 * Cp_GaAs * Dens_GaAs,
     A = 0.450469, ALP = 0.750000, EPS = 0.840000,
     FX = -2.91562, FY = 0.00000, FZ = 0.987500;
    D362 = 'Solar_Pannel_Cells', T = 0.D+00,
     C = 4.504687D-04 * Cp_GaAs * Dens_GaAs,
     A = 0.450469, ALP = 0.750000, EPS = 0.840000,
     FX = -2.33438, FY = 0.00000, FZ = 0.987500;
    D363 = 'Solar_Pannel_Cells', T = 0.D+00,
     C = 4.504688D-04 * Cp_GaAs * Dens_GaAs,
     A = 0.450469, ALP = 0.750000, EPS = 0.840000,
     FX = -1.75312, FY = 0.00000, FZ = 0.987500;
    D364 = 'Solar_Pannel_Cells', T = 0.D+00,
     C = 4.504688D-04 * Cp_GaAs * Dens_GaAs,
     A = 0.450469, ALP = 0.750000, EPS = 0.840000,
     FX = -1.17188, FY = 0.00000, FZ = 0.987500;
    D365 = 'Solar_Pannel_Cells', T = 0.D+00,
     C = 4.504687D-04 * Cp_GaAs * Dens_GaAs,
     A = 0.450469, ALP = 0.750000, EPS = 0.840000,
     FX = -0.590625, FY = 0.00000, FZ = 0.987500;
    X99998 = 'INACTIVE_NODE', T = 0.D+00,
     A = 0.0, ALP = 0.0, EPS = 0.0;
    B99999 = 'ENVIRONMENT', T = -2.7D+02,
     A = 1.0E+20, ALP = 1.0, EPS = 1.0;
#
  $CONDUCTORS
# Results Generated from
# ESATAN-TMS 2020, run date 11:33 Tue 13 Apr 2021
# Model name: HelloWorld        Analysis case: acase01
# ESATAN-TMS 2020, run date 11:33 Tue 13 Apr 2021
# Model name: HelloWorld        Radiative conductors
    GR(100, 116) = 2.217201D-09;
    GR(100, 117) = 1.069008D-08;
    GR(100, 119) = 2.217201D-09;
    GR(100, 216) = 1.216776D-09;
    GR(100, 302) = 1.47466D-07;
    GR(100, 303) = 1.366535D-07;
    GR(100, 304) = 6.646952D-08;
    GR(100, 306) = 2.499032D-07;
    GR(100, 307) = 4.157763D-06;
    GR(100, 315) = 2.829127D-07;
    GR(100, 357) = 1.284441D-06;
    GR(100, 362) = 1.677767D-07;
    GR(100, 364) = 3.472871D-07;
    GR(100, 365) = 7.939619D-06;
    GR(100, 99999) = 7.497971D-02;
    GR(101, 300) = 1.47466D-07;
    GR(101, 358) = 3.722213D-07;
    GR(101, 99999) = 7.5D-02;
    GR(102, 117) = 1.069008D-08;
    GR(102, 118) = 1.026645D-08;
    GR(102, 218) = 1.216776D-09;
    GR(102, 300) = 1.228375D-07;
    GR(102, 305) = 3.101452D-07;
    GR(102, 306) = 1.218379D-07;
    GR(102, 307) = 7.483558D-07;
    GR(102, 361) = 7.444426D-07;
    GR(102, 363) = 3.571565D-07;
    GR(102, 364) = 1.795104D-07;
    GR(102, 365) = 1.136551D-06;
    GR(102, 99999) = 7.49865D-02;
    GR(103, 118) = 1.069008D-08;
    GR(103, 307) = 1.218379D-07;
    GR(103, 365) = 9.46899D-08;
    GR(103, 99999) = 7.499895D-02;
    GR(104, 117) = 2.400769D-07;
    GR(104, 120) = 1.613926D-09;
    GR(104, 308) = 1.798995D-07;
    GR(104, 309) = 1.798995D-07;
    GR(104, 310) = 1.798995D-07;
    GR(104, 311) = 1.029885D-06;
    GR(104, 312) = 2.092778D-06;
    GR(104, 313) = 4.139671D-06;
    GR(104, 314) = 1.955131D-05;
    GR(104, 315) = 1.001105D-04;
    GR(104, 350) = 2.350683D-07;
    GR(104, 351) = 3.673179D-07;
    GR(104, 352) = 2.350683D-07;
    GR(104, 353) = 1.379306D-06;
    GR(104, 354) = 2.766249D-06;
    GR(104, 355) = 4.851709D-06;
    GR(104, 356) = 2.545279D-05;
    GR(104, 357) = 1.451867D-04;
    GR(104, 365) = 1.553994D-08;
    GR(104, 99999) = 4.468373D-02;
    GR(105, 118) = 3.705837D-09;
    GR(105, 119) = 1.600512D-08;
    GR(105, 311) = 5.066905D-07;
    GR(105, 312) = 5.231946D-07;
    GR(105, 313) = 1.062893D-06;
    GR(105, 314) = 3.809253D-06;
    GR(105, 315) = 1.047875D-05;
    GR(105, 353) = 5.625851D-07;
    GR(105, 354) = 5.837226D-07;
    GR(105, 355) = 2.541345D-06;
    GR(105, 356) = 4.58125D-06;
    GR(105, 357) = 1.711953D-05;
    GR(105, 99999) = 4.495681D-02;
    GR(106, 119) = 3.158343D-07;
    GR(106, 300) = 2.459931D-07;
    GR(106, 301) = 2.531894D-07;
    GR(106, 302) = 5.604671D-07;
    GR(106, 303) = 8.549013D-07;
    GR(106, 304) = 1.659033D-06;
    GR(106, 305) = 5.486964D-06;
    GR(106, 306) = 1.61292D-05;
    GR(106, 307) = 1.151066D-04;
    GR(106, 355) = 3.567319D-08;
    GR(106, 359) = 2.477305D-07;
    GR(106, 360) = 1.193199D-06;
    GR(106, 361) = 1.350022D-06;
    GR(106, 362) = 2.601621D-06;
    GR(106, 363) = 7.159193D-06;
    GR(106, 364) = 2.504513D-05;
    GR(106, 365) = 1.519175D-04;
    GR(106, 99999) = 4.46565D-02;
    GR(107, 119) = 3.037412D-08;
    GR(107, 300) = 1.707044D-07;
    GR(107, 302) = 2.616536D-07;
    GR(107, 303) = 6.930543D-07;
    GR(107, 304) = 6.286489D-07;
    GR(107, 305) = 1.858315D-06;
    GR(107, 306) = 3.273234D-06;
    GR(107, 307) = 1.297999D-05;
    GR(107, 358) = 2.477305D-07;
    GR(107, 360) = 4.727341D-07;
    GR(107, 361) = 1.665933D-06;
    GR(107, 362) = 1.665933D-06;
    GR(107, 363) = 3.263685D-06;
    GR(107, 364) = 3.759146D-06;
    GR(107, 365) = 1.798889D-05;
    GR(107, 99999) = 4.494257D-02;
    GR(108, 99999) = 6.D-02;
    GR(109, 99999) = 6.D-02;
    GR(110, 99999) = 6.D-02;
    GR(111, 99999) = 6.D-02;
    GR(112, 113) = 5.624194D-05;
    GR(112, 114) = 5.852429D-05;
    GR(112, 204) = 1.552999D-05;
    GR(112, 205) = 1.5565D-02;
    GR(112, 208) = 4.935138D-04;
    GR(112, 209) = 3.201908D-05;
    GR(112, 210) = 6.026801D-05;
    GR(112, 211) = 1.218109D-05;
    GR(112, 99999) = 1.431817D-02;
    GR(113, 115) = 6.156257D-05;
    GR(113, 204) = 1.556298D-02;
    GR(113, 205) = 5.899228D-05;
    GR(113, 206) = 3.806297D-05;
    GR(113, 216) = 3.702708D-05;
    GR(113, 217) = 5.050465D-04;
    GR(113, 218) = 1.364081D-05;
    GR(113, 219) = 5.850235D-05;
    GR(113, 300) = 3.016283D-07;
    GR(113, 301) = 5.517989D-07;
    GR(113, 302) = 8.171411D-07;
    GR(113, 303) = 1.389189D-06;
    GR(113, 304) = 1.177145D-06;
    GR(113, 306) = 1.648058D-07;
    GR(113, 308) = 2.941119D-07;
    GR(113, 309) = 8.155072D-07;
    GR(113, 310) = 4.503182D-07;
    GR(113, 311) = 9.498612D-07;
    GR(113, 312) = 5.452503D-07;
    GR(113, 350) = 1.017016D-06;
    GR(113, 351) = 1.142889D-07;
    GR(113, 352) = 1.114893D-06;
    GR(113, 353) = 1.208941D-06;
    GR(113, 354) = 9.309116D-07;
    GR(113, 355) = 1.784054D-06;
    GR(113, 358) = 3.908443D-07;
    GR(113, 359) = 2.136129D-06;
    GR(113, 360) = 1.317396D-06;
    GR(113, 361) = 1.043091D-06;
    GR(113, 362) = 2.334803D-06;
    GR(113, 363) = 4.050065D-07;
    GR(113, 99999) = 1.433674D-02;
    GR(114, 115) = 2.467759D-05;
    GR(114, 206) = 1.230481D-05;
    GR(114, 207) = 1.554374D-02;
    GR(114, 208) = 6.112784D-05;
    GR(114, 209) = 1.293891D-05;
    GR(114, 210) = 4.895648D-04;
    GR(114, 211) = 3.535264D-05;
    GR(114, 99999) = 1.441391D-02;
    GR(115, 204) = 7.159139D-06;
    GR(115, 206) = 1.559758D-02;
    GR(115, 207) = 6.073201D-05;
    GR(115, 216) = 1.549087D-05;
    GR(115, 217) = 5.735381D-05;
    GR(115, 218) = 2.848051D-05;
    GR(115, 219) = 4.989313D-04;
    GR(115, 300) = 5.213953D-07;
    GR(115, 301) = 3.091448D-07;
    GR(115, 302) = 7.277633D-07;
    GR(115, 303) = 8.54395D-07;
    GR(115, 304) = 8.67794D-07;
    GR(115, 308) = 8.483067D-07;
    GR(115, 309) = 1.254018D-06;
    GR(115, 310) = 1.001451D-06;
    GR(115, 311) = 4.186185D-07;
    GR(115, 312) = 5.673084D-07;
    GR(115, 313) = 6.976976D-07;
    GR(115, 350) = 6.596588D-07;
    GR(115, 351) = 5.814353D-07;
    GR(115, 352) = 8.07763D-07;
    GR(115, 353) = 1.540531D-06;
    GR(115, 354) = 1.732065D-06;
    GR(115, 355) = 3.76682D-07;
    GR(115, 358) = 2.025033D-07;
    GR(115, 359) = 8.383376D-07;
    GR(115, 360) = 1.32888D-06;
    GR(115, 361) = 6.335843D-07;
    GR(115, 362) = 1.279269D-06;
    GR(115, 99999) = 1.430004D-02;
    GR(116, 117) = 2.232839D-06;
    GR(116, 119) = 8.286789D-07;
    GR(116, 300) = 2.245791D-05;
    GR(116, 301) = 2.620058D-05;
    GR(116, 302) = 4.20286D-05;
    GR(116, 303) = 5.306885D-05;
    GR(116, 304) = 9.150139D-05;
    GR(116, 305) = 1.497296D-04;
    GR(116, 306) = 2.204784D-04;
    GR(116, 307) = 2.417972D-04;
    GR(116, 308) = 2.455523D-05;
    GR(116, 309) = 2.82139D-05;
    GR(116, 310) = 4.064682D-05;
    GR(116, 311) = 6.159295D-05;
    GR(116, 312) = 9.509604D-05;
    GR(116, 313) = 1.461602D-04;
    GR(116, 314) = 2.392552D-04;
    GR(116, 315) = 2.542958D-04;
    GR(116, 350) = 2.555072D-05;
    GR(116, 351) = 3.203607D-05;
    GR(116, 352) = 5.616838D-05;
    GR(116, 353) = 8.765707D-05;
    GR(116, 354) = 1.425913D-04;
    GR(116, 355) = 2.090339D-04;
    GR(116, 356) = 3.155337D-04;
    GR(116, 357) = 3.494111D-04;
    GR(116, 358) = 2.934585D-05;
    GR(116, 359) = 3.798058D-05;
    GR(116, 360) = 5.142843D-05;
    GR(116, 361) = 9.417671D-05;
    GR(116, 362) = 1.240598D-04;
    GR(116, 363) = 1.970439D-04;
    GR(116, 364) = 3.13591D-04;
    GR(116, 365) = 3.352412D-04;
    GR(116, 99999) = 5.587168D-02;
    GR(117, 118) = 5.061795D-07;
    GR(117, 119) = 5.310748D-06;
    GR(117, 120) = 6.86086D-09;
    GR(117, 122) = 4.138798D-08;
    GR(117, 201) = 1.036686D-08;
    GR(117, 300) = 8.143132D-06;
    GR(117, 301) = 1.343556D-05;
    GR(117, 302) = 2.159793D-05;
    GR(117, 303) = 4.097265D-05;
    GR(117, 304) = 5.96202D-05;
    GR(117, 305) = 1.320449D-04;
    GR(117, 306) = 3.10432D-04;
    GR(117, 307) = 9.949009D-04;
    GR(117, 308) = 1.324997D-05;
    GR(117, 309) = 1.186179D-05;
    GR(117, 310) = 2.179345D-05;
    GR(117, 311) = 3.460993D-05;
    GR(117, 312) = 5.659355D-05;
    GR(117, 313) = 1.276092D-04;
    GR(117, 314) = 3.364822D-04;
    GR(117, 315) = 9.674657D-04;
    GR(117, 350) = 1.622402D-05;
    GR(117, 351) = 1.503925D-05;
    GR(117, 352) = 2.657703D-05;
    GR(117, 353) = 4.59895D-05;
    GR(117, 354) = 9.089702D-05;
    GR(117, 355) = 1.750058D-04;
    GR(117, 356) = 4.520882D-04;
    GR(117, 357) = 1.369013D-03;
    GR(117, 358) = 1.149844D-05;
    GR(117, 359) = 1.500143D-05;
    GR(117, 360) = 2.756731D-05;
    GR(117, 361) = 5.061018D-05;
    GR(117, 362) = 9.15998D-05;
    GR(117, 363) = 1.870569D-04;
    GR(117, 364) = 4.384371D-04;
    GR(117, 365) = 1.330949D-03;
    GR(117, 99999) = 5.252567D-02;
    GR(118, 119) = 1.348705D-06;
    GR(118, 201) = 5.655716D-09;
    GR(118, 220) = 1.036686D-08;
    GR(118, 300) = 1.763855D-05;
    GR(118, 301) = 2.622019D-05;
    GR(118, 302) = 4.285587D-05;
    GR(118, 303) = 5.904474D-05;
    GR(118, 304) = 9.70739D-05;
    GR(118, 305) = 1.538308D-04;
    GR(118, 306) = 2.302288D-04;
    GR(118, 307) = 2.430173D-04;
    GR(118, 308) = 2.052744D-05;
    GR(118, 309) = 2.66431D-05;
    GR(118, 310) = 3.981223D-05;
    GR(118, 311) = 6.355155D-05;
    GR(118, 312) = 9.020743D-05;
    GR(118, 313) = 1.514977D-04;
    GR(118, 314) = 2.153176D-04;
    GR(118, 315) = 2.456983D-04;
    GR(118, 350) = 2.347522D-05;
    GR(118, 351) = 3.902891D-05;
    GR(118, 352) = 5.801426D-05;
    GR(118, 353) = 7.468492D-05;
    GR(118, 354) = 1.315019D-04;
    GR(118, 355) = 2.15727D-04;
    GR(118, 356) = 2.983933D-04;
    GR(118, 357) = 3.602378D-04;
    GR(118, 358) = 3.284996D-05;
    GR(118, 359) = 3.955105D-05;
    GR(118, 360) = 5.605453D-05;
    GR(118, 361) = 8.628179D-05;
    GR(118, 362) = 1.21679D-04;
    GR(118, 363) = 2.081179D-04;
    GR(118, 364) = 3.255415D-04;
    GR(118, 365) = 3.463021D-04;
    GR(118, 99999) = 5.57459D-02;
    GR(119, 300) = 8.938224D-06;
    GR(119, 301) = 1.2237D-05;
    GR(119, 302) = 2.176412D-05;
    GR(119, 303) = 3.646302D-05;
    GR(119, 304) = 5.967113D-05;
    GR(119, 305) = 1.315471D-04;
    GR(119, 306) = 3.036255D-04;
    GR(119, 307) = 9.911639D-04;
    GR(119, 308) = 1.071521D-05;
    GR(119, 309) = 1.221D-05;
    GR(119, 310) = 2.081046D-05;
    GR(119, 311) = 3.281127D-05;
    GR(119, 312) = 5.984461D-05;
    GR(119, 313) = 1.364698D-04;
    GR(119, 314) = 3.383846D-04;
    GR(119, 315) = 9.639704D-04;
    GR(119, 350) = 1.131808D-05;
    GR(119, 351) = 1.52746D-05;
    GR(119, 352) = 2.869608D-05;
    GR(119, 353) = 4.636222D-05;
    GR(119, 354) = 9.083644D-05;
    GR(119, 355) = 1.726687D-04;
    GR(119, 356) = 4.556444D-04;
    GR(119, 357) = 1.363829D-03;
    GR(119, 358) = 1.231787D-05;
    GR(119, 359) = 1.269225D-05;
    GR(119, 360) = 3.122358D-05;
    GR(119, 361) = 4.415556D-05;
    GR(119, 362) = 9.295447D-05;
    GR(119, 363) = 1.850211D-04;
    GR(119, 364) = 4.286032D-04;
    GR(119, 365) = 1.339881D-03;
    GR(119, 99999) = 5.258398D-02;
    GR(120, 315) = 2.499032D-07;
    GR(120, 355) = 4.201488D-07;
    GR(120, 356) = 8.402976D-07;
    GR(120, 357) = 3.472871D-07;
    GR(120, 99999) = 7.499717D-02;
    GR(121, 308) = 1.47466D-07;
    GR(121, 313) = 6.646952D-08;
    GR(121, 355) = 1.677767D-07;
    GR(121, 357) = 8.482046D-08;
    GR(121, 99999) = 7.49985D-02;
    GR(122, 221) = 1.125947D-08;
    GR(122, 306) = 1.218379D-07;
    GR(122, 314) = 4.319831D-07;
    GR(122, 315) = 4.660901D-06;
    GR(122, 354) = 4.201488D-07;
    GR(122, 355) = 8.482046D-08;
    GR(122, 356) = 4.518464D-07;
    GR(122, 357) = 5.931442D-06;
    GR(122, 361) = 7.624493D-08;
    GR(122, 362) = 8.575528D-09;
    GR(122, 364) = 9.15318D-08;
    GR(122, 365) = 4.06136D-07;
    GR(122, 99999) = 7.497641D-02;
    GR(123, 358) = 1.881785D-07;
    GR(123, 99999) = 7.5D-02;
    GR(150, 151) = 6.359327D-03;
    GR(150, 152) = 4.724722D-03;
    GR(150, 153) = 4.14971D-03;
    GR(150, 154) = 2.517724D-02;
    GR(150, 155) = 1.373915D-02;
    GR(150, 156) = 8.130128D-02;
    GR(150, 157) = 1.794314D-02;
    GR(150, 158) = 2.556111D-02;
    GR(150, 159) = 1.499597D-02;
    GR(150, 160) = 2.148934D-02;
    GR(150, 161) = 1.006571D-02;
    GR(150, 162) = 1.018211D-02;
    GR(150, 163) = 1.360127D-02;
    GR(150, 164) = 6.809064D-03;
    GR(150, 165) = 8.870828D-03;
    GR(150, 166) = 1.390655D-02;
    GR(150, 167) = 3.034354D-02;
    GR(150, 168) = 1.620668D-02;
    GR(150, 169) = 1.109279D-01;
    GR(150, 170) = 3.689117D-02;
    GR(150, 171) = 2.642415D-02;
    GR(150, 172) = 7.104651D-02;
    GR(150, 173) = 4.413611D-02;
    GR(151, 152) = 3.93074D-03;
    GR(151, 153) = 4.890284D-03;
    GR(151, 154) = 1.423773D-02;
    GR(151, 155) = 2.511406D-02;
    GR(151, 156) = 1.723987D-02;
    GR(151, 157) = 8.286884D-02;
    GR(151, 158) = 3.072754D-02;
    GR(151, 159) = 1.349574D-02;
    GR(151, 160) = 1.092221D-01;
    GR(151, 161) = 1.691429D-02;
    GR(151, 162) = 1.277426D-02;
    GR(151, 163) = 9.864301D-03;
    GR(151, 164) = 9.186726D-03;
    GR(151, 165) = 6.731009D-03;
    GR(151, 166) = 1.377291D-02;
    GR(151, 167) = 2.644045D-02;
    GR(151, 168) = 1.011101D-02;
    GR(151, 169) = 2.011074D-02;
    GR(151, 170) = 2.62018D-02;
    GR(151, 171) = 3.714014D-02;
    GR(151, 172) = 4.523208D-02;
    GR(151, 173) = 7.04924D-02;
    GR(152, 153) = 5.687757D-03;
    GR(152, 154) = 1.277663D-02;
    GR(152, 155) = 1.043638D-02;
    GR(152, 156) = 8.477665D-03;
    GR(152, 157) = 6.560357D-03;
    GR(152, 158) = 1.4379D-02;
    GR(152, 159) = 2.639005D-02;
    GR(152, 160) = 1.000002D-02;
    GR(152, 161) = 1.966752D-02;
    GR(152, 162) = 1.4062D-02;
    GR(152, 163) = 2.672184D-02;
    GR(152, 164) = 1.867588D-02;
    GR(152, 165) = 8.056721D-02;
    GR(152, 166) = 3.143546D-02;
    GR(152, 167) = 1.322366D-02;
    GR(152, 168) = 1.100061D-01;
    GR(152, 169) = 1.765992D-02;
    GR(152, 170) = 7.106549D-02;
    GR(152, 171) = 4.442976D-02;
    GR(152, 172) = 3.599927D-02;
    GR(152, 173) = 2.589476D-02;
    GR(153, 154) = 1.009359D-02;
    GR(153, 155) = 1.176538D-02;
    GR(153, 156) = 6.735953D-03;
    GR(153, 157) = 9.344925D-03;
    GR(153, 158) = 1.391126D-02;
    GR(153, 159) = 3.029107D-02;
    GR(153, 160) = 1.813715D-02;
    GR(153, 161) = 1.109307D-01;
    GR(153, 162) = 2.56788D-02;
    GR(153, 163) = 1.496266D-02;
    GR(153, 164) = 8.197515D-02;
    GR(153, 165) = 1.881868D-02;
    GR(153, 166) = 2.395809D-02;
    GR(153, 167) = 1.493552D-02;
    GR(153, 168) = 1.965575D-02;
    GR(153, 169) = 1.018752D-02;
    GR(153, 170) = 4.613102D-02;
    GR(153, 171) = 7.243719D-02;
    GR(153, 172) = 2.395998D-02;
    GR(153, 173) = 3.625963D-02;
    GR(154, 155) = 2.078204D-03;
    GR(154, 156) = 2.499426D-03;
    GR(154, 158) = 1.481831D-02;
    GR(154, 159) = 1.012208D-02;
    GR(154, 160) = 1.098248D-02;
    GR(154, 161) = 8.90941D-03;
    GR(154, 162) = 1.027125D-02;
    GR(154, 163) = 1.03898D-02;
    GR(154, 164) = 8.633441D-03;
    GR(154, 165) = 1.061622D-02;
    GR(154, 166) = 7.948009D-03;
    GR(154, 167) = 6.638312D-02;
    GR(154, 168) = 6.700738D-03;
    GR(154, 169) = 1.984374D-02;
    GR(154, 170) = 8.943293D-03;
    GR(154, 171) = 6.702272D-03;
    GR(154, 172) = 8.243533D-02;
    GR(154, 173) = 1.808619D-02;
    GR(155, 157) = 2.476293D-03;
    GR(155, 158) = 6.705872D-02;
    GR(155, 159) = 8.237454D-03;
    GR(155, 160) = 2.009406D-02;
    GR(155, 161) = 6.199693D-03;
    GR(155, 162) = 1.214179D-02;
    GR(155, 163) = 8.487016D-03;
    GR(155, 164) = 9.95439D-03;
    GR(155, 165) = 8.499214D-03;
    GR(155, 166) = 9.896102D-03;
    GR(155, 167) = 1.60327D-02;
    GR(155, 168) = 9.020982D-03;
    GR(155, 169) = 1.056049D-02;
    GR(155, 170) = 6.751311D-03;
    GR(155, 171) = 8.443312D-03;
    GR(155, 172) = 1.94901D-02;
    GR(155, 173) = 8.342554D-02;
    GR(156, 157) = 2.066239D-03;
    GR(156, 158) = 1.084716D-02;
    GR(156, 159) = 9.150083D-03;
    GR(156, 160) = 1.530871D-02;
    GR(156, 161) = 1.048601D-02;
    GR(156, 162) = 8.507654D-03;
    GR(156, 163) = 1.004511D-02;
    GR(156, 164) = 9.695886D-03;
    GR(156, 165) = 1.135885D-02;
    GR(156, 166) = 6.660677D-03;
    GR(156, 167) = 1.967721D-02;
    GR(156, 168) = 8.619568D-03;
    GR(156, 169) = 6.827385D-02;
    GR(156, 170) = 1.229328D-02;
    GR(156, 171) = 9.805167D-03;
    GR(156, 172) = 2.456782D-02;
    GR(156, 173) = 1.482646D-02;
    GR(157, 158) = 1.941867D-02;
    GR(157, 159) = 6.479075D-03;
    GR(157, 160) = 6.76975D-02;
    GR(157, 161) = 7.590811D-03;
    GR(157, 162) = 9.880913D-03;
    GR(157, 163) = 8.715559D-03;
    GR(157, 164) = 1.192517D-02;
    GR(157, 165) = 9.579725D-03;
    GR(157, 166) = 8.485671D-03;
    GR(157, 167) = 1.112532D-02;
    GR(157, 168) = 9.99246D-03;
    GR(157, 169) = 1.584551D-02;
    GR(157, 170) = 1.057379D-02;
    GR(157, 171) = 1.271858D-02;
    GR(157, 172) = 1.4228D-02;
    GR(157, 173) = 2.520176D-02;
    GR(158, 159) = 2.782009D-03;
    GR(158, 160) = 4.162224D-03;
    GR(158, 162) = 7.998028D-03;
    GR(158, 163) = 9.797092D-03;
    GR(158, 164) = 6.154944D-03;
    GR(158, 165) = 9.228525D-03;
    GR(158, 166) = 1.991344D-02;
    GR(158, 167) = 3.436689D-02;
    GR(158, 168) = 1.560808D-02;
    GR(158, 169) = 2.685859D-02;
    GR(158, 170) = 1.02561D-02;
    GR(158, 171) = 1.864412D-02;
    GR(158, 172) = 2.008802D-02;
    GR(158, 173) = 1.080376D-01;
    GR(159, 160) = 1.309265D-03;
    GR(159, 161) = 4.446412D-03;
    GR(159, 162) = 6.813999D-02;
    GR(159, 163) = 1.356735D-02;
    GR(159, 164) = 2.009374D-02;
    GR(159, 165) = 1.080529D-02;
    GR(159, 166) = 3.378208D-02;
    GR(159, 167) = 1.94339D-02;
    GR(159, 168) = 2.704084D-02;
    GR(159, 169) = 1.537765D-02;
    GR(159, 170) = 1.913769D-02;
    GR(159, 171) = 1.112666D-01;
    GR(159, 172) = 1.053837D-02;
    GR(159, 173) = 1.743607D-02;
    GR(160, 161) = 2.74705D-03;
    GR(160, 162) = 5.686212D-03;
    GR(160, 163) = 8.412193D-03;
    GR(160, 164) = 7.076104D-03;
    GR(160, 165) = 1.06568D-02;
    GR(160, 166) = 1.603661D-02;
    GR(160, 167) = 2.673416D-02;
    GR(160, 168) = 1.931307D-02;
    GR(160, 169) = 3.341703D-02;
    GR(160, 170) = 1.568955D-02;
    GR(160, 171) = 1.374433D-02;
    GR(160, 172) = 2.482245D-02;
    GR(160, 173) = 3.239937D-02;
    GR(161, 162) = 1.972072D-02;
    GR(161, 163) = 1.118605D-02;
    GR(161, 164) = 6.714196D-02;
    GR(161, 165) = 1.379748D-02;
    GR(161, 166) = 2.634274D-02;
    GR(161, 167) = 1.695523D-02;
    GR(161, 168) = 3.184643D-02;
    GR(161, 169) = 2.047749D-02;
    GR(161, 170) = 2.572987D-02;
    GR(161, 171) = 3.250453D-02;
    GR(161, 172) = 1.461907D-02;
    GR(161, 173) = 1.31465D-02;
    GR(162, 163) = 2.157428D-03;
    GR(162, 164) = 2.424174D-03;
    GR(162, 166) = 1.501271D-02;
    GR(162, 167) = 9.446824D-03;
    GR(162, 168) = 1.07528D-02;
    GR(162, 169) = 8.910737D-03;
    GR(162, 170) = 1.814386D-02;
    GR(162, 171) = 8.352017D-02;
    GR(162, 172) = 6.625579D-03;
    GR(162, 173) = 8.15888D-03;
    GR(163, 165) = 2.482288D-03;
    GR(163, 166) = 6.735495D-02;
    GR(163, 167) = 8.180983D-03;
    GR(163, 168) = 1.96315D-02;
    GR(163, 169) = 5.992188D-03;
    GR(163, 170) = 8.299487D-02;
    GR(163, 171) = 1.867498D-02;
    GR(163, 172) = 8.987329D-03;
    GR(163, 173) = 6.781348D-03;
    GR(164, 165) = 2.070966D-03;
    GR(164, 166) = 1.130975D-02;
    GR(164, 167) = 9.15695D-03;
    GR(164, 168) = 1.428844D-02;
    GR(164, 169) = 1.059309D-02;
    GR(164, 170) = 1.36539D-02;
    GR(164, 171) = 2.536957D-02;
    GR(164, 172) = 9.618651D-03;
    GR(164, 173) = 1.327044D-02;
    GR(165, 166) = 2.109869D-02;
    GR(165, 167) = 6.149129D-03;
    GR(165, 168) = 6.736976D-02;
    GR(165, 169) = 7.862264D-03;
    GR(165, 170) = 2.531253D-02;
    GR(165, 171) = 1.396219D-02;
    GR(165, 172) = 1.409016D-02;
    GR(165, 173) = 1.023026D-02;
    GR(166, 167) = 2.671023D-03;
    GR(166, 168) = 4.53371D-03;
    GR(166, 170) = 1.122192D-01;
    GR(166, 171) = 2.01184D-02;
    GR(166, 172) = 1.697291D-02;
    GR(166, 173) = 9.849397D-03;
    GR(167, 169) = 4.293964D-03;
    GR(167, 170) = 1.660856D-02;
    GR(167, 171) = 9.579263D-03;
    GR(167, 172) = 1.094161D-01;
    GR(167, 173) = 1.928467D-02;
    GR(168, 169) = 2.994544D-03;
    GR(168, 170) = 3.27692D-02;
    GR(168, 171) = 2.56068D-02;
    GR(168, 172) = 1.416901D-02;
    GR(168, 173) = 1.480695D-02;
    GR(169, 170) = 1.379415D-02;
    GR(169, 171) = 1.450783D-02;
    GR(169, 172) = 3.275001D-02;
    GR(169, 173) = 2.405771D-02;
    GR(170, 171) = 5.960764D-03;
    GR(170, 172) = 4.54337D-03;
    GR(170, 173) = 3.939877D-03;
    GR(171, 172) = 4.067796D-03;
    GR(171, 173) = 4.735576D-03;
    GR(172, 173) = 6.058507D-03;
    GR(200, 300) = 3.456262D-09;
    GR(200, 301) = 3.456262D-09;
    GR(200, 303) = 1.530972D-07;
    GR(200, 305) = 1.530972D-07;
    GR(200, 306) = 2.366205D-07;
    GR(200, 361) = 1.18984D-07;
    GR(200, 363) = 2.255665D-07;
    GR(200, 364) = 3.298064D-07;
    GR(200, 365) = 1.065824D-07;
    GR(200, 99999) = 2.499835D-02;
    GR(201, 301) = 2.931667D-08;
    GR(201, 306) = 8.352329D-08;
    GR(201, 307) = 1.530972D-07;
    GR(201, 312) = 5.373712D-08;
    GR(201, 363) = 9.311657D-08;
    GR(201, 364) = 2.108224D-07;
    GR(201, 365) = 2.255665D-07;
    GR(201, 99999) = 2.499904D-02;
    GR(202, 301) = 3.689078D-08;
    GR(202, 306) = 1.530972D-07;
    GR(202, 364) = 1.18984D-07;
    GR(202, 99999) = 2.499966D-02;
    GR(203, 307) = 1.530972D-07;
    GR(203, 365) = 1.18984D-07;
    GR(203, 99999) = 2.499966D-02;
    GR(204, 205) = 5.705203D-05;
    GR(204, 217) = 3.289773D-06;
    GR(204, 99999) = 2.69854D-04;
    GR(205, 99999) = 2.300646D-04;
    GR(206, 207) = 3.269434D-05;
    GR(206, 99999) = 1.968537D-04;
    GR(207, 99999) = 2.705033D-04;
    GR(208, 209) = 1.019955D-05;
    GR(208, 210) = 2.751323D-05;
    GR(208, 211) = 5.707273D-06;
    GR(208, 99999) = 2.924557D-02;
    GR(209, 210) = 5.4837D-06;
    GR(209, 211) = 1.08D-06;
    GR(209, 99999) = 2.992318D-02;
    GR(210, 211) = 1.165402D-05;
    GR(210, 99999) = 2.925605D-02;
    GR(211, 99999) = 2.991848D-02;
    GR(212, 99999) = 3.D-02;
    GR(213, 99999) = 3.D-02;
    GR(214, 99999) = 3.D-02;
    GR(215, 99999) = 3.D-02;
    GR(216, 217) = 9.850684D-06;
    GR(216, 218) = 6.75D-08;
    GR(216, 219) = 6.457001D-06;
    GR(216, 300) = 1.27833D-05;
    GR(216, 301) = 1.747061D-05;
    GR(216, 302) = 2.101311D-05;
    GR(216, 303) = 2.530266D-05;
    GR(216, 304) = 2.610053D-05;
    GR(216, 305) = 3.765929D-05;
    GR(216, 306) = 3.961307D-05;
    GR(216, 307) = 9.554399D-06;
    GR(216, 308) = 1.040038D-05;
    GR(216, 309) = 1.336224D-05;
    GR(216, 310) = 1.694926D-05;
    GR(216, 311) = 2.674739D-05;
    GR(216, 312) = 2.923471D-05;
    GR(216, 313) = 3.03139D-05;
    GR(216, 314) = 2.900472D-05;
    GR(216, 315) = 9.217917D-06;
    GR(216, 350) = 1.506485D-05;
    GR(216, 351) = 1.954838D-05;
    GR(216, 352) = 2.423656D-05;
    GR(216, 353) = 3.597589D-05;
    GR(216, 354) = 4.042955D-05;
    GR(216, 355) = 4.277222D-05;
    GR(216, 356) = 4.082578D-05;
    GR(216, 357) = 1.130667D-05;
    GR(216, 358) = 1.788481D-05;
    GR(216, 359) = 2.570533D-05;
    GR(216, 360) = 2.984481D-05;
    GR(216, 361) = 3.477256D-05;
    GR(216, 362) = 3.684887D-05;
    GR(216, 363) = 5.077909D-05;
    GR(216, 364) = 5.39068D-05;
    GR(216, 365) = 1.52603D-05;
    GR(216, 99999) = 2.906211D-02;
    GR(217, 218) = 3.352002D-06;
    GR(217, 219) = 2.74816D-05;
    GR(217, 300) = 8.545374D-06;
    GR(217, 301) = 1.052016D-05;
    GR(217, 302) = 1.506478D-05;
    GR(217, 303) = 1.754209D-05;
    GR(217, 304) = 2.088749D-05;
    GR(217, 305) = 1.999311D-05;
    GR(217, 306) = 1.059778D-05;
    GR(217, 308) = 1.089283D-05;
    GR(217, 309) = 1.485347D-05;
    GR(217, 310) = 1.542368D-05;
    GR(217, 311) = 1.668677D-05;
    GR(217, 312) = 1.9801D-05;
    GR(217, 313) = 1.995999D-05;
    GR(217, 314) = 7.984181D-06;
    GR(217, 350) = 1.549365D-05;
    GR(217, 351) = 1.975938D-05;
    GR(217, 352) = 2.13054D-05;
    GR(217, 353) = 2.547115D-05;
    GR(217, 354) = 2.679236D-05;
    GR(217, 355) = 2.959389D-05;
    GR(217, 356) = 9.583593D-06;
    GR(217, 358) = 1.20048D-05;
    GR(217, 359) = 1.342198D-05;
    GR(217, 360) = 2.129856D-05;
    GR(217, 361) = 2.327366D-05;
    GR(217, 362) = 2.8289D-05;
    GR(217, 363) = 2.959608D-05;
    GR(217, 364) = 1.370579D-05;
    GR(217, 99999) = 2.872602D-02;
    GR(218, 219) = 1.247369D-05;
    GR(218, 300) = 1.056318D-05;
    GR(218, 301) = 1.111385D-05;
    GR(218, 302) = 1.666779D-05;
    GR(218, 303) = 2.34765D-05;
    GR(218, 304) = 2.870496D-05;
    GR(218, 305) = 3.750639D-05;
    GR(218, 306) = 3.826243D-05;
    GR(218, 307) = 1.206234D-05;
    GR(218, 308) = 9.212836D-06;
    GR(218, 309) = 1.312804D-05;
    GR(218, 310) = 1.860746D-05;
    GR(218, 311) = 2.038347D-05;
    GR(218, 312) = 3.35101D-05;
    GR(218, 313) = 3.222956D-05;
    GR(218, 314) = 3.381389D-05;
    GR(218, 315) = 9.309666D-06;
    GR(218, 350) = 1.296538D-05;
    GR(218, 351) = 1.734391D-05;
    GR(218, 352) = 2.296662D-05;
    GR(218, 353) = 2.820295D-05;
    GR(218, 354) = 4.642301D-05;
    GR(218, 355) = 4.151488D-05;
    GR(218, 356) = 4.318399D-05;
    GR(218, 357) = 1.252174D-05;
    GR(218, 358) = 1.41653D-05;
    GR(218, 359) = 1.660312D-05;
    GR(218, 360) = 2.451192D-05;
    GR(218, 361) = 3.06617D-05;
    GR(218, 362) = 3.761368D-05;
    GR(218, 363) = 5.016165D-05;
    GR(218, 364) = 5.363912D-05;
    GR(218, 365) = 1.535824D-05;
    GR(218, 99999) = 2.910874D-02;
    GR(219, 300) = 1.004947D-05;
    GR(219, 301) = 1.105589D-05;
    GR(219, 302) = 1.369772D-05;
    GR(219, 303) = 1.849246D-05;
    GR(219, 304) = 1.98412D-05;
    GR(219, 305) = 1.688891D-05;
    GR(219, 306) = 8.804584D-06;
    GR(219, 308) = 1.074915D-05;
    GR(219, 309) = 1.386553D-05;
    GR(219, 310) = 1.592131D-05;
    GR(219, 311) = 1.99252D-05;
    GR(219, 312) = 2.362254D-05;
    GR(219, 313) = 1.939123D-05;
    GR(219, 314) = 1.035217D-05;
    GR(219, 350) = 1.530582D-05;
    GR(219, 351) = 1.932058D-05;
    GR(219, 352) = 2.148469D-05;
    GR(219, 353) = 2.87343D-05;
    GR(219, 354) = 3.109219D-05;
    GR(219, 355) = 2.764962D-05;
    GR(219, 356) = 1.420678D-05;
    GR(219, 358) = 1.250383D-05;
    GR(219, 359) = 1.448329D-05;
    GR(219, 360) = 1.798999D-05;
    GR(219, 361) = 2.507137D-05;
    GR(219, 362) = 2.757335D-05;
    GR(219, 363) = 2.489057D-05;
    GR(219, 364) = 1.24103D-05;
    GR(219, 99999) = 2.872917D-02;
    GR(220, 310) = 1.530972D-07;
    GR(220, 311) = 1.609224D-07;
    GR(220, 313) = 3.201438D-07;
    GR(220, 314) = 9.134851D-08;
    GR(220, 315) = 3.140197D-07;
    GR(220, 352) = 1.18984D-07;
    GR(220, 353) = 2.108224D-07;
    GR(220, 355) = 5.406288D-07;
    GR(220, 356) = 2.108224D-07;
    GR(220, 357) = 4.363889D-07;
    GR(220, 99999) = 2.49968D-02;
    GR(221, 315) = 3.140197D-07;
    GR(221, 357) = 4.363889D-07;
    GR(221, 99999) = 2.499905D-02;
    GR(222, 99999) = 2.5D-02;
    GR(223, 314) = 1.530972D-07;
    GR(223, 315) = 3.140197D-07;
    GR(223, 356) = 2.255665D-07;
    GR(223, 357) = 5.429713D-07;
    GR(223, 99999) = 2.499846D-02;
    GR(250, 251) = 1.297229D-03;
    GR(250, 252) = 1.348134D-03;
    GR(250, 254) = 5.941759D-03;
    GR(250, 255) = 4.077947D-03;
    GR(250, 256) = 3.910843D-02;
    GR(250, 257) = 9.275479D-03;
    GR(250, 258) = 7.129142D-03;
    GR(250, 259) = 5.853013D-03;
    GR(250, 260) = 8.671087D-03;
    GR(250, 261) = 5.548613D-03;
    GR(250, 262) = 5.202698D-03;
    GR(250, 263) = 6.780969D-03;
    GR(250, 264) = 5.824566D-03;
    GR(250, 265) = 8.805653D-03;
    GR(250, 266) = 3.887146D-03;
    GR(250, 267) = 6.25997D-03;
    GR(250, 268) = 9.400113D-03;
    GR(250, 269) = 3.963009D-02;
    GR(250, 270) = 7.392308D-03;
    GR(250, 271) = 5.584432D-03;
    GR(250, 272) = 9.742009D-03;
    GR(250, 273) = 7.317757D-03;
    GR(251, 253) = 1.412716D-03;
    GR(251, 254) = 4.255236D-03;
    GR(251, 255) = 5.845804D-03;
    GR(251, 256) = 8.649505D-03;
    GR(251, 257) = 3.891747D-02;
    GR(251, 258) = 5.61989D-03;
    GR(251, 259) = 4.349511D-03;
    GR(251, 260) = 4.011565D-02;
    GR(251, 261) = 9.306187D-03;
    GR(251, 262) = 7.362387D-03;
    GR(251, 263) = 5.09618D-03;
    GR(251, 264) = 8.972817D-03;
    GR(251, 265) = 5.48245D-03;
    GR(251, 266) = 5.499754D-03;
    GR(251, 267) = 6.7892D-03;
    GR(251, 268) = 5.146373D-03;
    GR(251, 269) = 9.120578D-03;
    GR(251, 270) = 6.215149D-03;
    GR(251, 271) = 7.721151D-03;
    GR(251, 272) = 7.6484D-03;
    GR(251, 273) = 1.016271D-02;
    GR(252, 253) = 1.319047D-03;
    GR(252, 254) = 7.143529D-03;
    GR(252, 255) = 5.586855D-03;
    GR(252, 256) = 9.298556D-03;
    GR(252, 257) = 5.65694D-03;
    GR(252, 258) = 5.31554D-03;
    GR(252, 259) = 6.99226D-03;
    GR(252, 260) = 6.174186D-03;
    GR(252, 261) = 8.193048D-03;
    GR(252, 262) = 4.367978D-03;
    GR(252, 263) = 5.893041D-03;
    GR(252, 264) = 8.959551D-03;
    GR(252, 265) = 3.892887D-02;
    GR(252, 266) = 5.627165D-03;
    GR(252, 267) = 4.081851D-03;
    GR(252, 268) = 3.950686D-02;
    GR(252, 269) = 9.303622D-03;
    GR(252, 270) = 9.173605D-03;
    GR(252, 271) = 7.749667D-03;
    GR(252, 272) = 7.595853D-03;
    GR(252, 273) = 5.981059D-03;
    GR(253, 254) = 5.373904D-03;
    GR(253, 255) = 6.512293D-03;
    GR(253, 256) = 5.17425D-03;
    GR(253, 257) = 8.422267D-03;
    GR(253, 258) = 4.434441D-03;
    GR(253, 259) = 5.355687D-03;
    GR(253, 260) = 9.213647D-03;
    GR(253, 261) = 3.902498D-02;
    GR(253, 262) = 5.925137D-03;
    GR(253, 263) = 4.234192D-03;
    GR(253, 264) = 3.935766D-02;
    GR(253, 265) = 9.853427D-03;
    GR(253, 266) = 6.848551D-03;
    GR(253, 267) = 5.113674D-03;
    GR(253, 268) = 8.9691D-03;
    GR(253, 269) = 5.491076D-03;
    GR(253, 270) = 7.799928D-03;
    GR(253, 271) = 9.929262D-03;
    GR(253, 272) = 6.230281D-03;
    GR(253, 273) = 7.681483D-03;
    GR(254, 255) = 1.976383D-03;
    GR(254, 256) = 1.688805D-03;
    GR(254, 257) = 1.411148D-03;
    GR(254, 258) = 9.905944D-03;
    GR(254, 259) = 9.978982D-03;
    GR(254, 260) = 5.32398D-03;
    GR(254, 261) = 6.292613D-03;
    GR(254, 262) = 1.345532D-02;
    GR(254, 263) = 1.938882D-02;
    GR(254, 264) = 9.005961D-03;
    GR(254, 265) = 1.160049D-02;
    GR(254, 266) = 1.035875D-02;
    GR(254, 267) = 4.733594D-02;
    GR(254, 268) = 5.190588D-03;
    GR(254, 269) = 9.045839D-03;
    GR(254, 270) = 9.347941D-03;
    GR(254, 271) = 5.62215D-03;
    GR(254, 272) = 3.953263D-02;
    GR(254, 273) = 9.257726D-03;
    GR(255, 256) = 1.382389D-03;
    GR(255, 257) = 1.719113D-03;
    GR(255, 258) = 4.709168D-02;
    GR(255, 259) = 1.006458D-02;
    GR(255, 260) = 9.483681D-03;
    GR(255, 261) = 5.422816D-03;
    GR(255, 262) = 1.850108D-02;
    GR(255, 263) = 1.374835D-02;
    GR(255, 264) = 1.164896D-02;
    GR(255, 265) = 9.366587D-03;
    GR(255, 266) = 9.973695D-03;
    GR(255, 267) = 1.007984D-02;
    GR(255, 268) = 6.762365D-03;
    GR(255, 269) = 5.526831D-03;
    GR(255, 270) = 5.470194D-03;
    GR(255, 271) = 8.922609D-03;
    GR(255, 272) = 9.348582D-03;
    GR(255, 273) = 3.88762D-02;
    GR(256, 257) = 1.902833D-03;
    GR(256, 258) = 5.284511D-03;
    GR(256, 259) = 6.765938D-03;
    GR(256, 260) = 9.799296D-03;
    GR(256, 261) = 1.046502D-02;
    GR(256, 262) = 8.853319D-03;
    GR(256, 263) = 1.216211D-02;
    GR(256, 264) = 1.332521D-02;
    GR(256, 265) = 1.84247D-02;
    GR(256, 266) = 5.309084D-03;
    GR(256, 267) = 8.940472D-03;
    GR(256, 268) = 9.497724D-03;
    GR(256, 269) = 4.785288D-02;
    GR(256, 270) = 6.957289D-03;
    GR(256, 271) = 5.260916D-03;
    GR(256, 272) = 5.891278D-03;
    GR(256, 273) = 4.428856D-03;
    GR(257, 258) = 8.671953D-03;
    GR(257, 259) = 5.650311D-03;
    GR(257, 260) = 4.721715D-02;
    GR(257, 261) = 1.017176D-02;
    GR(257, 262) = 1.157168D-02;
    GR(257, 263) = 9.401405D-03;
    GR(257, 264) = 1.811546D-02;
    GR(257, 265) = 1.320433D-02;
    GR(257, 266) = 6.745661D-03;
    GR(257, 267) = 5.659626D-03;
    GR(257, 268) = 1.000092D-02;
    GR(257, 269) = 1.030802D-02;
    GR(257, 270) = 5.765741D-03;
    GR(257, 271) = 7.125023D-03;
    GR(257, 272) = 4.159887D-03;
    GR(257, 273) = 6.03659D-03;
    GR(258, 259) = 2.034367D-03;
    GR(258, 260) = 1.726519D-03;
    GR(258, 261) = 1.38086D-03;
    GR(258, 262) = 1.018256D-02;
    GR(258, 263) = 9.841296D-03;
    GR(258, 264) = 5.584187D-03;
    GR(258, 265) = 6.466095D-03;
    GR(258, 266) = 1.341204D-02;
    GR(258, 267) = 1.883917D-02;
    GR(258, 268) = 8.270741D-03;
    GR(258, 269) = 1.18371D-02;
    GR(258, 270) = 5.626186D-03;
    GR(258, 271) = 9.270846D-03;
    GR(258, 272) = 8.840433D-03;
    GR(258, 273) = 3.973008D-02;
    GR(259, 260) = 1.443869D-03;
    GR(259, 261) = 1.748082D-03;
    GR(259, 262) = 4.69462D-02;
    GR(259, 263) = 9.753666D-03;
    GR(259, 264) = 9.145478D-03;
    GR(259, 265) = 5.004314D-03;
    GR(259, 266) = 1.82734D-02;
    GR(259, 267) = 1.316493D-02;
    GR(259, 268) = 1.149706D-02;
    GR(259, 269) = 9.219656D-03;
    GR(259, 270) = 8.904313D-03;
    GR(259, 271) = 3.974206D-02;
    GR(259, 272) = 5.521761D-03;
    GR(259, 273) = 8.863428D-03;
    GR(260, 261) = 1.947479D-03;
    GR(260, 262) = 5.090336D-03;
    GR(260, 263) = 7.043755D-03;
    GR(260, 264) = 9.853446D-03;
    GR(260, 265) = 9.731808D-03;
    GR(260, 266) = 9.169819D-03;
    GR(260, 267) = 1.243993D-02;
    GR(260, 268) = 1.314662D-02;
    GR(260, 269) = 1.873139D-02;
    GR(260, 270) = 5.795066D-03;
    GR(260, 271) = 3.856415D-03;
    GR(260, 272) = 7.063084D-03;
    GR(260, 273) = 6.236822D-03;
    GR(261, 262) = 8.529065D-03;
    GR(261, 263) = 5.495514D-03;
    GR(261, 264) = 4.801529D-02;
    GR(261, 265) = 1.03355D-02;
    GR(261, 266) = 1.298983D-02;
    GR(261, 267) = 8.859222D-03;
    GR(261, 268) = 1.899918D-02;
    GR(261, 269) = 1.318981D-02;
    GR(261, 270) = 7.167567D-03;
    GR(261, 271) = 5.771439D-03;
    GR(261, 272) = 5.710518D-03;
    GR(261, 273) = 4.124888D-03;
    GR(262, 263) = 1.909046D-03;
    GR(262, 264) = 1.766568D-03;
    GR(262, 265) = 1.392508D-03;
    GR(262, 266) = 9.752438D-03;
    GR(262, 267) = 9.891172D-03;
    GR(262, 268) = 5.459905D-03;
    GR(262, 269) = 6.858896D-03;
    GR(262, 270) = 8.982446D-03;
    GR(262, 271) = 3.978583D-02;
    GR(262, 272) = 5.957087D-03;
    GR(262, 273) = 8.20887D-03;
    GR(263, 264) = 1.385721D-03;
    GR(263, 265) = 1.718358D-03;
    GR(263, 266) = 4.740782D-02;
    GR(263, 267) = 9.854043D-03;
    GR(263, 268) = 8.948074D-03;
    GR(263, 269) = 5.488769D-03;
    GR(263, 270) = 3.907802D-02;
    GR(263, 271) = 9.062779D-03;
    GR(263, 272) = 8.907883D-03;
    GR(263, 273) = 5.77243D-03;
    GR(264, 265) = 1.9689D-03;
    GR(264, 266) = 5.26188D-03;
    GR(264, 267) = 7.063362D-03;
    GR(264, 268) = 9.867987D-03;
    GR(264, 269) = 9.63271D-03;
    GR(264, 270) = 4.049636D-03;
    GR(264, 271) = 5.740094D-03;
    GR(264, 272) = 5.777083D-03;
    GR(264, 273) = 6.939962D-03;
    GR(265, 266) = 9.321528D-03;
    GR(265, 267) = 5.529021D-03;
    GR(265, 268) = 4.763094D-02;
    GR(265, 269) = 9.659341D-03;
    GR(265, 270) = 5.901279D-03;
    GR(265, 271) = 4.155716D-03;
    GR(265, 272) = 6.979347D-03;
    GR(265, 273) = 5.862836D-03;
    GR(266, 267) = 1.943482D-03;
    GR(266, 268) = 1.744008D-03;
    GR(266, 269) = 1.408484D-03;
    GR(266, 270) = 3.88966D-02;
    GR(266, 271) = 8.786617D-03;
    GR(266, 272) = 9.142957D-03;
    GR(266, 273) = 5.621202D-03;
    GR(267, 268) = 1.392117D-03;
    GR(267, 269) = 1.629483D-03;
    GR(267, 270) = 9.226193D-03;
    GR(267, 271) = 5.688713D-03;
    GR(267, 272) = 3.86638D-02;
    GR(267, 273) = 8.683903D-03;
    GR(268, 269) = 1.946982D-03;
    GR(268, 270) = 5.932444D-03;
    GR(268, 271) = 7.212055D-03;
    GR(268, 272) = 4.450378D-03;
    GR(268, 273) = 5.730673D-03;
    GR(269, 270) = 4.430005D-03;
    GR(269, 271) = 5.76158D-03;
    GR(269, 272) = 5.508792D-03;
    GR(269, 273) = 7.27073D-03;
    GR(270, 271) = 1.291302D-03;
    GR(270, 272) = 1.339207D-03;
    GR(271, 273) = 1.316448D-03;
    GR(272, 273) = 1.362362D-03;
    GR(300, 301) = 2.87677D-06;
    GR(300, 302) = 2.410578D-06;
    GR(300, 303) = 9.428592D-07;
    GR(300, 304) = 1.885718D-06;
    GR(300, 305) = 4.344488D-06;
    GR(300, 306) = 7.124875D-06;
    GR(300, 307) = 9.396168D-06;
    GR(300, 310) = 5.143833D-07;
    GR(300, 311) = 1.836379D-06;
    GR(300, 312) = 2.362386D-06;
    GR(300, 313) = 7.783833D-06;
    GR(300, 314) = 8.506687D-06;
    GR(300, 315) = 5.571247D-06;
    GR(300, 99999) = 2.746366D-01;
    GR(301, 302) = 1.923434D-06;
    GR(301, 303) = 5.190964D-06;
    GR(301, 304) = 1.885717D-06;
    GR(301, 305) = 4.285821D-06;
    GR(301, 306) = 8.678502D-06;
    GR(301, 307) = 8.783618D-06;
    GR(301, 308) = 1.933911D-06;
    GR(301, 309) = 1.409051D-06;
    GR(301, 310) = 1.885718D-06;
    GR(301, 311) = 2.828577D-06;
    GR(301, 312) = 1.457244D-06;
    GR(301, 313) = 5.705348D-06;
    GR(301, 314) = 1.144841D-05;
    GR(301, 315) = 1.249813D-05;
    GR(301, 99999) = 2.745885D-01;
    GR(302, 303) = 5.228681D-06;
    GR(302, 304) = 5.249633D-06;
    GR(302, 305) = 9.144693D-06;
    GR(302, 306) = 8.057258D-06;
    GR(302, 307) = 3.496735D-05;
    GR(302, 308) = 4.766674D-07;
    GR(302, 309) = 4.766677D-07;
    GR(302, 310) = 2.066267D-06;
    GR(302, 311) = 2.876771D-06;
    GR(302, 312) = 6.171536D-06;
    GR(302, 313) = 8.848574D-06;
    GR(302, 314) = 1.360695D-05;
    GR(302, 315) = 2.226103D-05;
    GR(302, 99999) = 2.744552D-01;
    GR(303, 304) = 8.143166D-06;
    GR(303, 305) = 7.639255D-06;
    GR(303, 306) = 2.486216D-05;
    GR(303, 307) = 4.041939D-05;
    GR(303, 308) = 2.828578D-06;
    GR(303, 309) = 2.138936D-06;
    GR(303, 310) = 2.580652D-06;
    GR(303, 311) = 4.858873D-06;
    GR(303, 312) = 5.608963D-06;
    GR(303, 313) = 5.839446D-06;
    GR(303, 314) = 1.689085D-05;
    GR(303, 315) = 3.054656D-05;
    GR(303, 99999) = 2.743473D-01;
    GR(304, 305) = 1.699127D-05;
    GR(304, 306) = 3.562339D-05;
    GR(304, 307) = 6.080296D-05;
    GR(304, 308) = 2.762638D-06;
    GR(304, 309) = 1.419528D-06;
    GR(304, 310) = 4.762487D-06;
    GR(304, 311) = 4.666104D-06;
    GR(304, 312) = 1.320003D-05;
    GR(304, 313) = 1.027506D-05;
    GR(304, 314) = 3.538752D-05;
    GR(304, 315) = 6.090035D-05;
    GR(304, 99999) = 2.740546D-01;
    GR(305, 306) = 6.619383D-05;
    GR(305, 307) = 1.31346D-04;
    GR(305, 308) = 3.29477D-06;
    GR(305, 309) = 2.780386D-06;
    GR(305, 310) = 9.621361D-06;
    GR(305, 311) = 1.210737D-05;
    GR(305, 312) = 1.416914D-05;
    GR(305, 313) = 2.397975D-05;
    GR(305, 314) = 6.636892D-05;
    GR(305, 315) = 1.086816D-04;
    GR(305, 99999) = 2.735977D-01;
    GR(306, 307) = 2.606979D-04;
    GR(306, 308) = 6.592744D-06;
    GR(306, 309) = 7.048459D-06;
    GR(306, 310) = 1.640367D-05;
    GR(306, 311) = 2.641579D-05;
    GR(306, 312) = 2.255631D-05;
    GR(306, 313) = 5.644591D-05;
    GR(306, 314) = 1.200101D-04;
    GR(306, 315) = 2.201356D-04;
    GR(306, 99999) = 2.727218D-01;
    GR(307, 308) = 1.09927D-05;
    GR(307, 309) = 8.164118D-06;
    GR(307, 310) = 2.154004D-05;
    GR(307, 311) = 2.888318D-05;
    GR(307, 312) = 5.434561D-05;
    GR(307, 313) = 1.067004D-04;
    GR(307, 314) = 2.168156D-04;
    GR(307, 315) = 5.417244D-04;
    GR(307, 99999) = 2.697233D-01;
    GR(308, 309) = 9.428586D-07;
    GR(308, 310) = 1.885718D-06;
    GR(308, 311) = 1.885718D-06;
    GR(308, 312) = 2.448294D-06;
    GR(308, 313) = 7.173068D-06;
    GR(308, 314) = 7.230754D-06;
    GR(308, 315) = 8.505701D-06;
    GR(308, 99999) = 2.746135D-01;
    GR(309, 310) = 4.284756D-07;
    GR(309, 311) = 3.391153D-06;
    GR(309, 312) = 1.419527D-06;
    GR(309, 313) = 4.81068D-06;
    GR(309, 314) = 8.962401D-06;
    GR(309, 315) = 1.166637D-05;
    GR(309, 99999) = 2.745992D-01;
    GR(310, 311) = 1.933911D-06;
    GR(310, 312) = 4.752012D-06;
    GR(310, 313) = 6.696399D-06;
    GR(310, 314) = 7.076682D-06;
    GR(310, 315) = 2.495231D-05;
    GR(310, 99999) = 2.744913D-01;
    GR(311, 312) = 8.602086D-06;
    GR(311, 313) = 1.625182D-05;
    GR(311, 314) = 2.159013D-05;
    GR(311, 315) = 3.423226D-05;
    GR(311, 99999) = 2.743105D-01;
    GR(312, 313) = 2.017511D-05;
    GR(312, 314) = 3.403106D-05;
    GR(312, 315) = 5.359911D-05;
    GR(312, 99999) = 2.741266D-01;
    GR(313, 314) = 5.536507D-05;
    GR(313, 315) = 1.048485D-04;
    GR(313, 99999) = 2.736437D-01;
    GR(314, 315) = 2.876201D-04;
    GR(314, 99999) = 2.724053D-01;
    GR(315, 99999) = 2.698675D-01;
    GR(350, 351) = 3.575819D-06;
    GR(350, 352) = 7.04647D-06;
    GR(350, 353) = 5.508636D-06;
    GR(350, 354) = 1.009062D-06;
    GR(350, 355) = 5.593942D-06;
    GR(350, 356) = 1.814905D-05;
    GR(350, 357) = 1.561594D-05;
    GR(350, 359) = 1.54949D-06;
    GR(350, 360) = 1.009061D-06;
    GR(350, 361) = 5.718984D-06;
    GR(350, 362) = 2.922011D-06;
    GR(350, 363) = 1.787909D-06;
    GR(350, 364) = 1.5346D-05;
    GR(350, 365) = 1.812918D-05;
    GR(350, 99999) = 3.781466D-01;
    GR(351, 352) = 1.91295D-06;
    GR(351, 353) = 2.922011D-06;
    GR(351, 354) = 2.691799D-06;
    GR(351, 355) = 9.419844D-06;
    GR(351, 356) = 1.657149D-05;
    GR(351, 357) = 2.477744D-05;
    GR(351, 358) = 1.009062D-06;
    GR(351, 360) = 2.796972D-06;
    GR(351, 361) = 8.991211D-06;
    GR(351, 362) = 9.084459D-06;
    GR(351, 363) = 1.164514D-05;
    GR(351, 364) = 1.377451D-05;
    GR(351, 365) = 1.256889D-05;
    GR(351, 99999) = 3.780942D-01;
    GR(352, 353) = 4.479711D-06;
    GR(352, 354) = 1.030899D-05;
    GR(352, 355) = 2.536335D-05;
    GR(352, 356) = 1.737758D-05;
    GR(352, 357) = 3.369161D-05;
    GR(352, 358) = 3.806035D-06;
    GR(352, 360) = 2.691799D-06;
    GR(352, 361) = 3.575823D-06;
    GR(352, 362) = 9.843443D-06;
    GR(352, 363) = 8.959418D-06;
    GR(352, 364) = 1.131293D-05;
    GR(352, 365) = 3.971653D-05;
    GR(352, 99999) = 3.780033D-01;
    GR(353, 354) = 1.478358D-05;
    GR(353, 355) = 2.485722D-05;
    GR(353, 356) = 5.581413D-05;
    GR(353, 357) = 6.729791D-05;
    GR(353, 358) = 9.823575D-06;
    GR(353, 359) = 3.70086D-06;
    GR(353, 360) = 1.662872D-06;
    GR(353, 361) = 7.930491D-06;
    GR(353, 362) = 1.289049D-05;
    GR(353, 363) = 1.903308D-05;
    GR(353, 364) = 3.234393D-05;
    GR(353, 365) = 6.164341D-05;
    GR(353, 99999) = 3.777191D-01;
    GR(354, 355) = 3.627533D-05;
    GR(354, 356) = 7.2029D-05;
    GR(354, 357) = 8.285012D-05;
    GR(354, 358) = 6.162446D-06;
    GR(354, 359) = 2.816837D-06;
    GR(354, 360) = 1.044878D-05;
    GR(354, 361) = 2.475944D-05;
    GR(354, 362) = 2.42519D-05;
    GR(354, 363) = 4.151692D-05;
    GR(354, 364) = 3.562442D-05;
    GR(354, 365) = 1.02663D-04;
    GR(354, 99999) = 3.772622D-01;
    GR(355, 356) = 1.215432D-04;
    GR(355, 357) = 2.141648D-04;
    GR(355, 358) = 8.055527D-06;
    GR(355, 359) = 1.163135D-05;
    GR(355, 360) = 2.092616D-05;
    GR(355, 361) = 2.285897D-05;
    GR(355, 362) = 3.404686D-05;
    GR(355, 363) = 7.027661D-05;
    GR(355, 364) = 8.473867D-05;
    GR(355, 365) = 1.795149D-04;
    GR(355, 99999) = 3.764792D-01;
    GR(356, 357) = 5.183933D-04;
    GR(356, 358) = 2.002227D-05;
    GR(356, 359) = 1.661122D-05;
    GR(356, 360) = 2.336788D-05;
    GR(356, 361) = 3.599955D-05;
    GR(356, 362) = 6.232259D-05;
    GR(356, 363) = 9.964774D-05;
    GR(356, 364) = 2.237629D-04;
    GR(356, 365) = 3.958515D-04;
    GR(356, 99999) = 3.747269D-01;
    GR(357, 358) = 2.55309D-05;
    GR(357, 359) = 2.716143D-05;
    GR(357, 360) = 3.140769D-05;
    GR(357, 361) = 6.820179D-05;
    GR(357, 362) = 1.148442D-04;
    GR(357, 363) = 2.015947D-04;
    GR(357, 364) = 4.200186D-04;
    GR(357, 365) = 9.900113D-04;
    GR(357, 99999) = 3.700351D-01;
    GR(358, 359) = 2.018122D-06;
    GR(358, 361) = 2.678913D-06;
    GR(358, 362) = 6.622872D-06;
    GR(358, 363) = 7.296545D-06;
    GR(358, 364) = 1.623002D-05;
    GR(358, 365) = 1.817766D-05;
    GR(358, 99999) = 3.781354D-01;
    GR(359, 360) = 2.018123D-06;
    GR(359, 361) = 4.181153D-06;
    GR(359, 363) = 1.110258D-05;
    GR(359, 364) = 9.209497D-06;
    GR(359, 365) = 2.966915D-05;
    GR(359, 99999) = 3.780936D-01;
    GR(360, 361) = 6.267618D-06;
    GR(360, 362) = 7.256819D-06;
    GR(360, 363) = 1.434342D-05;
    GR(360, 364) = 1.840787D-05;
    GR(360, 365) = 4.471763D-05;
    GR(360, 99999) = 3.779539D-01;
    GR(361, 362) = 2.249764D-05;
    GR(361, 363) = 3.3395D-05;
    GR(361, 364) = 4.094843D-05;
    GR(361, 365) = 5.938841D-05;
    GR(361, 99999) = 3.776022D-01;
    GR(362, 363) = 4.493342D-05;
    GR(362, 364) = 6.011804D-05;
    GR(362, 365) = 1.149148D-04;
    GR(362, 99999) = 3.772608D-01;
    GR(363, 364) = 1.234046D-04;
    GR(363, 365) = 2.485681D-04;
    GR(363, 99999) = 3.764231D-01;
    GR(364, 365) = 4.850817D-04;
    GR(364, 99999) = 3.749612D-01;
    GR(365, 99999) = 3.704346D-01;
# ESATAN-TMS 2020, run date 11:33 Tue 13 Apr 2021
# Model name: HelloWorld        Generated conductors
    GR(100,150) = 2.25D-02; # from primitive Body_A
    GR(101,151) = 2.25D-02; # from primitive Body_A
    GR(102,152) = 2.25D-02; # from primitive Body_A
    GR(103,153) = 2.25D-02; # from primitive Body_A
    GR(104,154) = 1.35D-02; # from primitive Body_A
    GR(105,155) = 1.35D-02; # from primitive Body_A
    GR(106,156) = 1.35D-02; # from primitive Body_A
    GR(107,157) = 1.35D-02; # from primitive Body_A
    GR(108,158) = 1.8D-02; # from primitive Body_A
    GR(109,159) = 1.8D-02; # from primitive Body_A
    GR(110,160) = 1.8D-02; # from primitive Body_A
    GR(111,161) = 1.8D-02; # from primitive Body_A
    GR(112,162) = 1.35D-02; # from primitive Body_A
    GR(113,163) = 1.35D-02; # from primitive Body_A
    GR(114,164) = 1.35D-02; # from primitive Body_A
    GR(115,165) = 1.35D-02; # from primitive Body_A
    GR(116,166) = 1.8D-02; # from primitive Body_A
    GR(117,167) = 1.8D-02; # from primitive Body_A
    GR(118,168) = 1.8D-02; # from primitive Body_A
    GR(119,169) = 1.8D-02; # from primitive Body_A
    GR(120,170) = 2.25D-02; # from primitive Body_A
    GR(121,171) = 2.25D-02; # from primitive Body_A
    GR(122,172) = 2.25D-02; # from primitive Body_A
    GR(123,173) = 2.25D-02; # from primitive Body_A
    GL(150,151) = k_Al_6061 * 2.666515D-03; # from primitive Body_A
    GL(150,152) = k_Al_6061 * 1.499952D-03; # from primitive Body_A
    GL(150,156) = 1.0 / ((1.0 / (2.999904D-03 * k_Al_6061)) + (1.0 / (4.999729D-03 * k_Al_6061))); # from conductive interface ci_1
    GL(150,169) = 1.0 / ((1.0 / (5.333029D-03 * k_Al_6061)) + (1.0 / (6.66623D-03 * k_Al_6061))); # from conductive interface ci_4
    GL(151,153) = k_Al_6061 * 1.499952D-03; # from primitive Body_A
    GL(151,157) = 1.0 / ((1.0 / (2.999904D-03 * k_Al_6061)) + (1.0 / (4.999729D-03 * k_Al_6061))); # from conductive interface ci_1
    GL(151,160) = 1.0 / ((1.0 / (5.333029D-03 * k_Al_6061)) + (1.0 / (6.66623D-03 * k_Al_6061))); # from conductive interface ci_22
    GL(152,153) = k_Al_6061 * 2.666515D-03; # from primitive Body_A
    GL(152,165) = 1.0 / ((1.0 / (2.999904D-03 * k_Al_6061)) + (1.0 / (4.999729D-03 * k_Al_6061))); # from conductive interface ci_3
    GL(152,168) = 1.0 / ((1.0 / (5.333029D-03 * k_Al_6061)) + (1.0 / (6.66623D-03 * k_Al_6061))); # from conductive interface ci_4
    GL(153,161) = 1.0 / ((1.0 / (5.333029D-03 * k_Al_6061)) + (1.0 / (6.66623D-03 * k_Al_6061))); # from conductive interface ci_22
    GL(153,164) = 1.0 / ((1.0 / (2.999904D-03 * k_Al_6061)) + (1.0 / (4.999729D-03 * k_Al_6061))); # from conductive interface ci_3
    GL(154,155) = k_Al_6061 * 1.599944D-03; # from primitive Body_A
    GL(154,156) = k_Al_6061 * 2.499864D-03; # from primitive Body_A
    GL(154,167) = 1.0 / ((1.0 / (3.199889D-03 * k_Al_6061)) + (1.0 / (2.399943D-03 * k_Al_6061))); # from conductive interface ci_6
    GL(154,172) = 1.0 / ((1.0 / (4.999729D-03 * k_Al_6061)) + (1.0 / (2.999904D-03 * k_Al_6061))); # from conductive interface ci_2
    GL(155,157) = k_Al_6061 * 2.499864D-03; # from primitive Body_A
    GL(155,158) = 1.0 / ((1.0 / (3.199889D-03 * k_Al_6061)) + (1.0 / (2.399943D-03 * k_Al_6061))); # from conductive interface ci_21
    GL(155,173) = 1.0 / ((1.0 / (4.999729D-03 * k_Al_6061)) + (1.0 / (2.999904D-03 * k_Al_6061))); # from conductive interface ci_2
    GL(156,157) = k_Al_6061 * 1.599944D-03; # from primitive Body_A
    GL(156,169) = 1.0 / ((1.0 / (3.199889D-03 * k_Al_6061)) + (1.0 / (2.399943D-03 * k_Al_6061))); # from conductive interface ci_6
    GL(157,160) = 1.0 / ((1.0 / (3.199889D-03 * k_Al_6061)) + (1.0 / (2.399943D-03 * k_Al_6061))); # from conductive interface ci_21
    GL(158,159) = k_Al_6061 * 1.199972D-03; # from primitive Body_A
    GL(158,160) = k_Al_6061 * 3.333115D-03; # from primitive Body_A
    GL(158,173) = 1.0 / ((1.0 / (6.66623D-03 * k_Al_6061)) + (1.0 / (5.333029D-03 * k_Al_6061))); # from conductive interface ci_24
    GL(159,161) = k_Al_6061 * 3.333115D-03; # from primitive Body_A
    GL(159,162) = 1.0 / ((1.0 / (2.399943D-03 * k_Al_6061)) + (1.0 / (3.199889D-03 * k_Al_6061))); # from conductive interface ci_23
    GL(159,171) = 1.0 / ((1.0 / (6.66623D-03 * k_Al_6061)) + (1.0 / (5.333029D-03 * k_Al_6061))); # from conductive interface ci_24
    GL(160,161) = k_Al_6061 * 1.199972D-03; # from primitive Body_A
    GL(161,164) = 1.0 / ((1.0 / (2.399943D-03 * k_Al_6061)) + (1.0 / (3.199889D-03 * k_Al_6061))); # from conductive interface ci_23
    GL(162,163) = k_Al_6061 * 1.599944D-03; # from primitive Body_A
    GL(162,164) = k_Al_6061 * 2.499864D-03; # from primitive Body_A
    GL(162,171) = 1.0 / ((1.0 / (4.999729D-03 * k_Al_6061)) + (1.0 / (2.999904D-03 * k_Al_6061))); # from conductive interface ci_5
    GL(163,165) = k_Al_6061 * 2.499864D-03; # from primitive Body_A
    GL(163,166) = 1.0 / ((1.0 / (3.199889D-03 * k_Al_6061)) + (1.0 / (2.399943D-03 * k_Al_6061))); # from conductive interface ci_7
    GL(163,170) = 1.0 / ((1.0 / (4.999729D-03 * k_Al_6061)) + (1.0 / (2.999904D-03 * k_Al_6061))); # from conductive interface ci_5
    GL(164,165) = k_Al_6061 * 1.599944D-03; # from primitive Body_A
    GL(165,168) = 1.0 / ((1.0 / (3.199889D-03 * k_Al_6061)) + (1.0 / (2.399943D-03 * k_Al_6061))); # from conductive interface ci_7
    GL(166,167) = k_Al_6061 * 1.199972D-03; # from primitive Body_A
    GL(166,168) = k_Al_6061 * 3.333115D-03; # from primitive Body_A
    GL(166,170) = 1.0 / ((1.0 / (6.66623D-03 * k_Al_6061)) + (1.0 / (5.333029D-03 * k_Al_6061))); # from conductive interface ci_8
    GL(167,169) = k_Al_6061 * 3.333115D-03; # from primitive Body_A
    GL(167,172) = 1.0 / ((1.0 / (6.66623D-03 * k_Al_6061)) + (1.0 / (5.333029D-03 * k_Al_6061))); # from conductive interface ci_8
    GL(168,169) = k_Al_6061 * 1.199972D-03; # from primitive Body_A
    GL(170,171) = k_Al_6061 * 2.666515D-03; # from primitive Body_A
    GL(170,172) = k_Al_6061 * 1.499952D-03; # from primitive Body_A
    GL(171,173) = k_Al_6061 * 1.499952D-03; # from primitive Body_A
    GL(172,173) = k_Al_6061 * 2.666515D-03; # from primitive Body_A
    GR(200,250) = 7.5D-03; # from primitive Body_B
    GR(201,251) = 7.5D-03; # from primitive Body_B
    GR(202,252) = 7.5D-03; # from primitive Body_B
    GR(203,253) = 7.5D-03; # from primitive Body_B
    GR(204,254) = 9.D-03; # from primitive Body_B
    GR(205,255) = 9.D-03; # from primitive Body_B
    GR(206,256) = 9.D-03; # from primitive Body_B
    GR(207,257) = 9.D-03; # from primitive Body_B
    GR(208,258) = 9.D-03; # from primitive Body_B
    GR(209,259) = 9.D-03; # from primitive Body_B
    GR(210,260) = 9.D-03; # from primitive Body_B
    GR(211,261) = 9.D-03; # from primitive Body_B
    GR(212,262) = 9.D-03; # from primitive Body_B
    GR(213,263) = 9.D-03; # from primitive Body_B
    GR(214,264) = 9.D-03; # from primitive Body_B
    GR(215,265) = 9.D-03; # from primitive Body_B
    GR(216,266) = 9.D-03; # from primitive Body_B
    GR(217,267) = 9.D-03; # from primitive Body_B
    GR(218,268) = 9.D-03; # from primitive Body_B
    GR(219,269) = 9.D-03; # from primitive Body_B
    GR(220,270) = 7.5D-03; # from primitive Body_B
    GR(221,271) = 7.5D-03; # from primitive Body_B
    GR(222,272) = 7.5D-03; # from primitive Body_B
    GR(223,273) = 7.5D-03; # from primitive Body_B
    GL(250,251) = k_Al_6061 * 1.999911D-03; # from primitive Body_B
    GL(250,252) = k_Al_6061 * 1.999911D-03; # from primitive Body_B
    GL(250,256) = 1.0 / ((1.0 / (3.999822D-03 * k_Al_6061)) + (1.0 / (3.333212D-03 * k_Al_6061))); # from conductive interface ci_16
    GL(250,269) = 1.0 / ((1.0 / (3.999822D-03 * k_Al_6061)) + (1.0 / (3.333212D-03 * k_Al_6061))); # from conductive interface ci_11
    GL(251,253) = k_Al_6061 * 1.999911D-03; # from primitive Body_B
    GL(251,257) = 1.0 / ((1.0 / (3.999822D-03 * k_Al_6061)) + (1.0 / (3.333212D-03 * k_Al_6061))); # from conductive interface ci_16
    GL(251,260) = 1.0 / ((1.0 / (3.999822D-03 * k_Al_6061)) + (1.0 / (3.333212D-03 * k_Al_6061))); # from conductive interface ci_19
    GL(252,253) = k_Al_6061 * 1.999911D-03; # from primitive Body_B
    GL(252,265) = 1.0 / ((1.0 / (3.999822D-03 * k_Al_6061)) + (1.0 / (3.333212D-03 * k_Al_6061))); # from conductive interface ci_15
    GL(252,268) = 1.0 / ((1.0 / (3.999822D-03 * k_Al_6061)) + (1.0 / (3.333212D-03 * k_Al_6061))); # from conductive interface ci_11
    GL(253,261) = 1.0 / ((1.0 / (3.999822D-03 * k_Al_6061)) + (1.0 / (3.333212D-03 * k_Al_6061))); # from conductive interface ci_19
    GL(253,264) = 1.0 / ((1.0 / (3.999822D-03 * k_Al_6061)) + (1.0 / (3.333212D-03 * k_Al_6061))); # from conductive interface ci_15
    GL(254,255) = k_Al_6061 * 2.399874D-03; # from primitive Body_B
    GL(254,256) = k_Al_6061 * 1.666606D-03; # from primitive Body_B
    GL(254,267) = 1.0 / ((1.0 / (4.799748D-03 * k_Al_6061)) + (1.0 / (4.799748D-03 * k_Al_6061))); # from conductive interface ci_10
    GL(254,272) = 1.0 / ((1.0 / (3.333212D-03 * k_Al_6061)) + (1.0 / (3.999822D-03 * k_Al_6061))); # from conductive interface ci_14
    GL(255,257) = k_Al_6061 * 1.666606D-03; # from primitive Body_B
    GL(255,258) = 1.0 / ((1.0 / (4.799748D-03 * k_Al_6061)) + (1.0 / (4.799748D-03 * k_Al_6061))); # from conductive interface ci_20
    GL(255,273) = 1.0 / ((1.0 / (3.333212D-03 * k_Al_6061)) + (1.0 / (3.999822D-03 * k_Al_6061))); # from conductive interface ci_14
    GL(256,257) = k_Al_6061 * 2.399874D-03; # from primitive Body_B
    GL(256,269) = 1.0 / ((1.0 / (4.799748D-03 * k_Al_6061)) + (1.0 / (4.799748D-03 * k_Al_6061))); # from conductive interface ci_10
    GL(257,260) = 1.0 / ((1.0 / (4.799748D-03 * k_Al_6061)) + (1.0 / (4.799748D-03 * k_Al_6061))); # from conductive interface ci_20
    GL(258,259) = k_Al_6061 * 2.399874D-03; # from primitive Body_B
    GL(258,260) = k_Al_6061 * 1.666606D-03; # from primitive Body_B
    GL(258,273) = 1.0 / ((1.0 / (3.333212D-03 * k_Al_6061)) + (1.0 / (3.999822D-03 * k_Al_6061))); # from conductive interface ci_17
    GL(259,261) = k_Al_6061 * 1.666606D-03; # from primitive Body_B
    GL(259,262) = 1.0 / ((1.0 / (4.799748D-03 * k_Al_6061)) + (1.0 / (4.799748D-03 * k_Al_6061))); # from conductive interface ci_18
    GL(259,271) = 1.0 / ((1.0 / (3.333212D-03 * k_Al_6061)) + (1.0 / (3.999822D-03 * k_Al_6061))); # from conductive interface ci_17
    GL(260,261) = k_Al_6061 * 2.399874D-03; # from primitive Body_B
    GL(261,264) = 1.0 / ((1.0 / (4.799748D-03 * k_Al_6061)) + (1.0 / (4.799748D-03 * k_Al_6061))); # from conductive interface ci_18
    GL(262,263) = k_Al_6061 * 2.399874D-03; # from primitive Body_B
    GL(262,264) = k_Al_6061 * 1.666606D-03; # from primitive Body_B
    GL(262,271) = 1.0 / ((1.0 / (3.333212D-03 * k_Al_6061)) + (1.0 / (3.999822D-03 * k_Al_6061))); # from conductive interface ci_13
    GL(263,265) = k_Al_6061 * 1.666606D-03; # from primitive Body_B
    GL(263,266) = 1.0 / ((1.0 / (4.799748D-03 * k_Al_6061)) + (1.0 / (4.799748D-03 * k_Al_6061))); # from conductive interface ci_12
    GL(263,270) = 1.0 / ((1.0 / (3.333212D-03 * k_Al_6061)) + (1.0 / (3.999822D-03 * k_Al_6061))); # from conductive interface ci_13
    GL(264,265) = k_Al_6061 * 2.399874D-03; # from primitive Body_B
    GL(265,268) = 1.0 / ((1.0 / (4.799748D-03 * k_Al_6061)) + (1.0 / (4.799748D-03 * k_Al_6061))); # from conductive interface ci_12
    GL(266,267) = k_Al_6061 * 2.399874D-03; # from primitive Body_B
    GL(266,268) = k_Al_6061 * 1.666606D-03; # from primitive Body_B
    GL(266,270) = 1.0 / ((1.0 / (3.333212D-03 * k_Al_6061)) + (1.0 / (3.999822D-03 * k_Al_6061))); # from conductive interface ci_9
    GL(267,269) = k_Al_6061 * 1.666606D-03; # from primitive Body_B
    GL(267,272) = 1.0 / ((1.0 / (3.333212D-03 * k_Al_6061)) + (1.0 / (3.999822D-03 * k_Al_6061))); # from conductive interface ci_9
    GL(268,269) = k_Al_6061 * 2.399874D-03; # from primitive Body_B
    GL(270,271) = k_Al_6061 * 1.999911D-03; # from primitive Body_B
    GL(270,272) = k_Al_6061 * 1.999911D-03; # from primitive Body_B
    GL(271,273) = k_Al_6061 * 1.999911D-03; # from primitive Body_B
    GL(272,273) = k_Al_6061 * 1.999911D-03; # from primitive Body_B
    GL(300,301) = k_Al_6061 * 1.333257D-03; # from primitive Solar_pannel
    GL(300,308) = k_Al_6061 * 7.49976D-04; # from primitive Solar_pannel
    GL(300,350) = 4.504687D-01 / ((1.D-03 / k_Al_6061) + (1.D-03 / k_GaAs)); # from primitive Solar_pannel
    GL(301,302) = k_Al_6061 * 1.333257D-03; # from primitive Solar_pannel
    GL(301,309) = k_Al_6061 * 7.49976D-04; # from primitive Solar_pannel
    GL(301,351) = 4.504688D-01 / ((1.D-03 / k_Al_6061) + (1.D-03 / k_GaAs)); # from primitive Solar_pannel
    GL(302,303) = k_Al_6061 * 1.333257D-03; # from primitive Solar_pannel
    GL(302,310) = k_Al_6061 * 7.49976D-04; # from primitive Solar_pannel
    GL(302,352) = 4.504688D-01 / ((1.D-03 / k_Al_6061) + (1.D-03 / k_GaAs)); # from primitive Solar_pannel
    GL(303,304) = k_Al_6061 * 1.333257D-03; # from primitive Solar_pannel
    GL(303,311) = k_Al_6061 * 7.49976D-04; # from primitive Solar_pannel
    GL(303,353) = 4.504687D-01 / ((1.D-03 / k_Al_6061) + (1.D-03 / k_GaAs)); # from primitive Solar_pannel
    GL(304,305) = k_Al_6061 * 1.333257D-03; # from primitive Solar_pannel
    GL(304,312) = k_Al_6061 * 7.49976D-04; # from primitive Solar_pannel
    GL(304,354) = 4.504687D-01 / ((1.D-03 / k_Al_6061) + (1.D-03 / k_GaAs)); # from primitive Solar_pannel
    GL(305,306) = k_Al_6061 * 1.333257D-03; # from primitive Solar_pannel
    GL(305,313) = k_Al_6061 * 7.49976D-04; # from primitive Solar_pannel
    GL(305,355) = 4.504688D-01 / ((1.D-03 / k_Al_6061) + (1.D-03 / k_GaAs)); # from primitive Solar_pannel
    GL(306,307) = k_Al_6061 * 1.333257D-03; # from primitive Solar_pannel
    GL(306,314) = k_Al_6061 * 7.49976D-04; # from primitive Solar_pannel
    GL(306,356) = 4.504688D-01 / ((1.D-03 / k_Al_6061) + (1.D-03 / k_GaAs)); # from primitive Solar_pannel
    GL(307,315) = k_Al_6061 * 7.49976D-04; # from primitive Solar_pannel
    GL(307,357) = 4.504687D-01 / ((1.D-03 / k_Al_6061) + (1.D-03 / k_GaAs)); # from primitive Solar_pannel
    GL(308,309) = k_Al_6061 * 1.333257D-03; # from primitive Solar_pannel
    GL(308,358) = 4.504687D-01 / ((1.D-03 / k_Al_6061) + (1.D-03 / k_GaAs)); # from primitive Solar_pannel
    GL(309,310) = k_Al_6061 * 1.333257D-03; # from primitive Solar_pannel
    GL(309,359) = 4.504688D-01 / ((1.D-03 / k_Al_6061) + (1.D-03 / k_GaAs)); # from primitive Solar_pannel
    GL(310,311) = k_Al_6061 * 1.333257D-03; # from primitive Solar_pannel
    GL(310,360) = 4.504688D-01 / ((1.D-03 / k_Al_6061) + (1.D-03 / k_GaAs)); # from primitive Solar_pannel
    GL(311,312) = k_Al_6061 * 1.333257D-03; # from primitive Solar_pannel
    GL(311,361) = 4.504687D-01 / ((1.D-03 / k_Al_6061) + (1.D-03 / k_GaAs)); # from primitive Solar_pannel
    GL(312,313) = k_Al_6061 * 1.333257D-03; # from primitive Solar_pannel
    GL(312,362) = 4.504687D-01 / ((1.D-03 / k_Al_6061) + (1.D-03 / k_GaAs)); # from primitive Solar_pannel
    GL(313,314) = k_Al_6061 * 1.333257D-03; # from primitive Solar_pannel
    GL(313,363) = 4.504688D-01 / ((1.D-03 / k_Al_6061) + (1.D-03 / k_GaAs)); # from primitive Solar_pannel
    GL(314,315) = k_Al_6061 * 1.333257D-03; # from primitive Solar_pannel
    GL(314,364) = 4.504688D-01 / ((1.D-03 / k_Al_6061) + (1.D-03 / k_GaAs)); # from primitive Solar_pannel
    GL(315,365) = 4.504687D-01 / ((1.D-03 / k_Al_6061) + (1.D-03 / k_GaAs)); # from primitive Solar_pannel
    GL(350,351) = k_GaAs * 1.333257D-03; # from primitive Solar_pannel
    GL(350,358) = k_GaAs * 7.49976D-04; # from primitive Solar_pannel
    GL(351,352) = k_GaAs * 1.333257D-03; # from primitive Solar_pannel
    GL(351,359) = k_GaAs * 7.49976D-04; # from primitive Solar_pannel
    GL(352,353) = k_GaAs * 1.333257D-03; # from primitive Solar_pannel
    GL(352,360) = k_GaAs * 7.49976D-04; # from primitive Solar_pannel
    GL(353,354) = k_GaAs * 1.333257D-03; # from primitive Solar_pannel
    GL(353,361) = k_GaAs * 7.49976D-04; # from primitive Solar_pannel
    GL(354,355) = k_GaAs * 1.333257D-03; # from primitive Solar_pannel
    GL(354,362) = k_GaAs * 7.49976D-04; # from primitive Solar_pannel
    GL(355,356) = k_GaAs * 1.333257D-03; # from primitive Solar_pannel
    GL(355,363) = k_GaAs * 7.49976D-04; # from primitive Solar_pannel
    GL(356,357) = k_GaAs * 1.333257D-03; # from primitive Solar_pannel
    GL(356,364) = k_GaAs * 7.49976D-04; # from primitive Solar_pannel
    GL(357,365) = k_GaAs * 7.49976D-04; # from primitive Solar_pannel
    GL(358,359) = k_GaAs * 1.333257D-03; # from primitive Solar_pannel
    GL(359,360) = k_GaAs * 1.333257D-03; # from primitive Solar_pannel
    GL(360,361) = k_GaAs * 1.333257D-03; # from primitive Solar_pannel
    GL(361,362) = k_GaAs * 1.333257D-03; # from primitive Solar_pannel
    GL(362,363) = k_GaAs * 1.333257D-03; # from primitive Solar_pannel
    GL(363,364) = k_GaAs * 1.333257D-03; # from primitive Solar_pannel
    GL(364,365) = k_GaAs * 1.333257D-03; # from primitive Solar_pannel
#
  $CONSTANTS
# Results Generated from
# ESATAN-TMS 2020, run date 11:33 Tue 13 Apr 2021
# Model name: HelloWorld        Analysis case: acase01
    $REAL
      PERIOD = 6.050247D+03;
#
  $ARRAYS
# Results Generated from
# ESATAN-TMS 2020, run date 11:33 Tue 13 Apr 2021
# Model name: HelloWorld        Analysis case: acase01
#     ORBTIM(13) = # orbit times
#      0.000000, 756.280918, 1512.561835, 2268.842753, 2337.750809,
#      2346.153931, 3025.123671, 3781.404588, 4431.903010, 4440.306131,
#      4537.685506, 5293.966423, 6050.247341;
#
    $REAL
#
  $EVENTS
# Results Generated from
# ESATAN-TMS 2020, run date 11:33 Tue 13 Apr 2021
# Model name: HelloWorld        Analysis case: acase01
#
  $SUBROUTINES
# Results Generated from
# ESATAN-TMS 2020, run date 11:33 Tue 13 Apr 2021
# Model name: HelloWorld        Analysis case: acase01
C
  $INITIAL
      GENMOR
# Results Generated from
# ESATAN-TMS 2020, run date 11:33 Tue 13 Apr 2021
# Model name: HelloWorld        Analysis case: acase01
C
C Boundary Condition Total Area Heat Load - BC_Body_A
      QI150 = 2.604167D+00
      QI151 = 2.604167D+00
      QI152 = 2.604167D+00
      QI153 = 2.604167D+00
      QI154 = 1.5625D+00
      QI155 = 1.5625D+00
      QI156 = 1.5625D+00
      QI157 = 1.5625D+00
      QI158 = 2.083333D+00
      QI159 = 2.083333D+00
      QI160 = 2.083333D+00
      QI161 = 2.083333D+00
      QI162 = 1.5625D+00
      QI163 = 1.5625D+00
      QI164 = 1.5625D+00
      QI165 = 1.5625D+00
      QI166 = 2.083333D+00
      QI167 = 2.083333D+00
      QI168 = 2.083333D+00
      QI169 = 2.083333D+00
      QI170 = 2.604167D+00
      QI171 = 2.604167D+00
      QI172 = 2.604167D+00
      QI173 = 2.604167D+00
C
C Boundary Condition Total Area Heat Load - BC_Body_B
      QI250 = 9.191176D-01
      QI251 = 9.191176D-01
      QI252 = 9.191176D-01
      QI253 = 9.191176D-01
      QI254 = 1.102941D+00
      QI255 = 1.102941D+00
      QI256 = 1.102941D+00
      QI257 = 1.102941D+00
      QI258 = 1.102941D+00
      QI259 = 1.102941D+00
      QI260 = 1.102941D+00
      QI261 = 1.102941D+00
      QI262 = 1.102941D+00
      QI263 = 1.102941D+00
      QI264 = 1.102941D+00
      QI265 = 1.102941D+00
      QI266 = 1.102941D+00
      QI267 = 1.102941D+00
      QI268 = 1.102941D+00
      QI269 = 1.102941D+00
      QI270 = 9.191176D-01
      QI271 = 9.191176D-01
      QI272 = 9.191176D-01
      QI273 = 9.191176D-01
# Results Generated from
# ESATAN-TMS 2020, run date 11:33 Tue 13 Apr 2021
# Model name: HelloWorld        Analysis case: acase01
C
  $EXECUTION
C
C Steady State Solution
C
      RELXCA=0.01
      NLOOP=100
C
      CALL SOLVFM
C
C Transient Solution
C
      TIMEND=PERIOD
      DTIMEI=TIMEND/100.0
      OUTINT=TIMEND/10.0
C
      CALL SLCRNC
C
      TIMEND=6050.2473
      OUTINT=605.02473
      NLOOP=500
      RELXCA=0.01
      DTIMEI=10.0
      CALL SOLCYC('SLCRNC',0.01D0,0.01D0,6050.2473D0,50,' ','NONE')
C
      CALL SLCRNC
C
  $VARIABLES1
# Results Generated from
# ESATAN-TMS 2020, run date 11:33 Tue 13 Apr 2021
# Model name: HelloWorld        Analysis case: acase01
C
C Boundary Condition Total Area Heat Load - BC_Body_A
      QI150 = 2.604167D+00
      QI151 = 2.604167D+00
      QI152 = 2.604167D+00
      QI153 = 2.604167D+00
      QI154 = 1.5625D+00
      QI155 = 1.5625D+00
      QI156 = 1.5625D+00
      QI157 = 1.5625D+00
      QI158 = 2.083333D+00
      QI159 = 2.083333D+00
      QI160 = 2.083333D+00
      QI161 = 2.083333D+00
      QI162 = 1.5625D+00
      QI163 = 1.5625D+00
      QI164 = 1.5625D+00
      QI165 = 1.5625D+00
      QI166 = 2.083333D+00
      QI167 = 2.083333D+00
      QI168 = 2.083333D+00
      QI169 = 2.083333D+00
      QI170 = 2.604167D+00
      QI171 = 2.604167D+00
      QI172 = 2.604167D+00
      QI173 = 2.604167D+00
C
C Boundary Condition Total Area Heat Load - BC_Body_B
      QI250 = 9.191176D-01
      QI251 = 9.191176D-01
      QI252 = 9.191176D-01
      QI253 = 9.191176D-01
      QI254 = 1.102941D+00
      QI255 = 1.102941D+00
      QI256 = 1.102941D+00
      QI257 = 1.102941D+00
      QI258 = 1.102941D+00
      QI259 = 1.102941D+00
      QI260 = 1.102941D+00
      QI261 = 1.102941D+00
      QI262 = 1.102941D+00
      QI263 = 1.102941D+00
      QI264 = 1.102941D+00
      QI265 = 1.102941D+00
      QI266 = 1.102941D+00
      QI267 = 1.102941D+00
      QI268 = 1.102941D+00
      QI269 = 1.102941D+00
      QI270 = 9.191176D-01
      QI271 = 9.191176D-01
      QI272 = 9.191176D-01
      QI273 = 9.191176D-01
C
  $VARIABLES2
# Results Generated from
# ESATAN-TMS 2020, run date 11:33 Tue 13 Apr 2021
# Model name: HelloWorld        Analysis case: acase01
C
  $OUTPUTS
      CALL PRNDTB(' ', 'L, T, QS, QE, QA, QI, C', CURRENT)
C
      CALL DMPTMD(' ', 'NODES, CONDUCTORS, CONSTANTS', CURRENT, ' ')
# Results Generated from
# ESATAN-TMS 2020, run date 11:33 Tue 13 Apr 2021
# Model name: HelloWorld        Analysis case: acase01
C
$ENDMODEL #HelloWorld_acase01

#@@> Submodel: HelloWorld_acase01        This  Included
#@@>                                 Submodel Submodels
#@@> Thermal Nodes                        130       130
#@@> GL Conductors                        156       156
#@@> GR Conductors                       1401      1401
#@@> Real User Constants                    1         1
 
#@@> Hierarchy of Models Including Virtuals(V).
#@@>
#@@>      Level    Model Name
#@@>          0    HELLOWORLD_ACASE01      
