/* ESATAN-TMS version 2020, run date 21:11 Mon 10 May 2021 */
BEGIN_MODEL GagarinSat_cfg3 WORKBENCH_V1 ;
RADIATIVE_PRE_PROCESS_OVERLAY(source = "GEOMETRY",
                              display = "MODEL_ONLY");
CLEAR();

GagarinSat_cfg3.NODES = FALSE;

ANNOTATE(string = "Colour",
         x = 0.02,
         y = 0.95);

DISPLAY(p_and_o = [0.0,0.0,0.0,0.0,0.0,0.0],
        scale = 1.0,
        axes = TRUE,
        asm_axes = TRUE,
        points = FALSE);

RESET_VIEW();

CLEAR();

GagarinSat_cfg3.NODES = FALSE;

ANNOTATE(string = "Colour",
         x = 0.02,
         y = 0.95);

DISPLAY(p_and_o = [0.0,0.0,0.0,0.0,0.0,0.0],
        scale = 1.0,
        axes = TRUE,
        asm_axes = TRUE,
        points = FALSE);

LOAD_EXTERNAL_RESULTS (
   type = "TMD",
   file = "C:\ESATAN-TMS\ESATAN-TMS-Models\ESATAN-TMS_Models\GagarinSat_cfg3\esatan\Case_00\GAGARINSAT_CFG2_V6_CASE_.TMD");
RADIATIVE_PRE_PROCESS_OVERLAY(source = "GEOMETRY",
                              display = "MODEL_ONLY");
CLEAR();

GagarinSat_cfg3.NODES = FALSE;

ANNOTATE(string = "Colour",
         x = 0.02,
         y = 0.95);

DISPLAY(p_and_o = [0.0,0.0,0.0,0.0,0.0,0.0],
        scale = 1.0,
        axes = TRUE,
        asm_axes = TRUE,
        points = FALSE);

THERMAL_POST_PROCESS_OVERLAY(
    record_type= "Thermal_Node",
    start_time = 0.0,
    end_time = 6059.29,
    cycle = 1,
    radiative_case = Rad_Case_00,
    analysis_case = Case_00,
    fixed_scale = FALSE,
    attribute = "Temperature",
     planet_scale = 0.137,
     model_scale = 0.741,
     draw_periapsis = TRUE,
     draw_asc_node = TRUE
);
DEFINE_RANGE(
    range = default_range,
    min = -58.69718090736032,
    max = 143.94484704842588,
    type = "LINEAR"
);

CLEAR();

KEY(shade = continuous_shade,
    range = default_range,
    x = 0.02,
    y = 0.02);

GagarinSat_cfg3.RANGE = "default_range";
GagarinSat_cfg3.SHADE = "continuous_shade";
GagarinSat_cfg3.NODES = FALSE;

ANNOTATE(string = "Thermal Node Attributes: Temperature",
         x = 0.02,
         y = 0.95);

DRAW_ORBIT(analysis_case = Case_00);
DRAW_PERIAPSIS(orbit = Rad_Case_00.ORBIT);
DRAW_ASCENDING_NODE(orbit = Rad_Case_00.ORBIT);
vis_orbit_index = 1;
vis_orbit_index = 1;
DRAW_PLANET(radiative_case = Rad_Case_00,
            time = vis_orbit_times[1],
            scale = 0.137,
            range = default_range,
            shade = continuous_shade
);
FOR (vis_orbit_index = 1;
    vis_orbit_index <= 11;
    vis_orbit_index = EVAL(vis_orbit_index + 1))
DISPLAY(p_and_o = vis_orbit_pos[vis_orbit_index],
        time = vis_orbit_times[vis_orbit_index],
        scale = 0.741 * (Rad_Case_00.ORBIT.ALT_A + R_PLANET),
        axes = TRUE,
        asm_axes = TRUE,
        points = FALSE);

END_FOR
CLEAR();

KEY(shade = continuous_shade,
    range = default_range,
    x = 0.02,
    y = 0.02);

GagarinSat_cfg3.RANGE = "default_range";
GagarinSat_cfg3.SHADE = "continuous_shade";
GagarinSat_cfg3.NODES = FALSE;

ANNOTATE(string = "Thermal Node Attributes: Temperature",
         x = 0.02,
         y = 0.95);

DRAW_ORBIT(analysis_case = Case_00);
DRAW_PERIAPSIS(orbit = Rad_Case_00.ORBIT);
DRAW_ASCENDING_NODE(orbit = Rad_Case_00.ORBIT);
vis_orbit_index = 1;
vis_orbit_index = 1;
DRAW_PLANET(radiative_case = Rad_Case_00,
            time = vis_orbit_times[1],
            scale = 0.137,
            range = default_range,
            shade = continuous_shade
);
FOR (vis_orbit_index = 1;
    vis_orbit_index <= 11;
    vis_orbit_index = EVAL(vis_orbit_index + 1))
DISPLAY(p_and_o = vis_orbit_pos[vis_orbit_index],
        time = vis_orbit_times[vis_orbit_index],
        scale = 0.741 * (Rad_Case_00.ORBIT.ALT_A + R_PLANET),
        axes = TRUE,
        asm_axes = TRUE,
        points = FALSE);

END_FOR
CLEAR();

KEY(shade = continuous_shade,
    range = default_range,
    x = 0.02,
    y = 0.02);

GagarinSat_cfg3.RANGE = "default_range";
GagarinSat_cfg3.SHADE = "continuous_shade";
GagarinSat_cfg3.NODES = FALSE;

ANNOTATE(string = "Thermal Node Attributes: Temperature",
         x = 0.02,
         y = 0.95);

DRAW_ORBIT(analysis_case = Case_00);
DRAW_PERIAPSIS(orbit = Rad_Case_00.ORBIT);
DRAW_ASCENDING_NODE(orbit = Rad_Case_00.ORBIT);
vis_orbit_index = 1;
vis_orbit_index = 1;
DRAW_PLANET(radiative_case = Rad_Case_00,
            time = vis_orbit_times[1],
            scale = 0.137,
            range = default_range,
            shade = continuous_shade
);
FOR (vis_orbit_index = 1;
    vis_orbit_index <= 11;
    vis_orbit_index = EVAL(vis_orbit_index + 1))
DISPLAY(p_and_o = vis_orbit_pos[vis_orbit_index],
        time = vis_orbit_times[vis_orbit_index],
        scale = 0.741 * (Rad_Case_00.ORBIT.ALT_A + R_PLANET),
        axes = TRUE,
        asm_axes = TRUE,
        points = FALSE);

END_FOR
CLEAR();

KEY(shade = continuous_shade,
    range = default_range,
    x = 0.02,
    y = 0.02);

GagarinSat_cfg3.RANGE = "default_range";
GagarinSat_cfg3.SHADE = "continuous_shade";
GagarinSat_cfg3.NODES = FALSE;

ANNOTATE(string = "Thermal Node Attributes: Temperature",
         x = 0.02,
         y = 0.95);

DRAW_ORBIT(analysis_case = Case_00);
DRAW_PERIAPSIS(orbit = Rad_Case_00.ORBIT);
DRAW_ASCENDING_NODE(orbit = Rad_Case_00.ORBIT);
vis_orbit_index = 1;
vis_orbit_index = 1;
DRAW_PLANET(radiative_case = Rad_Case_00,
            time = vis_orbit_times[1],
            scale = 0.137,
            range = default_range,
            shade = continuous_shade
);
FOR (vis_orbit_index = 1;
    vis_orbit_index <= 11;
    vis_orbit_index = EVAL(vis_orbit_index + 1))
DISPLAY(p_and_o = vis_orbit_pos[vis_orbit_index],
        time = vis_orbit_times[vis_orbit_index],
        scale = 0.741 * (Rad_Case_00.ORBIT.ALT_A + R_PLANET),
        axes = TRUE,
        asm_axes = TRUE,
        points = FALSE);

END_FOR
CLEAR();

KEY(shade = continuous_shade,
    range = default_range,
    x = 0.02,
    y = 0.02);

GagarinSat_cfg3.RANGE = "default_range";
GagarinSat_cfg3.SHADE = "continuous_shade";
GagarinSat_cfg3.NODES = FALSE;

ANNOTATE(string = "Thermal Node Attributes: Temperature",
         x = 0.02,
         y = 0.95);

DRAW_ORBIT(analysis_case = Case_00);
DRAW_PERIAPSIS(orbit = Rad_Case_00.ORBIT);
DRAW_ASCENDING_NODE(orbit = Rad_Case_00.ORBIT);
vis_orbit_index = 1;
vis_orbit_index = 1;
DRAW_PLANET(radiative_case = Rad_Case_00,
            time = vis_orbit_times[1],
            scale = 0.137,
            range = default_range,
            shade = continuous_shade
);
FOR (vis_orbit_index = 1;
    vis_orbit_index <= 11;
    vis_orbit_index = EVAL(vis_orbit_index + 1))
DISPLAY(p_and_o = vis_orbit_pos[vis_orbit_index],
        time = vis_orbit_times[vis_orbit_index],
        scale = 0.741 * (Rad_Case_00.ORBIT.ALT_A + R_PLANET),
        axes = TRUE,
        asm_axes = TRUE,
        points = FALSE);

END_FOR
CLEAR();

KEY(shade = continuous_shade,
    range = default_range,
    x = 0.02,
    y = 0.02);

GagarinSat_cfg3.RANGE = "default_range";
GagarinSat_cfg3.SHADE = "continuous_shade";
GagarinSat_cfg3.NODES = FALSE;

ANNOTATE(string = "Thermal Node Attributes: Temperature",
         x = 0.02,
         y = 0.95);

DRAW_ORBIT(analysis_case = Case_00);
DRAW_PERIAPSIS(orbit = Rad_Case_00.ORBIT);
DRAW_ASCENDING_NODE(orbit = Rad_Case_00.ORBIT);
vis_orbit_index = 1;
vis_orbit_index = 1;
DRAW_PLANET(radiative_case = Rad_Case_00,
            time = vis_orbit_times[1],
            scale = 0.137,
            range = default_range,
            shade = continuous_shade
);
FOR (vis_orbit_index = 1;
    vis_orbit_index <= 11;
    vis_orbit_index = EVAL(vis_orbit_index + 1))
DISPLAY(p_and_o = vis_orbit_pos[vis_orbit_index],
        time = vis_orbit_times[vis_orbit_index],
        scale = 0.741 * (Rad_Case_00.ORBIT.ALT_A + R_PLANET),
        axes = TRUE,
        asm_axes = TRUE,
        points = FALSE);

END_FOR
CLEAR();

KEY(shade = continuous_shade,
    range = default_range,
    x = 0.02,
    y = 0.02);

GagarinSat_cfg3.RANGE = "default_range";
GagarinSat_cfg3.SHADE = "continuous_shade";
GagarinSat_cfg3.NODES = FALSE;

ANNOTATE(string = "Thermal Node Attributes: Temperature",
         x = 0.02,
         y = 0.95);

DRAW_ORBIT(analysis_case = Case_00);
DRAW_PERIAPSIS(orbit = Rad_Case_00.ORBIT);
DRAW_ASCENDING_NODE(orbit = Rad_Case_00.ORBIT);
vis_orbit_index = 1;
vis_orbit_index = 1;
DRAW_PLANET(radiative_case = Rad_Case_00,
            time = vis_orbit_times[1],
            scale = 0.137,
            range = default_range,
            shade = continuous_shade
);
FOR (vis_orbit_index = 1;
    vis_orbit_index <= 11;
    vis_orbit_index = EVAL(vis_orbit_index + 1))
DISPLAY(p_and_o = vis_orbit_pos[vis_orbit_index],
        time = vis_orbit_times[vis_orbit_index],
        scale = 0.741 * (Rad_Case_00.ORBIT.ALT_A + R_PLANET),
        axes = TRUE,
        asm_axes = TRUE,
        points = FALSE);

END_FOR
CLEAR();

KEY(shade = continuous_shade,
    range = default_range,
    x = 0.02,
    y = 0.02);

GagarinSat_cfg3.RANGE = "default_range";
GagarinSat_cfg3.SHADE = "continuous_shade";
GagarinSat_cfg3.NODES = FALSE;

ANNOTATE(string = "Thermal Node Attributes: Temperature",
         x = 0.02,
         y = 0.95);

DRAW_ORBIT(analysis_case = Case_00);
DRAW_PERIAPSIS(orbit = Rad_Case_00.ORBIT);
DRAW_ASCENDING_NODE(orbit = Rad_Case_00.ORBIT);
vis_orbit_index = 1;
vis_orbit_index = 1;
DRAW_PLANET(radiative_case = Rad_Case_00,
            time = vis_orbit_times[1],
            scale = 0.137,
            range = default_range,
            shade = continuous_shade
);
FOR (vis_orbit_index = 1;
    vis_orbit_index <= 11;
    vis_orbit_index = EVAL(vis_orbit_index + 1))
DISPLAY(p_and_o = vis_orbit_pos[vis_orbit_index],
        time = vis_orbit_times[vis_orbit_index],
        scale = 0.741 * (Rad_Case_00.ORBIT.ALT_A + R_PLANET),
        axes = TRUE,
        asm_axes = TRUE,
        points = FALSE);

END_FOR
CLEAR();

KEY(shade = continuous_shade,
    range = default_range,
    x = 0.02,
    y = 0.02);

GagarinSat_cfg3.RANGE = "default_range";
GagarinSat_cfg3.SHADE = "continuous_shade";
GagarinSat_cfg3.NODES = FALSE;

ANNOTATE(string = "Thermal Node Attributes: Temperature",
         x = 0.02,
         y = 0.95);

DRAW_ORBIT(analysis_case = Case_00);
DRAW_PERIAPSIS(orbit = Rad_Case_00.ORBIT);
DRAW_ASCENDING_NODE(orbit = Rad_Case_00.ORBIT);
vis_orbit_index = 1;
vis_orbit_index = 1;
DRAW_PLANET(radiative_case = Rad_Case_00,
            time = vis_orbit_times[1],
            scale = 0.137,
            range = default_range,
            shade = continuous_shade
);
FOR (vis_orbit_index = 1;
    vis_orbit_index <= 11;
    vis_orbit_index = EVAL(vis_orbit_index + 1))
DISPLAY(p_and_o = vis_orbit_pos[vis_orbit_index],
        time = vis_orbit_times[vis_orbit_index],
        scale = 0.741 * (Rad_Case_00.ORBIT.ALT_A + R_PLANET),
        axes = TRUE,
        asm_axes = TRUE,
        points = FALSE);

END_FOR
CLEAR();

KEY(shade = continuous_shade,
    range = default_range,
    x = 0.02,
    y = 0.02);

GagarinSat_cfg3.RANGE = "default_range";
GagarinSat_cfg3.SHADE = "continuous_shade";
GagarinSat_cfg3.NODES = FALSE;

ANNOTATE(string = "Thermal Node Attributes: Temperature",
         x = 0.02,
         y = 0.95);

DRAW_ORBIT(analysis_case = Case_00);
DRAW_PERIAPSIS(orbit = Rad_Case_00.ORBIT);
DRAW_ASCENDING_NODE(orbit = Rad_Case_00.ORBIT);
vis_orbit_index = 1;
vis_orbit_index = 1;
DRAW_PLANET(radiative_case = Rad_Case_00,
            time = vis_orbit_times[1],
            scale = 0.137,
            range = default_range,
            shade = continuous_shade
);
FOR (vis_orbit_index = 1;
    vis_orbit_index <= 11;
    vis_orbit_index = EVAL(vis_orbit_index + 1))
DISPLAY(p_and_o = vis_orbit_pos[vis_orbit_index],
        time = vis_orbit_times[vis_orbit_index],
        scale = 0.741 * (Rad_Case_00.ORBIT.ALT_A + R_PLANET),
        axes = TRUE,
        asm_axes = TRUE,
        points = FALSE);

END_FOR
CLEAR();

KEY(shade = continuous_shade,
    range = default_range,
    x = 0.02,
    y = 0.02);

GagarinSat_cfg3.RANGE = "default_range";
GagarinSat_cfg3.SHADE = "continuous_shade";
GagarinSat_cfg3.NODES = FALSE;

ANNOTATE(string = "Thermal Node Attributes: Temperature",
         x = 0.02,
         y = 0.95);

DRAW_ORBIT(analysis_case = Case_00);
DRAW_PERIAPSIS(orbit = Rad_Case_00.ORBIT);
DRAW_ASCENDING_NODE(orbit = Rad_Case_00.ORBIT);
vis_orbit_index = 1;
vis_orbit_index = 1;
DRAW_PLANET(radiative_case = Rad_Case_00,
            time = vis_orbit_times[1],
            scale = 0.137,
            range = default_range,
            shade = continuous_shade
);
FOR (vis_orbit_index = 1;
    vis_orbit_index <= 11;
    vis_orbit_index = EVAL(vis_orbit_index + 1))
DISPLAY(p_and_o = vis_orbit_pos[vis_orbit_index],
        time = vis_orbit_times[vis_orbit_index],
        scale = 0.741 * (Rad_Case_00.ORBIT.ALT_A + R_PLANET),
        axes = TRUE,
        asm_axes = TRUE,
        points = FALSE);

END_FOR
CLEAR();

KEY(shade = continuous_shade,
    range = default_range,
    x = 0.02,
    y = 0.02);

GagarinSat_cfg3.RANGE = "default_range";
GagarinSat_cfg3.SHADE = "continuous_shade";
GagarinSat_cfg3.NODES = FALSE;

ANNOTATE(string = "Thermal Node Attributes: Temperature",
         x = 0.02,
         y = 0.95);

DRAW_ORBIT(analysis_case = Case_00);
DRAW_PERIAPSIS(orbit = Rad_Case_00.ORBIT);
DRAW_ASCENDING_NODE(orbit = Rad_Case_00.ORBIT);
vis_orbit_index = 1;
vis_orbit_index = 1;
DRAW_PLANET(radiative_case = Rad_Case_00,
            time = vis_orbit_times[1],
            scale = 0.137,
            range = default_range,
            shade = continuous_shade
);
FOR (vis_orbit_index = 1;
    vis_orbit_index <= 11;
    vis_orbit_index = EVAL(vis_orbit_index + 1))
DISPLAY(p_and_o = vis_orbit_pos[vis_orbit_index],
        time = vis_orbit_times[vis_orbit_index],
        scale = 0.741 * (Rad_Case_00.ORBIT.ALT_A + R_PLANET),
        axes = TRUE,
        asm_axes = TRUE,
        points = FALSE);

END_FOR
CLEAR();

KEY(shade = continuous_shade,
    range = default_range,
    x = 0.02,
    y = 0.02);

GagarinSat_cfg3.RANGE = "default_range";
GagarinSat_cfg3.SHADE = "continuous_shade";
GagarinSat_cfg3.NODES = FALSE;

ANNOTATE(string = "Thermal Node Attributes: Temperature",
         x = 0.02,
         y = 0.95);

DRAW_ORBIT(analysis_case = Case_00);
DRAW_PERIAPSIS(orbit = Rad_Case_00.ORBIT);
DRAW_ASCENDING_NODE(orbit = Rad_Case_00.ORBIT);
vis_orbit_index = 1;
vis_orbit_index = 1;
DRAW_PLANET(radiative_case = Rad_Case_00,
            time = vis_orbit_times[1],
            scale = 0.137,
            range = default_range,
            shade = continuous_shade
);
FOR (vis_orbit_index = 1;
    vis_orbit_index <= 11;
    vis_orbit_index = EVAL(vis_orbit_index + 1))
DISPLAY(p_and_o = vis_orbit_pos[vis_orbit_index],
        time = vis_orbit_times[vis_orbit_index],
        scale = 0.741 * (Rad_Case_00.ORBIT.ALT_A + R_PLANET),
        axes = TRUE,
        asm_axes = TRUE,
        points = FALSE);

END_FOR
CLEAR();

KEY(shade = continuous_shade,
    range = default_range,
    x = 0.02,
    y = 0.02);

GagarinSat_cfg3.RANGE = "default_range";
GagarinSat_cfg3.SHADE = "continuous_shade";
GagarinSat_cfg3.NODES = FALSE;

ANNOTATE(string = "Thermal Node Attributes: Temperature",
         x = 0.02,
         y = 0.95);

DRAW_ORBIT(analysis_case = Case_00);
DRAW_PERIAPSIS(orbit = Rad_Case_00.ORBIT);
DRAW_ASCENDING_NODE(orbit = Rad_Case_00.ORBIT);
vis_orbit_index = 1;
vis_orbit_index = 1;
DRAW_PLANET(radiative_case = Rad_Case_00,
            time = vis_orbit_times[1],
            scale = 0.137,
            range = default_range,
            shade = continuous_shade
);
FOR (vis_orbit_index = 1;
    vis_orbit_index <= 11;
    vis_orbit_index = EVAL(vis_orbit_index + 1))
DISPLAY(p_and_o = vis_orbit_pos[vis_orbit_index],
        time = vis_orbit_times[vis_orbit_index],
        scale = 0.741 * (Rad_Case_00.ORBIT.ALT_A + R_PLANET),
        axes = TRUE,
        asm_axes = TRUE,
        points = FALSE);

END_FOR
CLEAR();

KEY(shade = continuous_shade,
    range = default_range,
    x = 0.02,
    y = 0.02);

GagarinSat_cfg3.RANGE = "default_range";
GagarinSat_cfg3.SHADE = "continuous_shade";
GagarinSat_cfg3.NODES = FALSE;

ANNOTATE(string = "Thermal Node Attributes: Temperature",
         x = 0.02,
         y = 0.95);

DRAW_ORBIT(analysis_case = Case_00);
DRAW_PERIAPSIS(orbit = Rad_Case_00.ORBIT);
DRAW_ASCENDING_NODE(orbit = Rad_Case_00.ORBIT);
vis_orbit_index = 1;
vis_orbit_index = 1;
DRAW_PLANET(radiative_case = Rad_Case_00,
            time = vis_orbit_times[1],
            scale = 0.137,
            range = default_range,
            shade = continuous_shade
);
FOR (vis_orbit_index = 1;
    vis_orbit_index <= 11;
    vis_orbit_index = EVAL(vis_orbit_index + 1))
DISPLAY(p_and_o = vis_orbit_pos[vis_orbit_index],
        time = vis_orbit_times[vis_orbit_index],
        scale = 0.741 * (Rad_Case_00.ORBIT.ALT_A + R_PLANET),
        axes = TRUE,
        asm_axes = TRUE,
        points = FALSE);

END_FOR
CLEAR();

KEY(shade = continuous_shade,
    range = default_range,
    x = 0.02,
    y = 0.02);

GagarinSat_cfg3.RANGE = "default_range";
GagarinSat_cfg3.SHADE = "continuous_shade";
GagarinSat_cfg3.NODES = FALSE;

ANNOTATE(string = "Thermal Node Attributes: Temperature",
         x = 0.02,
         y = 0.95);

DRAW_ORBIT(analysis_case = Case_00);
DRAW_PERIAPSIS(orbit = Rad_Case_00.ORBIT);
DRAW_ASCENDING_NODE(orbit = Rad_Case_00.ORBIT);
vis_orbit_index = 1;
vis_orbit_index = 1;
DRAW_PLANET(radiative_case = Rad_Case_00,
            time = vis_orbit_times[1],
            scale = 0.137,
            range = default_range,
            shade = continuous_shade
);
FOR (vis_orbit_index = 1;
    vis_orbit_index <= 11;
    vis_orbit_index = EVAL(vis_orbit_index + 1))
DISPLAY(p_and_o = vis_orbit_pos[vis_orbit_index],
        time = vis_orbit_times[vis_orbit_index],
        scale = 0.741 * (Rad_Case_00.ORBIT.ALT_A + R_PLANET),
        axes = TRUE,
        asm_axes = TRUE,
        points = FALSE);

END_FOR
CLEAR();

KEY(shade = continuous_shade,
    range = default_range,
    x = 0.02,
    y = 0.02);

GagarinSat_cfg3.RANGE = "default_range";
GagarinSat_cfg3.SHADE = "continuous_shade";
GagarinSat_cfg3.NODES = FALSE;

ANNOTATE(string = "Thermal Node Attributes: Temperature",
         x = 0.02,
         y = 0.95);

DRAW_ORBIT(analysis_case = Case_00);
DRAW_PERIAPSIS(orbit = Rad_Case_00.ORBIT);
DRAW_ASCENDING_NODE(orbit = Rad_Case_00.ORBIT);
vis_orbit_index = 1;
vis_orbit_index = 1;
DRAW_PLANET(radiative_case = Rad_Case_00,
            time = vis_orbit_times[1],
            scale = 0.137,
            range = default_range,
            shade = continuous_shade
);
FOR (vis_orbit_index = 1;
    vis_orbit_index <= 11;
    vis_orbit_index = EVAL(vis_orbit_index + 1))
DISPLAY(p_and_o = vis_orbit_pos[vis_orbit_index],
        time = vis_orbit_times[vis_orbit_index],
        scale = 0.741 * (Rad_Case_00.ORBIT.ALT_A + R_PLANET),
        axes = TRUE,
        asm_axes = TRUE,
        points = FALSE);

END_FOR
CLEAR();

KEY(shade = continuous_shade,
    range = default_range,
    x = 0.02,
    y = 0.02);

GagarinSat_cfg3.RANGE = "default_range";
GagarinSat_cfg3.SHADE = "continuous_shade";
GagarinSat_cfg3.NODES = FALSE;

ANNOTATE(string = "Thermal Node Attributes: Temperature",
         x = 0.02,
         y = 0.95);

DRAW_ORBIT(analysis_case = Case_00);
DRAW_PERIAPSIS(orbit = Rad_Case_00.ORBIT);
DRAW_ASCENDING_NODE(orbit = Rad_Case_00.ORBIT);
vis_orbit_index = 1;
vis_orbit_index = 1;
DRAW_PLANET(radiative_case = Rad_Case_00,
            time = vis_orbit_times[1],
            scale = 0.137,
            range = default_range,
            shade = continuous_shade
);
FOR (vis_orbit_index = 1;
    vis_orbit_index <= 11;
    vis_orbit_index = EVAL(vis_orbit_index + 1))
DISPLAY(p_and_o = vis_orbit_pos[vis_orbit_index],
        time = vis_orbit_times[vis_orbit_index],
        scale = 0.741 * (Rad_Case_00.ORBIT.ALT_A + R_PLANET),
        axes = TRUE,
        asm_axes = TRUE,
        points = FALSE);

END_FOR
CLEAR();

KEY(shade = continuous_shade,
    range = default_range,
    x = 0.02,
    y = 0.02);

GagarinSat_cfg3.RANGE = "default_range";
GagarinSat_cfg3.SHADE = "continuous_shade";
GagarinSat_cfg3.NODES = FALSE;

ANNOTATE(string = "Thermal Node Attributes: Temperature",
         x = 0.02,
         y = 0.95);

DRAW_ORBIT(analysis_case = Case_00);
DRAW_PERIAPSIS(orbit = Rad_Case_00.ORBIT);
DRAW_ASCENDING_NODE(orbit = Rad_Case_00.ORBIT);
vis_orbit_index = 1;
vis_orbit_index = 1;
DRAW_PLANET(radiative_case = Rad_Case_00,
            time = vis_orbit_times[1],
            scale = 0.137,
            range = default_range,
            shade = continuous_shade
);
FOR (vis_orbit_index = 1;
    vis_orbit_index <= 11;
    vis_orbit_index = EVAL(vis_orbit_index + 1))
DISPLAY(p_and_o = vis_orbit_pos[vis_orbit_index],
        time = vis_orbit_times[vis_orbit_index],
        scale = 0.741 * (Rad_Case_00.ORBIT.ALT_A + R_PLANET),
        axes = TRUE,
        asm_axes = TRUE,
        points = FALSE);

END_FOR
CLEAR();

KEY(shade = continuous_shade,
    range = default_range,
    x = 0.02,
    y = 0.02);

GagarinSat_cfg3.RANGE = "default_range";
GagarinSat_cfg3.SHADE = "continuous_shade";
GagarinSat_cfg3.NODES = FALSE;

ANNOTATE(string = "Thermal Node Attributes: Temperature",
         x = 0.02,
         y = 0.95);

DRAW_ORBIT(analysis_case = Case_00);
DRAW_PERIAPSIS(orbit = Rad_Case_00.ORBIT);
DRAW_ASCENDING_NODE(orbit = Rad_Case_00.ORBIT);
vis_orbit_index = 1;
vis_orbit_index = 1;
DRAW_PLANET(radiative_case = Rad_Case_00,
            time = vis_orbit_times[1],
            scale = 0.137,
            range = default_range,
            shade = continuous_shade
);
FOR (vis_orbit_index = 1;
    vis_orbit_index <= 11;
    vis_orbit_index = EVAL(vis_orbit_index + 1))
DISPLAY(p_and_o = vis_orbit_pos[vis_orbit_index],
        time = vis_orbit_times[vis_orbit_index],
        scale = 0.741 * (Rad_Case_00.ORBIT.ALT_A + R_PLANET),
        axes = TRUE,
        asm_axes = TRUE,
        points = FALSE);

END_FOR
CLEAR();

KEY(shade = continuous_shade,
    range = default_range,
    x = 0.02,
    y = 0.02);

GagarinSat_cfg3.RANGE = "default_range";
GagarinSat_cfg3.SHADE = "continuous_shade";
GagarinSat_cfg3.NODES = FALSE;

ANNOTATE(string = "Thermal Node Attributes: Temperature",
         x = 0.02,
         y = 0.95);

DRAW_ORBIT(analysis_case = Case_00);
DRAW_PERIAPSIS(orbit = Rad_Case_00.ORBIT);
DRAW_ASCENDING_NODE(orbit = Rad_Case_00.ORBIT);
vis_orbit_index = 1;
vis_orbit_index = 1;
DRAW_PLANET(radiative_case = Rad_Case_00,
            time = vis_orbit_times[1],
            scale = 0.137,
            range = default_range,
            shade = continuous_shade
);
FOR (vis_orbit_index = 1;
    vis_orbit_index <= 11;
    vis_orbit_index = EVAL(vis_orbit_index + 1))
DISPLAY(p_and_o = vis_orbit_pos[vis_orbit_index],
        time = vis_orbit_times[vis_orbit_index],
        scale = 0.741 * (Rad_Case_00.ORBIT.ALT_A + R_PLANET),
        axes = TRUE,
        asm_axes = TRUE,
        points = FALSE);

END_FOR
CLEAR();

KEY(shade = continuous_shade,
    range = default_range,
    x = 0.02,
    y = 0.02);

GagarinSat_cfg3.RANGE = "default_range";
GagarinSat_cfg3.SHADE = "continuous_shade";
GagarinSat_cfg3.NODES = FALSE;

ANNOTATE(string = "Thermal Node Attributes: Temperature",
         x = 0.02,
         y = 0.95);

DRAW_ORBIT(analysis_case = Case_00);
DRAW_PERIAPSIS(orbit = Rad_Case_00.ORBIT);
DRAW_ASCENDING_NODE(orbit = Rad_Case_00.ORBIT);
vis_orbit_index = 1;
vis_orbit_index = 1;
DRAW_PLANET(radiative_case = Rad_Case_00,
            time = vis_orbit_times[1],
            scale = 0.137,
            range = default_range,
            shade = continuous_shade
);
FOR (vis_orbit_index = 1;
    vis_orbit_index <= 11;
    vis_orbit_index = EVAL(vis_orbit_index + 1))
DISPLAY(p_and_o = vis_orbit_pos[vis_orbit_index],
        time = vis_orbit_times[vis_orbit_index],
        scale = 0.741 * (Rad_Case_00.ORBIT.ALT_A + R_PLANET),
        axes = TRUE,
        asm_axes = TRUE,
        points = FALSE);

END_FOR
CLEAR();

KEY(shade = continuous_shade,
    range = default_range,
    x = 0.02,
    y = 0.02);

GagarinSat_cfg3.RANGE = "default_range";
GagarinSat_cfg3.SHADE = "continuous_shade";
GagarinSat_cfg3.NODES = FALSE;

ANNOTATE(string = "Thermal Node Attributes: Temperature",
         x = 0.02,
         y = 0.95);

DRAW_ORBIT(analysis_case = Case_00);
DRAW_PERIAPSIS(orbit = Rad_Case_00.ORBIT);
DRAW_ASCENDING_NODE(orbit = Rad_Case_00.ORBIT);
vis_orbit_index = 1;
vis_orbit_index = 1;
DRAW_PLANET(radiative_case = Rad_Case_00,
            time = vis_orbit_times[1],
            scale = 0.137,
            range = default_range,
            shade = continuous_shade
);
FOR (vis_orbit_index = 1;
    vis_orbit_index <= 11;
    vis_orbit_index = EVAL(vis_orbit_index + 1))
DISPLAY(p_and_o = vis_orbit_pos[vis_orbit_index],
        time = vis_orbit_times[vis_orbit_index],
        scale = 0.741 * (Rad_Case_00.ORBIT.ALT_A + R_PLANET),
        axes = TRUE,
        asm_axes = TRUE,
        points = FALSE);

END_FOR
CLEAR();

KEY(shade = continuous_shade,
    range = default_range,
    x = 0.02,
    y = 0.02);

GagarinSat_cfg3.RANGE = "default_range";
GagarinSat_cfg3.SHADE = "continuous_shade";
GagarinSat_cfg3.NODES = FALSE;

ANNOTATE(string = "Thermal Node Attributes: Temperature",
         x = 0.02,
         y = 0.95);

DRAW_ORBIT(analysis_case = Case_00);
DRAW_PERIAPSIS(orbit = Rad_Case_00.ORBIT);
DRAW_ASCENDING_NODE(orbit = Rad_Case_00.ORBIT);
vis_orbit_index = 1;
vis_orbit_index = 1;
DRAW_PLANET(radiative_case = Rad_Case_00,
            time = vis_orbit_times[1],
            scale = 0.137,
            range = default_range,
            shade = continuous_shade
);
FOR (vis_orbit_index = 1;
    vis_orbit_index <= 11;
    vis_orbit_index = EVAL(vis_orbit_index + 1))
DISPLAY(p_and_o = vis_orbit_pos[vis_orbit_index],
        time = vis_orbit_times[vis_orbit_index],
        scale = 0.741 * (Rad_Case_00.ORBIT.ALT_A + R_PLANET),
        axes = TRUE,
        asm_axes = TRUE,
        points = FALSE);

END_FOR
THERMAL_POST_PROCESS_OVERLAY(
    record_type = "Thermal_Node",
    time_step = 0.0,
    fixed_scale = FALSE,
    attribute = "Temperature",
    radiative_case = Rad_Case_00
);
DEFINE_RANGE(
    range = default_range,
    min = -57.76436706842721,
    max = 62.47341196949027,
    type = "LINEAR"
);

CLEAR();

KEY(shade = continuous_shade,
    range = default_range,
    x = 0.02,
    y = 0.02);

GagarinSat_cfg3.RANGE = "default_range";
GagarinSat_cfg3.SHADE = "continuous_shade";
GagarinSat_cfg3.NODES = FALSE;

ANNOTATE(string = "Thermal Node Attributes: Temperature",
         x = 0.02,
         y = 0.95);

DISPLAY(p_and_o = [0.0,0.0,0.0,0.0,0.0,0.0],
        time = vis_orbit_times[1],
        scale = 1.0,
        axes = TRUE,
        asm_axes = TRUE,
        points = FALSE,
        assembly_p_and_o = vis_orbit_pos[1]);

RESET_VIEW();

THERMAL_POST_PROCESS_OVERLAY(
    record_type = "Thermal_Node",
    time_step = 3029.64,
    fixed_scale = FALSE,
    attribute = "Temperature",
    radiative_case = Rad_Case_00
);
DEFINE_RANGE(
    range = default_range,
    min = -57.85006549912684,
    max = 139.04767511444192,
    type = "LINEAR"
);

CLEAR();

KEY(shade = continuous_shade,
    range = default_range,
    x = 0.02,
    y = 0.02);

GagarinSat_cfg3.RANGE = "default_range";
GagarinSat_cfg3.SHADE = "continuous_shade";
GagarinSat_cfg3.NODES = FALSE;

ANNOTATE(string = "Thermal Node Attributes: Temperature",
         x = 0.02,
         y = 0.95);

DISPLAY(p_and_o = [0.0,0.0,0.0,0.0,0.0,0.0],
        time = vis_orbit_times[1],
        scale = 1.0,
        axes = TRUE,
        asm_axes = TRUE,
        points = FALSE,
        assembly_p_and_o = vis_orbit_pos[1]);

CLEAR();

KEY(shade = continuous_shade,
    range = default_range,
    x = 0.02,
    y = 0.02);

GagarinSat_cfg3.RANGE = "default_range";
GagarinSat_cfg3.SHADE = "continuous_shade";
GagarinSat_cfg3.NODES = FALSE;

ANNOTATE(string = "Thermal Node Attributes: Temperature",
         x = 0.02,
         y = 0.95);

DISPLAY(p_and_o = [0.0,0.0,0.0,0.0,0.0,0.0],
        time = vis_orbit_times[1],
        scale = 1.0,
        axes = TRUE,
        asm_axes = TRUE,
        points = FALSE,
        assembly_p_and_o = vis_orbit_pos[1]);

CLEAR();

KEY(shade = continuous_shade,
    range = default_range,
    x = 0.02,
    y = 0.02);

GagarinSat_cfg3.RANGE = "default_range";
GagarinSat_cfg3.SHADE = "continuous_shade";
GagarinSat_cfg3.NODES = FALSE;

ANNOTATE(string = "Thermal Node Attributes: Temperature",
         x = 0.02,
         y = 0.95);

DISPLAY(p_and_o = [0.0,0.0,0.0,0.0,0.0,0.0],
        time = vis_orbit_times[1],
        scale = 1.0,
        axes = TRUE,
        asm_axes = TRUE,
        points = FALSE,
        assembly_p_and_o = vis_orbit_pos[1]);

CLEAR();

KEY(shade = continuous_shade,
    range = default_range,
    x = 0.02,
    y = 0.02);

GagarinSat_cfg3.RANGE = "default_range";
GagarinSat_cfg3.SHADE = "continuous_shade";
GagarinSat_cfg3.NODES = FALSE;

ANNOTATE(string = "Thermal Node Attributes: Temperature",
         x = 0.02,
         y = 0.95);

DISPLAY(p_and_o = [0.0,0.0,0.0,0.0,0.0,0.0],
        time = vis_orbit_times[1],
        scale = 1.0,
        axes = TRUE,
        asm_axes = TRUE,
        points = FALSE,
        assembly_p_and_o = vis_orbit_pos[1]);

RADIATIVE_PRE_PROCESS_OVERLAY(source = "GEOMETRY",
                              display = "MODEL_ONLY");
RADIATIVE_PRE_PROCESS_OVERLAY(source = "GEOMETRY",
                              display = "MODEL_ONLY");
RADIATIVE_PRE_PROCESS_OVERLAY(source = "GEOMETRY",
                              display = "MODEL_ONLY");
RADIATIVE_PRE_PROCESS_OVERLAY(source = "GEOMETRY",
                              display = "MODEL_ONLY");
CLEAR();

GagarinSat_cfg3.NODES = FALSE;

ANNOTATE(string = "Colour",
         x = 0.02,
         y = 0.95);

DISPLAY(p_and_o = [0.0,0.0,0.0,0.0,0.0,0.0],
        scale = 1.0,
        axes = TRUE,
        asm_axes = TRUE,
        points = FALSE);

CLEAR();

GagarinSat_cfg3.NODES = FALSE;

ANNOTATE(string = "Colour",
         x = 0.02,
         y = 0.95);

DISPLAY(p_and_o = [0.0,0.0,0.0,0.0,0.0,0.0],
        scale = 1.0,
        axes = TRUE,
        asm_axes = TRUE,
        points = FALSE);

CLEAR();

GagarinSat_cfg3.NODES = FALSE;

ANNOTATE(string = "Colour",
         x = 0.02,
         y = 0.95);

DISPLAY(p_and_o = [0.0,0.0,0.0,0.0,0.0,0.0],
        scale = 1.0,
        axes = TRUE,
        asm_axes = TRUE,
        points = FALSE);

CLEAR();

GagarinSat_cfg3.NODES = FALSE;

ANNOTATE(string = "Colour",
         x = 0.02,
         y = 0.95);

DISPLAY(p_and_o = [0.0,0.0,0.0,0.0,0.0,0.0],
        scale = 1.0,
        axes = TRUE,
        asm_axes = TRUE,
        points = FALSE);

CLEAR();

GagarinSat_cfg3.NODES = FALSE;

ANNOTATE(string = "Colour",
         x = 0.02,
         y = 0.95);

DISPLAY(p_and_o = [0.0,0.0,0.0,0.0,0.0,0.0],
        scale = 1.0,
        axes = TRUE,
        asm_axes = TRUE,
        points = FALSE);

CLEAR();

GagarinSat_cfg3.NODES = FALSE;

ANNOTATE(string = "Colour",
         x = 0.02,
         y = 0.95);

DISPLAY(p_and_o = [0.0,0.0,0.0,0.0,0.0,0.0],
        scale = 1.0,
        axes = TRUE,
        asm_axes = TRUE,
        points = FALSE);

LOAD_EXTERNAL_RESULTS (
   type = "TMD",
   file = "C:\ESATAN-TMS\ESATAN-TMS-Models\ESATAN-TMS_Models\GagarinSat_cfg3\esatan\Case_00\GAGARINSAT_CFG3_CASE_00.TMD");
RADIATIVE_PRE_PROCESS_OVERLAY(source = "GEOMETRY",
                              display = "MODEL_ONLY");
CLEAR();

GagarinSat_cfg3.NODES = FALSE;

ANNOTATE(string = "Colour",
         x = 0.02,
         y = 0.95);

DISPLAY(p_and_o = [0.0,0.0,0.0,0.0,0.0,0.0],
        scale = 1.0,
        axes = TRUE,
        asm_axes = TRUE,
        points = FALSE);

THERMAL_POST_PROCESS_OVERLAY(
    record_type= "Thermal_Node",
    start_time = 0.0,
    end_time = 6059.29,
    cycle = 1,
    radiative_case = Rad_Case_00,
    analysis_case = Case_00,
    fixed_scale = FALSE,
    attribute = "Temperature",
     planet_scale = 0.137,
     model_scale = 0.741,
     draw_periapsis = TRUE,
     draw_asc_node = TRUE
);
DEFINE_RANGE(
    range = default_range,
    min = -59.37432419480888,
    max = 144.17725546351704,
    type = "LINEAR"
);

CLEAR();

KEY(shade = continuous_shade,
    range = default_range,
    x = 0.02,
    y = 0.02);

GagarinSat_cfg3.RANGE = "default_range";
GagarinSat_cfg3.SHADE = "continuous_shade";
GagarinSat_cfg3.NODES = FALSE;

ANNOTATE(string = "Thermal Node Attributes: Temperature",
         x = 0.02,
         y = 0.95);

DRAW_ORBIT(analysis_case = Case_00);
DRAW_PERIAPSIS(orbit = Rad_Case_00.ORBIT);
DRAW_ASCENDING_NODE(orbit = Rad_Case_00.ORBIT);
vis_orbit_index = 1;
vis_orbit_index = 1;
DRAW_PLANET(radiative_case = Rad_Case_00,
            time = vis_orbit_times[1],
            scale = 0.137,
            range = default_range,
            shade = continuous_shade
);
FOR (vis_orbit_index = 1;
    vis_orbit_index <= 11;
    vis_orbit_index = EVAL(vis_orbit_index + 1))
DISPLAY(p_and_o = vis_orbit_pos[vis_orbit_index],
        time = vis_orbit_times[vis_orbit_index],
        scale = 0.741 * (Rad_Case_00.ORBIT.ALT_A + R_PLANET),
        axes = TRUE,
        asm_axes = TRUE,
        points = FALSE);

END_FOR
DEFINE_RANGE(
    range = default_range,
    min = -58.20838487801676,
    max = -56.68282171788695,
    type = "LINEAR"
);

CLEAR();

KEY(shade = continuous_shade,
    range = default_range,
    x = 0.02,
    y = 0.02);

GagarinSat_cfg3.RANGE = "default_range";
GagarinSat_cfg3.SHADE = "continuous_shade";
GagarinSat_cfg3.NODES = FALSE;

ANNOTATE(string = "Thermal Node Attributes: Temperature",
         x = 0.02,
         y = 0.95);

DRAW_ORBIT(analysis_case = Case_00);
DRAW_PERIAPSIS(orbit = Rad_Case_00.ORBIT);
DRAW_ASCENDING_NODE(orbit = Rad_Case_00.ORBIT);
vis_orbit_index = 1;
vis_orbit_index = 1;
DRAW_PLANET(radiative_case = Rad_Case_00,
            time = vis_orbit_times[1],
            scale = 0.137,
            range = default_range,
            shade = continuous_shade
);
FOR (vis_orbit_index = 1;
    vis_orbit_index <= 11;
    vis_orbit_index = EVAL(vis_orbit_index + 1))
DISPLAY(p_and_o = vis_orbit_pos[vis_orbit_index],
        time = vis_orbit_times[vis_orbit_index],
        scale = 0.741 * (Rad_Case_00.ORBIT.ALT_A + R_PLANET),
        axes = TRUE,
        asm_axes = TRUE,
        points = FALSE);

END_FOR
DEFINE_RANGE(
    range = default_range,
    min = -59.37432419480888,
    max = 144.17725546351704,
    type = "LINEAR"
);

CLEAR();

KEY(shade = continuous_shade,
    range = default_range,
    x = 0.02,
    y = 0.02);

GagarinSat_cfg3.RANGE = "default_range";
GagarinSat_cfg3.SHADE = "continuous_shade";
GagarinSat_cfg3.NODES = FALSE;

ANNOTATE(string = "Thermal Node Attributes: Temperature",
         x = 0.02,
         y = 0.95);

DRAW_ORBIT(analysis_case = Case_00);
DRAW_PERIAPSIS(orbit = Rad_Case_00.ORBIT);
DRAW_ASCENDING_NODE(orbit = Rad_Case_00.ORBIT);
vis_orbit_index = 1;
vis_orbit_index = 1;
DRAW_PLANET(radiative_case = Rad_Case_00,
            time = vis_orbit_times[1],
            scale = 0.137,
            range = default_range,
            shade = continuous_shade
);
FOR (vis_orbit_index = 1;
    vis_orbit_index <= 11;
    vis_orbit_index = EVAL(vis_orbit_index + 1))
DISPLAY(p_and_o = vis_orbit_pos[vis_orbit_index],
        time = vis_orbit_times[vis_orbit_index],
        scale = 0.741 * (Rad_Case_00.ORBIT.ALT_A + R_PLANET),
        axes = TRUE,
        asm_axes = TRUE,
        points = FALSE);

END_FOR
RADIATIVE_PRE_PROCESS_OVERLAY(
    source = "GEOMETRY",
    display = "ORBITAL",
    radiative_case = LEO_SS_6am,
    model_scale = 0.1,
    draw_model = TRUE,
    planet_scale = 1.0,
    draw_planet = TRUE);
CLEAR();

GagarinSat_cfg3.NODES = FALSE;

ANNOTATE(string = "",
         x = 0.02,
         y = 0.95);
DRAW_ORBIT(orbit = LEO_SS_6am.ORBIT);
vis_orbit_index = 1;
DRAW_PLANET(radiative_case = LEO_SS_6am,
            time = LEO_SS_6am.ORBIT_TIMES[vis_orbit_index],
            scale = 1.0,
            range = default_range,
            shade = continuous_shade
);
DISPLAY(p_and_o = LEO_SS_6am.ORBIT_POSITIONS[vis_orbit_index],
        time = LEO_SS_6am.ORBIT_TIMES[vis_orbit_index],
        scale = 0.1 * (LEO_SS_6am.ORBIT.ALT_A + R_PLANET),
        axes = TRUE,
        asm_axes = TRUE,
        points = FALSE,
        radiative_case = LEO_SS_6am,
        orbit_position = vis_orbit_index,
        spin_position = 0);

THERMAL_POST_PROCESS_OVERLAY(
    record_type = "Thermal_Node",
    time_step = 0.0,
    fixed_scale = FALSE,
    attribute = "Temperature",
    radiative_case = LEO_SS_6am
);
DEFINE_RANGE(
    range = default_range,
    min = -58.43964723555351,
    max = 63.411643079620916,
    type = "LINEAR"
);

CLEAR();

KEY(shade = continuous_shade,
    range = default_range,
    x = 0.02,
    y = 0.02);

GagarinSat_cfg3.RANGE = "default_range";
GagarinSat_cfg3.SHADE = "continuous_shade";
GagarinSat_cfg3.NODES = FALSE;

ANNOTATE(string = "Thermal Node Attributes: Temperature",
         x = 0.02,
         y = 0.95);

DISPLAY(p_and_o = [0.0,0.0,0.0,0.0,0.0,0.0],
        time = vis_orbit_times[1],
        scale = 1.0,
        axes = TRUE,
        asm_axes = TRUE,
        points = FALSE,
        assembly_p_and_o = vis_orbit_pos[1]);

RESET_VIEW();

CLEAR();

KEY(shade = continuous_shade,
    range = default_range,
    x = 0.02,
    y = 0.02);

GagarinSat_cfg3.RANGE = "default_range";
GagarinSat_cfg3.SHADE = "continuous_shade";
GagarinSat_cfg3.NODES = FALSE;

ANNOTATE(string = "Thermal Node Attributes: Temperature",
         x = 0.02,
         y = 0.95);

DISPLAY(p_and_o = [0.0,0.0,0.0,0.0,0.0,0.0],
        time = vis_orbit_times[1],
        scale = 1.0,
        axes = TRUE,
        asm_axes = TRUE,
        points = FALSE,
        assembly_p_and_o = vis_orbit_pos[1]);

CLEAR();

KEY(shade = continuous_shade,
    range = default_range,
    x = 0.02,
    y = 0.02);

GagarinSat_cfg3.RANGE = "default_range";
GagarinSat_cfg3.SHADE = "continuous_shade";
GagarinSat_cfg3.NODES = FALSE;

ANNOTATE(string = "Thermal Node Attributes: Temperature",
         x = 0.02,
         y = 0.95);

DISPLAY(p_and_o = [0.0,0.0,0.0,0.0,0.0,0.0],
        time = vis_orbit_times[1],
        scale = 1.0,
        axes = TRUE,
        asm_axes = TRUE,
        points = FALSE,
        assembly_p_and_o = vis_orbit_pos[1]);

CLEAR();

KEY(shade = continuous_shade,
    range = default_range,
    x = 0.02,
    y = 0.02);

GagarinSat_cfg3.RANGE = "default_range";
GagarinSat_cfg3.SHADE = "continuous_shade";
GagarinSat_cfg3.NODES = FALSE;

ANNOTATE(string = "Thermal Node Attributes: Temperature",
         x = 0.02,
         y = 0.95);

DISPLAY(p_and_o = [0.0,0.0,0.0,0.0,0.0,0.0],
        time = vis_orbit_times[1],
        scale = 1.0,
        axes = TRUE,
        asm_axes = TRUE,
        points = FALSE,
        assembly_p_and_o = vis_orbit_pos[1]);

CLEAR();

KEY(shade = continuous_shade,
    range = default_range,
    x = 0.02,
    y = 0.02);

GagarinSat_cfg3.RANGE = "default_range";
GagarinSat_cfg3.SHADE = "continuous_shade";
GagarinSat_cfg3.NODES = FALSE;

ANNOTATE(string = "Thermal Node Attributes: Temperature",
         x = 0.02,
         y = 0.95);

DISPLAY(p_and_o = [0.0,0.0,0.0,0.0,0.0,0.0],
        time = vis_orbit_times[1],
        scale = 1.0,
        axes = TRUE,
        asm_axes = TRUE,
        points = FALSE,
        assembly_p_and_o = vis_orbit_pos[1]);

THERMAL_POST_PROCESS_OVERLAY(
    record_type = "Thermal_Node",
    time_step = 3029.64,
    fixed_scale = FALSE,
    attribute = "Total_Rest_Heat_Source",
    radiative_case = LEO_SS_6am
);
DEFINE_RANGE(
    range = default_range,
    min = 0.0,
    max = 0.0,
    type = "LINEAR"
);

CLEAR();

KEY(shade = continuous_shade,
    range = default_range,
    x = 0.02,
    y = 0.02);

GagarinSat_cfg3.RANGE = "default_range";
GagarinSat_cfg3.SHADE = "continuous_shade";
GagarinSat_cfg3.NODES = FALSE;

ANNOTATE(string = "Thermal Node Attributes: Total Rest Heat Source",
         x = 0.02,
         y = 0.95);

DISPLAY(p_and_o = [0.0,0.0,0.0,0.0,0.0,0.0],
        time = vis_orbit_times[1],
        scale = 1.0,
        axes = TRUE,
        asm_axes = TRUE,
        points = FALSE,
        assembly_p_and_o = vis_orbit_pos[1]);

THERMAL_POST_PROCESS_OVERLAY(
    record_type = "Thermal_Node",
    time_step = 5453.36,
    fixed_scale = FALSE,
    attribute = "Total_Rest_Heat_Source",
    radiative_case = LEO_SS_6am
);
CLEAR();

KEY(shade = continuous_shade,
    range = default_range,
    x = 0.02,
    y = 0.02);

GagarinSat_cfg3.RANGE = "default_range";
GagarinSat_cfg3.SHADE = "continuous_shade";
GagarinSat_cfg3.NODES = FALSE;

ANNOTATE(string = "Thermal Node Attributes: Total Rest Heat Source",
         x = 0.02,
         y = 0.95);

DISPLAY(p_and_o = [0.0,0.0,0.0,0.0,0.0,0.0],
        time = vis_orbit_times[1],
        scale = 1.0,
        axes = TRUE,
        asm_axes = TRUE,
        points = FALSE,
        assembly_p_and_o = vis_orbit_pos[1]);

THERMAL_POST_PROCESS_OVERLAY(
    record_type = "Thermal_Node",
    time_step = 5453.36,
    fixed_scale = FALSE,
    attribute = "Temperature",
    radiative_case = LEO_SS_6am
);
DEFINE_RANGE(
    range = default_range,
    min = -58.1996926434088,
    max = 63.90437642540672,
    type = "LINEAR"
);

CLEAR();

KEY(shade = continuous_shade,
    range = default_range,
    x = 0.02,
    y = 0.02);

GagarinSat_cfg3.RANGE = "default_range";
GagarinSat_cfg3.SHADE = "continuous_shade";
GagarinSat_cfg3.NODES = FALSE;

ANNOTATE(string = "Thermal Node Attributes: Temperature",
         x = 0.02,
         y = 0.95);

DISPLAY(p_and_o = [0.0,0.0,0.0,0.0,0.0,0.0],
        time = vis_orbit_times[1],
        scale = 1.0,
        axes = TRUE,
        asm_axes = TRUE,
        points = FALSE,
        assembly_p_and_o = vis_orbit_pos[1]);

THERMAL_POST_PROCESS_OVERLAY(
    record_type = "Thermal_Node",
    time_step = 4241.5,
    fixed_scale = FALSE,
    attribute = "Temperature",
    radiative_case = LEO_SS_6am
);
DEFINE_RANGE(
    range = default_range,
    min = -58.06395255534136,
    max = 144.17725546351704,
    type = "LINEAR"
);

CLEAR();

KEY(shade = continuous_shade,
    range = default_range,
    x = 0.02,
    y = 0.02);

GagarinSat_cfg3.RANGE = "default_range";
GagarinSat_cfg3.SHADE = "continuous_shade";
GagarinSat_cfg3.NODES = FALSE;

ANNOTATE(string = "Thermal Node Attributes: Temperature",
         x = 0.02,
         y = 0.95);

DISPLAY(p_and_o = [0.0,0.0,0.0,0.0,0.0,0.0],
        time = vis_orbit_times[1],
        scale = 1.0,
        axes = TRUE,
        asm_axes = TRUE,
        points = FALSE,
        assembly_p_and_o = vis_orbit_pos[1]);

CLEAR();

KEY(shade = continuous_shade,
    range = default_range,
    x = 0.02,
    y = 0.02);

GagarinSat_cfg3.RANGE = "default_range";
GagarinSat_cfg3.SHADE = "continuous_shade";
GagarinSat_cfg3.NODES = FALSE;

ANNOTATE(string = "Thermal Node Attributes: Temperature",
         x = 0.02,
         y = 0.95);

DISPLAY(p_and_o = [0.0,0.0,0.0,0.0,0.0,0.0],
        time = vis_orbit_times[1],
        scale = 1.0,
        axes = TRUE,
        asm_axes = TRUE,
        points = FALSE,
        assembly_p_and_o = vis_orbit_pos[1]);

CLEAR();

KEY(shade = continuous_shade,
    range = default_range,
    x = 0.02,
    y = 0.02);

GagarinSat_cfg3.RANGE = "default_range";
GagarinSat_cfg3.SHADE = "continuous_shade";
GagarinSat_cfg3.NODES = FALSE;

ANNOTATE(string = "Thermal Node Attributes: Temperature",
         x = 0.02,
         y = 0.95);

DISPLAY(p_and_o = [0.0,0.0,0.0,0.0,0.0,0.0],
        time = vis_orbit_times[1],
        scale = 1.0,
        axes = TRUE,
        asm_axes = TRUE,
        points = FALSE,
        assembly_p_and_o = vis_orbit_pos[1]);

CLEAR();

KEY(shade = continuous_shade,
    range = default_range,
    x = 0.02,
    y = 0.02);

GagarinSat_cfg3.RANGE = "default_range";
GagarinSat_cfg3.SHADE = "continuous_shade";
GagarinSat_cfg3.NODES = FALSE;

ANNOTATE(string = "Thermal Node Attributes: Temperature",
         x = 0.02,
         y = 0.95);

DISPLAY(p_and_o = [0.0,0.0,0.0,0.0,0.0,0.0],
        time = vis_orbit_times[1],
        scale = 1.0,
        axes = TRUE,
        asm_axes = TRUE,
        points = FALSE,
        assembly_p_and_o = vis_orbit_pos[1]);

CLEAR();

KEY(shade = continuous_shade,
    range = default_range,
    x = 0.02,
    y = 0.02);

GagarinSat_cfg3.RANGE = "default_range";
GagarinSat_cfg3.SHADE = "continuous_shade";
GagarinSat_cfg3.NODES = FALSE;

ANNOTATE(string = "Thermal Node Attributes: Temperature",
         x = 0.02,
         y = 0.95);

DISPLAY(p_and_o = [0.0,0.0,0.0,0.0,0.0,0.0],
        time = vis_orbit_times[1],
        scale = 1.0,
        axes = TRUE,
        asm_axes = TRUE,
        points = FALSE,
        assembly_p_and_o = vis_orbit_pos[1]);

CLEAR();

KEY(shade = continuous_shade,
    range = default_range,
    x = 0.02,
    y = 0.02);

GagarinSat_cfg3.RANGE = "default_range";
GagarinSat_cfg3.SHADE = "continuous_shade";
GagarinSat_cfg3.NODES = FALSE;

ANNOTATE(string = "Thermal Node Attributes: Temperature",
         x = 0.02,
         y = 0.95);

DISPLAY(p_and_o = [0.0,0.0,0.0,0.0,0.0,0.0],
        time = vis_orbit_times[1],
        scale = 1.0,
        axes = TRUE,
        asm_axes = TRUE,
        points = FALSE,
        assembly_p_and_o = vis_orbit_pos[1]);

CLEAR();

KEY(shade = continuous_shade,
    range = default_range,
    x = 0.02,
    y = 0.02);

GagarinSat_cfg3.RANGE = "default_range";
GagarinSat_cfg3.SHADE = "continuous_shade";
GagarinSat_cfg3.NODES = FALSE;

ANNOTATE(string = "Thermal Node Attributes: Temperature",
         x = 0.02,
         y = 0.95);

DISPLAY(p_and_o = [0.0,0.0,0.0,0.0,0.0,0.0],
        time = vis_orbit_times[1],
        scale = 1.0,
        axes = TRUE,
        asm_axes = TRUE,
        points = FALSE,
        assembly_p_and_o = vis_orbit_pos[1]);

CLEAR();

KEY(shade = continuous_shade,
    range = default_range,
    x = 0.02,
    y = 0.02);

GagarinSat_cfg3.RANGE = "default_range";
GagarinSat_cfg3.SHADE = "continuous_shade";
GagarinSat_cfg3.NODES = FALSE;

ANNOTATE(string = "Thermal Node Attributes: Temperature",
         x = 0.02,
         y = 0.95);

DISPLAY(p_and_o = [0.0,0.0,0.0,0.0,0.0,0.0],
        time = vis_orbit_times[1],
        scale = 1.0,
        axes = TRUE,
        asm_axes = TRUE,
        points = FALSE,
        assembly_p_and_o = vis_orbit_pos[1]);

CLEAR();

KEY(shade = continuous_shade,
    range = default_range,
    x = 0.02,
    y = 0.02);

GagarinSat_cfg3.RANGE = "default_range";
GagarinSat_cfg3.SHADE = "continuous_shade";
GagarinSat_cfg3.NODES = FALSE;

ANNOTATE(string = "Thermal Node Attributes: Temperature",
         x = 0.02,
         y = 0.95);

DISPLAY(p_and_o = [0.0,0.0,0.0,0.0,0.0,0.0],
        time = vis_orbit_times[1],
        scale = 1.0,
        axes = TRUE,
        asm_axes = TRUE,
        points = FALSE,
        assembly_p_and_o = vis_orbit_pos[1]);

CLEAR();

KEY(shade = continuous_shade,
    range = default_range,
    x = 0.02,
    y = 0.02);

GagarinSat_cfg3.RANGE = "default_range";
GagarinSat_cfg3.SHADE = "continuous_shade";
GagarinSat_cfg3.NODES = FALSE;

ANNOTATE(string = "Thermal Node Attributes: Temperature",
         x = 0.02,
         y = 0.95);

DISPLAY(p_and_o = [0.0,0.0,0.0,0.0,0.0,0.0],
        time = vis_orbit_times[1],
        scale = 1.0,
        axes = TRUE,
        asm_axes = TRUE,
        points = FALSE,
        assembly_p_and_o = vis_orbit_pos[1]);

DEFINE_RANGE(
    range = default_range,
    min = -58.06395255534136,
    max = 63.371329276839774,
    type = "LINEAR"
);

CLEAR();

KEY(shade = continuous_shade,
    range = default_range,
    x = 0.02,
    y = 0.02);

GagarinSat_cfg3.RANGE = "default_range";
GagarinSat_cfg3.SHADE = "continuous_shade";
GagarinSat_cfg3.NODES = FALSE;

ANNOTATE(string = "Thermal Node Attributes: Temperature",
         x = 0.02,
         y = 0.95);

DISPLAY(p_and_o = [0.0,0.0,0.0,0.0,0.0,0.0],
        time = vis_orbit_times[1],
        scale = 1.0,
        axes = TRUE,
        asm_axes = TRUE,
        points = FALSE,
        assembly_p_and_o = vis_orbit_pos[1]);

CLEAR();

KEY(shade = continuous_shade,
    range = default_range,
    x = 0.02,
    y = 0.02);

GagarinSat_cfg3.RANGE = "default_range";
GagarinSat_cfg3.SHADE = "continuous_shade";
GagarinSat_cfg3.NODES = FALSE;

ANNOTATE(string = "Thermal Node Attributes: Temperature",
         x = 0.02,
         y = 0.95);

DISPLAY(p_and_o = [0.0,0.0,0.0,0.0,0.0,0.0],
        time = vis_orbit_times[1],
        scale = 1.0,
        axes = TRUE,
        asm_axes = TRUE,
        points = FALSE,
        assembly_p_and_o = vis_orbit_pos[1]);

CLEAR();

KEY(shade = continuous_shade,
    range = default_range,
    x = 0.02,
    y = 0.02);

GagarinSat_cfg3.RANGE = "default_range";
GagarinSat_cfg3.SHADE = "continuous_shade";
GagarinSat_cfg3.NODES = FALSE;

ANNOTATE(string = "Thermal Node Attributes: Temperature",
         x = 0.02,
         y = 0.95);

DISPLAY(p_and_o = [0.0,0.0,0.0,0.0,0.0,0.0],
        time = vis_orbit_times[1],
        scale = 1.0,
        axes = TRUE,
        asm_axes = TRUE,
        points = FALSE,
        assembly_p_and_o = vis_orbit_pos[1]);

CLEAR();

KEY(shade = continuous_shade,
    range = default_range,
    x = 0.02,
    y = 0.02);

GagarinSat_cfg3.RANGE = "default_range";
GagarinSat_cfg3.SHADE = "continuous_shade";
GagarinSat_cfg3.NODES = FALSE;

ANNOTATE(string = "Thermal Node Attributes: Temperature",
         x = 0.02,
         y = 0.95);

DISPLAY(p_and_o = [0.0,0.0,0.0,0.0,0.0,0.0],
        time = vis_orbit_times[1],
        scale = 1.0,
        axes = TRUE,
        asm_axes = TRUE,
        points = FALSE,
        assembly_p_and_o = vis_orbit_pos[1]);

LOAD_EXTERNAL_RESULTS (
   type = "TMD",
   file = "C:\ESATAN-TMS\ESATAN-TMS-Models\ESATAN-TMS_Models\GagarinSat_cfg3\esatan\Case_00\GAGARINSAT_CFG3_CASE_00.TMD");
RADIATIVE_PRE_PROCESS_OVERLAY(source = "GEOMETRY",
                              display = "MODEL_ONLY");
CLEAR();

GagarinSat_cfg3.NODES = FALSE;

ANNOTATE(string = "Colour",
         x = 0.02,
         y = 0.95);

DISPLAY(p_and_o = [0.0,0.0,0.0,0.0,0.0,0.0],
        scale = 1.0,
        axes = TRUE,
        asm_axes = TRUE,
        points = FALSE);

THERMAL_POST_PROCESS_OVERLAY(
    record_type= "Thermal_Node",
    start_time = 0.0,
    end_time = 6059.29,
    cycle = 1,
    radiative_case = Rad_Case_00,
    analysis_case = Case_00,
    fixed_scale = FALSE,
    attribute = "Temperature",
     planet_scale = 0.334,
     model_scale = 0.741,
     draw_periapsis = TRUE,
     draw_asc_node = TRUE
);
DEFINE_RANGE(
    range = default_range,
    min = -59.718028226918086,
    max = 60.28112070509899,
    type = "LINEAR"
);

CLEAR();

KEY(shade = continuous_shade,
    range = default_range,
    x = 0.02,
    y = 0.02);

GagarinSat_cfg3.RANGE = "default_range";
GagarinSat_cfg3.SHADE = "continuous_shade";
GagarinSat_cfg3.NODES = FALSE;

ANNOTATE(string = "Thermal Node Attributes: Temperature",
         x = 0.02,
         y = 0.95);

DRAW_ORBIT(analysis_case = Case_00);
DRAW_PERIAPSIS(orbit = Rad_Case_00.ORBIT);
DRAW_ASCENDING_NODE(orbit = Rad_Case_00.ORBIT);
DRAW_PLANET(radiative_case = Rad_Case_00,
            time = vis_orbit_times[1],
            scale = 0.334,
            range = default_range,
            shade = continuous_shade
);
FOR (vis_orbit_index = 1;
    vis_orbit_index <= 11;
    vis_orbit_index = EVAL(vis_orbit_index + 1))
DISPLAY(p_and_o = vis_orbit_pos[vis_orbit_index],
        time = vis_orbit_times[vis_orbit_index],
        scale = 0.741 * (Rad_Case_00.ORBIT.ALT_A + R_PLANET),
        axes = TRUE,
        asm_axes = TRUE,
        points = FALSE);

END_FOR
DEFINE_RANGE(
    range = default_range,
    min = -59.718028226918086,
    max = 144.0762263209786,
    type = "LINEAR"
);

CLEAR();

KEY(shade = continuous_shade,
    range = default_range,
    x = 0.02,
    y = 0.02);

GagarinSat_cfg3.RANGE = "default_range";
GagarinSat_cfg3.SHADE = "continuous_shade";
GagarinSat_cfg3.NODES = FALSE;

ANNOTATE(string = "Thermal Node Attributes: Temperature",
         x = 0.02,
         y = 0.95);

DRAW_ORBIT(analysis_case = Case_00);
DRAW_PERIAPSIS(orbit = Rad_Case_00.ORBIT);
DRAW_ASCENDING_NODE(orbit = Rad_Case_00.ORBIT);
vis_orbit_index = 1;
vis_orbit_index = 1;
DRAW_PLANET(radiative_case = Rad_Case_00,
            time = vis_orbit_times[1],
            scale = 0.334,
            range = default_range,
            shade = continuous_shade
);
FOR (vis_orbit_index = 1;
    vis_orbit_index <= 11;
    vis_orbit_index = EVAL(vis_orbit_index + 1))
DISPLAY(p_and_o = vis_orbit_pos[vis_orbit_index],
        time = vis_orbit_times[vis_orbit_index],
        scale = 0.741 * (Rad_Case_00.ORBIT.ALT_A + R_PLANET),
        axes = TRUE,
        asm_axes = TRUE,
        points = FALSE);

END_FOR
CLEAR();

KEY(shade = continuous_shade,
    range = default_range,
    x = 0.02,
    y = 0.02);

GagarinSat_cfg3.RANGE = "default_range";
GagarinSat_cfg3.SHADE = "continuous_shade";
GagarinSat_cfg3.NODES = FALSE;

ANNOTATE(string = "Thermal Node Attributes: Temperature",
         x = 0.02,
         y = 0.95);

DRAW_ORBIT(analysis_case = Case_00);
DRAW_PERIAPSIS(orbit = Rad_Case_00.ORBIT);
DRAW_ASCENDING_NODE(orbit = Rad_Case_00.ORBIT);
vis_orbit_index = 1;
vis_orbit_index = 1;
DRAW_PLANET(radiative_case = Rad_Case_00,
            time = vis_orbit_times[1],
            scale = 0.334,
            range = default_range,
            shade = continuous_shade
);
FOR (vis_orbit_index = 1;
    vis_orbit_index <= 11;
    vis_orbit_index = EVAL(vis_orbit_index + 1))
DISPLAY(p_and_o = vis_orbit_pos[vis_orbit_index],
        time = vis_orbit_times[vis_orbit_index],
        scale = 0.741 * (Rad_Case_00.ORBIT.ALT_A + R_PLANET),
        axes = TRUE,
        asm_axes = TRUE,
        points = FALSE);

END_FOR
CLEAR();

KEY(shade = continuous_shade,
    range = default_range,
    x = 0.02,
    y = 0.02);

GagarinSat_cfg3.RANGE = "default_range";
GagarinSat_cfg3.SHADE = "continuous_shade";
GagarinSat_cfg3.NODES = FALSE;

ANNOTATE(string = "Thermal Node Attributes: Temperature",
         x = 0.02,
         y = 0.95);

DRAW_ORBIT(analysis_case = Case_00);
DRAW_PERIAPSIS(orbit = Rad_Case_00.ORBIT);
DRAW_ASCENDING_NODE(orbit = Rad_Case_00.ORBIT);
vis_orbit_index = 1;
vis_orbit_index = 1;
DRAW_PLANET(radiative_case = Rad_Case_00,
            time = vis_orbit_times[1],
            scale = 0.334,
            range = default_range,
            shade = continuous_shade
);
FOR (vis_orbit_index = 1;
    vis_orbit_index <= 11;
    vis_orbit_index = EVAL(vis_orbit_index + 1))
DISPLAY(p_and_o = vis_orbit_pos[vis_orbit_index],
        time = vis_orbit_times[vis_orbit_index],
        scale = 0.741 * (Rad_Case_00.ORBIT.ALT_A + R_PLANET),
        axes = TRUE,
        asm_axes = TRUE,
        points = FALSE);

END_FOR
CLEAR();

KEY(shade = continuous_shade,
    range = default_range,
    x = 0.02,
    y = 0.02);

GagarinSat_cfg3.RANGE = "default_range";
GagarinSat_cfg3.SHADE = "continuous_shade";
GagarinSat_cfg3.NODES = FALSE;

ANNOTATE(string = "Thermal Node Attributes: Temperature",
         x = 0.02,
         y = 0.95);

DRAW_ORBIT(analysis_case = Case_00);
DRAW_PERIAPSIS(orbit = Rad_Case_00.ORBIT);
DRAW_ASCENDING_NODE(orbit = Rad_Case_00.ORBIT);
vis_orbit_index = 1;
vis_orbit_index = 1;
DRAW_PLANET(radiative_case = Rad_Case_00,
            time = vis_orbit_times[1],
            scale = 0.334,
            range = default_range,
            shade = continuous_shade
);
FOR (vis_orbit_index = 1;
    vis_orbit_index <= 11;
    vis_orbit_index = EVAL(vis_orbit_index + 1))
DISPLAY(p_and_o = vis_orbit_pos[vis_orbit_index],
        time = vis_orbit_times[vis_orbit_index],
        scale = 0.741 * (Rad_Case_00.ORBIT.ALT_A + R_PLANET),
        axes = TRUE,
        asm_axes = TRUE,
        points = FALSE);

END_FOR
DEFINE_RANGE(
    range = default_range,
    min = -59.718028226918086,
    max = 61.590176500583254,
    type = "LINEAR"
);

CLEAR();

KEY(shade = continuous_shade,
    range = default_range,
    x = 0.02,
    y = 0.02);

GagarinSat_cfg3.RANGE = "default_range";
GagarinSat_cfg3.SHADE = "continuous_shade";
GagarinSat_cfg3.NODES = FALSE;

ANNOTATE(string = "Thermal Node Attributes: Temperature",
         x = 0.02,
         y = 0.95);

DRAW_ORBIT(analysis_case = Case_00);
DRAW_PERIAPSIS(orbit = Rad_Case_00.ORBIT);
DRAW_ASCENDING_NODE(orbit = Rad_Case_00.ORBIT);
vis_orbit_index = 1;
vis_orbit_index = 1;
DRAW_PLANET(radiative_case = Rad_Case_00,
            time = vis_orbit_times[1],
            scale = 0.334,
            range = default_range,
            shade = continuous_shade
);
FOR (vis_orbit_index = 1;
    vis_orbit_index <= 11;
    vis_orbit_index = EVAL(vis_orbit_index + 1))
DISPLAY(p_and_o = vis_orbit_pos[vis_orbit_index],
        time = vis_orbit_times[vis_orbit_index],
        scale = 0.741 * (Rad_Case_00.ORBIT.ALT_A + R_PLANET),
        axes = TRUE,
        asm_axes = TRUE,
        points = FALSE);

END_FOR
CLEAR();

KEY(shade = continuous_shade,
    range = default_range,
    x = 0.02,
    y = 0.02);

GagarinSat_cfg3.RANGE = "default_range";
GagarinSat_cfg3.SHADE = "continuous_shade";
GagarinSat_cfg3.NODES = FALSE;

ANNOTATE(string = "Thermal Node Attributes: Temperature",
         x = 0.02,
         y = 0.95);

DRAW_ORBIT(analysis_case = Case_00);
DRAW_PERIAPSIS(orbit = Rad_Case_00.ORBIT);
DRAW_ASCENDING_NODE(orbit = Rad_Case_00.ORBIT);
vis_orbit_index = 1;
vis_orbit_index = 1;
DRAW_PLANET(radiative_case = Rad_Case_00,
            time = vis_orbit_times[1],
            scale = 0.334,
            range = default_range,
            shade = continuous_shade
);
FOR (vis_orbit_index = 1;
    vis_orbit_index <= 11;
    vis_orbit_index = EVAL(vis_orbit_index + 1))
DISPLAY(p_and_o = vis_orbit_pos[vis_orbit_index],
        time = vis_orbit_times[vis_orbit_index],
        scale = 0.741 * (Rad_Case_00.ORBIT.ALT_A + R_PLANET),
        axes = TRUE,
        asm_axes = TRUE,
        points = FALSE);

END_FOR
CLEAR();

KEY(shade = continuous_shade,
    range = default_range,
    x = 0.02,
    y = 0.02);

GagarinSat_cfg3.RANGE = "default_range";
GagarinSat_cfg3.SHADE = "continuous_shade";
GagarinSat_cfg3.NODES = FALSE;

ANNOTATE(string = "Thermal Node Attributes: Temperature",
         x = 0.02,
         y = 0.95);

DRAW_ORBIT(analysis_case = Case_00);
DRAW_PERIAPSIS(orbit = Rad_Case_00.ORBIT);
DRAW_ASCENDING_NODE(orbit = Rad_Case_00.ORBIT);
vis_orbit_index = 1;
vis_orbit_index = 1;
DRAW_PLANET(radiative_case = Rad_Case_00,
            time = vis_orbit_times[1],
            scale = 0.334,
            range = default_range,
            shade = continuous_shade
);
FOR (vis_orbit_index = 1;
    vis_orbit_index <= 11;
    vis_orbit_index = EVAL(vis_orbit_index + 1))
DISPLAY(p_and_o = vis_orbit_pos[vis_orbit_index],
        time = vis_orbit_times[vis_orbit_index],
        scale = 0.741 * (Rad_Case_00.ORBIT.ALT_A + R_PLANET),
        axes = TRUE,
        asm_axes = TRUE,
        points = FALSE);

END_FOR
THERMAL_PRE_PROCESS_OVERLAY(
    result_type = "CONDUCTIVE_INTERFACE"
);
DEFINE_RANGE(
    range = default_range,
    min = 0.0,
    max = 0.0,
    type = "LINEAR"
);

DEFINE_RANGE(
    range = default_range,
    min = 0.0,
    max = 0.0,
    type = "LINEAR"
);

CLEAR();

KEY(shade = conductive_interface_shade,
    discrete = "conductiveinterface[1]",
    x = 0.02,
    y = 0.02);

GagarinSat_cfg3.DISCRETE = "conductiveinterface[1]";
GagarinSat_cfg3.SHADE = "conductive_interface_shade";
GagarinSat_cfg3.NODES = FALSE;

ANNOTATE(string = "Conductive Interfaces",
         x = 0.02,
         y = 0.95);

DISPLAY(p_and_o = [0.0,0.0,0.0,0.0,0.0,0.0],
        scale = 1.0,
        axes = TRUE,
        asm_axes = TRUE,
        points = FALSE);

RESET_VIEW();

CLEAR();

KEY(shade = conductive_interface_shade,
    discrete = "conductiveinterface[1]",
    x = 0.02,
    y = 0.02);

GagarinSat_cfg3.DISCRETE = "conductiveinterface[1]";
GagarinSat_cfg3.SHADE = "conductive_interface_shade";
GagarinSat_cfg3.NODES = FALSE;

ANNOTATE(string = "Conductive Interfaces",
         x = 0.02,
         y = 0.95);

DISPLAY(p_and_o = [0.0,0.0,0.0,0.0,0.0,0.0],
        scale = 1.0,
        axes = TRUE,
        asm_axes = TRUE,
        points = FALSE);

CLEAR();

KEY(shade = conductive_interface_shade,
    discrete = "conductiveinterface[1]",
    x = 0.02,
    y = 0.02);

GagarinSat_cfg3.DISCRETE = "conductiveinterface[1]";
GagarinSat_cfg3.SHADE = "conductive_interface_shade";
GagarinSat_cfg3.NODES = FALSE;

ANNOTATE(string = "Conductive Interfaces",
         x = 0.02,
         y = 0.95);

DISPLAY(p_and_o = [0.0,0.0,0.0,0.0,0.0,0.0],
        scale = 1.0,
        axes = TRUE,
        asm_axes = TRUE,
        points = FALSE);

CLEAR();

KEY(shade = conductive_interface_shade,
    discrete = "conductiveinterface[1]",
    x = 0.02,
    y = 0.02);

GagarinSat_cfg3.DISCRETE = "conductiveinterface[1]";
GagarinSat_cfg3.SHADE = "conductive_interface_shade";
GagarinSat_cfg3.NODES = FALSE;

ANNOTATE(string = "Conductive Interfaces",
         x = 0.02,
         y = 0.95);

DISPLAY(p_and_o = [0.0,0.0,0.0,0.0,0.0,0.0],
        scale = 1.0,
        axes = TRUE,
        asm_axes = TRUE,
        points = FALSE);

CLEAR();

KEY(shade = conductive_interface_shade,
    discrete = "conductiveinterface[1]",
    x = 0.02,
    y = 0.02);

GagarinSat_cfg3.DISCRETE = "conductiveinterface[1]";
GagarinSat_cfg3.SHADE = "conductive_interface_shade";
GagarinSat_cfg3.NODES = FALSE;

ANNOTATE(string = "Conductive Interfaces",
         x = 0.02,
         y = 0.95);

DISPLAY(p_and_o = [0.0,0.0,0.0,0.0,0.0,0.0],
        scale = 1.0,
        axes = TRUE,
        asm_axes = TRUE,
        points = FALSE);

CLEAR();

KEY(shade = conductive_interface_shade,
    discrete = "conductiveinterface[1]",
    x = 0.02,
    y = 0.02);

GagarinSat_cfg3.DISCRETE = "conductiveinterface[1]";
GagarinSat_cfg3.SHADE = "conductive_interface_shade";
GagarinSat_cfg3.NODES = FALSE;

ANNOTATE(string = "Conductive Interfaces",
         x = 0.02,
         y = 0.95);

DISPLAY(p_and_o = [0.0,0.0,0.0,0.0,0.0,0.0],
        scale = 1.0,
        axes = TRUE,
        asm_axes = TRUE,
        points = FALSE);

CLEAR();

KEY(shade = conductive_interface_shade,
    discrete = "conductiveinterface[1]",
    x = 0.02,
    y = 0.02);

GagarinSat_cfg3.DISCRETE = "conductiveinterface[1]";
GagarinSat_cfg3.SHADE = "conductive_interface_shade";
GagarinSat_cfg3.NODES = FALSE;

ANNOTATE(string = "Conductive Interfaces",
         x = 0.02,
         y = 0.95);

DISPLAY(p_and_o = [0.0,0.0,0.0,0.0,0.0,0.0],
        scale = 1.0,
        axes = TRUE,
        asm_axes = TRUE,
        points = FALSE);

STRING vis_items_show[4] = {"CCD",
    "OBDH",
    "PLD1_RW",
    "PLD2_ATCS"};
THERMAL_PRE_PROCESS_OVERLAY(
    result_type = "BOUNDARY_CONDITIONS",
    item_names = "vis_items_show"
);
CLEAR();

KEY(shade = boundary_condition_shade,
    discrete = "boundary_condition[1]",
    x = 0.02,
    y = 0.02);

GagarinSat_cfg3.DISCRETE = "boundary_condition[1]";
GagarinSat_cfg3.SHADE = "boundary_condition_shade";
GagarinSat_cfg3.NODES = FALSE;

ANNOTATE(string = "Boundary Conditions Type",
         x = 0.02,
         y = 0.95);

DISPLAY(p_and_o = [0.0,0.0,0.0,0.0,0.0,0.0],
        scale = 1.0,
        axes = TRUE,
        asm_axes = TRUE,
        points = FALSE);

CLEAR();

KEY(shade = boundary_condition_shade,
    discrete = "boundary_condition[1]",
    x = 0.02,
    y = 0.02);

GagarinSat_cfg3.DISCRETE = "boundary_condition[1]";
GagarinSat_cfg3.SHADE = "boundary_condition_shade";
GagarinSat_cfg3.NODES = FALSE;

ANNOTATE(string = "Boundary Conditions Type",
         x = 0.02,
         y = 0.95);

DISPLAY(p_and_o = [0.0,0.0,0.0,0.0,0.0,0.0],
        scale = 1.0,
        axes = TRUE,
        asm_axes = TRUE,
        points = FALSE);

CLEAR();

KEY(shade = boundary_condition_shade,
    discrete = "boundary_condition[1]",
    x = 0.02,
    y = 0.02);

GagarinSat_cfg3.DISCRETE = "boundary_condition[1]";
GagarinSat_cfg3.SHADE = "boundary_condition_shade";
GagarinSat_cfg3.NODES = FALSE;

ANNOTATE(string = "Boundary Conditions Type",
         x = 0.02,
         y = 0.95);

DISPLAY(p_and_o = [0.0,0.0,0.0,0.0,0.0,0.0],
        scale = 1.0,
        axes = TRUE,
        asm_axes = TRUE,
        points = FALSE);

LOAD_EXTERNAL_RESULTS (
   type = "TMD",
   file = "C:\ESATAN-TMS\ESATAN-TMS-Models\ESATAN-TMS_Models\GagarinSat_cfg3\esatan\Case_00\GAGARINSAT_CFG3_CASE_00.TMD");
RADIATIVE_PRE_PROCESS_OVERLAY(source = "GEOMETRY",
                              display = "MODEL_ONLY");
CLEAR();

GagarinSat_cfg3.NODES = FALSE;

ANNOTATE(string = "Colour",
         x = 0.02,
         y = 0.95);

DISPLAY(p_and_o = [0.0,0.0,0.0,0.0,0.0,0.0],
        scale = 1.0,
        axes = TRUE,
        asm_axes = TRUE,
        points = FALSE);

THERMAL_POST_PROCESS_OVERLAY(
    record_type= "Thermal_Node",
    start_time = 0.0,
    end_time = 6059.29,
    cycle = 1,
    radiative_case = Rad_Case_00,
    analysis_case = Case_00,
    fixed_scale = FALSE,
    attribute = "Temperature",
     planet_scale = 0.334,
     model_scale = 0.741,
     draw_periapsis = TRUE,
     draw_asc_node = TRUE
);
DEFINE_RANGE(
    range = default_range,
    min = -59.708134834654594,
    max = 61.586545643527636,
    type = "LINEAR"
);

CLEAR();

DELETE vis_items_show;
KEY(shade = continuous_shade,
    range = default_range,
    x = 0.02,
    y = 0.02);

GagarinSat_cfg3.RANGE = "default_range";
GagarinSat_cfg3.SHADE = "continuous_shade";
GagarinSat_cfg3.NODES = FALSE;

ANNOTATE(string = "Thermal Node Attributes: Temperature",
         x = 0.02,
         y = 0.95);

DRAW_ORBIT(analysis_case = Case_00);
DRAW_PERIAPSIS(orbit = Rad_Case_00.ORBIT);
DRAW_ASCENDING_NODE(orbit = Rad_Case_00.ORBIT);
vis_orbit_index = 1;
vis_orbit_index = 1;
DRAW_PLANET(radiative_case = Rad_Case_00,
            time = vis_orbit_times[1],
            scale = 0.334,
            range = default_range,
            shade = continuous_shade
);
FOR (vis_orbit_index = 1;
    vis_orbit_index <= 11;
    vis_orbit_index = EVAL(vis_orbit_index + 1))
DISPLAY(p_and_o = vis_orbit_pos[vis_orbit_index],
        time = vis_orbit_times[vis_orbit_index],
        scale = 0.741 * (Rad_Case_00.ORBIT.ALT_A + R_PLANET),
        axes = TRUE,
        asm_axes = TRUE,
        points = FALSE);

END_FOR
CLEAR();
CLEAR();

KEY(shade = continuous_shade,
    range = default_range,
    x = 0.02,
    y = 0.02);

GagarinSat_cfg3.RANGE = "default_range";
GagarinSat_cfg3.SHADE = "continuous_shade";
GagarinSat_cfg3.NODES = FALSE;

ANNOTATE(string = "Thermal Node Attributes: Temperature",
         x = 0.02,
         y = 0.95);

DRAW_ORBIT(analysis_case = Case_00);
DRAW_PERIAPSIS(orbit = Rad_Case_00.ORBIT);
DRAW_ASCENDING_NODE(orbit = Rad_Case_00.ORBIT);
vis_orbit_index = 1;
vis_orbit_index = 1;
DRAW_PLANET(radiative_case = Rad_Case_00,
            time = vis_orbit_times[1],
            scale = 0.334,
            range = default_range,
            shade = continuous_shade
);
FOR (vis_orbit_index = 1;
    vis_orbit_index <= 11;
    vis_orbit_index = EVAL(vis_orbit_index + 1))
DISPLAY(p_and_o = vis_orbit_pos[vis_orbit_index],
        time = vis_orbit_times[vis_orbit_index],
        scale = 0.741 * (Rad_Case_00.ORBIT.ALT_A + R_PLANET),
        axes = TRUE,
        asm_axes = TRUE,
        points = FALSE);

END_FOR
DELETE vis_items_key;
STRING vis_items_key[10] = {"MLI_foil",
    "Glass",
    "Quarz",
    "Silicon",
    "Copper",
    "Al_6061",
    "GaAs",
    "Al_2219",
    "CFRP",
    "Al_7075"};
RADIATIVE_PRE_PROCESS_OVERLAY(
    source= "BULK",
    display = "ORBITAL",
    radiative_case = Rad_Case_00,
     planet_scale = 0.334,
     model_scale = 0.741,
     draw_periapsis = TRUE,
     draw_asc_node = TRUE
);
CLEAR();

DELETE vis_items_key;
STRING vis_items_key[8] = {"Al_2219",
    "Al_6061",
    "Al_7075",
    "CFRP",
    "Copper",
    "GaAs",
    "Glass",
    "Silicon"};
KEY(shade = vis_item_shade,
    discrete = "vis_items_key[1]",
    x = 0.02,
    y = 0.02);

GagarinSat_cfg3.DISCRETE = "vis_items_key[1]";
GagarinSat_cfg3.SHADE = "vis_item_shade";
GagarinSat_cfg3.NODES = FALSE;

ANNOTATE(string = "Bulk Properties",
         x = 0.02,
         y = 0.95);

DRAW_ORBIT(orbit = Rad_Case_00.ORBIT);
DRAW_PERIAPSIS(orbit = Rad_Case_00.ORBIT);
DRAW_ASCENDING_NODE(orbit = Rad_Case_00.ORBIT);
DRAW_PLANET(radiative_case = Rad_Case_00,
            time = Rad_Case_00.ORBIT_TIMES[1],
            scale = 0.334,
            range = default_range,
            shade = continuous_shade
);
FOR (vis_orbit_index = 1;
    vis_orbit_index <= Rad_Case_00.NUM_ORBIT_POSITIONS;
    vis_orbit_index = EVAL(vis_orbit_index + 1))
DISPLAY(p_and_o = Rad_Case_00.ORBIT_POSITIONS[vis_orbit_index],
        time = Rad_Case_00.ORBIT_TIMES[vis_orbit_index],
        scale = 0.741 * (Rad_Case_00.ORBIT.ALT_A + R_PLANET),
        axes = TRUE,
        asm_axes = TRUE,
        points = FALSE,
        radiative_case = Rad_Case_00,
        orbit_position = vis_orbit_index,
        spin_position = 0);

END_FOR
DELETE vis_items_key;
STRING vis_items_key[10] = {"MLI_foil",
    "Glass",
    "Quarz",
    "Silicon",
    "Copper",
    "Al_6061",
    "GaAs",
    "Al_2219",
    "CFRP",
    "Al_7075"};
RADIATIVE_PRE_PROCESS_OVERLAY(
    source= "BULK"
);
CLEAR();

DELETE vis_items_key;
STRING vis_items_key[8] = {"Al_2219",
    "Al_6061",
    "Al_7075",
    "CFRP",
    "Copper",
    "GaAs",
    "Glass",
    "Silicon"};
KEY(shade = vis_item_shade,
    discrete = "vis_items_key[1]",
    x = 0.02,
    y = 0.02);

GagarinSat_cfg3.DISCRETE = "vis_items_key[1]";
GagarinSat_cfg3.SHADE = "vis_item_shade";
GagarinSat_cfg3.NODES = FALSE;

ANNOTATE(string = "Bulk Properties",
         x = 0.02,
         y = 0.95);

DISPLAY(p_and_o = [0.0,0.0,0.0,0.0,0.0,0.0],
        scale = 1.0,
        axes = TRUE,
        asm_axes = TRUE,
        points = FALSE);

RESET_VIEW();

CLEAR();

KEY(shade = vis_item_shade,
    discrete = "vis_items_key[1]",
    x = 0.02,
    y = 0.02);

GagarinSat_cfg3.DISCRETE = "vis_items_key[1]";
GagarinSat_cfg3.SHADE = "vis_item_shade";
GagarinSat_cfg3.NODES = FALSE;

ANNOTATE(string = "Bulk Properties",
         x = 0.02,
         y = 0.95);

DISPLAY(p_and_o = [0.0,0.0,0.0,0.0,0.0,0.0],
        scale = 1.0,
        axes = TRUE,
        asm_axes = TRUE,
        points = FALSE);

CLEAR();

KEY(shade = vis_item_shade,
    discrete = "vis_items_key[1]",
    x = 0.02,
    y = 0.02);

GagarinSat_cfg3.DISCRETE = "vis_items_key[1]";
GagarinSat_cfg3.SHADE = "vis_item_shade";
GagarinSat_cfg3.NODES = FALSE;

ANNOTATE(string = "Bulk Properties",
         x = 0.02,
         y = 0.95);

DISPLAY(p_and_o = [0.0,0.0,0.0,0.0,0.0,0.0],
        scale = 1.0,
        axes = TRUE,
        asm_axes = TRUE,
        points = FALSE);

CLEAR();

KEY(shade = vis_item_shade,
    discrete = "vis_items_key[1]",
    x = 0.02,
    y = 0.02);

GagarinSat_cfg3.DISCRETE = "vis_items_key[1]";
GagarinSat_cfg3.SHADE = "vis_item_shade";
GagarinSat_cfg3.NODES = FALSE;

ANNOTATE(string = "Bulk Properties",
         x = 0.02,
         y = 0.95);

DISPLAY(p_and_o = [0.0,0.0,0.0,0.0,0.0,0.0],
        scale = 1.0,
        axes = TRUE,
        asm_axes = TRUE,
        points = FALSE);

CLEAR();

KEY(shade = vis_item_shade,
    discrete = "vis_items_key[1]",
    x = 0.02,
    y = 0.02);

GagarinSat_cfg3.DISCRETE = "vis_items_key[1]";
GagarinSat_cfg3.SHADE = "vis_item_shade";
GagarinSat_cfg3.NODES = FALSE;

ANNOTATE(string = "Bulk Properties",
         x = 0.02,
         y = 0.95);

DISPLAY(p_and_o = [0.0,0.0,0.0,0.0,0.0,0.0],
        scale = 1.0,
        axes = TRUE,
        asm_axes = TRUE,
        points = FALSE);

CLEAR();

KEY(shade = vis_item_shade,
    discrete = "vis_items_key[1]",
    x = 0.02,
    y = 0.02);

GagarinSat_cfg3.DISCRETE = "vis_items_key[1]";
GagarinSat_cfg3.SHADE = "vis_item_shade";
GagarinSat_cfg3.NODES = FALSE;

ANNOTATE(string = "Bulk Properties",
         x = 0.02,
         y = 0.95);

DISPLAY(p_and_o = [0.0,0.0,0.0,0.0,0.0,0.0],
        scale = 1.0,
        axes = TRUE,
        asm_axes = TRUE,
        points = FALSE);

CLEAR();

KEY(shade = vis_item_shade,
    discrete = "vis_items_key[1]",
    x = 0.02,
    y = 0.02);

GagarinSat_cfg3.DISCRETE = "vis_items_key[1]";
GagarinSat_cfg3.SHADE = "vis_item_shade";
GagarinSat_cfg3.NODES = FALSE;

ANNOTATE(string = "Bulk Properties",
         x = 0.02,
         y = 0.95);

DISPLAY(p_and_o = [0.0,0.0,0.0,0.0,0.0,0.0],
        scale = 1.0,
        axes = TRUE,
        asm_axes = TRUE,
        points = FALSE);

CLEAR();

KEY(shade = vis_item_shade,
    discrete = "vis_items_key[1]",
    x = 0.02,
    y = 0.02);

GagarinSat_cfg3.DISCRETE = "vis_items_key[1]";
GagarinSat_cfg3.SHADE = "vis_item_shade";
GagarinSat_cfg3.NODES = FALSE;

ANNOTATE(string = "Bulk Properties",
         x = 0.02,
         y = 0.95);

DISPLAY(p_and_o = [0.0,0.0,0.0,0.0,0.0,0.0],
        scale = 1.0,
        axes = TRUE,
        asm_axes = TRUE,
        points = FALSE);

CLEAR();

KEY(shade = vis_item_shade,
    discrete = "vis_items_key[1]",
    x = 0.02,
    y = 0.02);

GagarinSat_cfg3.DISCRETE = "vis_items_key[1]";
GagarinSat_cfg3.SHADE = "vis_item_shade";
GagarinSat_cfg3.NODES = FALSE;

ANNOTATE(string = "Bulk Properties",
         x = 0.02,
         y = 0.95);

DISPLAY(p_and_o = [0.0,0.0,0.0,0.0,0.0,0.0],
        scale = 1.0,
        axes = TRUE,
        asm_axes = TRUE,
        points = FALSE);

CLEAR();

KEY(shade = vis_item_shade,
    discrete = "vis_items_key[1]",
    x = 0.02,
    y = 0.02);

GagarinSat_cfg3.DISCRETE = "vis_items_key[1]";
GagarinSat_cfg3.SHADE = "vis_item_shade";
GagarinSat_cfg3.NODES = FALSE;

ANNOTATE(string = "Bulk Properties",
         x = 0.02,
         y = 0.95);

DISPLAY(p_and_o = [0.0,0.0,0.0,0.0,0.0,0.0],
        scale = 1.0,
        axes = TRUE,
        asm_axes = TRUE,
        points = FALSE);

CLEAR();

KEY(shade = vis_item_shade,
    discrete = "vis_items_key[1]",
    x = 0.02,
    y = 0.02);

GagarinSat_cfg3.DISCRETE = "vis_items_key[1]";
GagarinSat_cfg3.SHADE = "vis_item_shade";
GagarinSat_cfg3.NODES = FALSE;

ANNOTATE(string = "Bulk Properties",
         x = 0.02,
         y = 0.95);

DISPLAY(p_and_o = [0.0,0.0,0.0,0.0,0.0,0.0],
        scale = 1.0,
        axes = TRUE,
        asm_axes = TRUE,
        points = FALSE);

CLEAR();

KEY(shade = vis_item_shade,
    discrete = "vis_items_key[1]",
    x = 0.02,
    y = 0.02);

GagarinSat_cfg3.DISCRETE = "vis_items_key[1]";
GagarinSat_cfg3.SHADE = "vis_item_shade";
GagarinSat_cfg3.NODES = FALSE;

ANNOTATE(string = "Bulk Properties",
         x = 0.02,
         y = 0.95);

DISPLAY(p_and_o = [0.0,0.0,0.0,0.0,0.0,0.0],
        scale = 1.0,
        axes = TRUE,
        asm_axes = TRUE,
        points = FALSE);

LOAD_EXTERNAL_RESULTS (
   type = "TMD",
   file = "C:\ESATAN-TMS\ESATAN-TMS-Models\ESATAN-TMS_Models\GagarinSat_cfg3\esatan\Case_00\GAGARINSAT_CFG3_CASE_00.TMD");
RADIATIVE_PRE_PROCESS_OVERLAY(source = "GEOMETRY",
                              display = "MODEL_ONLY");
CLEAR();

GagarinSat_cfg3.NODES = FALSE;

ANNOTATE(string = "Colour",
         x = 0.02,
         y = 0.95);

DISPLAY(p_and_o = [0.0,0.0,0.0,0.0,0.0,0.0],
        scale = 1.0,
        axes = TRUE,
        asm_axes = TRUE,
        points = FALSE);

THERMAL_POST_PROCESS_OVERLAY(
    record_type= "Thermal_Node",
    start_time = 0.0,
    end_time = 6059.29,
    cycle = 1,
    radiative_case = Rad_Case_00,
    analysis_case = Case_00,
    fixed_scale = FALSE,
    attribute = "Temperature",
     planet_scale = 0.334,
     model_scale = 0.741,
     draw_periapsis = TRUE,
     draw_asc_node = TRUE
);
DEFINE_RANGE(
    range = default_range,
    min = -59.65410214489526,
    max = 61.910283018283074,
    type = "LINEAR"
);

CLEAR();

KEY(shade = continuous_shade,
    range = default_range,
    x = 0.02,
    y = 0.02);

GagarinSat_cfg3.RANGE = "default_range";
GagarinSat_cfg3.SHADE = "continuous_shade";
GagarinSat_cfg3.NODES = FALSE;

ANNOTATE(string = "Thermal Node Attributes: Temperature",
         x = 0.02,
         y = 0.95);

DRAW_ORBIT(analysis_case = Case_00);
DRAW_PERIAPSIS(orbit = Rad_Case_00.ORBIT);
DRAW_ASCENDING_NODE(orbit = Rad_Case_00.ORBIT);
vis_orbit_index = 1;
vis_orbit_index = 1;
DRAW_PLANET(radiative_case = Rad_Case_00,
            time = vis_orbit_times[1],
            scale = 0.334,
            range = default_range,
            shade = continuous_shade
);
FOR (vis_orbit_index = 1;
    vis_orbit_index <= 11;
    vis_orbit_index = EVAL(vis_orbit_index + 1))
DISPLAY(p_and_o = vis_orbit_pos[vis_orbit_index],
        time = vis_orbit_times[vis_orbit_index],
        scale = 0.741 * (Rad_Case_00.ORBIT.ALT_A + R_PLANET),
        axes = TRUE,
        asm_axes = TRUE,
        points = FALSE);

END_FOR
CLEAR();

KEY(shade = continuous_shade,
    range = default_range,
    x = 0.02,
    y = 0.02);

GagarinSat_cfg3.RANGE = "default_range";
GagarinSat_cfg3.SHADE = "continuous_shade";
GagarinSat_cfg3.NODES = FALSE;

ANNOTATE(string = "Thermal Node Attributes: Temperature",
         x = 0.02,
         y = 0.95);

DRAW_ORBIT(analysis_case = Case_00);
DRAW_PERIAPSIS(orbit = Rad_Case_00.ORBIT);
DRAW_ASCENDING_NODE(orbit = Rad_Case_00.ORBIT);
vis_orbit_index = 1;
vis_orbit_index = 1;
DRAW_PLANET(radiative_case = Rad_Case_00,
            time = vis_orbit_times[1],
            scale = 0.334,
            range = default_range,
            shade = continuous_shade
);
FOR (vis_orbit_index = 1;
    vis_orbit_index <= 11;
    vis_orbit_index = EVAL(vis_orbit_index + 1))
DISPLAY(p_and_o = vis_orbit_pos[vis_orbit_index],
        time = vis_orbit_times[vis_orbit_index],
        scale = 0.741 * (Rad_Case_00.ORBIT.ALT_A + R_PLANET),
        axes = TRUE,
        asm_axes = TRUE,
        points = FALSE);

END_FOR
CLEAR();

KEY(shade = continuous_shade,
    range = default_range,
    x = 0.02,
    y = 0.02);

GagarinSat_cfg3.RANGE = "default_range";
GagarinSat_cfg3.SHADE = "continuous_shade";
GagarinSat_cfg3.NODES = FALSE;

ANNOTATE(string = "Thermal Node Attributes: Temperature",
         x = 0.02,
         y = 0.95);

DRAW_ORBIT(analysis_case = Case_00);
DRAW_PERIAPSIS(orbit = Rad_Case_00.ORBIT);
DRAW_ASCENDING_NODE(orbit = Rad_Case_00.ORBIT);
vis_orbit_index = 1;
vis_orbit_index = 1;
DRAW_PLANET(radiative_case = Rad_Case_00,
            time = vis_orbit_times[1],
            scale = 0.334,
            range = default_range,
            shade = continuous_shade
);
FOR (vis_orbit_index = 1;
    vis_orbit_index <= 11;
    vis_orbit_index = EVAL(vis_orbit_index + 1))
DISPLAY(p_and_o = vis_orbit_pos[vis_orbit_index],
        time = vis_orbit_times[vis_orbit_index],
        scale = 0.741 * (Rad_Case_00.ORBIT.ALT_A + R_PLANET),
        axes = TRUE,
        asm_axes = TRUE,
        points = FALSE);

END_FOR
CLEAR();

KEY(shade = continuous_shade,
    range = default_range,
    x = 0.02,
    y = 0.02);

GagarinSat_cfg3.RANGE = "default_range";
GagarinSat_cfg3.SHADE = "continuous_shade";
GagarinSat_cfg3.NODES = FALSE;

ANNOTATE(string = "Thermal Node Attributes: Temperature",
         x = 0.02,
         y = 0.95);

DRAW_ORBIT(analysis_case = Case_00);
DRAW_PERIAPSIS(orbit = Rad_Case_00.ORBIT);
DRAW_ASCENDING_NODE(orbit = Rad_Case_00.ORBIT);
vis_orbit_index = 1;
vis_orbit_index = 1;
DRAW_PLANET(radiative_case = Rad_Case_00,
            time = vis_orbit_times[1],
            scale = 0.334,
            range = default_range,
            shade = continuous_shade
);
FOR (vis_orbit_index = 1;
    vis_orbit_index <= 11;
    vis_orbit_index = EVAL(vis_orbit_index + 1))
DISPLAY(p_and_o = vis_orbit_pos[vis_orbit_index],
        time = vis_orbit_times[vis_orbit_index],
        scale = 0.741 * (Rad_Case_00.ORBIT.ALT_A + R_PLANET),
        axes = TRUE,
        asm_axes = TRUE,
        points = FALSE);

END_FOR
CLEAR();

KEY(shade = continuous_shade,
    range = default_range,
    x = 0.02,
    y = 0.02);

GagarinSat_cfg3.RANGE = "default_range";
GagarinSat_cfg3.SHADE = "continuous_shade";
GagarinSat_cfg3.NODES = FALSE;

ANNOTATE(string = "Thermal Node Attributes: Temperature",
         x = 0.02,
         y = 0.95);

DRAW_ORBIT(analysis_case = Case_00);
DRAW_PERIAPSIS(orbit = Rad_Case_00.ORBIT);
DRAW_ASCENDING_NODE(orbit = Rad_Case_00.ORBIT);
vis_orbit_index = 1;
vis_orbit_index = 1;
DRAW_PLANET(radiative_case = Rad_Case_00,
            time = vis_orbit_times[1],
            scale = 0.334,
            range = default_range,
            shade = continuous_shade
);
FOR (vis_orbit_index = 1;
    vis_orbit_index <= 11;
    vis_orbit_index = EVAL(vis_orbit_index + 1))
DISPLAY(p_and_o = vis_orbit_pos[vis_orbit_index],
        time = vis_orbit_times[vis_orbit_index],
        scale = 0.741 * (Rad_Case_00.ORBIT.ALT_A + R_PLANET),
        axes = TRUE,
        asm_axes = TRUE,
        points = FALSE);

END_FOR
LOAD_EXTERNAL_RESULTS (
   type = "TMD",
   file = "C:\ESATAN-TMS\ESATAN-TMS-Models\ESATAN-TMS_Models\GagarinSat_cfg3\esatan\Case_00\GAGARINSAT_CFG3_CASE_00.TMD");
RADIATIVE_PRE_PROCESS_OVERLAY(source = "GEOMETRY",
                              display = "MODEL_ONLY");
CLEAR();

GagarinSat_cfg3.NODES = FALSE;

ANNOTATE(string = "Colour",
         x = 0.02,
         y = 0.95);

DISPLAY(p_and_o = [0.0,0.0,0.0,0.0,0.0,0.0],
        scale = 1.0,
        axes = TRUE,
        asm_axes = TRUE,
        points = FALSE);

RESET_VIEW();

THERMAL_POST_PROCESS_OVERLAY(
    record_type= "Thermal_Node",
    start_time = 0.0,
    end_time = 6059.29,
    cycle = 1,
    radiative_case = Rad_Case_00,
    analysis_case = Case_00,
    fixed_scale = FALSE,
    attribute = "Temperature",
     planet_scale = 0.334,
     model_scale = 0.741,
     draw_periapsis = TRUE,
     draw_asc_node = TRUE
);
DEFINE_RANGE(
    range = default_range,
    min = -59.66751024205847,
    max = 61.149585434423294,
    type = "LINEAR"
);

CLEAR();

KEY(shade = continuous_shade,
    range = default_range,
    x = 0.02,
    y = 0.02);

GagarinSat_cfg3.RANGE = "default_range";
GagarinSat_cfg3.SHADE = "continuous_shade";
GagarinSat_cfg3.NODES = FALSE;

ANNOTATE(string = "Thermal Node Attributes: Temperature",
         x = 0.02,
         y = 0.95);

DRAW_ORBIT(analysis_case = Case_00);
DRAW_PERIAPSIS(orbit = Rad_Case_00.ORBIT);
DRAW_ASCENDING_NODE(orbit = Rad_Case_00.ORBIT);
vis_orbit_index = 1;
vis_orbit_index = 1;
DRAW_PLANET(radiative_case = Rad_Case_00,
            time = vis_orbit_times[1],
            scale = 0.334,
            range = default_range,
            shade = continuous_shade
);
FOR (vis_orbit_index = 1;
    vis_orbit_index <= 11;
    vis_orbit_index = EVAL(vis_orbit_index + 1))
DISPLAY(p_and_o = vis_orbit_pos[vis_orbit_index],
        time = vis_orbit_times[vis_orbit_index],
        scale = 0.741 * (Rad_Case_00.ORBIT.ALT_A + R_PLANET),
        axes = TRUE,
        asm_axes = TRUE,
        points = FALSE);

END_FOR
DELETE vis_items_key;
STRING vis_items_key[13] = {"Solar_Cells",
    "Al_anodized",
    "Goldised_Kapton",
    "Al_anodized_blck",
    "SSM",
    "OSR",
    "Kapton_ITO",
    "CCD_Detector",
    "IR_lens",
    "Al_7075_Polished",
    "VDA_Kapton",
    "White_paint",
    "Black_paint"};
RADIATIVE_PRE_PROCESS_OVERLAY(
    source= "THERMO_OPTICAL"
);
CLEAR();

DELETE vis_items_key;
STRING vis_items_key[9] = {"Al_anodized_blck",
    "Black_paint",
    "CCD_Detector",
    "Goldised_Kapton",
    "IR_lens",
    "Kapton_ITO",
    "OSR",
    "SSM",
    "Solar_Cells"};
KEY(shade = vis_item_shade,
    discrete = "vis_items_key[1]",
    x = 0.02,
    y = 0.02);

GagarinSat_cfg3.DISCRETE = "vis_items_key[1]";
GagarinSat_cfg3.SHADE = "vis_item_shade";
GagarinSat_cfg3.NODES = FALSE;

ANNOTATE(string = "Thermo Optical Properties",
         x = 0.02,
         y = 0.95);

DISPLAY(p_and_o = [0.0,0.0,0.0,0.0,0.0,0.0],
        scale = 1.0,
        axes = TRUE,
        asm_axes = TRUE,
        points = FALSE);

RESET_VIEW();

CLEAR();

KEY(shade = vis_item_shade,
    discrete = "vis_items_key[1]",
    x = 0.02,
    y = 0.02);

GagarinSat_cfg3.DISCRETE = "vis_items_key[1]";
GagarinSat_cfg3.SHADE = "vis_item_shade";
GagarinSat_cfg3.NODES = FALSE;

ANNOTATE(string = "Thermo Optical Properties",
         x = 0.02,
         y = 0.95);

DISPLAY(p_and_o = [0.0,0.0,0.0,0.0,0.0,0.0],
        scale = 1.0,
        axes = TRUE,
        asm_axes = TRUE,
        points = FALSE);

CLEAR();

DELETE vis_items_key;
STRING vis_items_key[8] = {"Al_anodized_blck",
    "Black_paint",
    "CCD_Detector",
    "Goldised_Kapton",
    "IR_lens",
    "Kapton_ITO",
    "OSR",
    "Solar_Cells"};
KEY(shade = vis_item_shade,
    discrete = "vis_items_key[1]",
    x = 0.02,
    y = 0.02);

GagarinSat_cfg3.DISCRETE = "vis_items_key[1]";
GagarinSat_cfg3.SHADE = "vis_item_shade";
GagarinSat_cfg3.NODES = FALSE;

ANNOTATE(string = "Thermo Optical Properties",
         x = 0.02,
         y = 0.95);

DISPLAY(p_and_o = [0.0,0.0,0.0,0.0,0.0,0.0],
        scale = 1.0,
        axes = TRUE,
        asm_axes = TRUE,
        points = FALSE);

CLEAR();

KEY(shade = vis_item_shade,
    discrete = "vis_items_key[1]",
    x = 0.02,
    y = 0.02);

GagarinSat_cfg3.DISCRETE = "vis_items_key[1]";
GagarinSat_cfg3.SHADE = "vis_item_shade";
GagarinSat_cfg3.NODES = FALSE;

ANNOTATE(string = "Thermo Optical Properties",
         x = 0.02,
         y = 0.95);

DISPLAY(p_and_o = [0.0,0.0,0.0,0.0,0.0,0.0],
        scale = 1.0,
        axes = TRUE,
        asm_axes = TRUE,
        points = FALSE);

CLEAR();

KEY(shade = vis_item_shade,
    discrete = "vis_items_key[1]",
    x = 0.02,
    y = 0.02);

GagarinSat_cfg3.DISCRETE = "vis_items_key[1]";
GagarinSat_cfg3.SHADE = "vis_item_shade";
GagarinSat_cfg3.NODES = FALSE;

ANNOTATE(string = "Thermo Optical Properties",
         x = 0.02,
         y = 0.95);

DISPLAY(p_and_o = [0.0,0.0,0.0,0.0,0.0,0.0],
        scale = 1.0,
        axes = TRUE,
        asm_axes = TRUE,
        points = FALSE);

LOAD_EXTERNAL_RESULTS (
   type = "TMD",
   file = "C:\ESATAN-TMS\ESATAN-TMS-Models\ESATAN-TMS_Models\GagarinSat_cfg3\esatan\Case_00\GAGARINSAT_CFG3_CASE_00.TMD");
RADIATIVE_PRE_PROCESS_OVERLAY(source = "GEOMETRY",
                              display = "MODEL_ONLY");
CLEAR();

GagarinSat_cfg3.NODES = FALSE;

ANNOTATE(string = "Colour",
         x = 0.02,
         y = 0.95);

DISPLAY(p_and_o = [0.0,0.0,0.0,0.0,0.0,0.0],
        scale = 1.0,
        axes = TRUE,
        asm_axes = TRUE,
        points = FALSE);

THERMAL_POST_PROCESS_OVERLAY(
    record_type= "Thermal_Node",
    start_time = 0.0,
    end_time = 6059.29,
    cycle = 1,
    radiative_case = Rad_Case_00,
    analysis_case = Case_00,
    fixed_scale = FALSE,
    attribute = "Temperature",
     planet_scale = 0.334,
     model_scale = 0.741,
     draw_periapsis = TRUE,
     draw_asc_node = TRUE
);
DEFINE_RANGE(
    range = default_range,
    min = -59.83449728584719,
    max = 60.870056378238075,
    type = "LINEAR"
);

CLEAR();

KEY(shade = continuous_shade,
    range = default_range,
    x = 0.02,
    y = 0.02);

GagarinSat_cfg3.RANGE = "default_range";
GagarinSat_cfg3.SHADE = "continuous_shade";
GagarinSat_cfg3.NODES = FALSE;

ANNOTATE(string = "Thermal Node Attributes: Temperature",
         x = 0.02,
         y = 0.95);

DRAW_ORBIT(analysis_case = Case_00);
DRAW_PERIAPSIS(orbit = Rad_Case_00.ORBIT);
DRAW_ASCENDING_NODE(orbit = Rad_Case_00.ORBIT);
vis_orbit_index = 1;
vis_orbit_index = 1;
DRAW_PLANET(radiative_case = Rad_Case_00,
            time = vis_orbit_times[1],
            scale = 0.334,
            range = default_range,
            shade = continuous_shade
);
FOR (vis_orbit_index = 1;
    vis_orbit_index <= 11;
    vis_orbit_index = EVAL(vis_orbit_index + 1))
DISPLAY(p_and_o = vis_orbit_pos[vis_orbit_index],
        time = vis_orbit_times[vis_orbit_index],
        scale = 0.741 * (Rad_Case_00.ORBIT.ALT_A + R_PLANET),
        axes = TRUE,
        asm_axes = TRUE,
        points = FALSE);

END_FOR
DEFINE_RANGE(
    range = default_range,
    min = -59.83449728584719,
    max = 143.68204967131305,
    type = "LINEAR"
);

CLEAR();

KEY(shade = continuous_shade,
    range = default_range,
    x = 0.02,
    y = 0.02);

GagarinSat_cfg3.RANGE = "default_range";
GagarinSat_cfg3.SHADE = "continuous_shade";
GagarinSat_cfg3.NODES = FALSE;

ANNOTATE(string = "Thermal Node Attributes: Temperature",
         x = 0.02,
         y = 0.95);

DRAW_ORBIT(analysis_case = Case_00);
DRAW_PERIAPSIS(orbit = Rad_Case_00.ORBIT);
DRAW_ASCENDING_NODE(orbit = Rad_Case_00.ORBIT);
vis_orbit_index = 1;
vis_orbit_index = 1;
DRAW_PLANET(radiative_case = Rad_Case_00,
            time = vis_orbit_times[1],
            scale = 0.334,
            range = default_range,
            shade = continuous_shade
);
FOR (vis_orbit_index = 1;
    vis_orbit_index <= 11;
    vis_orbit_index = EVAL(vis_orbit_index + 1))
DISPLAY(p_and_o = vis_orbit_pos[vis_orbit_index],
        time = vis_orbit_times[vis_orbit_index],
        scale = 0.741 * (Rad_Case_00.ORBIT.ALT_A + R_PLANET),
        axes = TRUE,
        asm_axes = TRUE,
        points = FALSE);

END_FOR
END_MODEL
