/* ESATAN-TMS version 2020, run date 13:37 Sat 8 May 2021 */
BEGIN_MODEL GagarinSat_v1 WORKBENCH_V1
Plate2_IR_Tel_STR_1 = CONDUCTIVE_CONDUCTOR(
    source_reference = "Body_plate_2:face1",
    destination_reference = "IR_TEL_STR:face9",
    conductor_override = 0.1);

Plate2_IR_Tel_STR_2 = CONDUCTIVE_CONDUCTOR(
    source_reference = "Body_plate_2:face3",
    destination_reference = "IR_TEL_STR:face5",
    conductor_override = 0.1);

DELETE Plate2_IR_Tel_STR_1;
DELETE Plate2_IR_Tel_STR_2;
CONDUCTOR IR_Tel_CCD_IR_Tel_Focus;
IR_Tel_CCD_IR_Tel_Focus = CONDUCTIVE_CONDUCTOR(
    source_reference = "IR_TEL_CCD:surface1",
    destination_reference = "IR_TEL_FOCUS:face1",
    conductivity = 160.0,
    shape_factor = 0.4 / 0.05);

CONDUCTOR IR_Tel_Focus_IR_Tel_STR;
IR_Tel_Focus_IR_Tel_STR = CONDUCTIVE_CONDUCTOR(
    source_reference = "IR_TEL_FOCUS:surface1",
    destination_reference = "IR_TEL_STR:face7",
    conductivity = 160.0,
    shape_factor = 0.007854 / 0.005);

IR_Tel_CCD_IR_Tel_Focus = CONDUCTIVE_CONDUCTOR(
    source_reference = "IR_TEL_CCD:surface1",
    destination_reference = "IR_TEL_FOCUS:face1",
    conductivity = 160.0,
    shape_factor = 0.00502655 / 0.005);

IR_Tel_Lens_IR_Tel_Obj = CONDUCTIVE_CONDUCTOR(
    source_reference = "IR_TEL_LENS:face1",
    destination_reference = "IR_TEL_OBJ:face2",
    conductivity = 160.0,
    shape_factor = 0.0106 / 0.005);

IR_Tel_Obj_IR_Tel_STR = CONDUCTIVE_CONDUCTOR(
    source_reference = "IR_TEL_OBJ:face1",
    destination_reference = "IR_TEL_STR:face3",
    conductivity = 160.0,
    shape_factor = 0.010568 / 0.005);

Plate1_PLD1_1 = CONDUCTIVE_CONDUCTOR(
    source_reference = "Payload_1",
    destination_reference = "Body_plate_1:face3",
    conductivity = 160.0,
    shape_factor = 0.01331 / 0.001);

Plate1_PLD2_1 = CONDUCTIVE_CONDUCTOR(
    source_reference = "Payload_2",
    destination_reference = "Body_plate_1:face1",
    conductivity = 160.0,
    shape_factor = 0.0121 / 0.001);

END_MODEL
