/* ESATAN-TMS version 2020, run date 22:54 Sun 9 May 2021 */
BEGIN_MODEL GagarinSat_cfg2_v3 WORKBENCH_V1 ;
RADIATIVE_PRE_PROCESS_OVERLAY(source = "GEOMETRY",
                              display = "MODEL_ONLY");
CLEAR();

GagarinSat_cfg2_v3.NODES = FALSE;

ANNOTATE(string = "Colour",
         x = 0.02,
         y = 0.95);

DISPLAY(p_and_o = [0.0,0.0,0.0,0.0,0.0,0.0],
        scale = 1.0,
        axes = TRUE,
        asm_axes = TRUE,
        points = FALSE);

RESET_VIEW();

DELETE vis_items_key;
STRING vis_items_key[11] = {"Solar_Cells",
    "Kapton_ITO",
    "CCD_Detector",
    "IR_lens",
    "Al_anodized",
    "VDA_Kapton",
    "White_paint",
    "Al_anodized_blck",
    "SSM",
    "Black_paint",
    "OSR"};
RADIATIVE_PRE_PROCESS_OVERLAY(
    source= "THERMO_OPTICAL"
);
CLEAR();

DELETE vis_items_key;
STRING vis_items_key[9] = {"Al_anodized",
    "Al_anodized_blck",
    "Black_paint",
    "CCD_Detector",
    "IR_lens",
    "Kapton_ITO",
    "OSR",
    "Solar_Cells",
    "VDA_Kapton"};
KEY(shade = vis_item_shade,
    discrete = "vis_items_key[1]",
    x = 0.02,
    y = 0.02);

GagarinSat_cfg2_v3.DISCRETE = "vis_items_key[1]";
GagarinSat_cfg2_v3.SHADE = "vis_item_shade";
GagarinSat_cfg2_v3.NODES = FALSE;

ANNOTATE(string = "Thermo Optical Properties",
         x = 0.02,
         y = 0.95);

DISPLAY(p_and_o = [0.0,0.0,0.0,0.0,0.0,0.0],
        scale = 1.0,
        axes = TRUE,
        asm_axes = TRUE,
        points = FALSE);

CLEAR();

KEY(shade = vis_item_shade,
    discrete = "vis_items_key[1]",
    x = 0.02,
    y = 0.02);

GagarinSat_cfg2_v3.DISCRETE = "vis_items_key[1]";
GagarinSat_cfg2_v3.SHADE = "vis_item_shade";
GagarinSat_cfg2_v3.NODES = FALSE;

ANNOTATE(string = "Thermo Optical Properties",
         x = 0.02,
         y = 0.95);

DISPLAY(p_and_o = [0.0,0.0,0.0,0.0,0.0,0.0],
        scale = 1.0,
        axes = TRUE,
        asm_axes = TRUE,
        points = FALSE);

CLEAR();

KEY(shade = vis_item_shade,
    discrete = "vis_items_key[1]",
    x = 0.02,
    y = 0.02);

GagarinSat_cfg2_v3.DISCRETE = "vis_items_key[1]";
GagarinSat_cfg2_v3.SHADE = "vis_item_shade";
GagarinSat_cfg2_v3.NODES = FALSE;

ANNOTATE(string = "Thermo Optical Properties",
         x = 0.02,
         y = 0.95);

DISPLAY(p_and_o = [0.0,0.0,0.0,0.0,0.0,0.0],
        scale = 1.0,
        axes = TRUE,
        asm_axes = TRUE,
        points = FALSE);

CLEAR();

KEY(shade = vis_item_shade,
    discrete = "vis_items_key[1]",
    x = 0.02,
    y = 0.02);

GagarinSat_cfg2_v3.DISCRETE = "vis_items_key[1]";
GagarinSat_cfg2_v3.SHADE = "vis_item_shade";
GagarinSat_cfg2_v3.NODES = FALSE;

ANNOTATE(string = "Thermo Optical Properties",
         x = 0.02,
         y = 0.95);

DISPLAY(p_and_o = [0.0,0.0,0.0,0.0,0.0,0.0],
        scale = 1.0,
        axes = TRUE,
        asm_axes = TRUE,
        points = FALSE);

CLEAR();

KEY(shade = vis_item_shade,
    discrete = "vis_items_key[1]",
    x = 0.02,
    y = 0.02);

GagarinSat_cfg2_v3.DISCRETE = "vis_items_key[1]";
GagarinSat_cfg2_v3.SHADE = "vis_item_shade";
GagarinSat_cfg2_v3.NODES = FALSE;

ANNOTATE(string = "Thermo Optical Properties",
         x = 0.02,
         y = 0.95);

DISPLAY(p_and_o = [0.0,0.0,0.0,0.0,0.0,0.0],
        scale = 1.0,
        axes = TRUE,
        asm_axes = TRUE,
        points = FALSE);

CLEAR();

KEY(shade = vis_item_shade,
    discrete = "vis_items_key[1]",
    x = 0.02,
    y = 0.02);

GagarinSat_cfg2_v3.DISCRETE = "vis_items_key[1]";
GagarinSat_cfg2_v3.SHADE = "vis_item_shade";
GagarinSat_cfg2_v3.NODES = FALSE;

ANNOTATE(string = "Thermo Optical Properties",
         x = 0.02,
         y = 0.95);

DISPLAY(p_and_o = [0.0,0.0,0.0,0.0,0.0,0.0],
        scale = 1.0,
        axes = TRUE,
        asm_axes = TRUE,
        points = FALSE);

CLEAR();

KEY(shade = vis_item_shade,
    discrete = "vis_items_key[1]",
    x = 0.02,
    y = 0.02);

GagarinSat_cfg2_v3.DISCRETE = "vis_items_key[1]";
GagarinSat_cfg2_v3.SHADE = "vis_item_shade";
GagarinSat_cfg2_v3.NODES = FALSE;

ANNOTATE(string = "Thermo Optical Properties",
         x = 0.02,
         y = 0.95);

DISPLAY(p_and_o = [0.0,0.0,0.0,0.0,0.0,0.0],
        scale = 1.0,
        axes = TRUE,
        asm_axes = TRUE,
        points = FALSE);

CLEAR();

KEY(shade = vis_item_shade,
    discrete = "vis_items_key[1]",
    x = 0.02,
    y = 0.02);

GagarinSat_cfg2_v3.DISCRETE = "vis_items_key[1]";
GagarinSat_cfg2_v3.SHADE = "vis_item_shade";
GagarinSat_cfg2_v3.NODES = FALSE;

ANNOTATE(string = "Thermo Optical Properties",
         x = 0.02,
         y = 0.95);

DISPLAY(p_and_o = [0.0,0.0,0.0,0.0,0.0,0.0],
        scale = 1.0,
        axes = TRUE,
        asm_axes = TRUE,
        points = FALSE);

CLEAR();

DELETE vis_items_key;
STRING vis_items_key[10] = {"Al_7075_Polished",
    "Al_anodized",
    "Al_anodized_blck",
    "Black_paint",
    "CCD_Detector",
    "IR_lens",
    "Kapton_ITO",
    "OSR",
    "Solar_Cells",
    "VDA_Kapton"};
KEY(shade = vis_item_shade,
    discrete = "vis_items_key[1]",
    x = 0.02,
    y = 0.02);

GagarinSat_cfg2_v3.DISCRETE = "vis_items_key[1]";
GagarinSat_cfg2_v3.SHADE = "vis_item_shade";
GagarinSat_cfg2_v3.NODES = FALSE;

ANNOTATE(string = "Thermo Optical Properties",
         x = 0.02,
         y = 0.95);

DISPLAY(p_and_o = [0.0,0.0,0.0,0.0,0.0,0.0],
        scale = 1.0,
        axes = TRUE,
        asm_axes = TRUE,
        points = FALSE);

CLEAR();

KEY(shade = vis_item_shade,
    discrete = "vis_items_key[1]",
    x = 0.02,
    y = 0.02);

GagarinSat_cfg2_v3.DISCRETE = "vis_items_key[1]";
GagarinSat_cfg2_v3.SHADE = "vis_item_shade";
GagarinSat_cfg2_v3.NODES = FALSE;

ANNOTATE(string = "Thermo Optical Properties",
         x = 0.02,
         y = 0.95);

DISPLAY(p_and_o = [0.0,0.0,0.0,0.0,0.0,0.0],
        scale = 1.0,
        axes = TRUE,
        asm_axes = TRUE,
        points = FALSE);

CLEAR();

KEY(shade = vis_item_shade,
    discrete = "vis_items_key[1]",
    x = 0.02,
    y = 0.02);

GagarinSat_cfg2_v3.DISCRETE = "vis_items_key[1]";
GagarinSat_cfg2_v3.SHADE = "vis_item_shade";
GagarinSat_cfg2_v3.NODES = FALSE;

ANNOTATE(string = "Thermo Optical Properties",
         x = 0.02,
         y = 0.95);

DISPLAY(p_and_o = [0.0,0.0,0.0,0.0,0.0,0.0],
        scale = 1.0,
        axes = TRUE,
        asm_axes = TRUE,
        points = FALSE);

CLEAR();

KEY(shade = vis_item_shade,
    discrete = "vis_items_key[1]",
    x = 0.02,
    y = 0.02);

GagarinSat_cfg2_v3.DISCRETE = "vis_items_key[1]";
GagarinSat_cfg2_v3.SHADE = "vis_item_shade";
GagarinSat_cfg2_v3.NODES = FALSE;

ANNOTATE(string = "Thermo Optical Properties",
         x = 0.02,
         y = 0.95);

DISPLAY(p_and_o = [0.0,0.0,0.0,0.0,0.0,0.0],
        scale = 1.0,
        axes = TRUE,
        asm_axes = TRUE,
        points = FALSE);

CLEAR();

DELETE vis_items_key;
STRING vis_items_key[9] = {"Al_7075_Polished",
    "Al_anodized_blck",
    "Black_paint",
    "CCD_Detector",
    "IR_lens",
    "Kapton_ITO",
    "OSR",
    "Solar_Cells",
    "VDA_Kapton"};
KEY(shade = vis_item_shade,
    discrete = "vis_items_key[1]",
    x = 0.02,
    y = 0.02);

GagarinSat_cfg2_v3.DISCRETE = "vis_items_key[1]";
GagarinSat_cfg2_v3.SHADE = "vis_item_shade";
GagarinSat_cfg2_v3.NODES = FALSE;

ANNOTATE(string = "Thermo Optical Properties",
         x = 0.02,
         y = 0.95);

DISPLAY(p_and_o = [0.0,0.0,0.0,0.0,0.0,0.0],
        scale = 1.0,
        axes = TRUE,
        asm_axes = TRUE,
        points = FALSE);

CLEAR();

KEY(shade = vis_item_shade,
    discrete = "vis_items_key[1]",
    x = 0.02,
    y = 0.02);

GagarinSat_cfg2_v3.DISCRETE = "vis_items_key[1]";
GagarinSat_cfg2_v3.SHADE = "vis_item_shade";
GagarinSat_cfg2_v3.NODES = FALSE;

ANNOTATE(string = "Thermo Optical Properties",
         x = 0.02,
         y = 0.95);

DISPLAY(p_and_o = [0.0,0.0,0.0,0.0,0.0,0.0],
        scale = 1.0,
        axes = TRUE,
        asm_axes = TRUE,
        points = FALSE);

CLEAR();

KEY(shade = vis_item_shade,
    discrete = "vis_items_key[1]",
    x = 0.02,
    y = 0.02);

GagarinSat_cfg2_v3.DISCRETE = "vis_items_key[1]";
GagarinSat_cfg2_v3.SHADE = "vis_item_shade";
GagarinSat_cfg2_v3.NODES = FALSE;

ANNOTATE(string = "Thermo Optical Properties",
         x = 0.02,
         y = 0.95);

DISPLAY(p_and_o = [0.0,0.0,0.0,0.0,0.0,0.0],
        scale = 1.0,
        axes = TRUE,
        asm_axes = TRUE,
        points = FALSE);

CLEAR();

KEY(shade = vis_item_shade,
    discrete = "vis_items_key[1]",
    x = 0.02,
    y = 0.02);

GagarinSat_cfg2_v3.DISCRETE = "vis_items_key[1]";
GagarinSat_cfg2_v3.SHADE = "vis_item_shade";
GagarinSat_cfg2_v3.NODES = FALSE;

ANNOTATE(string = "Thermo Optical Properties",
         x = 0.02,
         y = 0.95);

DISPLAY(p_and_o = [0.0,0.0,0.0,0.0,0.0,0.0],
        scale = 1.0,
        axes = TRUE,
        asm_axes = TRUE,
        points = FALSE);

CLEAR();

KEY(shade = vis_item_shade,
    discrete = "vis_items_key[1]",
    x = 0.02,
    y = 0.02);

GagarinSat_cfg2_v3.DISCRETE = "vis_items_key[1]";
GagarinSat_cfg2_v3.SHADE = "vis_item_shade";
GagarinSat_cfg2_v3.NODES = FALSE;

ANNOTATE(string = "Thermo Optical Properties",
         x = 0.02,
         y = 0.95);

DISPLAY(p_and_o = [0.0,0.0,0.0,0.0,0.0,0.0],
        scale = 1.0,
        axes = TRUE,
        asm_axes = TRUE,
        points = FALSE);

CLEAR();

KEY(shade = vis_item_shade,
    discrete = "vis_items_key[1]",
    x = 0.02,
    y = 0.02);

GagarinSat_cfg2_v3.DISCRETE = "vis_items_key[1]";
GagarinSat_cfg2_v3.SHADE = "vis_item_shade";
GagarinSat_cfg2_v3.NODES = FALSE;

ANNOTATE(string = "Thermo Optical Properties",
         x = 0.02,
         y = 0.95);

DISPLAY(p_and_o = [0.0,0.0,0.0,0.0,0.0,0.0],
        scale = 1.0,
        axes = TRUE,
        asm_axes = TRUE,
        points = FALSE);

THERMAL_PRE_PROCESS_OVERLAY(
    result_type = "CONDUCTIVE_INTERFACE"
);
DEFINE_RANGE(
    range = default_range,
    min = 0.0,
    max = 0.0,
    type = "LINEAR"
);

DEFINE_RANGE(
    range = default_range,
    min = 0.0,
    max = 0.0,
    type = "LINEAR"
);

CLEAR();

KEY(shade = conductive_interface_shade,
    discrete = "conductiveinterface[1]",
    x = 0.02,
    y = 0.02);

GagarinSat_cfg2_v3.DISCRETE = "conductiveinterface[1]";
GagarinSat_cfg2_v3.SHADE = "conductive_interface_shade";
GagarinSat_cfg2_v3.NODES = FALSE;

ANNOTATE(string = "Conductive Interfaces",
         x = 0.02,
         y = 0.95);

DISPLAY(p_and_o = [0.0,0.0,0.0,0.0,0.0,0.0],
        scale = 1.0,
        axes = TRUE,
        asm_axes = TRUE,
        points = FALSE);

STRING vis_items_show[8] = {"MLI_foil",
    "Glass",
    "Radiator",
    "Al_6061",
    "GaAs",
    "Al_2219",
    "CFRP",
    "Al_7075"};
DELETE vis_items_key;
STRING vis_items_key[8] = {"MLI_foil",
    "Glass",
    "Radiator",
    "Al_6061",
    "GaAs",
    "Al_2219",
    "CFRP",
    "Al_7075"};
RADIATIVE_PRE_PROCESS_OVERLAY(
    source= "BULK",
    item_names = "vis_items_show"
);
CLEAR();

KEY(shade = vis_item_shade,
    discrete = "vis_items_key[1]",
    x = 0.02,
    y = 0.02);

GagarinSat_cfg2_v3.DISCRETE = "vis_items_key[1]";
GagarinSat_cfg2_v3.SHADE = "vis_item_shade";
GagarinSat_cfg2_v3.NODES = FALSE;

ANNOTATE(string = "Bulk Properties",
         x = 0.02,
         y = 0.95);

DISPLAY(p_and_o = [0.0,0.0,0.0,0.0,0.0,0.0],
        scale = 1.0,
        axes = TRUE,
        asm_axes = TRUE,
        points = FALSE);

CLEAR();

KEY(shade = vis_item_shade,
    discrete = "vis_items_key[1]",
    x = 0.02,
    y = 0.02);

GagarinSat_cfg2_v3.DISCRETE = "vis_items_key[1]";
GagarinSat_cfg2_v3.SHADE = "vis_item_shade";
GagarinSat_cfg2_v3.NODES = FALSE;

ANNOTATE(string = "Bulk Properties",
         x = 0.02,
         y = 0.95);

DISPLAY(p_and_o = [0.0,0.0,0.0,0.0,0.0,0.0],
        scale = 1.0,
        axes = TRUE,
        asm_axes = TRUE,
        points = FALSE);

CLEAR();

KEY(shade = vis_item_shade,
    discrete = "vis_items_key[1]",
    x = 0.02,
    y = 0.02);

GagarinSat_cfg2_v3.DISCRETE = "vis_items_key[1]";
GagarinSat_cfg2_v3.SHADE = "vis_item_shade";
GagarinSat_cfg2_v3.NODES = FALSE;

ANNOTATE(string = "Bulk Properties",
         x = 0.02,
         y = 0.95);

DISPLAY(p_and_o = [0.0,0.0,0.0,0.0,0.0,0.0],
        scale = 1.0,
        axes = TRUE,
        asm_axes = TRUE,
        points = FALSE);

CLEAR();

KEY(shade = vis_item_shade,
    discrete = "vis_items_key[1]",
    x = 0.02,
    y = 0.02);

GagarinSat_cfg2_v3.DISCRETE = "vis_items_key[1]";
GagarinSat_cfg2_v3.SHADE = "vis_item_shade";
GagarinSat_cfg2_v3.NODES = FALSE;

ANNOTATE(string = "Bulk Properties",
         x = 0.02,
         y = 0.95);

DISPLAY(p_and_o = [0.0,0.0,0.0,0.0,0.0,0.0],
        scale = 1.0,
        axes = TRUE,
        asm_axes = TRUE,
        points = FALSE);

CLEAR();

KEY(shade = vis_item_shade,
    discrete = "vis_items_key[1]",
    x = 0.02,
    y = 0.02);

GagarinSat_cfg2_v3.DISCRETE = "vis_items_key[1]";
GagarinSat_cfg2_v3.SHADE = "vis_item_shade";
GagarinSat_cfg2_v3.NODES = FALSE;

ANNOTATE(string = "Bulk Properties",
         x = 0.02,
         y = 0.95);

DISPLAY(p_and_o = [0.0,0.0,0.0,0.0,0.0,0.0],
        scale = 1.0,
        axes = TRUE,
        asm_axes = TRUE,
        points = FALSE);

CLEAR();

KEY(shade = vis_item_shade,
    discrete = "vis_items_key[1]",
    x = 0.02,
    y = 0.02);

GagarinSat_cfg2_v3.DISCRETE = "vis_items_key[1]";
GagarinSat_cfg2_v3.SHADE = "vis_item_shade";
GagarinSat_cfg2_v3.NODES = FALSE;

ANNOTATE(string = "Bulk Properties",
         x = 0.02,
         y = 0.95);

DISPLAY(p_and_o = [0.0,0.0,0.0,0.0,0.0,0.0],
        scale = 1.0,
        axes = TRUE,
        asm_axes = TRUE,
        points = FALSE);

CLEAR();

KEY(shade = vis_item_shade,
    discrete = "vis_items_key[1]",
    x = 0.02,
    y = 0.02);

GagarinSat_cfg2_v3.DISCRETE = "vis_items_key[1]";
GagarinSat_cfg2_v3.SHADE = "vis_item_shade";
GagarinSat_cfg2_v3.NODES = FALSE;

ANNOTATE(string = "Bulk Properties",
         x = 0.02,
         y = 0.95);

DISPLAY(p_and_o = [0.0,0.0,0.0,0.0,0.0,0.0],
        scale = 1.0,
        axes = TRUE,
        asm_axes = TRUE,
        points = FALSE);

CLEAR();

KEY(shade = vis_item_shade,
    discrete = "vis_items_key[1]",
    x = 0.02,
    y = 0.02);

GagarinSat_cfg2_v3.DISCRETE = "vis_items_key[1]";
GagarinSat_cfg2_v3.SHADE = "vis_item_shade";
GagarinSat_cfg2_v3.NODES = FALSE;

ANNOTATE(string = "Bulk Properties",
         x = 0.02,
         y = 0.95);

DISPLAY(p_and_o = [0.0,0.0,0.0,0.0,0.0,0.0],
        scale = 1.0,
        axes = TRUE,
        asm_axes = TRUE,
        points = FALSE);

CLEAR();

KEY(shade = vis_item_shade,
    discrete = "vis_items_key[1]",
    x = 0.02,
    y = 0.02);

GagarinSat_cfg2_v3.DISCRETE = "vis_items_key[1]";
GagarinSat_cfg2_v3.SHADE = "vis_item_shade";
GagarinSat_cfg2_v3.NODES = FALSE;

ANNOTATE(string = "Bulk Properties",
         x = 0.02,
         y = 0.95);

DISPLAY(p_and_o = [0.0,0.0,0.0,0.0,0.0,0.0],
        scale = 1.0,
        axes = TRUE,
        asm_axes = TRUE,
        points = FALSE);

CLEAR();

KEY(shade = vis_item_shade,
    discrete = "vis_items_key[1]",
    x = 0.02,
    y = 0.02);

GagarinSat_cfg2_v3.DISCRETE = "vis_items_key[1]";
GagarinSat_cfg2_v3.SHADE = "vis_item_shade";
GagarinSat_cfg2_v3.NODES = FALSE;

ANNOTATE(string = "Bulk Properties",
         x = 0.02,
         y = 0.95);

DISPLAY(p_and_o = [0.0,0.0,0.0,0.0,0.0,0.0],
        scale = 1.0,
        axes = TRUE,
        asm_axes = TRUE,
        points = FALSE);

CLEAR();

KEY(shade = vis_item_shade,
    discrete = "vis_items_key[1]",
    x = 0.02,
    y = 0.02);

GagarinSat_cfg2_v3.DISCRETE = "vis_items_key[1]";
GagarinSat_cfg2_v3.SHADE = "vis_item_shade";
GagarinSat_cfg2_v3.NODES = FALSE;

ANNOTATE(string = "Bulk Properties",
         x = 0.02,
         y = 0.95);

DISPLAY(p_and_o = [0.0,0.0,0.0,0.0,0.0,0.0],
        scale = 1.0,
        axes = TRUE,
        asm_axes = TRUE,
        points = FALSE);

CLEAR();

KEY(shade = vis_item_shade,
    discrete = "vis_items_key[1]",
    x = 0.02,
    y = 0.02);

GagarinSat_cfg2_v3.DISCRETE = "vis_items_key[1]";
GagarinSat_cfg2_v3.SHADE = "vis_item_shade";
GagarinSat_cfg2_v3.NODES = FALSE;

ANNOTATE(string = "Bulk Properties",
         x = 0.02,
         y = 0.95);

DISPLAY(p_and_o = [0.0,0.0,0.0,0.0,0.0,0.0],
        scale = 1.0,
        axes = TRUE,
        asm_axes = TRUE,
        points = FALSE);

CLEAR();

KEY(shade = vis_item_shade,
    discrete = "vis_items_key[1]",
    x = 0.02,
    y = 0.02);

GagarinSat_cfg2_v3.DISCRETE = "vis_items_key[1]";
GagarinSat_cfg2_v3.SHADE = "vis_item_shade";
GagarinSat_cfg2_v3.NODES = FALSE;

ANNOTATE(string = "Bulk Properties",
         x = 0.02,
         y = 0.95);

DISPLAY(p_and_o = [0.0,0.0,0.0,0.0,0.0,0.0],
        scale = 1.0,
        axes = TRUE,
        asm_axes = TRUE,
        points = FALSE);

CLEAR();

KEY(shade = vis_item_shade,
    discrete = "vis_items_key[1]",
    x = 0.02,
    y = 0.02);

GagarinSat_cfg2_v3.DISCRETE = "vis_items_key[1]";
GagarinSat_cfg2_v3.SHADE = "vis_item_shade";
GagarinSat_cfg2_v3.NODES = FALSE;

ANNOTATE(string = "Bulk Properties",
         x = 0.02,
         y = 0.95);

DISPLAY(p_and_o = [0.0,0.0,0.0,0.0,0.0,0.0],
        scale = 1.0,
        axes = TRUE,
        asm_axes = TRUE,
        points = FALSE);

CLEAR();

KEY(shade = vis_item_shade,
    discrete = "vis_items_key[1]",
    x = 0.02,
    y = 0.02);

GagarinSat_cfg2_v3.DISCRETE = "vis_items_key[1]";
GagarinSat_cfg2_v3.SHADE = "vis_item_shade";
GagarinSat_cfg2_v3.NODES = FALSE;

ANNOTATE(string = "Bulk Properties",
         x = 0.02,
         y = 0.95);

DISPLAY(p_and_o = [0.0,0.0,0.0,0.0,0.0,0.0],
        scale = 1.0,
        axes = TRUE,
        asm_axes = TRUE,
        points = FALSE);

CLEAR();

KEY(shade = vis_item_shade,
    discrete = "vis_items_key[1]",
    x = 0.02,
    y = 0.02);

GagarinSat_cfg2_v3.DISCRETE = "vis_items_key[1]";
GagarinSat_cfg2_v3.SHADE = "vis_item_shade";
GagarinSat_cfg2_v3.NODES = FALSE;

ANNOTATE(string = "Bulk Properties",
         x = 0.02,
         y = 0.95);

DISPLAY(p_and_o = [0.0,0.0,0.0,0.0,0.0,0.0],
        scale = 1.0,
        axes = TRUE,
        asm_axes = TRUE,
        points = FALSE);

CLEAR();

KEY(shade = vis_item_shade,
    discrete = "vis_items_key[1]",
    x = 0.02,
    y = 0.02);

GagarinSat_cfg2_v3.DISCRETE = "vis_items_key[1]";
GagarinSat_cfg2_v3.SHADE = "vis_item_shade";
GagarinSat_cfg2_v3.NODES = FALSE;

ANNOTATE(string = "Bulk Properties",
         x = 0.02,
         y = 0.95);

DISPLAY(p_and_o = [0.0,0.0,0.0,0.0,0.0,0.0],
        scale = 1.0,
        axes = TRUE,
        asm_axes = TRUE,
        points = FALSE);

CLEAR();

KEY(shade = vis_item_shade,
    discrete = "vis_items_key[1]",
    x = 0.02,
    y = 0.02);

GagarinSat_cfg2_v3.DISCRETE = "vis_items_key[1]";
GagarinSat_cfg2_v3.SHADE = "vis_item_shade";
GagarinSat_cfg2_v3.NODES = FALSE;

ANNOTATE(string = "Bulk Properties",
         x = 0.02,
         y = 0.95);

DISPLAY(p_and_o = [0.0,0.0,0.0,0.0,0.0,0.0],
        scale = 1.0,
        axes = TRUE,
        asm_axes = TRUE,
        points = FALSE);

CLEAR();

KEY(shade = vis_item_shade,
    discrete = "vis_items_key[1]",
    x = 0.02,
    y = 0.02);

GagarinSat_cfg2_v3.DISCRETE = "vis_items_key[1]";
GagarinSat_cfg2_v3.SHADE = "vis_item_shade";
GagarinSat_cfg2_v3.NODES = FALSE;

ANNOTATE(string = "Bulk Properties",
         x = 0.02,
         y = 0.95);

DISPLAY(p_and_o = [0.0,0.0,0.0,0.0,0.0,0.0],
        scale = 1.0,
        axes = TRUE,
        asm_axes = TRUE,
        points = FALSE);

RADIATIVE_PRE_PROCESS_OVERLAY(
    source = "GEOMETRY",
    display = "ORBITAL",
    radiative_case = Rad_Case_00,
    model_scale = 0.1,
    draw_model = TRUE,
    planet_scale = 1.0,
    draw_planet = TRUE);
CLEAR();

GagarinSat_cfg2_v3.NODES = FALSE;

ANNOTATE(string = "",
         x = 0.02,
         y = 0.95);
DRAW_ORBIT(orbit = Rad_Case_00.ORBIT);
vis_orbit_index = 1;
DRAW_PLANET(radiative_case = Rad_Case_00,
            time = Rad_Case_00.ORBIT_TIMES[vis_orbit_index],
            scale = 1.0,
            range = default_range,
            shade = continuous_shade
);
DISPLAY(p_and_o = Rad_Case_00.ORBIT_POSITIONS[vis_orbit_index],
        time = Rad_Case_00.ORBIT_TIMES[vis_orbit_index],
        scale = 0.1 * (Rad_Case_00.ORBIT.ALT_A + R_PLANET),
        axes = TRUE,
        asm_axes = TRUE,
        points = FALSE,
        radiative_case = Rad_Case_00,
        orbit_position = vis_orbit_index,
        spin_position = 0);

CLEAR();

GagarinSat_cfg2_v3.NODES = FALSE;

ANNOTATE(string = "",
         x = 0.02,
         y = 0.95);
DRAW_ORBIT(orbit = Rad_Case_00.ORBIT);
DRAW_PLANET(radiative_case = Rad_Case_00,
            time = Rad_Case_00.ORBIT_TIMES[vis_orbit_index],
            scale = 1.0,
            range = default_range,
            shade = continuous_shade
);
DISPLAY(p_and_o = Rad_Case_00.ORBIT_POSITIONS[vis_orbit_index],
        time = Rad_Case_00.ORBIT_TIMES[vis_orbit_index],
        scale = 0.1 * (Rad_Case_00.ORBIT.ALT_A + R_PLANET),
        axes = TRUE,
        asm_axes = TRUE,
        points = FALSE,
        radiative_case = Rad_Case_00,
        orbit_position = vis_orbit_index,
        spin_position = 0);

LOAD_EXTERNAL_RESULTS (
   type = "TMD",
   file = "C:\ESATAN-TMS\ESATAN-TMS-Models\ESATAN-TMS_Models\GagarinSat_cfg2_v3\esatan\Case_00\GAGARINSAT_CFG2_V3_CASE_.TMD");
RADIATIVE_PRE_PROCESS_OVERLAY(source = "GEOMETRY",
                              display = "MODEL_ONLY");
CLEAR();

GagarinSat_cfg2_v3.NODES = FALSE;

ANNOTATE(string = "Colour",
         x = 0.02,
         y = 0.95);

DISPLAY(p_and_o = [0.0,0.0,0.0,0.0,0.0,0.0],
        scale = 1.0,
        axes = TRUE,
        asm_axes = TRUE,
        points = FALSE);

RESET_VIEW();

THERMAL_POST_PROCESS_OVERLAY(
    record_type= "Thermal_Node",
    start_time = 0.0,
    end_time = 6059.29,
    cycle = 1,
    radiative_case = Rad_Case_00,
    analysis_case = Case_00,
    fixed_scale = FALSE,
    attribute = "Temperature",
     planet_scale = 0.703,
     model_scale = 0.713,
     draw_periapsis = TRUE,
     draw_asc_node = TRUE
);
DEFINE_RANGE(
    range = default_range,
    min = -32.54712647050365,
    max = 135.9966374505625,
    type = "LINEAR"
);

CLEAR();

DELETE vis_items_show;
KEY(shade = continuous_shade,
    range = default_range,
    x = 0.02,
    y = 0.02);

GagarinSat_cfg2_v3.RANGE = "default_range";
GagarinSat_cfg2_v3.SHADE = "continuous_shade";
GagarinSat_cfg2_v3.NODES = FALSE;

ANNOTATE(string = "Thermal Node Attributes: Temperature",
         x = 0.02,
         y = 0.95);

DRAW_ORBIT(analysis_case = Case_00);
DRAW_PERIAPSIS(orbit = Rad_Case_00.ORBIT);
DRAW_ASCENDING_NODE(orbit = Rad_Case_00.ORBIT);
DRAW_PLANET(radiative_case = Rad_Case_00,
            time = vis_orbit_times[vis_orbit_index],
            scale = 0.703,
            range = default_range,
            shade = continuous_shade
);
DISPLAY(p_and_o = vis_orbit_pos[vis_orbit_index],
        time = vis_orbit_times[vis_orbit_index],
        scale = 0.713 * (Rad_Case_00.ORBIT.ALT_A + R_PLANET),
        axes = TRUE,
        asm_axes = TRUE,
        points = FALSE);

CLEAR();

KEY(shade = continuous_shade,
    range = default_range,
    x = 0.02,
    y = 0.02);

GagarinSat_cfg2_v3.RANGE = "default_range";
GagarinSat_cfg2_v3.SHADE = "continuous_shade";
GagarinSat_cfg2_v3.NODES = FALSE;

ANNOTATE(string = "Thermal Node Attributes: Temperature",
         x = 0.02,
         y = 0.95);

DRAW_ORBIT(analysis_case = Case_00);
DRAW_PERIAPSIS(orbit = Rad_Case_00.ORBIT);
DRAW_ASCENDING_NODE(orbit = Rad_Case_00.ORBIT);
DRAW_PLANET(radiative_case = Rad_Case_00,
            time = vis_orbit_times[1],
            scale = 0.703,
            range = default_range,
            shade = continuous_shade
);
FOR (vis_orbit_index = 1;
    vis_orbit_index <= 11;
    vis_orbit_index = EVAL(vis_orbit_index + 1))
DISPLAY(p_and_o = vis_orbit_pos[vis_orbit_index],
        time = vis_orbit_times[vis_orbit_index],
        scale = 0.713 * (Rad_Case_00.ORBIT.ALT_A + R_PLANET),
        axes = TRUE,
        asm_axes = TRUE,
        points = FALSE);

END_FOR
CLEAR();

KEY(shade = continuous_shade,
    range = default_range,
    x = 0.02,
    y = 0.02);

GagarinSat_cfg2_v3.RANGE = "default_range";
GagarinSat_cfg2_v3.SHADE = "continuous_shade";
GagarinSat_cfg2_v3.NODES = FALSE;

ANNOTATE(string = "Thermal Node Attributes: Temperature",
         x = 0.02,
         y = 0.95);

DRAW_ORBIT(analysis_case = Case_00);
DRAW_PERIAPSIS(orbit = Rad_Case_00.ORBIT);
DRAW_ASCENDING_NODE(orbit = Rad_Case_00.ORBIT);
vis_orbit_index = 1;
vis_orbit_index = 1;
DRAW_PLANET(radiative_case = Rad_Case_00,
            time = vis_orbit_times[vis_orbit_index],
            scale = 0.703,
            range = default_range,
            shade = continuous_shade
);
DISPLAY(p_and_o = vis_orbit_pos[vis_orbit_index],
        time = vis_orbit_times[vis_orbit_index],
        scale = 0.713 * (Rad_Case_00.ORBIT.ALT_A + R_PLANET),
        axes = TRUE,
        asm_axes = TRUE,
        points = FALSE);

CLEAR();

KEY(shade = continuous_shade,
    range = default_range,
    x = 0.02,
    y = 0.02);

GagarinSat_cfg2_v3.RANGE = "default_range";
GagarinSat_cfg2_v3.SHADE = "continuous_shade";
GagarinSat_cfg2_v3.NODES = FALSE;

ANNOTATE(string = "Thermal Node Attributes: Temperature",
         x = 0.02,
         y = 0.95);

DRAW_ORBIT(analysis_case = Case_00);
DRAW_PERIAPSIS(orbit = Rad_Case_00.ORBIT);
DRAW_ASCENDING_NODE(orbit = Rad_Case_00.ORBIT);
DRAW_PLANET(radiative_case = Rad_Case_00,
            time = vis_orbit_times[vis_orbit_index],
            scale = 0.703,
            range = default_range,
            shade = continuous_shade
);
DISPLAY(p_and_o = vis_orbit_pos[vis_orbit_index],
        time = vis_orbit_times[vis_orbit_index],
        scale = 0.713 * (Rad_Case_00.ORBIT.ALT_A + R_PLANET),
        axes = TRUE,
        asm_axes = TRUE,
        points = FALSE);

THERMAL_POST_PROCESS_OVERLAY(
    record_type = "Thermal_Node",
    time_step = 0.0,
    fixed_scale = FALSE,
    attribute = "Temperature",
    radiative_case = Rad_Case_00
);
DEFINE_RANGE(
    range = default_range,
    min = -29.21720125058453,
    max = 20.22870205748476,
    type = "LINEAR"
);

CLEAR();

KEY(shade = continuous_shade,
    range = default_range,
    x = 0.02,
    y = 0.02);

GagarinSat_cfg2_v3.RANGE = "default_range";
GagarinSat_cfg2_v3.SHADE = "continuous_shade";
GagarinSat_cfg2_v3.NODES = FALSE;

ANNOTATE(string = "Thermal Node Attributes: Temperature",
         x = 0.02,
         y = 0.95);

DISPLAY(p_and_o = [0.0,0.0,0.0,0.0,0.0,0.0],
        time = vis_orbit_times[1],
        scale = 1.0,
        axes = TRUE,
        asm_axes = TRUE,
        points = FALSE,
        assembly_p_and_o = vis_orbit_pos[1]);

RESET_VIEW();

THERMAL_POST_PROCESS_OVERLAY(
    record_type = "Thermal_Node",
    time_step = 4241.5,
    fixed_scale = FALSE,
    attribute = "Temperature",
    radiative_case = Rad_Case_00
);
DEFINE_RANGE(
    range = default_range,
    min = -17.589121495643397,
    max = 135.9966374505625,
    type = "LINEAR"
);

CLEAR();

KEY(shade = continuous_shade,
    range = default_range,
    x = 0.02,
    y = 0.02);

GagarinSat_cfg2_v3.RANGE = "default_range";
GagarinSat_cfg2_v3.SHADE = "continuous_shade";
GagarinSat_cfg2_v3.NODES = FALSE;

ANNOTATE(string = "Thermal Node Attributes: Temperature",
         x = 0.02,
         y = 0.95);

DISPLAY(p_and_o = [0.0,0.0,0.0,0.0,0.0,0.0],
        time = vis_orbit_times[1],
        scale = 1.0,
        axes = TRUE,
        asm_axes = TRUE,
        points = FALSE,
        assembly_p_and_o = vis_orbit_pos[1]);

CLEAR();

KEY(shade = continuous_shade,
    range = default_range,
    x = 0.02,
    y = 0.02);

GagarinSat_cfg2_v3.RANGE = "default_range";
GagarinSat_cfg2_v3.SHADE = "continuous_shade";
GagarinSat_cfg2_v3.NODES = FALSE;

ANNOTATE(string = "Thermal Node Attributes: Temperature",
         x = 0.02,
         y = 0.95);

DISPLAY(p_and_o = [0.0,0.0,0.0,0.0,0.0,0.0],
        time = vis_orbit_times[1],
        scale = 1.0,
        axes = TRUE,
        asm_axes = TRUE,
        points = FALSE,
        assembly_p_and_o = vis_orbit_pos[1]);

CLEAR();

KEY(shade = continuous_shade,
    range = default_range,
    x = 0.02,
    y = 0.02);

GagarinSat_cfg2_v3.RANGE = "default_range";
GagarinSat_cfg2_v3.SHADE = "continuous_shade";
GagarinSat_cfg2_v3.NODES = FALSE;

ANNOTATE(string = "Thermal Node Attributes: Temperature",
         x = 0.02,
         y = 0.95);

DISPLAY(p_and_o = [0.0,0.0,0.0,0.0,0.0,0.0],
        time = vis_orbit_times[1],
        scale = 1.0,
        axes = TRUE,
        asm_axes = TRUE,
        points = FALSE,
        assembly_p_and_o = vis_orbit_pos[1]);

CLEAR();

KEY(shade = continuous_shade,
    range = default_range,
    x = 0.02,
    y = 0.02);

GagarinSat_cfg2_v3.RANGE = "default_range";
GagarinSat_cfg2_v3.SHADE = "continuous_shade";
GagarinSat_cfg2_v3.NODES = FALSE;

ANNOTATE(string = "Thermal Node Attributes: Temperature",
         x = 0.02,
         y = 0.95);

DISPLAY(p_and_o = [0.0,0.0,0.0,0.0,0.0,0.0],
        time = vis_orbit_times[1],
        scale = 1.0,
        axes = TRUE,
        asm_axes = TRUE,
        points = FALSE,
        assembly_p_and_o = vis_orbit_pos[1]);

CLEAR();

KEY(shade = continuous_shade,
    range = default_range,
    x = 0.02,
    y = 0.02);

GagarinSat_cfg2_v3.RANGE = "default_range";
GagarinSat_cfg2_v3.SHADE = "continuous_shade";
GagarinSat_cfg2_v3.NODES = FALSE;

ANNOTATE(string = "Thermal Node Attributes: Temperature",
         x = 0.02,
         y = 0.95);

DISPLAY(p_and_o = [0.0,0.0,0.0,0.0,0.0,0.0],
        time = vis_orbit_times[1],
        scale = 1.0,
        axes = TRUE,
        asm_axes = TRUE,
        points = FALSE,
        assembly_p_and_o = vis_orbit_pos[1]);

CLEAR();

KEY(shade = continuous_shade,
    range = default_range,
    x = 0.02,
    y = 0.02);

GagarinSat_cfg2_v3.RANGE = "default_range";
GagarinSat_cfg2_v3.SHADE = "continuous_shade";
GagarinSat_cfg2_v3.NODES = FALSE;

ANNOTATE(string = "Thermal Node Attributes: Temperature",
         x = 0.02,
         y = 0.95);

DISPLAY(p_and_o = [0.0,0.0,0.0,0.0,0.0,0.0],
        time = vis_orbit_times[1],
        scale = 1.0,
        axes = TRUE,
        asm_axes = TRUE,
        points = FALSE,
        assembly_p_and_o = vis_orbit_pos[1]);

CLEAR();

KEY(shade = continuous_shade,
    range = default_range,
    x = 0.02,
    y = 0.02);

GagarinSat_cfg2_v3.RANGE = "default_range";
GagarinSat_cfg2_v3.SHADE = "continuous_shade";
GagarinSat_cfg2_v3.NODES = FALSE;

ANNOTATE(string = "Thermal Node Attributes: Temperature",
         x = 0.02,
         y = 0.95);

DISPLAY(p_and_o = [0.0,0.0,0.0,0.0,0.0,0.0],
        time = vis_orbit_times[1],
        scale = 1.0,
        axes = TRUE,
        asm_axes = TRUE,
        points = FALSE,
        assembly_p_and_o = vis_orbit_pos[1]);

CLEAR();

KEY(shade = continuous_shade,
    range = default_range,
    x = 0.02,
    y = 0.02);

GagarinSat_cfg2_v3.RANGE = "default_range";
GagarinSat_cfg2_v3.SHADE = "continuous_shade";
GagarinSat_cfg2_v3.NODES = FALSE;

ANNOTATE(string = "Thermal Node Attributes: Temperature",
         x = 0.02,
         y = 0.95);

DISPLAY(p_and_o = [0.0,0.0,0.0,0.0,0.0,0.0],
        time = vis_orbit_times[1],
        scale = 1.0,
        axes = TRUE,
        asm_axes = TRUE,
        points = FALSE,
        assembly_p_and_o = vis_orbit_pos[1]);

CLEAR();

KEY(shade = continuous_shade,
    range = default_range,
    x = 0.02,
    y = 0.02);

GagarinSat_cfg2_v3.RANGE = "default_range";
GagarinSat_cfg2_v3.SHADE = "continuous_shade";
GagarinSat_cfg2_v3.NODES = FALSE;

ANNOTATE(string = "Thermal Node Attributes: Temperature",
         x = 0.02,
         y = 0.95);

DISPLAY(p_and_o = [0.0,0.0,0.0,0.0,0.0,0.0],
        time = vis_orbit_times[1],
        scale = 1.0,
        axes = TRUE,
        asm_axes = TRUE,
        points = FALSE,
        assembly_p_and_o = vis_orbit_pos[1]);

CLEAR();

KEY(shade = continuous_shade,
    range = default_range,
    x = 0.02,
    y = 0.02);

GagarinSat_cfg2_v3.RANGE = "default_range";
GagarinSat_cfg2_v3.SHADE = "continuous_shade";
GagarinSat_cfg2_v3.NODES = FALSE;

ANNOTATE(string = "Thermal Node Attributes: Temperature",
         x = 0.02,
         y = 0.95);

DISPLAY(p_and_o = [0.0,0.0,0.0,0.0,0.0,0.0],
        time = vis_orbit_times[1],
        scale = 1.0,
        axes = TRUE,
        asm_axes = TRUE,
        points = FALSE,
        assembly_p_and_o = vis_orbit_pos[1]);

CLEAR();

KEY(shade = continuous_shade,
    range = default_range,
    x = 0.02,
    y = 0.02);

GagarinSat_cfg2_v3.RANGE = "default_range";
GagarinSat_cfg2_v3.SHADE = "continuous_shade";
GagarinSat_cfg2_v3.NODES = FALSE;

ANNOTATE(string = "Thermal Node Attributes: Temperature",
         x = 0.02,
         y = 0.95);

DISPLAY(p_and_o = [0.0,0.0,0.0,0.0,0.0,0.0],
        time = vis_orbit_times[1],
        scale = 1.0,
        axes = TRUE,
        asm_axes = TRUE,
        points = FALSE,
        assembly_p_and_o = vis_orbit_pos[1]);

CLEAR();

KEY(shade = continuous_shade,
    range = default_range,
    x = 0.02,
    y = 0.02);

GagarinSat_cfg2_v3.RANGE = "default_range";
GagarinSat_cfg2_v3.SHADE = "continuous_shade";
GagarinSat_cfg2_v3.NODES = FALSE;

ANNOTATE(string = "Thermal Node Attributes: Temperature",
         x = 0.02,
         y = 0.95);

DISPLAY(p_and_o = [0.0,0.0,0.0,0.0,0.0,0.0],
        time = vis_orbit_times[1],
        scale = 1.0,
        axes = TRUE,
        asm_axes = TRUE,
        points = FALSE,
        assembly_p_and_o = vis_orbit_pos[1]);

CLEAR();

KEY(shade = continuous_shade,
    range = default_range,
    x = 0.02,
    y = 0.02);

GagarinSat_cfg2_v3.RANGE = "default_range";
GagarinSat_cfg2_v3.SHADE = "continuous_shade";
GagarinSat_cfg2_v3.NODES = FALSE;

ANNOTATE(string = "Thermal Node Attributes: Temperature",
         x = 0.02,
         y = 0.95);

DISPLAY(p_and_o = [0.0,0.0,0.0,0.0,0.0,0.0],
        time = vis_orbit_times[1],
        scale = 1.0,
        axes = TRUE,
        asm_axes = TRUE,
        points = FALSE,
        assembly_p_and_o = vis_orbit_pos[1]);

RADIATIVE_PRE_PROCESS_OVERLAY(
    source = "GEOMETRY",
    display = "ORBITAL",
    radiative_case = Rad_Case_01,
    model_scale = 0.1,
    draw_model = TRUE,
    planet_scale = 1.0,
    draw_planet = TRUE);
CLEAR();

GagarinSat_cfg2_v3.NODES = FALSE;

ANNOTATE(string = "",
         x = 0.02,
         y = 0.95);
DRAW_ORBIT(orbit = Rad_Case_01.ORBIT);
DRAW_PLANET(radiative_case = Rad_Case_01,
            time = Rad_Case_01.ORBIT_TIMES[vis_orbit_index],
            scale = 1.0,
            range = default_range,
            shade = continuous_shade
);
DISPLAY(p_and_o = Rad_Case_01.ORBIT_POSITIONS[vis_orbit_index],
        time = Rad_Case_01.ORBIT_TIMES[vis_orbit_index],
        scale = 0.1 * (Rad_Case_01.ORBIT.ALT_A + R_PLANET),
        axes = TRUE,
        asm_axes = TRUE,
        points = FALSE,
        radiative_case = Rad_Case_01,
        orbit_position = vis_orbit_index,
        spin_position = 0);

CLEAR();

GagarinSat_cfg2_v3.NODES = FALSE;

ANNOTATE(string = "",
         x = 0.02,
         y = 0.95);
DRAW_ORBIT(orbit = Rad_Case_01.ORBIT);
DRAW_PLANET(radiative_case = Rad_Case_01,
            time = Rad_Case_01.ORBIT_TIMES[vis_orbit_index],
            scale = 1.0,
            range = default_range,
            shade = continuous_shade
);
DISPLAY(p_and_o = Rad_Case_01.ORBIT_POSITIONS[vis_orbit_index],
        time = Rad_Case_01.ORBIT_TIMES[vis_orbit_index],
        scale = 0.1 * (Rad_Case_01.ORBIT.ALT_A + R_PLANET),
        axes = TRUE,
        asm_axes = TRUE,
        points = FALSE,
        radiative_case = Rad_Case_01,
        orbit_position = vis_orbit_index,
        spin_position = 0);

LOAD_EXTERNAL_RESULTS (
   type = "TMD",
   file = "C:\ESATAN-TMS\ESATAN-TMS-Models\ESATAN-TMS_Models\GagarinSat_cfg2_v3\esatan\Case_01\GAGARINSAT_CFG2_V3_CASE_.TMD");
RADIATIVE_PRE_PROCESS_OVERLAY(source = "GEOMETRY",
                              display = "MODEL_ONLY");
CLEAR();

GagarinSat_cfg2_v3.NODES = FALSE;

ANNOTATE(string = "Colour",
         x = 0.02,
         y = 0.95);

DISPLAY(p_and_o = [0.0,0.0,0.0,0.0,0.0,0.0],
        scale = 1.0,
        axes = TRUE,
        asm_axes = TRUE,
        points = FALSE);

RESET_VIEW();

THERMAL_POST_PROCESS_OVERLAY(
    record_type= "Thermal_Node",
    start_time = 0.0,
    end_time = 6059.29,
    cycle = 1,
    radiative_case = Rad_Case_01,
    analysis_case = Case_01,
    fixed_scale = FALSE,
    attribute = "Temperature",
     planet_scale = 0.703,
     model_scale = 0.713,
     draw_periapsis = TRUE,
     draw_asc_node = TRUE
);
DEFINE_RANGE(
    range = default_range,
    min = -31.83938973465416,
    max = 137.24086381903808,
    type = "LINEAR"
);

CLEAR();

KEY(shade = continuous_shade,
    range = default_range,
    x = 0.02,
    y = 0.02);

GagarinSat_cfg2_v3.RANGE = "default_range";
GagarinSat_cfg2_v3.SHADE = "continuous_shade";
GagarinSat_cfg2_v3.NODES = FALSE;

ANNOTATE(string = "Thermal Node Attributes: Temperature",
         x = 0.02,
         y = 0.95);

DRAW_ORBIT(analysis_case = Case_01);
DRAW_PERIAPSIS(orbit = Rad_Case_01.ORBIT);
DRAW_ASCENDING_NODE(orbit = Rad_Case_01.ORBIT);
DRAW_PLANET(radiative_case = Rad_Case_01,
            time = vis_orbit_times[vis_orbit_index],
            scale = 0.703,
            range = default_range,
            shade = continuous_shade
);
DISPLAY(p_and_o = vis_orbit_pos[vis_orbit_index],
        time = vis_orbit_times[vis_orbit_index],
        scale = 0.713 * (Rad_Case_01.ORBIT.ALT_A + R_PLANET),
        axes = TRUE,
        asm_axes = TRUE,
        points = FALSE);

CLEAR();

KEY(shade = continuous_shade,
    range = default_range,
    x = 0.02,
    y = 0.02);

GagarinSat_cfg2_v3.RANGE = "default_range";
GagarinSat_cfg2_v3.SHADE = "continuous_shade";
GagarinSat_cfg2_v3.NODES = FALSE;

ANNOTATE(string = "Thermal Node Attributes: Temperature",
         x = 0.02,
         y = 0.95);

DRAW_ORBIT(analysis_case = Case_01);
DRAW_PERIAPSIS(orbit = Rad_Case_01.ORBIT);
DRAW_ASCENDING_NODE(orbit = Rad_Case_01.ORBIT);
DRAW_PLANET(radiative_case = Rad_Case_01,
            time = vis_orbit_times[1],
            scale = 0.703,
            range = default_range,
            shade = continuous_shade
);
FOR (vis_orbit_index = 1;
    vis_orbit_index <= 11;
    vis_orbit_index = EVAL(vis_orbit_index + 1))
DISPLAY(p_and_o = vis_orbit_pos[vis_orbit_index],
        time = vis_orbit_times[vis_orbit_index],
        scale = 0.713 * (Rad_Case_01.ORBIT.ALT_A + R_PLANET),
        axes = TRUE,
        asm_axes = TRUE,
        points = FALSE);

END_FOR
THERMAL_POST_PROCESS_OVERLAY(
    record_type = "Thermal_Node",
    time_step = 3635.57,
    fixed_scale = FALSE,
    attribute = "Temperature",
    radiative_case = Rad_Case_01
);
DEFINE_RANGE(
    range = default_range,
    min = -15.616498298810098,
    max = 114.87955435851512,
    type = "LINEAR"
);

CLEAR();

KEY(shade = continuous_shade,
    range = default_range,
    x = 0.02,
    y = 0.02);

GagarinSat_cfg2_v3.RANGE = "default_range";
GagarinSat_cfg2_v3.SHADE = "continuous_shade";
GagarinSat_cfg2_v3.NODES = FALSE;

ANNOTATE(string = "Thermal Node Attributes: Temperature",
         x = 0.02,
         y = 0.95);

DISPLAY(p_and_o = [0.0,0.0,0.0,0.0,0.0,0.0],
        time = vis_orbit_times[1],
        scale = 1.0,
        axes = TRUE,
        asm_axes = TRUE,
        points = FALSE,
        assembly_p_and_o = vis_orbit_pos[1]);

RESET_VIEW();

CLEAR();

KEY(shade = continuous_shade,
    range = default_range,
    x = 0.02,
    y = 0.02);

GagarinSat_cfg2_v3.RANGE = "default_range";
GagarinSat_cfg2_v3.SHADE = "continuous_shade";
GagarinSat_cfg2_v3.NODES = FALSE;

ANNOTATE(string = "Thermal Node Attributes: Temperature",
         x = 0.02,
         y = 0.95);

DISPLAY(p_and_o = [0.0,0.0,0.0,0.0,0.0,0.0],
        time = vis_orbit_times[1],
        scale = 1.0,
        axes = TRUE,
        asm_axes = TRUE,
        points = FALSE,
        assembly_p_and_o = vis_orbit_pos[1]);

CLEAR();

KEY(shade = continuous_shade,
    range = default_range,
    x = 0.02,
    y = 0.02);

GagarinSat_cfg2_v3.RANGE = "default_range";
GagarinSat_cfg2_v3.SHADE = "continuous_shade";
GagarinSat_cfg2_v3.NODES = FALSE;

ANNOTATE(string = "Thermal Node Attributes: Temperature",
         x = 0.02,
         y = 0.95);

DISPLAY(p_and_o = [0.0,0.0,0.0,0.0,0.0,0.0],
        time = vis_orbit_times[1],
        scale = 1.0,
        axes = TRUE,
        asm_axes = TRUE,
        points = FALSE,
        assembly_p_and_o = vis_orbit_pos[1]);

CLEAR();

KEY(shade = continuous_shade,
    range = default_range,
    x = 0.02,
    y = 0.02);

GagarinSat_cfg2_v3.RANGE = "default_range";
GagarinSat_cfg2_v3.SHADE = "continuous_shade";
GagarinSat_cfg2_v3.NODES = FALSE;

ANNOTATE(string = "Thermal Node Attributes: Temperature",
         x = 0.02,
         y = 0.95);

DISPLAY(p_and_o = [0.0,0.0,0.0,0.0,0.0,0.0],
        time = vis_orbit_times[1],
        scale = 1.0,
        axes = TRUE,
        asm_axes = TRUE,
        points = FALSE,
        assembly_p_and_o = vis_orbit_pos[1]);

CLEAR();

KEY(shade = continuous_shade,
    range = default_range,
    x = 0.02,
    y = 0.02);

GagarinSat_cfg2_v3.RANGE = "default_range";
GagarinSat_cfg2_v3.SHADE = "continuous_shade";
GagarinSat_cfg2_v3.NODES = FALSE;

ANNOTATE(string = "Thermal Node Attributes: Temperature",
         x = 0.02,
         y = 0.95);

DISPLAY(p_and_o = [0.0,0.0,0.0,0.0,0.0,0.0],
        time = vis_orbit_times[1],
        scale = 1.0,
        axes = TRUE,
        asm_axes = TRUE,
        points = FALSE,
        assembly_p_and_o = vis_orbit_pos[1]);

CLEAR();

KEY(shade = continuous_shade,
    range = default_range,
    x = 0.02,
    y = 0.02);

GagarinSat_cfg2_v3.RANGE = "default_range";
GagarinSat_cfg2_v3.SHADE = "continuous_shade";
GagarinSat_cfg2_v3.NODES = FALSE;

ANNOTATE(string = "Thermal Node Attributes: Temperature",
         x = 0.02,
         y = 0.95);

DISPLAY(p_and_o = [0.0,0.0,0.0,0.0,0.0,0.0],
        time = vis_orbit_times[1],
        scale = 1.0,
        axes = TRUE,
        asm_axes = TRUE,
        points = FALSE,
        assembly_p_and_o = vis_orbit_pos[1]);

CLEAR();

KEY(shade = continuous_shade,
    range = default_range,
    x = 0.02,
    y = 0.02);

GagarinSat_cfg2_v3.RANGE = "default_range";
GagarinSat_cfg2_v3.SHADE = "continuous_shade";
GagarinSat_cfg2_v3.NODES = FALSE;

ANNOTATE(string = "Thermal Node Attributes: Temperature",
         x = 0.02,
         y = 0.95);

DISPLAY(p_and_o = [0.0,0.0,0.0,0.0,0.0,0.0],
        time = vis_orbit_times[1],
        scale = 1.0,
        axes = TRUE,
        asm_axes = TRUE,
        points = FALSE,
        assembly_p_and_o = vis_orbit_pos[1]);

CLEAR();

KEY(shade = continuous_shade,
    range = default_range,
    x = 0.02,
    y = 0.02);

GagarinSat_cfg2_v3.RANGE = "default_range";
GagarinSat_cfg2_v3.SHADE = "continuous_shade";
GagarinSat_cfg2_v3.NODES = FALSE;

ANNOTATE(string = "Thermal Node Attributes: Temperature",
         x = 0.02,
         y = 0.95);

DISPLAY(p_and_o = [0.0,0.0,0.0,0.0,0.0,0.0],
        time = vis_orbit_times[1],
        scale = 1.0,
        axes = TRUE,
        asm_axes = TRUE,
        points = FALSE,
        assembly_p_and_o = vis_orbit_pos[1]);

CLEAR();

KEY(shade = continuous_shade,
    range = default_range,
    x = 0.02,
    y = 0.02);

GagarinSat_cfg2_v3.RANGE = "default_range";
GagarinSat_cfg2_v3.SHADE = "continuous_shade";
GagarinSat_cfg2_v3.NODES = FALSE;

ANNOTATE(string = "Thermal Node Attributes: Temperature",
         x = 0.02,
         y = 0.95);

DISPLAY(p_and_o = [0.0,0.0,0.0,0.0,0.0,0.0],
        time = vis_orbit_times[1],
        scale = 1.0,
        axes = TRUE,
        asm_axes = TRUE,
        points = FALSE,
        assembly_p_and_o = vis_orbit_pos[1]);

CLEAR();

KEY(shade = continuous_shade,
    range = default_range,
    x = 0.02,
    y = 0.02);

GagarinSat_cfg2_v3.RANGE = "default_range";
GagarinSat_cfg2_v3.SHADE = "continuous_shade";
GagarinSat_cfg2_v3.NODES = FALSE;

ANNOTATE(string = "Thermal Node Attributes: Temperature",
         x = 0.02,
         y = 0.95);

DISPLAY(p_and_o = [0.0,0.0,0.0,0.0,0.0,0.0],
        time = vis_orbit_times[1],
        scale = 1.0,
        axes = TRUE,
        asm_axes = TRUE,
        points = FALSE,
        assembly_p_and_o = vis_orbit_pos[1]);

CLEAR();

KEY(shade = continuous_shade,
    range = default_range,
    x = 0.02,
    y = 0.02);

GagarinSat_cfg2_v3.RANGE = "default_range";
GagarinSat_cfg2_v3.SHADE = "continuous_shade";
GagarinSat_cfg2_v3.NODES = FALSE;

ANNOTATE(string = "Thermal Node Attributes: Temperature",
         x = 0.02,
         y = 0.95);

DISPLAY(p_and_o = [0.0,0.0,0.0,0.0,0.0,0.0],
        time = vis_orbit_times[1],
        scale = 1.0,
        axes = TRUE,
        asm_axes = TRUE,
        points = FALSE,
        assembly_p_and_o = vis_orbit_pos[1]);

CLEAR();

KEY(shade = continuous_shade,
    range = default_range,
    x = 0.02,
    y = 0.02);

GagarinSat_cfg2_v3.RANGE = "default_range";
GagarinSat_cfg2_v3.SHADE = "continuous_shade";
GagarinSat_cfg2_v3.NODES = FALSE;

ANNOTATE(string = "Thermal Node Attributes: Temperature",
         x = 0.02,
         y = 0.95);

DISPLAY(p_and_o = [0.0,0.0,0.0,0.0,0.0,0.0],
        time = vis_orbit_times[1],
        scale = 1.0,
        axes = TRUE,
        asm_axes = TRUE,
        points = FALSE,
        assembly_p_and_o = vis_orbit_pos[1]);

CLEAR();

KEY(shade = continuous_shade,
    range = default_range,
    x = 0.02,
    y = 0.02);

GagarinSat_cfg2_v3.RANGE = "default_range";
GagarinSat_cfg2_v3.SHADE = "continuous_shade";
GagarinSat_cfg2_v3.NODES = FALSE;

ANNOTATE(string = "Thermal Node Attributes: Temperature",
         x = 0.02,
         y = 0.95);

DISPLAY(p_and_o = [0.0,0.0,0.0,0.0,0.0,0.0],
        time = vis_orbit_times[1],
        scale = 1.0,
        axes = TRUE,
        asm_axes = TRUE,
        points = FALSE,
        assembly_p_and_o = vis_orbit_pos[1]);

CLEAR();

KEY(shade = continuous_shade,
    range = default_range,
    x = 0.02,
    y = 0.02);

GagarinSat_cfg2_v3.RANGE = "default_range";
GagarinSat_cfg2_v3.SHADE = "continuous_shade";
GagarinSat_cfg2_v3.NODES = FALSE;

ANNOTATE(string = "Thermal Node Attributes: Temperature",
         x = 0.02,
         y = 0.95);

DISPLAY(p_and_o = [0.0,0.0,0.0,0.0,0.0,0.0],
        time = vis_orbit_times[1],
        scale = 1.0,
        axes = TRUE,
        asm_axes = TRUE,
        points = FALSE,
        assembly_p_and_o = vis_orbit_pos[1]);

CLEAR();

KEY(shade = continuous_shade,
    range = default_range,
    x = 0.02,
    y = 0.02);

GagarinSat_cfg2_v3.RANGE = "default_range";
GagarinSat_cfg2_v3.SHADE = "continuous_shade";
GagarinSat_cfg2_v3.NODES = FALSE;

ANNOTATE(string = "Thermal Node Attributes: Temperature",
         x = 0.02,
         y = 0.95);

DISPLAY(p_and_o = [0.0,0.0,0.0,0.0,0.0,0.0],
        time = vis_orbit_times[1],
        scale = 1.0,
        axes = TRUE,
        asm_axes = TRUE,
        points = FALSE,
        assembly_p_and_o = vis_orbit_pos[1]);

CLEAR();

KEY(shade = continuous_shade,
    range = default_range,
    x = 0.02,
    y = 0.02);

GagarinSat_cfg2_v3.RANGE = "default_range";
GagarinSat_cfg2_v3.SHADE = "continuous_shade";
GagarinSat_cfg2_v3.NODES = FALSE;

ANNOTATE(string = "Thermal Node Attributes: Temperature",
         x = 0.02,
         y = 0.95);

DISPLAY(p_and_o = [0.0,0.0,0.0,0.0,0.0,0.0],
        time = vis_orbit_times[1],
        scale = 1.0,
        axes = TRUE,
        asm_axes = TRUE,
        points = FALSE,
        assembly_p_and_o = vis_orbit_pos[1]);

CLEAR();

KEY(shade = continuous_shade,
    range = default_range,
    x = 0.02,
    y = 0.02);

GagarinSat_cfg2_v3.RANGE = "default_range";
GagarinSat_cfg2_v3.SHADE = "continuous_shade";
GagarinSat_cfg2_v3.NODES = FALSE;

ANNOTATE(string = "Thermal Node Attributes: Temperature",
         x = 0.02,
         y = 0.95);

DISPLAY(p_and_o = [0.0,0.0,0.0,0.0,0.0,0.0],
        time = vis_orbit_times[1],
        scale = 1.0,
        axes = TRUE,
        asm_axes = TRUE,
        points = FALSE,
        assembly_p_and_o = vis_orbit_pos[1]);

CLEAR();

KEY(shade = continuous_shade,
    range = default_range,
    x = 0.02,
    y = 0.02);

GagarinSat_cfg2_v3.RANGE = "default_range";
GagarinSat_cfg2_v3.SHADE = "continuous_shade";
GagarinSat_cfg2_v3.NODES = FALSE;

ANNOTATE(string = "Thermal Node Attributes: Temperature",
         x = 0.02,
         y = 0.95);

DISPLAY(p_and_o = [0.0,0.0,0.0,0.0,0.0,0.0],
        time = vis_orbit_times[1],
        scale = 1.0,
        axes = TRUE,
        asm_axes = TRUE,
        points = FALSE,
        assembly_p_and_o = vis_orbit_pos[1]);

CLEAR();

KEY(shade = continuous_shade,
    range = default_range,
    x = 0.02,
    y = 0.02);

GagarinSat_cfg2_v3.RANGE = "default_range";
GagarinSat_cfg2_v3.SHADE = "continuous_shade";
GagarinSat_cfg2_v3.NODES = FALSE;

ANNOTATE(string = "Thermal Node Attributes: Temperature",
         x = 0.02,
         y = 0.95);

DISPLAY(p_and_o = [0.0,0.0,0.0,0.0,0.0,0.0],
        time = vis_orbit_times[1],
        scale = 1.0,
        axes = TRUE,
        asm_axes = TRUE,
        points = FALSE,
        assembly_p_and_o = vis_orbit_pos[1]);

CLEAR();

KEY(shade = continuous_shade,
    range = default_range,
    x = 0.02,
    y = 0.02);

GagarinSat_cfg2_v3.RANGE = "default_range";
GagarinSat_cfg2_v3.SHADE = "continuous_shade";
GagarinSat_cfg2_v3.NODES = FALSE;

ANNOTATE(string = "Thermal Node Attributes: Temperature",
         x = 0.02,
         y = 0.95);

DISPLAY(p_and_o = [0.0,0.0,0.0,0.0,0.0,0.0],
        time = vis_orbit_times[1],
        scale = 1.0,
        axes = TRUE,
        asm_axes = TRUE,
        points = FALSE,
        assembly_p_and_o = vis_orbit_pos[1]);

CLEAR();

KEY(shade = continuous_shade,
    range = default_range,
    x = 0.02,
    y = 0.02);

GagarinSat_cfg2_v3.RANGE = "default_range";
GagarinSat_cfg2_v3.SHADE = "continuous_shade";
GagarinSat_cfg2_v3.NODES = FALSE;

ANNOTATE(string = "Thermal Node Attributes: Temperature",
         x = 0.02,
         y = 0.95);

DISPLAY(p_and_o = [0.0,0.0,0.0,0.0,0.0,0.0],
        time = vis_orbit_times[1],
        scale = 1.0,
        axes = TRUE,
        asm_axes = TRUE,
        points = FALSE,
        assembly_p_and_o = vis_orbit_pos[1]);

CLEAR();

KEY(shade = continuous_shade,
    range = default_range,
    x = 0.02,
    y = 0.02);

GagarinSat_cfg2_v3.RANGE = "default_range";
GagarinSat_cfg2_v3.SHADE = "continuous_shade";
GagarinSat_cfg2_v3.NODES = FALSE;

ANNOTATE(string = "Thermal Node Attributes: Temperature",
         x = 0.02,
         y = 0.95);

DISPLAY(p_and_o = [0.0,0.0,0.0,0.0,0.0,0.0],
        time = vis_orbit_times[1],
        scale = 1.0,
        axes = TRUE,
        asm_axes = TRUE,
        points = FALSE,
        assembly_p_and_o = vis_orbit_pos[1]);

CLEAR();

KEY(shade = continuous_shade,
    range = default_range,
    x = 0.02,
    y = 0.02);

GagarinSat_cfg2_v3.RANGE = "default_range";
GagarinSat_cfg2_v3.SHADE = "continuous_shade";
GagarinSat_cfg2_v3.NODES = FALSE;

ANNOTATE(string = "Thermal Node Attributes: Temperature",
         x = 0.02,
         y = 0.95);

DISPLAY(p_and_o = [0.0,0.0,0.0,0.0,0.0,0.0],
        time = vis_orbit_times[1],
        scale = 1.0,
        axes = TRUE,
        asm_axes = TRUE,
        points = FALSE,
        assembly_p_and_o = vis_orbit_pos[1]);

CLEAR();

KEY(shade = continuous_shade,
    range = default_range,
    x = 0.02,
    y = 0.02);

GagarinSat_cfg2_v3.RANGE = "default_range";
GagarinSat_cfg2_v3.SHADE = "continuous_shade";
GagarinSat_cfg2_v3.NODES = FALSE;

ANNOTATE(string = "Thermal Node Attributes: Temperature",
         x = 0.02,
         y = 0.95);

DISPLAY(p_and_o = [0.0,0.0,0.0,0.0,0.0,0.0],
        time = vis_orbit_times[1],
        scale = 1.0,
        axes = TRUE,
        asm_axes = TRUE,
        points = FALSE,
        assembly_p_and_o = vis_orbit_pos[1]);

CLEAR();

KEY(shade = continuous_shade,
    range = default_range,
    x = 0.02,
    y = 0.02);

GagarinSat_cfg2_v3.RANGE = "default_range";
GagarinSat_cfg2_v3.SHADE = "continuous_shade";
GagarinSat_cfg2_v3.NODES = FALSE;

ANNOTATE(string = "Thermal Node Attributes: Temperature",
         x = 0.02,
         y = 0.95);

DISPLAY(p_and_o = [0.0,0.0,0.0,0.0,0.0,0.0],
        time = vis_orbit_times[1],
        scale = 1.0,
        axes = TRUE,
        asm_axes = TRUE,
        points = FALSE,
        assembly_p_and_o = vis_orbit_pos[1]);

CLEAR();

KEY(shade = continuous_shade,
    range = default_range,
    x = 0.02,
    y = 0.02);

GagarinSat_cfg2_v3.RANGE = "default_range";
GagarinSat_cfg2_v3.SHADE = "continuous_shade";
GagarinSat_cfg2_v3.NODES = FALSE;

ANNOTATE(string = "Thermal Node Attributes: Temperature",
         x = 0.02,
         y = 0.95);

DISPLAY(p_and_o = [0.0,0.0,0.0,0.0,0.0,0.0],
        time = vis_orbit_times[1],
        scale = 1.0,
        axes = TRUE,
        asm_axes = TRUE,
        points = FALSE,
        assembly_p_and_o = vis_orbit_pos[1]);

CLEAR();

KEY(shade = continuous_shade,
    range = default_range,
    x = 0.02,
    y = 0.02);

GagarinSat_cfg2_v3.RANGE = "default_range";
GagarinSat_cfg2_v3.SHADE = "continuous_shade";
GagarinSat_cfg2_v3.NODES = FALSE;

ANNOTATE(string = "Thermal Node Attributes: Temperature",
         x = 0.02,
         y = 0.95);

DISPLAY(p_and_o = [0.0,0.0,0.0,0.0,0.0,0.0],
        time = vis_orbit_times[1],
        scale = 1.0,
        axes = TRUE,
        asm_axes = TRUE,
        points = FALSE,
        assembly_p_and_o = vis_orbit_pos[1]);

CLEAR();

KEY(shade = continuous_shade,
    range = default_range,
    x = 0.02,
    y = 0.02);

GagarinSat_cfg2_v3.RANGE = "default_range";
GagarinSat_cfg2_v3.SHADE = "continuous_shade";
GagarinSat_cfg2_v3.NODES = FALSE;

ANNOTATE(string = "Thermal Node Attributes: Temperature",
         x = 0.02,
         y = 0.95);

DISPLAY(p_and_o = [0.0,0.0,0.0,0.0,0.0,0.0],
        time = vis_orbit_times[1],
        scale = 1.0,
        axes = TRUE,
        asm_axes = TRUE,
        points = FALSE,
        assembly_p_and_o = vis_orbit_pos[1]);

CLEAR();

KEY(shade = continuous_shade,
    range = default_range,
    x = 0.02,
    y = 0.02);

GagarinSat_cfg2_v3.RANGE = "default_range";
GagarinSat_cfg2_v3.SHADE = "continuous_shade";
GagarinSat_cfg2_v3.NODES = FALSE;

ANNOTATE(string = "Thermal Node Attributes: Temperature",
         x = 0.02,
         y = 0.95);

DISPLAY(p_and_o = [0.0,0.0,0.0,0.0,0.0,0.0],
        time = vis_orbit_times[1],
        scale = 1.0,
        axes = TRUE,
        asm_axes = TRUE,
        points = FALSE,
        assembly_p_and_o = vis_orbit_pos[1]);

CLEAR();

KEY(shade = continuous_shade,
    range = default_range,
    x = 0.02,
    y = 0.02);

GagarinSat_cfg2_v3.RANGE = "default_range";
GagarinSat_cfg2_v3.SHADE = "continuous_shade";
GagarinSat_cfg2_v3.NODES = FALSE;

ANNOTATE(string = "Thermal Node Attributes: Temperature",
         x = 0.02,
         y = 0.95);

DISPLAY(p_and_o = [0.0,0.0,0.0,0.0,0.0,0.0],
        time = vis_orbit_times[1],
        scale = 1.0,
        axes = TRUE,
        asm_axes = TRUE,
        points = FALSE,
        assembly_p_and_o = vis_orbit_pos[1]);

CLEAR();

KEY(shade = continuous_shade,
    range = default_range,
    x = 0.02,
    y = 0.02);

GagarinSat_cfg2_v3.RANGE = "default_range";
GagarinSat_cfg2_v3.SHADE = "continuous_shade";
GagarinSat_cfg2_v3.NODES = FALSE;

ANNOTATE(string = "Thermal Node Attributes: Temperature",
         x = 0.02,
         y = 0.95);

DISPLAY(p_and_o = [0.0,0.0,0.0,0.0,0.0,0.0],
        time = vis_orbit_times[1],
        scale = 1.0,
        axes = TRUE,
        asm_axes = TRUE,
        points = FALSE,
        assembly_p_and_o = vis_orbit_pos[1]);

CLEAR();

KEY(shade = continuous_shade,
    range = default_range,
    x = 0.02,
    y = 0.02);

GagarinSat_cfg2_v3.RANGE = "default_range";
GagarinSat_cfg2_v3.SHADE = "continuous_shade";
GagarinSat_cfg2_v3.NODES = FALSE;

ANNOTATE(string = "Thermal Node Attributes: Temperature",
         x = 0.02,
         y = 0.95);

DISPLAY(p_and_o = [0.0,0.0,0.0,0.0,0.0,0.0],
        time = vis_orbit_times[1],
        scale = 1.0,
        axes = TRUE,
        asm_axes = TRUE,
        points = FALSE,
        assembly_p_and_o = vis_orbit_pos[1]);

CLEAR();

KEY(shade = continuous_shade,
    range = default_range,
    x = 0.02,
    y = 0.02);

GagarinSat_cfg2_v3.RANGE = "default_range";
GagarinSat_cfg2_v3.SHADE = "continuous_shade";
GagarinSat_cfg2_v3.NODES = FALSE;

ANNOTATE(string = "Thermal Node Attributes: Temperature",
         x = 0.02,
         y = 0.95);

DISPLAY(p_and_o = [0.0,0.0,0.0,0.0,0.0,0.0],
        time = vis_orbit_times[1],
        scale = 1.0,
        axes = TRUE,
        asm_axes = TRUE,
        points = FALSE,
        assembly_p_and_o = vis_orbit_pos[1]);

CLEAR();

KEY(shade = continuous_shade,
    range = default_range,
    x = 0.02,
    y = 0.02);

GagarinSat_cfg2_v3.RANGE = "default_range";
GagarinSat_cfg2_v3.SHADE = "continuous_shade";
GagarinSat_cfg2_v3.NODES = FALSE;

ANNOTATE(string = "Thermal Node Attributes: Temperature",
         x = 0.02,
         y = 0.95);

DISPLAY(p_and_o = [0.0,0.0,0.0,0.0,0.0,0.0],
        time = vis_orbit_times[1],
        scale = 1.0,
        axes = TRUE,
        asm_axes = TRUE,
        points = FALSE,
        assembly_p_and_o = vis_orbit_pos[1]);

CLEAR();

KEY(shade = continuous_shade,
    range = default_range,
    x = 0.02,
    y = 0.02);

GagarinSat_cfg2_v3.RANGE = "default_range";
GagarinSat_cfg2_v3.SHADE = "continuous_shade";
GagarinSat_cfg2_v3.NODES = FALSE;

ANNOTATE(string = "Thermal Node Attributes: Temperature",
         x = 0.02,
         y = 0.95);

DISPLAY(p_and_o = [0.0,0.0,0.0,0.0,0.0,0.0],
        time = vis_orbit_times[1],
        scale = 1.0,
        axes = TRUE,
        asm_axes = TRUE,
        points = FALSE,
        assembly_p_and_o = vis_orbit_pos[1]);

CLEAR();

KEY(shade = continuous_shade,
    range = default_range,
    x = 0.02,
    y = 0.02);

GagarinSat_cfg2_v3.RANGE = "default_range";
GagarinSat_cfg2_v3.SHADE = "continuous_shade";
GagarinSat_cfg2_v3.NODES = FALSE;

ANNOTATE(string = "Thermal Node Attributes: Temperature",
         x = 0.02,
         y = 0.95);

DISPLAY(p_and_o = [0.0,0.0,0.0,0.0,0.0,0.0],
        time = vis_orbit_times[1],
        scale = 1.0,
        axes = TRUE,
        asm_axes = TRUE,
        points = FALSE,
        assembly_p_and_o = vis_orbit_pos[1]);

CLEAR();

KEY(shade = continuous_shade,
    range = default_range,
    x = 0.02,
    y = 0.02);

GagarinSat_cfg2_v3.RANGE = "default_range";
GagarinSat_cfg2_v3.SHADE = "continuous_shade";
GagarinSat_cfg2_v3.NODES = FALSE;

ANNOTATE(string = "Thermal Node Attributes: Temperature",
         x = 0.02,
         y = 0.95);

DISPLAY(p_and_o = [0.0,0.0,0.0,0.0,0.0,0.0],
        time = vis_orbit_times[1],
        scale = 1.0,
        axes = TRUE,
        asm_axes = TRUE,
        points = FALSE,
        assembly_p_and_o = vis_orbit_pos[1]);

CLEAR();

KEY(shade = continuous_shade,
    range = default_range,
    x = 0.02,
    y = 0.02);

GagarinSat_cfg2_v3.RANGE = "default_range";
GagarinSat_cfg2_v3.SHADE = "continuous_shade";
GagarinSat_cfg2_v3.NODES = FALSE;

ANNOTATE(string = "Thermal Node Attributes: Temperature",
         x = 0.02,
         y = 0.95);

DISPLAY(p_and_o = [0.0,0.0,0.0,0.0,0.0,0.0],
        time = vis_orbit_times[1],
        scale = 1.0,
        axes = TRUE,
        asm_axes = TRUE,
        points = FALSE,
        assembly_p_and_o = vis_orbit_pos[1]);

CLEAR();

KEY(shade = continuous_shade,
    range = default_range,
    x = 0.02,
    y = 0.02);

GagarinSat_cfg2_v3.RANGE = "default_range";
GagarinSat_cfg2_v3.SHADE = "continuous_shade";
GagarinSat_cfg2_v3.NODES = FALSE;

ANNOTATE(string = "Thermal Node Attributes: Temperature",
         x = 0.02,
         y = 0.95);

DISPLAY(p_and_o = [0.0,0.0,0.0,0.0,0.0,0.0],
        time = vis_orbit_times[1],
        scale = 1.0,
        axes = TRUE,
        asm_axes = TRUE,
        points = FALSE,
        assembly_p_and_o = vis_orbit_pos[1]);

CLEAR();

KEY(shade = continuous_shade,
    range = default_range,
    x = 0.02,
    y = 0.02);

GagarinSat_cfg2_v3.RANGE = "default_range";
GagarinSat_cfg2_v3.SHADE = "continuous_shade";
GagarinSat_cfg2_v3.NODES = FALSE;

ANNOTATE(string = "Thermal Node Attributes: Temperature",
         x = 0.02,
         y = 0.95);

DISPLAY(p_and_o = [0.0,0.0,0.0,0.0,0.0,0.0],
        time = vis_orbit_times[1],
        scale = 1.0,
        axes = TRUE,
        asm_axes = TRUE,
        points = FALSE,
        assembly_p_and_o = vis_orbit_pos[1]);

CLEAR();

KEY(shade = continuous_shade,
    range = default_range,
    x = 0.02,
    y = 0.02);

GagarinSat_cfg2_v3.RANGE = "default_range";
GagarinSat_cfg2_v3.SHADE = "continuous_shade";
GagarinSat_cfg2_v3.NODES = FALSE;

ANNOTATE(string = "Thermal Node Attributes: Temperature",
         x = 0.02,
         y = 0.95);

DISPLAY(p_and_o = [0.0,0.0,0.0,0.0,0.0,0.0],
        time = vis_orbit_times[1],
        scale = 1.0,
        axes = TRUE,
        asm_axes = TRUE,
        points = FALSE,
        assembly_p_and_o = vis_orbit_pos[1]);

CLEAR();

KEY(shade = continuous_shade,
    range = default_range,
    x = 0.02,
    y = 0.02);

GagarinSat_cfg2_v3.RANGE = "default_range";
GagarinSat_cfg2_v3.SHADE = "continuous_shade";
GagarinSat_cfg2_v3.NODES = FALSE;

ANNOTATE(string = "Thermal Node Attributes: Temperature",
         x = 0.02,
         y = 0.95);

DISPLAY(p_and_o = [0.0,0.0,0.0,0.0,0.0,0.0],
        time = vis_orbit_times[1],
        scale = 1.0,
        axes = TRUE,
        asm_axes = TRUE,
        points = FALSE,
        assembly_p_and_o = vis_orbit_pos[1]);

LOAD_EXTERNAL_RESULTS (
   type = "TMD",
   file = "C:\ESATAN-TMS\ESATAN-TMS-Models\ESATAN-TMS_Models\GagarinSat_cfg2_v3\esatan\Case_01\GAGARINSAT_CFG2_V3_CASE_.TMD");
RADIATIVE_PRE_PROCESS_OVERLAY(source = "GEOMETRY",
                              display = "MODEL_ONLY");
CLEAR();

GagarinSat_cfg2_v3.NODES = FALSE;

ANNOTATE(string = "Colour",
         x = 0.02,
         y = 0.95);

DISPLAY(p_and_o = [0.0,0.0,0.0,0.0,0.0,0.0],
        scale = 1.0,
        axes = TRUE,
        asm_axes = TRUE,
        points = FALSE);

THERMAL_POST_PROCESS_OVERLAY(
    record_type= "Thermal_Node",
    start_time = 0.0,
    end_time = 6059.29,
    cycle = 1,
    radiative_case = Rad_Case_01,
    analysis_case = Case_01,
    fixed_scale = FALSE,
    attribute = "Temperature",
     planet_scale = 0.703,
     model_scale = 0.713,
     draw_periapsis = TRUE,
     draw_asc_node = TRUE
);
DEFINE_RANGE(
    range = default_range,
    min = -31.83938973465416,
    max = 137.24086381903808,
    type = "LINEAR"
);

CLEAR();

KEY(shade = continuous_shade,
    range = default_range,
    x = 0.02,
    y = 0.02);

GagarinSat_cfg2_v3.RANGE = "default_range";
GagarinSat_cfg2_v3.SHADE = "continuous_shade";
GagarinSat_cfg2_v3.NODES = FALSE;

ANNOTATE(string = "Thermal Node Attributes: Temperature",
         x = 0.02,
         y = 0.95);

DRAW_ORBIT(analysis_case = Case_01);
DRAW_PERIAPSIS(orbit = Rad_Case_01.ORBIT);
DRAW_ASCENDING_NODE(orbit = Rad_Case_01.ORBIT);
vis_orbit_index = 1;
vis_orbit_index = 1;
DRAW_PLANET(radiative_case = Rad_Case_01,
            time = vis_orbit_times[1],
            scale = 0.703,
            range = default_range,
            shade = continuous_shade
);
FOR (vis_orbit_index = 1;
    vis_orbit_index <= 11;
    vis_orbit_index = EVAL(vis_orbit_index + 1))
DISPLAY(p_and_o = vis_orbit_pos[vis_orbit_index],
        time = vis_orbit_times[vis_orbit_index],
        scale = 0.713 * (Rad_Case_01.ORBIT.ALT_A + R_PLANET),
        axes = TRUE,
        asm_axes = TRUE,
        points = FALSE);

END_FOR
THERMAL_POST_PROCESS_OVERLAY(
    record_type = "Thermal_Node",
    time_step = 3029.64,
    fixed_scale = FALSE,
    attribute = "Temperature",
    radiative_case = Rad_Case_01
);
DEFINE_RANGE(
    range = default_range,
    min = -16.20580555190604,
    max = 132.76306336480562,
    type = "LINEAR"
);

CLEAR();

KEY(shade = continuous_shade,
    range = default_range,
    x = 0.02,
    y = 0.02);

GagarinSat_cfg2_v3.RANGE = "default_range";
GagarinSat_cfg2_v3.SHADE = "continuous_shade";
GagarinSat_cfg2_v3.NODES = FALSE;

ANNOTATE(string = "Thermal Node Attributes: Temperature",
         x = 0.02,
         y = 0.95);

DISPLAY(p_and_o = [0.0,0.0,0.0,0.0,0.0,0.0],
        time = vis_orbit_times[1],
        scale = 1.0,
        axes = TRUE,
        asm_axes = TRUE,
        points = FALSE,
        assembly_p_and_o = vis_orbit_pos[1]);

RESET_VIEW();

CLEAR();

KEY(shade = continuous_shade,
    range = default_range,
    x = 0.02,
    y = 0.02);

GagarinSat_cfg2_v3.RANGE = "default_range";
GagarinSat_cfg2_v3.SHADE = "continuous_shade";
GagarinSat_cfg2_v3.NODES = FALSE;

ANNOTATE(string = "Thermal Node Attributes: Temperature",
         x = 0.02,
         y = 0.95);

DISPLAY(p_and_o = [0.0,0.0,0.0,0.0,0.0,0.0],
        time = vis_orbit_times[1],
        scale = 1.0,
        axes = TRUE,
        asm_axes = TRUE,
        points = FALSE,
        assembly_p_and_o = vis_orbit_pos[1]);

CLEAR();

KEY(shade = continuous_shade,
    range = default_range,
    x = 0.02,
    y = 0.02);

GagarinSat_cfg2_v3.RANGE = "default_range";
GagarinSat_cfg2_v3.SHADE = "continuous_shade";
GagarinSat_cfg2_v3.NODES = FALSE;

ANNOTATE(string = "Thermal Node Attributes: Temperature",
         x = 0.02,
         y = 0.95);

DISPLAY(p_and_o = [0.0,0.0,0.0,0.0,0.0,0.0],
        time = vis_orbit_times[1],
        scale = 1.0,
        axes = TRUE,
        asm_axes = TRUE,
        points = FALSE,
        assembly_p_and_o = vis_orbit_pos[1]);

CLEAR();

KEY(shade = continuous_shade,
    range = default_range,
    x = 0.02,
    y = 0.02);

GagarinSat_cfg2_v3.RANGE = "default_range";
GagarinSat_cfg2_v3.SHADE = "continuous_shade";
GagarinSat_cfg2_v3.NODES = FALSE;

ANNOTATE(string = "Thermal Node Attributes: Temperature",
         x = 0.02,
         y = 0.95);

DISPLAY(p_and_o = [0.0,0.0,0.0,0.0,0.0,0.0],
        time = vis_orbit_times[1],
        scale = 1.0,
        axes = TRUE,
        asm_axes = TRUE,
        points = FALSE,
        assembly_p_and_o = vis_orbit_pos[1]);

CLEAR();

KEY(shade = continuous_shade,
    range = default_range,
    x = 0.02,
    y = 0.02);

GagarinSat_cfg2_v3.RANGE = "default_range";
GagarinSat_cfg2_v3.SHADE = "continuous_shade";
GagarinSat_cfg2_v3.NODES = FALSE;

ANNOTATE(string = "Thermal Node Attributes: Temperature",
         x = 0.02,
         y = 0.95);

DISPLAY(p_and_o = [0.0,0.0,0.0,0.0,0.0,0.0],
        time = vis_orbit_times[1],
        scale = 1.0,
        axes = TRUE,
        asm_axes = TRUE,
        points = FALSE,
        assembly_p_and_o = vis_orbit_pos[1]);

CLEAR();

KEY(shade = continuous_shade,
    range = default_range,
    x = 0.02,
    y = 0.02);

GagarinSat_cfg2_v3.RANGE = "default_range";
GagarinSat_cfg2_v3.SHADE = "continuous_shade";
GagarinSat_cfg2_v3.NODES = FALSE;

ANNOTATE(string = "Thermal Node Attributes: Temperature",
         x = 0.02,
         y = 0.95);

DISPLAY(p_and_o = [0.0,0.0,0.0,0.0,0.0,0.0],
        time = vis_orbit_times[1],
        scale = 1.0,
        axes = TRUE,
        asm_axes = TRUE,
        points = FALSE,
        assembly_p_and_o = vis_orbit_pos[1]);

CLEAR();

KEY(shade = continuous_shade,
    range = default_range,
    x = 0.02,
    y = 0.02);

GagarinSat_cfg2_v3.RANGE = "default_range";
GagarinSat_cfg2_v3.SHADE = "continuous_shade";
GagarinSat_cfg2_v3.NODES = FALSE;

ANNOTATE(string = "Thermal Node Attributes: Temperature",
         x = 0.02,
         y = 0.95);

DISPLAY(p_and_o = [0.0,0.0,0.0,0.0,0.0,0.0],
        time = vis_orbit_times[1],
        scale = 1.0,
        axes = TRUE,
        asm_axes = TRUE,
        points = FALSE,
        assembly_p_and_o = vis_orbit_pos[1]);

CLEAR();

KEY(shade = continuous_shade,
    range = default_range,
    x = 0.02,
    y = 0.02);

GagarinSat_cfg2_v3.RANGE = "default_range";
GagarinSat_cfg2_v3.SHADE = "continuous_shade";
GagarinSat_cfg2_v3.NODES = FALSE;

ANNOTATE(string = "Thermal Node Attributes: Temperature",
         x = 0.02,
         y = 0.95);

DISPLAY(p_and_o = [0.0,0.0,0.0,0.0,0.0,0.0],
        time = vis_orbit_times[1],
        scale = 1.0,
        axes = TRUE,
        asm_axes = TRUE,
        points = FALSE,
        assembly_p_and_o = vis_orbit_pos[1]);

CLEAR();

KEY(shade = continuous_shade,
    range = default_range,
    x = 0.02,
    y = 0.02);

GagarinSat_cfg2_v3.RANGE = "default_range";
GagarinSat_cfg2_v3.SHADE = "continuous_shade";
GagarinSat_cfg2_v3.NODES = FALSE;

ANNOTATE(string = "Thermal Node Attributes: Temperature",
         x = 0.02,
         y = 0.95);

DISPLAY(p_and_o = [0.0,0.0,0.0,0.0,0.0,0.0],
        time = vis_orbit_times[1],
        scale = 1.0,
        axes = TRUE,
        asm_axes = TRUE,
        points = FALSE,
        assembly_p_and_o = vis_orbit_pos[1]);

CLEAR();

KEY(shade = continuous_shade,
    range = default_range,
    x = 0.02,
    y = 0.02);

GagarinSat_cfg2_v3.RANGE = "default_range";
GagarinSat_cfg2_v3.SHADE = "continuous_shade";
GagarinSat_cfg2_v3.NODES = FALSE;

ANNOTATE(string = "Thermal Node Attributes: Temperature",
         x = 0.02,
         y = 0.95);

DISPLAY(p_and_o = [0.0,0.0,0.0,0.0,0.0,0.0],
        time = vis_orbit_times[1],
        scale = 1.0,
        axes = TRUE,
        asm_axes = TRUE,
        points = FALSE,
        assembly_p_and_o = vis_orbit_pos[1]);

LOAD_EXTERNAL_RESULTS (
   type = "TMD",
   file = "C:\ESATAN-TMS\ESATAN-TMS-Models\ESATAN-TMS_Models\GagarinSat_cfg2_v3\esatan\Case_01\GAGARINSAT_CFG2_V3_CASE_.TMD");
RADIATIVE_PRE_PROCESS_OVERLAY(source = "GEOMETRY",
                              display = "MODEL_ONLY");
CLEAR();

GagarinSat_cfg2_v3.NODES = FALSE;

ANNOTATE(string = "Colour",
         x = 0.02,
         y = 0.95);

DISPLAY(p_and_o = [0.0,0.0,0.0,0.0,0.0,0.0],
        scale = 1.0,
        axes = TRUE,
        asm_axes = TRUE,
        points = FALSE);

THERMAL_POST_PROCESS_OVERLAY(
    record_type= "Thermal_Node",
    start_time = 0.0,
    end_time = 6059.29,
    cycle = 1,
    radiative_case = Rad_Case_01,
    analysis_case = Case_01,
    fixed_scale = FALSE,
    attribute = "Temperature",
     planet_scale = 0.703,
     model_scale = 0.713,
     draw_periapsis = TRUE,
     draw_asc_node = TRUE
);
DEFINE_RANGE(
    range = default_range,
    min = -48.26839723155302,
    max = 136.50159217866724,
    type = "LINEAR"
);

CLEAR();

KEY(shade = continuous_shade,
    range = default_range,
    x = 0.02,
    y = 0.02);

GagarinSat_cfg2_v3.RANGE = "default_range";
GagarinSat_cfg2_v3.SHADE = "continuous_shade";
GagarinSat_cfg2_v3.NODES = FALSE;

ANNOTATE(string = "Thermal Node Attributes: Temperature",
         x = 0.02,
         y = 0.95);

DRAW_ORBIT(analysis_case = Case_01);
DRAW_PERIAPSIS(orbit = Rad_Case_01.ORBIT);
DRAW_ASCENDING_NODE(orbit = Rad_Case_01.ORBIT);
vis_orbit_index = 1;
vis_orbit_index = 1;
DRAW_PLANET(radiative_case = Rad_Case_01,
            time = vis_orbit_times[1],
            scale = 0.703,
            range = default_range,
            shade = continuous_shade
);
FOR (vis_orbit_index = 1;
    vis_orbit_index <= 11;
    vis_orbit_index = EVAL(vis_orbit_index + 1))
DISPLAY(p_and_o = vis_orbit_pos[vis_orbit_index],
        time = vis_orbit_times[vis_orbit_index],
        scale = 0.713 * (Rad_Case_01.ORBIT.ALT_A + R_PLANET),
        axes = TRUE,
        asm_axes = TRUE,
        points = FALSE);

END_FOR
CLEAR();

KEY(shade = continuous_shade,
    range = default_range,
    x = 0.02,
    y = 0.02);

GagarinSat_cfg2_v3.RANGE = "default_range";
GagarinSat_cfg2_v3.SHADE = "continuous_shade";
GagarinSat_cfg2_v3.NODES = FALSE;

ANNOTATE(string = "Thermal Node Attributes: Temperature",
         x = 0.02,
         y = 0.95);

DRAW_ORBIT(analysis_case = Case_01);
DRAW_PERIAPSIS(orbit = Rad_Case_01.ORBIT);
DRAW_ASCENDING_NODE(orbit = Rad_Case_01.ORBIT);
vis_orbit_index = 1;
vis_orbit_index = 1;
DRAW_PLANET(radiative_case = Rad_Case_01,
            time = vis_orbit_times[1],
            scale = 0.703,
            range = default_range,
            shade = continuous_shade
);
FOR (vis_orbit_index = 1;
    vis_orbit_index <= 11;
    vis_orbit_index = EVAL(vis_orbit_index + 1))
DISPLAY(p_and_o = vis_orbit_pos[vis_orbit_index],
        time = vis_orbit_times[vis_orbit_index],
        scale = 0.713 * (Rad_Case_01.ORBIT.ALT_A + R_PLANET),
        axes = TRUE,
        asm_axes = TRUE,
        points = FALSE);

END_FOR
CLEAR();

KEY(shade = continuous_shade,
    range = default_range,
    x = 0.02,
    y = 0.02);

GagarinSat_cfg2_v3.RANGE = "default_range";
GagarinSat_cfg2_v3.SHADE = "continuous_shade";
GagarinSat_cfg2_v3.NODES = FALSE;

ANNOTATE(string = "Thermal Node Attributes: Temperature",
         x = 0.02,
         y = 0.95);

DRAW_ORBIT(analysis_case = Case_01);
DRAW_PERIAPSIS(orbit = Rad_Case_01.ORBIT);
DRAW_ASCENDING_NODE(orbit = Rad_Case_01.ORBIT);
vis_orbit_index = 1;
vis_orbit_index = 1;
DRAW_PLANET(radiative_case = Rad_Case_01,
            time = vis_orbit_times[1],
            scale = 0.703,
            range = default_range,
            shade = continuous_shade
);
FOR (vis_orbit_index = 1;
    vis_orbit_index <= 11;
    vis_orbit_index = EVAL(vis_orbit_index + 1))
DISPLAY(p_and_o = vis_orbit_pos[vis_orbit_index],
        time = vis_orbit_times[vis_orbit_index],
        scale = 0.713 * (Rad_Case_01.ORBIT.ALT_A + R_PLANET),
        axes = TRUE,
        asm_axes = TRUE,
        points = FALSE);

END_FOR
CLEAR();

KEY(shade = continuous_shade,
    range = default_range,
    x = 0.02,
    y = 0.02);

GagarinSat_cfg2_v3.RANGE = "default_range";
GagarinSat_cfg2_v3.SHADE = "continuous_shade";
GagarinSat_cfg2_v3.NODES = FALSE;

ANNOTATE(string = "Thermal Node Attributes: Temperature",
         x = 0.02,
         y = 0.95);

DRAW_ORBIT(analysis_case = Case_01);
DRAW_PERIAPSIS(orbit = Rad_Case_01.ORBIT);
DRAW_ASCENDING_NODE(orbit = Rad_Case_01.ORBIT);
vis_orbit_index = 1;
vis_orbit_index = 1;
DRAW_PLANET(radiative_case = Rad_Case_01,
            time = vis_orbit_times[1],
            scale = 0.703,
            range = default_range,
            shade = continuous_shade
);
FOR (vis_orbit_index = 1;
    vis_orbit_index <= 11;
    vis_orbit_index = EVAL(vis_orbit_index + 1))
DISPLAY(p_and_o = vis_orbit_pos[vis_orbit_index],
        time = vis_orbit_times[vis_orbit_index],
        scale = 0.713 * (Rad_Case_01.ORBIT.ALT_A + R_PLANET),
        axes = TRUE,
        asm_axes = TRUE,
        points = FALSE);

END_FOR
CLEAR();

KEY(shade = continuous_shade,
    range = default_range,
    x = 0.02,
    y = 0.02);

GagarinSat_cfg2_v3.RANGE = "default_range";
GagarinSat_cfg2_v3.SHADE = "continuous_shade";
GagarinSat_cfg2_v3.NODES = FALSE;

ANNOTATE(string = "Thermal Node Attributes: Temperature",
         x = 0.02,
         y = 0.95);

DRAW_ORBIT(analysis_case = Case_01);
DRAW_PERIAPSIS(orbit = Rad_Case_01.ORBIT);
DRAW_ASCENDING_NODE(orbit = Rad_Case_01.ORBIT);
vis_orbit_index = 1;
vis_orbit_index = 1;
DRAW_PLANET(radiative_case = Rad_Case_01,
            time = vis_orbit_times[1],
            scale = 0.703,
            range = default_range,
            shade = continuous_shade
);
FOR (vis_orbit_index = 1;
    vis_orbit_index <= 11;
    vis_orbit_index = EVAL(vis_orbit_index + 1))
DISPLAY(p_and_o = vis_orbit_pos[vis_orbit_index],
        time = vis_orbit_times[vis_orbit_index],
        scale = 0.713 * (Rad_Case_01.ORBIT.ALT_A + R_PLANET),
        axes = TRUE,
        asm_axes = TRUE,
        points = FALSE);

END_FOR
THERMAL_POST_PROCESS_OVERLAY(
    record_type = "Thermal_Node",
    time_step = 0.0,
    fixed_scale = FALSE,
    attribute = "Temperature",
    radiative_case = Rad_Case_01
);
DEFINE_RANGE(
    range = default_range,
    min = -46.97552366046392,
    max = 18.44375522618564,
    type = "LINEAR"
);

CLEAR();

KEY(shade = continuous_shade,
    range = default_range,
    x = 0.02,
    y = 0.02);

GagarinSat_cfg2_v3.RANGE = "default_range";
GagarinSat_cfg2_v3.SHADE = "continuous_shade";
GagarinSat_cfg2_v3.NODES = FALSE;

ANNOTATE(string = "Thermal Node Attributes: Temperature",
         x = 0.02,
         y = 0.95);

DISPLAY(p_and_o = [0.0,0.0,0.0,0.0,0.0,0.0],
        time = vis_orbit_times[1],
        scale = 1.0,
        axes = TRUE,
        asm_axes = TRUE,
        points = FALSE,
        assembly_p_and_o = vis_orbit_pos[1]);

RESET_VIEW();

THERMAL_POST_PROCESS_OVERLAY(
    record_type = "Thermal_Node",
    time_step = 2423.71,
    fixed_scale = FALSE,
    attribute = "Temperature",
    radiative_case = Rad_Case_01
);
DEFINE_RANGE(
    range = default_range,
    min = -47.38209089765918,
    max = 124.5965218376857,
    type = "LINEAR"
);

CLEAR();

KEY(shade = continuous_shade,
    range = default_range,
    x = 0.02,
    y = 0.02);

GagarinSat_cfg2_v3.RANGE = "default_range";
GagarinSat_cfg2_v3.SHADE = "continuous_shade";
GagarinSat_cfg2_v3.NODES = FALSE;

ANNOTATE(string = "Thermal Node Attributes: Temperature",
         x = 0.02,
         y = 0.95);

DISPLAY(p_and_o = [0.0,0.0,0.0,0.0,0.0,0.0],
        time = vis_orbit_times[1],
        scale = 1.0,
        axes = TRUE,
        asm_axes = TRUE,
        points = FALSE,
        assembly_p_and_o = vis_orbit_pos[1]);

DEFINE_RANGE(
    range = default_range,
    min = -47.38209089765918,
    max = 47.32633488592019,
    type = "LINEAR"
);

CLEAR();

KEY(shade = continuous_shade,
    range = default_range,
    x = 0.02,
    y = 0.02);

GagarinSat_cfg2_v3.RANGE = "default_range";
GagarinSat_cfg2_v3.SHADE = "continuous_shade";
GagarinSat_cfg2_v3.NODES = FALSE;

ANNOTATE(string = "Thermal Node Attributes: Temperature",
         x = 0.02,
         y = 0.95);

DISPLAY(p_and_o = [0.0,0.0,0.0,0.0,0.0,0.0],
        time = vis_orbit_times[1],
        scale = 1.0,
        axes = TRUE,
        asm_axes = TRUE,
        points = FALSE,
        assembly_p_and_o = vis_orbit_pos[1]);

CLEAR();

KEY(shade = continuous_shade,
    range = default_range,
    x = 0.02,
    y = 0.02);

GagarinSat_cfg2_v3.RANGE = "default_range";
GagarinSat_cfg2_v3.SHADE = "continuous_shade";
GagarinSat_cfg2_v3.NODES = FALSE;

ANNOTATE(string = "Thermal Node Attributes: Temperature",
         x = 0.02,
         y = 0.95);

DISPLAY(p_and_o = [0.0,0.0,0.0,0.0,0.0,0.0],
        time = vis_orbit_times[1],
        scale = 1.0,
        axes = TRUE,
        asm_axes = TRUE,
        points = FALSE,
        assembly_p_and_o = vis_orbit_pos[1]);

THERMAL_PRE_PROCESS_OVERLAY(
result_type = "CONDUCTIVE_INTERFACE");
DEFINE_RANGE(
    range = default_range,
    min = 0.0,
    max = 0.0,
    type = "LINEAR"
);

DEFINE_RANGE(
    range = default_range,
    min = 0.0,
    max = 0.0,
    type = "LINEAR"
);

CLEAR();

KEY(shade = conductive_interface_shade,
    discrete = "conductiveinterface[1]",
    x = 0.02,
    y = 0.02);

GagarinSat_cfg2_v3.DISCRETE = "conductiveinterface[1]";
GagarinSat_cfg2_v3.SHADE = "conductive_interface_shade";
GagarinSat_cfg2_v3.NODES = FALSE;

ANNOTATE(string = "Conductive Interfaces",
         x = 0.02,
         y = 0.95);

DISPLAY(p_and_o = [0.0,0.0,0.0,0.0,0.0,0.0],
        scale = 1.0,
        axes = TRUE,
        asm_axes = TRUE,
        points = FALSE);

CLEAR();

KEY(shade = conductive_interface_shade,
    discrete = "conductiveinterface[1]",
    x = 0.02,
    y = 0.02);

GagarinSat_cfg2_v3.DISCRETE = "conductiveinterface[1]";
GagarinSat_cfg2_v3.SHADE = "conductive_interface_shade";
GagarinSat_cfg2_v3.NODES = FALSE;

ANNOTATE(string = "Conductive Interfaces",
         x = 0.02,
         y = 0.95);

DISPLAY(p_and_o = [0.0,0.0,0.0,0.0,0.0,0.0],
        scale = 1.0,
        axes = TRUE,
        asm_axes = TRUE,
        points = FALSE);

CLEAR();

KEY(shade = conductive_interface_shade,
    discrete = "conductiveinterface[1]",
    x = 0.02,
    y = 0.02);

GagarinSat_cfg2_v3.DISCRETE = "conductiveinterface[1]";
GagarinSat_cfg2_v3.SHADE = "conductive_interface_shade";
GagarinSat_cfg2_v3.NODES = FALSE;

ANNOTATE(string = "Conductive Interfaces",
         x = 0.02,
         y = 0.95);

DISPLAY(p_and_o = [0.0,0.0,0.0,0.0,0.0,0.0],
        scale = 1.0,
        axes = TRUE,
        asm_axes = TRUE,
        points = FALSE);

CLEAR();

KEY(shade = conductive_interface_shade,
    discrete = "conductiveinterface[1]",
    x = 0.02,
    y = 0.02);

GagarinSat_cfg2_v3.DISCRETE = "conductiveinterface[1]";
GagarinSat_cfg2_v3.SHADE = "conductive_interface_shade";
GagarinSat_cfg2_v3.NODES = FALSE;

ANNOTATE(string = "Conductive Interfaces",
         x = 0.02,
         y = 0.95);

DISPLAY(p_and_o = [0.0,0.0,0.0,0.0,0.0,0.0],
        scale = 1.0,
        axes = TRUE,
        asm_axes = TRUE,
        points = FALSE);

CLEAR();

KEY(shade = conductive_interface_shade,
    discrete = "conductiveinterface[1]",
    x = 0.02,
    y = 0.02);

GagarinSat_cfg2_v3.DISCRETE = "conductiveinterface[1]";
GagarinSat_cfg2_v3.SHADE = "conductive_interface_shade";
GagarinSat_cfg2_v3.NODES = FALSE;

ANNOTATE(string = "Conductive Interfaces",
         x = 0.02,
         y = 0.95);

DISPLAY(p_and_o = [0.0,0.0,0.0,0.0,0.0,0.0],
        scale = 1.0,
        axes = TRUE,
        asm_axes = TRUE,
        points = FALSE);

THERMAL_POST_PROCESS_OVERLAY(
    record_type = "Thermal_Node",
    time_step = 2423.71,
    fixed_scale = FALSE,
    attribute = "Temperature",
    radiative_case = Rad_Case_01
);
DEFINE_RANGE(
    range = default_range,
    min = -47.38209089765918,
    max = 47.32633488592019,
    type = "LINEAR"
);

CLEAR();

KEY(shade = continuous_shade,
    range = default_range,
    x = 0.02,
    y = 0.02);

GagarinSat_cfg2_v3.RANGE = "default_range";
GagarinSat_cfg2_v3.SHADE = "continuous_shade";
GagarinSat_cfg2_v3.NODES = FALSE;

ANNOTATE(string = "Thermal Node Attributes: Temperature",
         x = 0.02,
         y = 0.95);

DISPLAY(p_and_o = [0.0,0.0,0.0,0.0,0.0,0.0],
        time = vis_orbit_times[1],
        scale = 1.0,
        axes = TRUE,
        asm_axes = TRUE,
        points = FALSE,
        assembly_p_and_o = vis_orbit_pos[1]);

THERMAL_POST_PROCESS_OVERLAY(
    record_type = "Thermal_Node",
    time_step = 5453.36,
    fixed_scale = FALSE,
    attribute = "Temperature",
    radiative_case = Rad_Case_01
);
DEFINE_RANGE(
    range = default_range,
    min = -46.05630584317436,
    max = 21.885587705133883,
    type = "LINEAR"
);

CLEAR();

KEY(shade = continuous_shade,
    range = default_range,
    x = 0.02,
    y = 0.02);

GagarinSat_cfg2_v3.RANGE = "default_range";
GagarinSat_cfg2_v3.SHADE = "continuous_shade";
GagarinSat_cfg2_v3.NODES = FALSE;

ANNOTATE(string = "Thermal Node Attributes: Temperature",
         x = 0.02,
         y = 0.95);

DISPLAY(p_and_o = [0.0,0.0,0.0,0.0,0.0,0.0],
        time = vis_orbit_times[1],
        scale = 1.0,
        axes = TRUE,
        asm_axes = TRUE,
        points = FALSE,
        assembly_p_and_o = vis_orbit_pos[1]);

