/* ESATAN-TMS version 2020, run date 22:58 Sun 9 May 2021 */
BEGIN_MODEL GagarinSat_cfg2_v3 WORKBENCH_V1
OPTICAL Al_7075_Polished;
DEFINE_OPTICAL(optical = Al_7075_Polished,
               description = "Polished Al 7075 finish properties",
               ir_emiss = 0.1,
               ir_transm = 0.0,
               solar_absorb = 0.5,
               solar_transm = 0.0,
               ir_spec_refl = 0.0,
               solar_spec_refl = 0.0);

IR_TEL_OBJ = SHELL_SCS_CYLINDER(
    radius = 0.08,
    hmax = 0.225,
    hmin = 0.0,
    angmin = 0.0,
    angmax = 360.0,
    sense = -1,
    colour1 = "ABSINTH",
    colour2 = "ABSINTH",
    side1 = "Active",
    nbase1 = 43000,
    ndelta1_1 = 1,
    side2 = "Active",
    nbase2 = 43000,
    ndelta2_1 = 1,
    label1 = "IR_TEL_OBJ",
    label2 = "IR_TEL_OBJ",
    opt1 = Al_7075_Polished,
    opt2 = Al_7075_Polished,
    criticality1 = "NORMAL",
    criticality2 = "NORMAL",
    bulk = CFRP,
    thick = 2.0e-03,
    meshType1 = "regular",
    nodes1 = 2,
    meshType2 = "regular",
    nodes2 = 1,
    analysis_type = "Lumped Parameter");

IR_TEL_OBJ = TRANSLATE(
    object_name = IR_TEL_OBJ,
    z_dist = 0.1,
    clear = TRUE);
Electronic_Box = SHELL_SCS_BOX(
    height = 0.04,
    xmax = 0.15,
    ymax = 0.15,
    xmin = 0.0,
    ymin = 0.0,
    sense = -1,
    side1 = "Active",
    nbase1 = 30000,
    ndelta1_1 = 1,
    side2 = "Active",
    nbase2 = 30000,
    ndelta2_1 = 1,
    label1 = "INS_EB",
    label2 = "INS_EB",
    opt1 = Black_paint,
    opt2 = Black_paint,
    criticality1 = "NORMAL",
    criticality2 = "NORMAL",
    bulk = Al_2219,
    thick = 2.0e-03,
    meshType1 = "regular",
    nodes1 = 2,
    meshType2 = "regular",
    nodes2 = 2,
    meshType3 = "regular",
    nodes3 = 1,
    analysis_type = "Lumped Parameter");

Electronic_Box = TRANSLATE(
    object_name = Electronic_Box,
    x_dist = -0.075,
    y_dist = -0.075,
    z_dist = 0.476,
    clear = TRUE);
Panels = SHELL_SCS_BOX(
    height = 0.25,
    xmax = 0.4,
    ymax = 0.3,
    xmin = 0.0,
    ymin = 0.0,
    sense = -1,
    colour1 = "METAL_GREY",
    colour2 = "METAL_GREY",
    side1 = "Active",
    nbase1 = 10000,
    ndelta1_1 = 1,
    side2 = "Active",
    nbase2 = 10000,
    ndelta2_1 = 1,
    label1 = "BODY_PANEL",
    label2 = "BODY_PANEL",
    opt1 = Al_anodized_blck,
    opt2 = Al_anodized_blck,
    criticality1 = "NORMAL",
    criticality2 = "NORMAL",
    bulk = Al_6061,
    thick = 2.0e-03,
    meshType1 = "regular",
    nodes1 = 2,
    meshType2 = "regular",
    nodes2 = 2,
    meshType3 = "regular",
    nodes3 = 2,
    analysis_type = "Lumped Parameter");

Panels = TRANSLATE(
    object_name = Panels,
    x_dist = -0.2,
    y_dist = -0.15,
    z_dist = 0.3501,
    clear = TRUE);
IR_TEL_STR = SHELL_SCS_CYLINDER(
    radius = 0.125,
    hmax = 0.35,
    hmin = 0.0,
    angmin = 0.0,
    angmax = 360.0,
    sense = -1,
    colour1 = "PALE_BLUE",
    colour2 = "PALE_BLUE",
    side1 = "Active",
    nbase1 = 40000,
    ndelta1_1 = 1,
    side2 = "Active",
    nbase2 = 40000,
    ndelta2_1 = 1,
    label1 = "IR_TEL_STR_ext",
    label2 = "IR_TEL_STR_ext",
    opt1 = Al_anodized_blck,
    opt2 = Al_anodized_blck,
    criticality1 = "NORMAL",
    criticality2 = "NORMAL",
    bulk = Al_6061,
    thick = 1.0e-03,
    meshType1 = "regular",
    nodes1 = 2,
    meshType2 = "regular",
    nodes2 = 1,
    analysis_type = "Lumped Parameter");

IR_TEL_STR = TRANSLATE(
    object_name = IR_TEL_STR,
    clear = TRUE);
IR_TEL_STR_2 = SHELL_SCS_DISC(
    rmax = 0.125,
    rmin = 0.1,
    height = 0.0,
    angmin = 0.0,
    angmax = 360.0,
    sense = -1,
    colour1 = "PALE_BLUE",
    colour2 = "PALE_BLUE",
    side1 = "Active",
    nbase1 = 45000,
    ndelta1_1 = 1,
    side2 = "Active",
    nbase2 = 45000,
    ndelta2_1 = 1,
    label1 = "IR_TEL_STR_2",
    label2 = "IR_TEL_STR_2",
    opt1 = Al_7075_Polished,
    opt2 = Al_7075_Polished,
    criticality1 = "NORMAL",
    criticality2 = "NORMAL",
    bulk = Al_7075,
    thick = 1.0e-03,
    meshType1 = "regular",
    nodes1 = 1,
    meshType2 = "regular",
    nodes2 = 1,
    analysis_type = "Lumped Parameter");

IR_TEL_STR_2 = TRANSLATE(
    object_name = IR_TEL_STR_2,
    clear = TRUE);
IR_Tel_Lens_IR_Tel_Obj = CONDUCTIVE_CONDUCTOR(
    source_reference = "IR_TEL_LENS:face1",
    destination_reference = "IR_TEL_OBJ:surface2",
    conductivity = 160.0,
    shape_factor = 4.908);

IR_Tel_Obj_IR_Tel_CCD_1 = CONDUCTIVE_CONDUCTOR(
    source_reference = "IR_TEL_OBJ:face2",
    destination_reference = "IR_TEL_CCD:surface2",
    conductivity = 160.0,
    shape_factor = 2.1136);

IR_Tel_Obj_IR_Tel_CCD_2 = CONDUCTIVE_CONDUCTOR(
    source_reference = "IR_TEL_OBJ:face4",
    destination_reference = "IR_TEL_CCD:surface2",
    conductivity = 160.0,
    shape_factor = 2.1136);

IR_Tel_Obj_IR_Tel_STR_1 = CONDUCTIVE_CONDUCTOR(
    source_reference = "IR_TEL_OBJ:face1",
    destination_reference = "IR_TEL_STR:face2",
    conductivity = 160.0,
    shape_factor = 2.1136);

IR_Tel_Obj_IR_Tel_STR_2 = CONDUCTIVE_CONDUCTOR(
    source_reference = "IR_TEL_OBJ:face3",
    destination_reference = "IR_TEL_STR:face4",
    conductivity = 160.0,
    shape_factor = 2.1136);

Body_plate_1 = SHELL_SCS_RECTANGLE(
    xmax = 0.4,
    ymax = 0.3,
    height = 0.0,
    xmin = 0.0,
    ymin = 0.0,
    sense = -1,
    colour1 = "METAL_GREY",
    colour2 = "METAL_GREY",
    side1 = "Active",
    nbase1 = 11000,
    ndelta1_1 = 1,
    side2 = "Active",
    nbase2 = 11000,
    ndelta2_1 = 1,
    label1 = "BODY_PLATE_1",
    label2 = "BODY_PLATE_1",
    opt1 = Al_anodized_blck,
    opt2 = Al_anodized_blck,
    criticality1 = "NORMAL",
    criticality2 = "NORMAL",
    bulk = Al_6061,
    thick = 2.0e-03,
    meshType1 = "regular",
    nodes1 = 2,
    meshType2 = "regular",
    nodes2 = 2,
    analysis_type = "Lumped Parameter");

Body_plate_1 = TRANSLATE(
    object_name = Body_plate_1,
    x_dist = -0.2,
    y_dist = -0.15,
    z_dist = 0.475,
    clear = TRUE);
CONDUCTOR IR_Tel_STR_Panel_inf_1;
IR_Tel_STR_Panel_inf_1 = CONDUCTIVE_CONDUCTOR(
    source_reference = "IR_TEL_STR:face3",
    destination_reference = "Panels:face47",
    conductor_override = .1);

IR_Tel_STR_Panel_inf_1 = CONDUCTIVE_CONDUCTOR(
    source_reference = "IR_TEL_STR:face3",
    destination_reference = "Panels:face47",
    conductor_override = .1);

IR_Tel_STR_Panel_inf_1 = CONDUCTIVE_CONDUCTOR(
    source_reference = "IR_TEL_STR:face3",
    destination_reference = "Panels:surface1",
    conductor_override = .1);

IR_Tel_STR_Panel_inf_1 = CONDUCTIVE_CONDUCTOR(
    source_reference = "IR_TEL_STR:face3",
    destination_reference = "Panels:face47",
    conductor_override = .1);

CONDUCTOR IR_Tel_STR_Panel_inf_2;
IR_Tel_STR_Panel_inf_2 = CONDUCTIVE_CONDUCTOR(
    source_reference = "IR_TEL_STR:face3",
    destination_reference = "Panels:face45",
    conductor_override = .1);

CONDUCTOR IR_Tel_STR_Panel_inf_3;
IR_Tel_STR_Panel_inf_3 = CONDUCTIVE_CONDUCTOR(
    source_reference = "IR_TEL_STR:face1",
    destination_reference = "Panels:face43",
    conductor_override = .1);

CONDUCTOR IR_Tel_STR_Panel_inf_4;
IR_Tel_STR_Panel_inf_4 = CONDUCTIVE_CONDUCTOR(
    source_reference = "IR_TEL_STR:face1",
    destination_reference = "Panels:face41",
    conductor_override = .1);

IR_Tel_Lens_IR_Tel_Obj = CONDUCTIVE_CONDUCTOR(
    source_reference = "IR_TEL_LENS:face1",
    destination_reference = "IR_TEL_OBJ:surface2",
    conductivity = 160.0,
    shape_factor = 9.93e-4 / 0.001);

IR_Tel_Obj_IR_Tel_CCD_1 = CONDUCTIVE_CONDUCTOR(
    source_reference = "IR_TEL_OBJ:face2",
    destination_reference = "IR_TEL_CCD:surface2",
    conductivity = 160.0,
    shape_factor = 0.99);

IR_Tel_Obj_IR_Tel_CCD_2 = CONDUCTIVE_CONDUCTOR(
    source_reference = "IR_TEL_OBJ:face4",
    destination_reference = "IR_TEL_CCD:surface2",
    conductivity = 160.0,
    shape_factor = .99);

IR_Tel_Obj_IR_Tel_STR_1 = CONDUCTIVE_CONDUCTOR(
    source_reference = "IR_TEL_OBJ:face1",
    destination_reference = "IR_TEL_STR:face2",
    conductivity = 160.0,
    shape_factor = 9.93e-4 / 0.001);

IR_Tel_Obj_IR_Tel_STR_2 = CONDUCTIVE_CONDUCTOR(
    source_reference = "IR_TEL_OBJ:face3",
    destination_reference = "IR_TEL_STR:face4",
    conductivity = 160.0,
    shape_factor = 0.993);

IR_Tel_STR_Panel_inf_1 = CONDUCTIVE_CONDUCTOR(
    source_reference = "IR_TEL_STR:face3",
    destination_reference = "Panels:face47",
    conductivity = 160.0,
    shape_factor = 2.33e-3 / 0.001);

IR_Tel_STR_Panel_inf_2 = CONDUCTIVE_CONDUCTOR(
    source_reference = "IR_TEL_STR:face3",
    destination_reference = "Panels:face45",
    conductivity = 160.0,
    shape_factor = 2.33);

IR_Tel_STR_Panel_inf_3 = CONDUCTIVE_CONDUCTOR(
    source_reference = "IR_TEL_STR:face1",
    destination_reference = "Panels:face43",
    conductivity = 160.0,
    shape_factor = 2.33);

IR_Tel_STR_Panel_inf_4 = CONDUCTIVE_CONDUCTOR(
    source_reference = "IR_TEL_STR:face1",
    destination_reference = "Panels:face41",
    conductivity = 160.0,
    shape_factor = 2.33);

Panel_xypos_SolarPanel_1 = CONDUCTIVE_CONDUCTOR(
    source_reference = "Panels:face23",
    destination_reference = "Solar_Panles_xPlus:face18",
    conductivity = 160.0,
    shape_factor = 2.0e-3 / 0.075);

Panel_xypos_SolarPanel_1 = CONDUCTIVE_CONDUCTOR(
    source_reference = "Panels:face23",
    destination_reference = "Solar_Panles_xPlus:face18",
    conductivity = 160.0,
    shape_factor = 5.0e-3 / 0.075);

Panel_xypos_SolarPanel_2 = CONDUCTIVE_CONDUCTOR(
    source_reference = "Panels:face19",
    destination_reference = "Solar_Panles_xPlus:face2",
    conductivity = 160.0,
    shape_factor = 0.0666667);

GEOMETRY RAD_CUTTER_INS;
RAD_CUTTER_INS = SHELL_SCS_BOX(
    height = 0.2,
    xmax = 0.9,
    ymax = 0.25,
    xmin = 0.0,
    ymin = 0.0,
    sense = -1,
    colour1 = "TURQUOISE",
    colour2 = "TURQUOISE",
    side1 = "Active",
    ndelta1_1 = 1,
    side2 = "Active",
    ndelta2_1 = 1,
    opt1 = SSM,
    opt2 = SSM,
    criticality1 = "NORMAL",
    criticality2 = "NORMAL",
    bulk = Radiator,
    thick = 0.01,
    meshType1 = "regular",
    nodes1 = 1,
    meshType2 = "regular",
    nodes2 = 1,
    meshType3 = "regular",
    nodes3 = 1,
    analysis_type = "Lumped Parameter");

RAD_CUTTER_INS = TRANSLATE(
    object_name = RAD_CUTTER_INS,
    x_dist = -0.4,
    y_dist = -0.125,
    z_dist = 0.375,
    clear = TRUE);
RAD_CUTTER_INS = SHELL_SCS_BOX(
    height = 0.2,
    xmax = .2,
    ymax = 0.25,
    xmin = 0.0,
    ymin = 0.0,
    sense = -1,
    colour1 = "TURQUOISE",
    colour2 = "TURQUOISE",
    side1 = "Active",
    ndelta1_1 = 1,
    side2 = "Active",
    ndelta2_1 = 1,
    opt1 = SSM,
    opt2 = SSM,
    criticality1 = "NORMAL",
    criticality2 = "NORMAL",
    bulk = Radiator,
    thick = 0.01,
    meshType1 = "regular",
    nodes1 = 1,
    meshType2 = "regular",
    nodes2 = 1,
    meshType3 = "regular",
    nodes3 = 1,
    analysis_type = "Lumped Parameter");

RAD_CUTTER_INS = TRANSLATE(
    object_name = RAD_CUTTER_INS,
    x_dist = -0.4,
    y_dist = -0.125,
    z_dist = 0.375,
    clear = TRUE);
RAD_CUTTER_INS = SHELL_SCS_BOX(
    height = 0.2,
    xmax = .2,
    ymax = 0.25,
    xmin = 0.0,
    ymin = 0.0,
    sense = -1,
    colour1 = "TURQUOISE",
    colour2 = "TURQUOISE",
    side1 = "Active",
    ndelta1_1 = 1,
    side2 = "Active",
    ndelta2_1 = 1,
    opt1 = SSM,
    opt2 = SSM,
    criticality1 = "NORMAL",
    criticality2 = "NORMAL",
    bulk = Radiator,
    thick = 0.01,
    meshType1 = "regular",
    nodes1 = 1,
    meshType2 = "regular",
    nodes2 = 1,
    meshType3 = "regular",
    nodes3 = 1,
    analysis_type = "Lumped Parameter");

RAD_CUTTER_INS = TRANSLATE(
    object_name = RAD_CUTTER_INS,
    x_dist = -0.4,
    y_dist = -0.1,
    z_dist = 0.375,
    clear = TRUE);
RAD_CUTTER_INS = SHELL_SCS_BOX(
    height = 0.2,
    xmax = .2,
    ymax = 0.25,
    xmin = 0.0,
    ymin = 0.0,
    sense = -1,
    colour1 = "TURQUOISE",
    colour2 = "TURQUOISE",
    side1 = "Active",
    ndelta1_1 = 1,
    side2 = "Active",
    ndelta2_1 = 1,
    opt1 = SSM,
    opt2 = SSM,
    criticality1 = "NORMAL",
    criticality2 = "NORMAL",
    bulk = Radiator,
    thick = 0.01,
    meshType1 = "regular",
    nodes1 = 1,
    meshType2 = "regular",
    nodes2 = 1,
    meshType3 = "regular",
    nodes3 = 1,
    analysis_type = "Lumped Parameter");

RAD_CUTTER_INS = TRANSLATE(
    object_name = RAD_CUTTER_INS,
    x_dist = -0.4,
    y_dist = -0.125,
    z_dist = 0.375,
    clear = TRUE);
RAD_CUTTER_INS = SHELL_SCS_BOX(
    height = 0.2,
    xmax = .2,
    ymax = 0.25,
    xmin = 0.0,
    ymin = 0.0,
    sense = -1,
    colour1 = "TURQUOISE",
    colour2 = "TURQUOISE",
    side1 = "Active",
    ndelta1_1 = 1,
    side2 = "Active",
    ndelta2_1 = 1,
    opt1 = SSM,
    opt2 = SSM,
    criticality1 = "NORMAL",
    criticality2 = "NORMAL",
    bulk = Radiator,
    thick = 0.01,
    meshType1 = "regular",
    nodes1 = 1,
    meshType2 = "regular",
    nodes2 = 1,
    meshType3 = "regular",
    nodes3 = 1,
    analysis_type = "Lumped Parameter");

RAD_CUTTER_INS = TRANSLATE(
    object_name = RAD_CUTTER_INS,
    x_dist = -0.3,
    y_dist = -0.125,
    z_dist = 0.375,
    clear = TRUE);
MLI_assembly = MLI_assembly + RAD_CUTTER_INS;
GEOMETRY MLI_RAD_CUTTED_2RAD;
MLI_RAD_CUTTED_2RAD = MLI_RAD_CUTTED - RAD_CUTTER_INS;
   /* Warning Error: current function is shell assignment */
   /* Cannot move geometry. "MLI_assembly" would not contain enough geometric objects.
      Error number: 1154 */

MLI_assembly = MLI_assembly + MLI_RAD_CUTTED_2RAD;
RAD_CUTTER = SHELL_SCS_BOX(
    height = 0.2,
    xmax = 0.2,
    ymax = 0.25,
    xmin = 0.0,
    ymin = 0.0,
    sense = -1,
    colour1 = "TURQUOISE",
    colour2 = "TURQUOISE",
    side1 = "Active",
    ndelta1_1 = 1,
    side2 = "Active",
    ndelta2_1 = 1,
    opt1 = SSM,
    opt2 = SSM,
    criticality1 = "NORMAL",
    criticality2 = "NORMAL",
    bulk = Radiator,
    thick = 0.01,
    meshType1 = "regular",
    nodes1 = 1,
    meshType2 = "regular",
    nodes2 = 1,
    meshType3 = "regular",
    nodes3 = 1,
    analysis_type = "Lumped Parameter");

RAD_CUTTER = TRANSLATE(
    object_name = RAD_CUTTER,
    x_dist = -0.4,
    y_dist = -0.125,
    z_dist = 0.375,
    clear = TRUE);
RAD_CUTTER = SHELL_SCS_BOX(
    height = 0.2,
    xmax = 0.2,
    ymax = 0.25,
    xmin = 0.0,
    ymin = 0.0,
    sense = -1,
    colour1 = "TURQUOISE",
    colour2 = "TURQUOISE",
    side1 = "Active",
    ndelta1_1 = 1,
    side2 = "Active",
    ndelta2_1 = 1,
    opt1 = SSM,
    opt2 = SSM,
    criticality1 = "NORMAL",
    criticality2 = "NORMAL",
    bulk = Radiator,
    thick = 0.01,
    meshType1 = "regular",
    nodes1 = 1,
    meshType2 = "regular",
    nodes2 = 1,
    meshType3 = "regular",
    nodes3 = 1,
    analysis_type = "Lumped Parameter");

RAD_CUTTER = TRANSLATE(
    object_name = RAD_CUTTER,
    x_dist = 0.4,
    y_dist = -0.125,
    z_dist = 0.375,
    clear = TRUE);
RAD_CUTTER = SHELL_SCS_BOX(
    height = 0.2,
    xmax = 0.2,
    ymax = 0.25,
    xmin = 0.0,
    ymin = 0.0,
    sense = -1,
    colour1 = "TURQUOISE",
    colour2 = "TURQUOISE",
    side1 = "Active",
    ndelta1_1 = 1,
    side2 = "Active",
    ndelta2_1 = 1,
    opt1 = SSM,
    opt2 = SSM,
    criticality1 = "NORMAL",
    criticality2 = "NORMAL",
    bulk = Radiator,
    thick = 0.01,
    meshType1 = "regular",
    nodes1 = 1,
    meshType2 = "regular",
    nodes2 = 1,
    meshType3 = "regular",
    nodes3 = 1,
    analysis_type = "Lumped Parameter");

RAD_CUTTER = TRANSLATE(
    object_name = RAD_CUTTER,
    x_dist = 0.1,
    y_dist = -0.125,
    z_dist = 0.375,
    clear = TRUE);
RAD_CUTTER = SHELL_SCS_BOX(
    height = 0.2,
    xmax = 0.2,
    ymax = 0.25,
    xmin = 0.0,
    ymin = 0.0,
    sense = -1,
    colour1 = "TURQUOISE",
    colour2 = "TURQUOISE",
    side1 = "Active",
    ndelta1_1 = 1,
    side2 = "Active",
    ndelta2_1 = 1,
    opt1 = SSM,
    opt2 = SSM,
    criticality1 = "NORMAL",
    criticality2 = "NORMAL",
    bulk = Radiator,
    thick = 0.01,
    meshType1 = "regular",
    nodes1 = 1,
    meshType2 = "regular",
    nodes2 = 1,
    meshType3 = "regular",
    nodes3 = 1,
    analysis_type = "Lumped Parameter");

RAD_CUTTER = TRANSLATE(
    object_name = RAD_CUTTER,
    x_dist = 0.1,
    y_dist = -0.125,
    z_dist = 0.375,
    clear = TRUE);
DELETE_GEOMETRY (geometry = MLI_RAD_CUTTED_2RAD, recursive = FALSE, unassign = FALSE);
GEOMETRY MLI_RAD_CUTTED_2RAD;
MLI_RAD_CUTTED_2RAD = MLI_RAD_CUTTED - RAD_CUTTER_INS;
   /* Warning Error: current function is shell assignment */
   /* Cannot move geometry. "MLI_assembly" would not contain enough geometric objects.
      Error number: 1154 */

MLI_assembly = MLI_assembly + MLI_RAD_CUTTED_2RAD;
MLI_RAD_CUTTED_2RAD = MLI_RAD_CUTTED - RAD_CUTTER_INS;
RAD_CUTTER = SHELL_SCS_BOX(
    height = 0.3,
    xmax = 0.2,
    ymax = 0.25,
    xmin = 0.0,
    ymin = 0.0,
    sense = -1,
    colour1 = "TURQUOISE",
    colour2 = "TURQUOISE",
    side1 = "Active",
    ndelta1_1 = 1,
    side2 = "Active",
    ndelta2_1 = 1,
    opt1 = SSM,
    opt2 = SSM,
    criticality1 = "NORMAL",
    criticality2 = "NORMAL",
    bulk = Radiator,
    thick = 0.01,
    meshType1 = "regular",
    nodes1 = 1,
    meshType2 = "regular",
    nodes2 = 1,
    meshType3 = "regular",
    nodes3 = 1,
    analysis_type = "Lumped Parameter");

RAD_CUTTER = TRANSLATE(
    object_name = RAD_CUTTER,
    x_dist = 0.1,
    y_dist = -0.125,
    z_dist = 0.275,
    clear = TRUE);
RAD_CUTTER = SHELL_SCS_BOX(
    height = 0.3,
    xmax = 0.2,
    ymax = 0.25,
    xmin = 0.0,
    ymin = 0.0,
    sense = -1,
    colour1 = "TURQUOISE",
    colour2 = "TURQUOISE",
    side1 = "Active",
    ndelta1_1 = 1,
    side2 = "Active",
    ndelta2_1 = 1,
    opt1 = SSM,
    opt2 = SSM,
    criticality1 = "NORMAL",
    criticality2 = "NORMAL",
    bulk = Radiator,
    thick = 0.01,
    meshType1 = "regular",
    nodes1 = 1,
    meshType2 = "regular",
    nodes2 = 1,
    meshType3 = "regular",
    nodes3 = 1,
    analysis_type = "Lumped Parameter");

RAD_CUTTER = TRANSLATE(
    object_name = RAD_CUTTER,
    x_dist = 0.2,
    y_dist = -0.125,
    z_dist = 0.275,
    clear = TRUE);
RAD_CUTTER = SHELL_SCS_BOX(
    height = 0.3,
    xmax = 0.2,
    ymax = 0.25,
    xmin = 0.0,
    ymin = 0.0,
    sense = -1,
    colour1 = "TURQUOISE",
    colour2 = "TURQUOISE",
    side1 = "Active",
    ndelta1_1 = 1,
    side2 = "Active",
    ndelta2_1 = 1,
    opt1 = SSM,
    opt2 = SSM,
    criticality1 = "NORMAL",
    criticality2 = "NORMAL",
    bulk = Radiator,
    thick = 0.01,
    meshType1 = "regular",
    nodes1 = 1,
    meshType2 = "regular",
    nodes2 = 1,
    meshType3 = "regular",
    nodes3 = 1,
    analysis_type = "Lumped Parameter");

RAD_CUTTER = TRANSLATE(
    object_name = RAD_CUTTER,
    x_dist = 0.201,
    y_dist = -0.125,
    z_dist = 0.275,
    clear = TRUE);
RAD_CUTTER = SHELL_SCS_BOX(
    height = 0.3,
    xmax = 0.2,
    ymax = 0.25,
    xmin = 0.0,
    ymin = 0.0,
    sense = -1,
    colour1 = "TURQUOISE",
    colour2 = "TURQUOISE",
    side1 = "Active",
    ndelta1_1 = 1,
    side2 = "Active",
    ndelta2_1 = 1,
    opt1 = SSM,
    opt2 = SSM,
    criticality1 = "NORMAL",
    criticality2 = "NORMAL",
    bulk = Radiator,
    thick = 0.01,
    meshType1 = "regular",
    nodes1 = 1,
    meshType2 = "regular",
    nodes2 = 1,
    meshType3 = "regular",
    nodes3 = 1,
    analysis_type = "Lumped Parameter");

RAD_CUTTER = TRANSLATE(
    object_name = RAD_CUTTER,
    x_dist = 0.21,
    y_dist = -0.125,
    z_dist = 0.275,
    clear = TRUE);
RAD_CUTTER = SHELL_SCS_BOX(
    height = 0.3,
    xmax = 0.2,
    ymax = 0.25,
    xmin = 0.0,
    ymin = 0.0,
    sense = -1,
    colour1 = "TURQUOISE",
    colour2 = "TURQUOISE",
    side1 = "Active",
    ndelta1_1 = 1,
    side2 = "Active",
    ndelta2_1 = 1,
    opt1 = SSM,
    opt2 = SSM,
    criticality1 = "NORMAL",
    criticality2 = "NORMAL",
    bulk = Radiator,
    thick = 0.01,
    meshType1 = "regular",
    nodes1 = 1,
    meshType2 = "regular",
    nodes2 = 1,
    meshType3 = "regular",
    nodes3 = 1,
    analysis_type = "Lumped Parameter");

RAD_CUTTER = TRANSLATE(
    object_name = RAD_CUTTER,
    x_dist = 0.21,
    y_dist = -0.125,
    z_dist = 0.275,
    clear = TRUE);
RAD_IR_Tel = SHELL_SCS_RECTANGLE(
    xmax = 0.25,
    ymax = 0.3,
    height = 0.0,
    xmin = 0.0,
    ymin = 0.0,
    sense = -1,
    colour1 = "PALE_BLUE",
    colour2 = "PALE_BLUE",
    side1 = "Active",
    nbase1 = 60000,
    ndelta1_1 = 1,
    side2 = "Active",
    nbase2 = 60000,
    ndelta2_1 = 1,
    label1 = "RAD_IR_Tel",
    label2 = "RAD_IR_Tel",
    opt1 = OSR,
    opt2 = OSR,
    criticality1 = "NORMAL",
    criticality2 = "NORMAL",
    bulk = Radiator,
    thick = 0.01,
    meshType1 = "regular",
    nodes1 = 3,
    meshType2 = "regular",
    nodes2 = 3,
    analysis_type = "Lumped Parameter");

RAD_IR_Tel = ROTATE(
    object_name = RAD_IR_Tel,
    x_ang = 90.0,
    z_ang = 90.0,
    clear = TRUE);
RAD_IR_Tel = TRANSLATE(
    object_name = RAD_IR_Tel,
    x_dist = 0.21,
    y_dist = -0.125,
    z_dist = 0.275);
RAD_IR_Tel = SHELL_SCS_RECTANGLE(
    xmax = 0.25,
    ymax = 0.4,
    height = 0.0,
    xmin = 0.0,
    ymin = 0.0,
    sense = -1,
    colour1 = "PALE_BLUE",
    colour2 = "PALE_BLUE",
    side1 = "Active",
    nbase1 = 60000,
    ndelta1_1 = 1,
    side2 = "Active",
    nbase2 = 60000,
    ndelta2_1 = 1,
    label1 = "RAD_IR_Tel",
    label2 = "RAD_IR_Tel",
    opt1 = OSR,
    opt2 = OSR,
    criticality1 = "NORMAL",
    criticality2 = "NORMAL",
    bulk = Radiator,
    thick = 0.01,
    meshType1 = "regular",
    nodes1 = 3,
    meshType2 = "regular",
    nodes2 = 3,
    analysis_type = "Lumped Parameter");

RAD_IR_Tel = ROTATE(
    object_name = RAD_IR_Tel,
    x_ang = 90.0,
    z_ang = 90.0,
    clear = TRUE);
RAD_IR_Tel = TRANSLATE(
    object_name = RAD_IR_Tel,
    x_dist = 0.21,
    y_dist = -0.125,
    z_dist = 0.175);
RAD_IR_Tel = SHELL_SCS_RECTANGLE(
    xmax = 0.25,
    ymax = 0.4,
    height = 0.0,
    xmin = 0.0,
    ymin = 0.0,
    sense = -1,
    colour1 = "PALE_BLUE",
    colour2 = "PALE_BLUE",
    side1 = "Active",
    nbase1 = 60000,
    ndelta1_1 = 1,
    side2 = "Active",
    nbase2 = 60000,
    ndelta2_1 = 1,
    label1 = "RAD_IR_Tel",
    label2 = "RAD_IR_Tel",
    opt1 = OSR,
    opt2 = OSR,
    criticality1 = "NORMAL",
    criticality2 = "NORMAL",
    bulk = Radiator,
    thick = 0.01,
    meshType1 = "regular",
    nodes1 = 3,
    meshType2 = "regular",
    nodes2 = 4,
    analysis_type = "Lumped Parameter");

RAD_IR_Tel = ROTATE(
    object_name = RAD_IR_Tel,
    x_ang = 90.0,
    z_ang = 90.0,
    clear = TRUE);
RAD_IR_Tel = TRANSLATE(
    object_name = RAD_IR_Tel,
    x_dist = 0.21,
    y_dist = -0.125,
    z_dist = 0.175);
RAD_IR_Tel = SHELL_SCS_RECTANGLE(
    xmax = 0.25,
    ymax = 0.4,
    height = 0.0,
    xmin = 0.0,
    ymin = 0.0,
    sense = -1,
    colour1 = "PALE_BLUE",
    colour2 = "PALE_BLUE",
    side1 = "Active",
    nbase1 = 60000,
    ndelta1_1 = 1,
    side2 = "Active",
    nbase2 = 60000,
    ndelta2_1 = 1,
    label1 = "RAD_IR_Tel",
    label2 = "RAD_IR_Tel",
    opt1 = OSR,
    opt2 = OSR,
    criticality1 = "NORMAL",
    criticality2 = "NORMAL",
    bulk = Radiator,
    thick = 0.01,
    meshType1 = "regular",
    nodes1 = 3,
    meshType2 = "regular",
    nodes2 = 3,
    analysis_type = "Lumped Parameter");

RAD_IR_Tel = ROTATE(
    object_name = RAD_IR_Tel,
    x_ang = 90.0,
    z_ang = 90.0,
    clear = TRUE);
RAD_IR_Tel = TRANSLATE(
    object_name = RAD_IR_Tel,
    x_dist = 0.21,
    y_dist = -0.125,
    z_dist = 0.175);
RAD_IR_Tel = SHELL_SCS_RECTANGLE(
    xmax = 0.25,
    ymax = 0.4,
    height = 0.0,
    xmin = 0.0,
    ymin = 0.0,
    sense = -1,
    colour1 = "PALE_BLUE",
    colour2 = "PALE_BLUE",
    side1 = "Active",
    nbase1 = 60000,
    ndelta1_1 = 1,
    side2 = "Active",
    nbase2 = 60000,
    ndelta2_1 = 1,
    label1 = "RAD_IR_Tel",
    label2 = "RAD_IR_Tel",
    opt1 = OSR,
    opt2 = OSR,
    criticality1 = "NORMAL",
    criticality2 = "NORMAL",
    bulk = Radiator,
    thick = 0.01,
    meshType1 = "regular",
    nodes1 = 3,
    meshType2 = "regular",
    nodes2 = 3,
    analysis_type = "Lumped Parameter");

RAD_IR_Tel = ROTATE(
    object_name = RAD_IR_Tel,
    x_ang = 90.0,
    z_ang = 90.0,
    clear = TRUE);
RAD_IR_Tel = TRANSLATE(
    object_name = RAD_IR_Tel,
    x_dist = 0.21,
    y_dist = -0.125,
    z_dist = 0.175);
CCD_RAD_1 = CONDUCTIVE_CONDUCTOR(
    source_reference = "IR_TEL_CCD:face7",
    destination_reference = "RAD_IR_Tel:face10",
    conductivity = 400.0,
    shape_factor = 0.0205 / 0.15);

CCD_RAD_2 = CONDUCTIVE_CONDUCTOR(
    source_reference = "IR_TEL_CCD:face1",
    destination_reference = "RAD_IR_Tel:face10",
    conductivity = 400.0,
    shape_factor = 0.1366667);

CCD_RAD_3 = CONDUCTIVE_CONDUCTOR(
    source_reference = "IR_TEL_CCD:face5",
    destination_reference = "RAD_IR_Tel:face10",
    conductivity = 400.0,
    shape_factor = 0.1366667);

CCD_RAD_4 = CONDUCTIVE_CONDUCTOR(
    source_reference = "IR_TEL_CCD:face3",
    destination_reference = "RAD_IR_Tel:face10",
    conductivity = 400.0,
    shape_factor = 0.1366667);

EBox_RAD_1 = CONDUCTIVE_CONDUCTOR(
    source_reference = "Electronic_Box:face5",
    destination_reference = "RAD_Ins:face9",
    conductivity = 400.0,
    shape_factor = 2.0*5.0e-3 / 0.15);

EBox_RAD_2 = CONDUCTIVE_CONDUCTOR(
    source_reference = "Electronic_Box:face1",
    destination_reference = "RAD_Ins:face9",
    conductivity = 400.0,
    shape_factor = 0.0666667);

EBox_RAD_3 = CONDUCTIVE_CONDUCTOR(
    source_reference = "Electronic_Box:face7",
    destination_reference = "RAD_Ins:face9",
    conductivity = 400.0,
    shape_factor = 0.0666667);

EBox_RAD_4 = CONDUCTIVE_CONDUCTOR(
    source_reference = "Electronic_Box:face3",
    destination_reference = "RAD_Ins:face9",
    conductivity = 400.0,
    shape_factor = 0.0666667);

DELETE ci_18;
DELETE ci_3;
DELETE ci_9;
DELETE ci_17;
DELETE ci_11;
DELETE ci_21;
DELETE ci_22;
DELETE ci_6;
DELETE ci_13;
DELETE ci_20;
DELETE ci_16;
DELETE ci_25;
DELETE ci_15;
DELETE ci_24;
DELETE ci_7;
DELETE ci_4;
DELETE ci_12;
DELETE ci_8;
DELETE ci_23;
DELETE ci_14;
DELETE ci_10;
DELETE ci_2;
DELETE ci_1;
DELETE ci_19;
DELETE ci_5;

CONDUCTIVE_INTERFACE ci_1;
DEFINE_CONDUCTIVE_INTERFACE(
	conductive_interface = ci_1,
	primitiveA = Panels,
	primitiveB = Panels,
	start_point = [0.4, 0.3, 0.25000000000000006],
	end_point = [0.0, 0.3, 0.25000000000000006],
	connect_type = "FUSED");


CONDUCTIVE_INTERFACE ci_2;
DEFINE_CONDUCTIVE_INTERFACE(
	conductive_interface = ci_2,
	primitiveA = Panels,
	primitiveB = Panels,
	start_point = [0.0, 0.3, 0.25000000000000006],
	end_point = [0.0, 0.0, 0.25000000000000006],
	connect_type = "FUSED");


CONDUCTIVE_INTERFACE ci_3;
DEFINE_CONDUCTIVE_INTERFACE(
	conductive_interface = ci_3,
	primitiveA = Panels,
	primitiveB = Panels,
	start_point = [0.0, 0.0, 0.0],
	end_point = [0.4, 0.0, 0.0],
	connect_type = "FUSED");


CONDUCTIVE_INTERFACE ci_4;
DEFINE_CONDUCTIVE_INTERFACE(
	conductive_interface = ci_4,
	primitiveA = Panels,
	primitiveB = Panels,
	start_point = [0.0, 0.0, 0.25000000000000006],
	end_point = [0.4, 0.0, 0.25000000000000006],
	connect_type = "FUSED");


CONDUCTIVE_INTERFACE ci_5;
DEFINE_CONDUCTIVE_INTERFACE(
	conductive_interface = ci_5,
	primitiveA = Panels,
	primitiveB = Panels,
	start_point = [0.0, 0.0, 0.0],
	end_point = [0.0, 0.0, 0.25000000000000006],
	connect_type = "FUSED");


CONDUCTIVE_INTERFACE ci_6;
DEFINE_CONDUCTIVE_INTERFACE(
	conductive_interface = ci_6,
	primitiveA = Panels,
	primitiveB = Panels,
	start_point = [0.0, 0.3, 0.0],
	end_point = [0.0, 0.0, 0.0],
	connect_type = "FUSED");


CONDUCTIVE_INTERFACE ci_7;
DEFINE_CONDUCTIVE_INTERFACE(
	conductive_interface = ci_7,
	primitiveA = Panels,
	primitiveB = Panels,
	start_point = [0.4, 0.3, 0.0],
	end_point = [0.0, 0.3, 0.0],
	connect_type = "FUSED");


CONDUCTIVE_INTERFACE ci_8;
DEFINE_CONDUCTIVE_INTERFACE(
	conductive_interface = ci_8,
	primitiveA = Panels,
	primitiveB = Panels,
	start_point = [0.0, 0.3, 0.0],
	end_point = [0.0, 0.3, 0.25000000000000006],
	connect_type = "FUSED");


CONDUCTIVE_INTERFACE ci_9;
DEFINE_CONDUCTIVE_INTERFACE(
	conductive_interface = ci_9,
	primitiveA = Electronic_Box,
	primitiveB = Electronic_Box,
	start_point = [0.15, 0.15, 0.0],
	end_point = [0.0, 0.15, 0.0],
	connect_type = "FUSED");


CONDUCTIVE_INTERFACE ci_10;
DEFINE_CONDUCTIVE_INTERFACE(
	conductive_interface = ci_10,
	primitiveA = Electronic_Box,
	primitiveB = Electronic_Box,
	start_point = [0.0, 0.0, 0.040000000000000036],
	end_point = [0.0, 0.15, 0.040000000000000036],
	connect_type = "FUSED");


CONDUCTIVE_INTERFACE ci_11;
DEFINE_CONDUCTIVE_INTERFACE(
	conductive_interface = ci_11,
	primitiveA = Electronic_Box,
	primitiveB = Electronic_Box,
	start_point = [0.0, 0.15, 0.0],
	end_point = [0.0, 0.0, 0.0],
	connect_type = "FUSED");


CONDUCTIVE_INTERFACE ci_12;
DEFINE_CONDUCTIVE_INTERFACE(
	conductive_interface = ci_12,
	primitiveA = Electronic_Box,
	primitiveB = Electronic_Box,
	start_point = [0.0, 0.0, 0.0],
	end_point = [0.15, 0.0, 0.0],
	connect_type = "FUSED");


CONDUCTIVE_INTERFACE ci_13;
DEFINE_CONDUCTIVE_INTERFACE(
	conductive_interface = ci_13,
	primitiveA = Electronic_Box,
	primitiveB = Electronic_Box,
	start_point = [0.0, 0.15, 0.0],
	end_point = [0.0, 0.15, 0.040000000000000036],
	connect_type = "FUSED");


CONDUCTIVE_INTERFACE ci_14;
DEFINE_CONDUCTIVE_INTERFACE(
	conductive_interface = ci_14,
	primitiveA = Electronic_Box,
	primitiveB = Electronic_Box,
	start_point = [0.0, 0.0, 0.040000000000000036],
	end_point = [0.15, 0.0, 0.040000000000000036],
	connect_type = "FUSED");


CONDUCTIVE_INTERFACE ci_15;
DEFINE_CONDUCTIVE_INTERFACE(
	conductive_interface = ci_15,
	primitiveA = Electronic_Box,
	primitiveB = Electronic_Box,
	start_point = [0.0, 0.0, 0.0],
	end_point = [0.0, 0.0, 0.040000000000000036],
	connect_type = "FUSED");


CONDUCTIVE_INTERFACE ci_16;
DEFINE_CONDUCTIVE_INTERFACE(
	conductive_interface = ci_16,
	primitiveA = Electronic_Box,
	primitiveB = Electronic_Box,
	start_point = [0.15, 0.15, 0.040000000000000036],
	end_point = [0.0, 0.15, 0.040000000000000036],
	connect_type = "FUSED");


CONDUCTIVE_INTERFACE ci_17;
DEFINE_CONDUCTIVE_INTERFACE(
	conductive_interface = ci_17,
	primitiveA = Electronic_Box,
	primitiveB = Electronic_Box,
	start_point = [0.15, 0.0, 0.0],
	end_point = [0.15, 0.0, 0.040000000000000036],
	connect_type = "FUSED");


CONDUCTIVE_INTERFACE ci_18;
DEFINE_CONDUCTIVE_INTERFACE(
	conductive_interface = ci_18,
	primitiveA = Electronic_Box,
	primitiveB = Electronic_Box,
	start_point = [0.15, 0.0, 0.040000000000000036],
	end_point = [0.15, 0.15, 0.040000000000000036],
	connect_type = "FUSED");


CONDUCTIVE_INTERFACE ci_19;
DEFINE_CONDUCTIVE_INTERFACE(
	conductive_interface = ci_19,
	primitiveA = Electronic_Box,
	primitiveB = Electronic_Box,
	start_point = [0.15, 0.15, 0.0],
	end_point = [0.15, 0.15, 0.040000000000000036],
	connect_type = "FUSED");


CONDUCTIVE_INTERFACE ci_20;
DEFINE_CONDUCTIVE_INTERFACE(
	conductive_interface = ci_20,
	primitiveA = Electronic_Box,
	primitiveB = Electronic_Box,
	start_point = [0.15, 0.15, 0.0],
	end_point = [0.15, 0.0, 0.0],
	connect_type = "FUSED");


CONDUCTIVE_INTERFACE ci_21;
DEFINE_CONDUCTIVE_INTERFACE(
	conductive_interface = ci_21,
	primitiveA = Panels,
	primitiveB = Panels,
	start_point = [0.4, 0.3, 0.0],
	end_point = [0.4, 0.3, 0.25000000000000006],
	connect_type = "FUSED");


CONDUCTIVE_INTERFACE ci_22;
DEFINE_CONDUCTIVE_INTERFACE(
	conductive_interface = ci_22,
	primitiveA = Panels,
	primitiveB = Panels,
	start_point = [0.4, 0.0, 0.0],
	end_point = [0.4, 0.0, 0.25000000000000006],
	connect_type = "FUSED");


CONDUCTIVE_INTERFACE ci_23;
DEFINE_CONDUCTIVE_INTERFACE(
	conductive_interface = ci_23,
	primitiveA = Panels,
	primitiveB = Panels,
	start_point = [0.4, 0.0, 0.0],
	end_point = [0.4, 0.3, 0.0],
	connect_type = "FUSED");


CONDUCTIVE_INTERFACE ci_24;
DEFINE_CONDUCTIVE_INTERFACE(
	conductive_interface = ci_24,
	primitiveA = Panels,
	primitiveB = Panels,
	start_point = [0.4, 0.0, 0.25000000000000006],
	end_point = [0.4, 0.3, 0.25000000000000006],
	connect_type = "FUSED");


CONDUCTIVE_INTERFACE ci_25;
DEFINE_CONDUCTIVE_INTERFACE(
	conductive_interface = ci_25,
	primitiveA = IR_TEL_STR,
	primitiveB = IR_TEL_STR_2,
	start_point = [0.125, 0.0, 0.0],
	end_point = [0.125, -3.061616997868383E-17, 0.0],
	connect_type = "FUSED");

/* ESATAN-TMS version 2020, run date 11:58 Mon 10 May 2021 */
/* BEGIN_MODEL GagarinSat_cfg2_v3 WORKBENCH_V1 */
RAD_IR_Tel = SHELL_SCS_RECTANGLE(
    xmax = 0.25,
    ymax = 0.4,
    height = 0.0,
    xmin = 0.0,
    ymin = 0.0,
    sense = -1,
    colour1 = "PALE_BLUE",
    colour2 = "PALE_BLUE",
    side1 = "Active",
    nbase1 = 60000,
    ndelta1_1 = 1,
    side2 = "Active",
    nbase2 = 60000,
    ndelta2_1 = 1,
    label1 = "RAD_IR_Tel",
    label2 = "RAD_IR_Tel",
    opt1 = OSR,
    opt2 = OSR,
    criticality1 = "NORMAL",
    criticality2 = "NORMAL",
    bulk = Al_6061,
    thick = 0.01,
    meshType1 = "regular",
    nodes1 = 3,
    meshType2 = "regular",
    nodes2 = 3,
    analysis_type = "Lumped Parameter");

RAD_IR_Tel = ROTATE(
    object_name = RAD_IR_Tel,
    x_ang = 90.0,
    z_ang = 90.0,
    clear = TRUE);
RAD_IR_Tel = TRANSLATE(
    object_name = RAD_IR_Tel,
    x_dist = 0.21,
    y_dist = -0.125,
    z_dist = 0.175);
RAD_Ins = SHELL_SCS_RECTANGLE(
    xmax = 0.25,
    ymax = 0.2,
    height = 0.0,
    xmin = 0.0,
    ymin = 0.0,
    sense = -1,
    colour1 = "PALE_BLUE",
    colour2 = "PALE_BLUE",
    side1 = "Active",
    nbase1 = 61000,
    ndelta1_1 = 1,
    side2 = "Active",
    nbase2 = 61000,
    ndelta2_1 = 1,
    label1 = "RAD_Ins",
    label2 = "RAD_Ins",
    opt1 = OSR,
    opt2 = OSR,
    criticality1 = "NORMAL",
    criticality2 = "NORMAL",
    bulk = Al_6061,
    thick = 0.01,
    meshType1 = "regular",
    nodes1 = 3,
    meshType2 = "regular",
    nodes2 = 3,
    analysis_type = "Lumped Parameter");

RAD_Ins = ROTATE(
    object_name = RAD_Ins,
    x_ang = 90.0,
    z_ang = 90.0,
    clear = TRUE);
RAD_Ins = TRANSLATE(
    object_name = RAD_Ins,
    x_dist = -0.21,
    y_dist = -0.125,
    z_dist = 0.375);
RAD_IR_Tel = SHELL_SCS_RECTANGLE(
    xmax = 0.25,
    ymax = 0.4,
    height = 0.0,
    xmin = 0.0,
    ymin = 0.0,
    sense = -1,
    colour1 = "PALE_BLUE",
    colour2 = "PURPLE",
    side1 = "Active",
    nbase1 = 60000,
    ndelta1_1 = 1,
    side2 = "Conductive",
    nbase2 = 60000,
    ndelta2_1 = 1,
    label1 = "RAD_IR_Tel",
    label2 = "RAD_IR_Tel",
    opt1 = OSR,
    opt2 = OSR,
    criticality1 = "NORMAL",
    criticality2 = "NORMAL",
    bulk = Al_6061,
    thick = 0.01,
    meshType1 = "regular",
    nodes1 = 3,
    meshType2 = "regular",
    nodes2 = 3,
    analysis_type = "Lumped Parameter");

RAD_IR_Tel = ROTATE(
    object_name = RAD_IR_Tel,
    x_ang = 90.0,
    z_ang = 90.0,
    clear = TRUE);
RAD_IR_Tel = TRANSLATE(
    object_name = RAD_IR_Tel,
    x_dist = 0.21,
    y_dist = -0.125,
    z_dist = 0.175);
RAD_IR_Tel = SHELL_SCS_RECTANGLE(
    xmax = 0.25,
    ymax = 0.4,
    height = 0.0,
    xmin = 0.0,
    ymin = 0.0,
    sense = -1,
    colour1 = "PALE_BLUE",
    colour2 = "PURPLE",
    side1 = "Active",
    nbase1 = 60000,
    ndelta1_1 = 1,
    side2 = "Conductive",
    nbase2 = 60000,
    ndelta2_1 = 1,
    label1 = "RAD_IR_Tel",
    label2 = "RAD_IR_Tel",
    opt1 = OSR,
    opt2 = SSM,
    criticality1 = "NORMAL",
    criticality2 = "NORMAL",
    bulk = Al_6061,
    thick = 0.01,
    meshType1 = "regular",
    nodes1 = 3,
    meshType2 = "regular",
    nodes2 = 3,
    analysis_type = "Lumped Parameter");

RAD_IR_Tel = ROTATE(
    object_name = RAD_IR_Tel,
    x_ang = 90.0,
    z_ang = 90.0,
    clear = TRUE);
RAD_IR_Tel = TRANSLATE(
    object_name = RAD_IR_Tel,
    x_dist = 0.21,
    y_dist = -0.125,
    z_dist = 0.175);
RAD_IR_Tel = SHELL_SCS_RECTANGLE(
    xmax = 0.25,
    ymax = 0.4,
    height = 0.0,
    xmin = 0.0,
    ymin = 0.0,
    sense = -1,
    colour1 = "PALE_BLUE",
    colour2 = "PURPLE",
    side1 = "Active",
    nbase1 = 60000,
    ndelta1_1 = 1,
    side2 = "Conductive",
    nbase2 = 60000,
    ndelta2_1 = 1,
    label1 = "RAD_IR_Tel",
    label2 = "RAD_IR_Tel",
    opt1 = OSR,
    opt2 = SSM,
    criticality1 = "NORMAL",
    criticality2 = "NORMAL",
    bulk = Al_6061,
    thick = 0.005,
    meshType1 = "regular",
    nodes1 = 3,
    meshType2 = "regular",
    nodes2 = 3,
    analysis_type = "Lumped Parameter");

RAD_IR_Tel = ROTATE(
    object_name = RAD_IR_Tel,
    x_ang = 90.0,
    z_ang = 90.0,
    clear = TRUE);
RAD_IR_Tel = TRANSLATE(
    object_name = RAD_IR_Tel,
    x_dist = 0.21,
    y_dist = -0.125,
    z_dist = 0.175);
RAD_IR_Tel = SHELL_SCS_RECTANGLE(
    xmax = 0.25,
    ymax = 0.4,
    height = 0.0,
    xmin = 0.0,
    ymin = 0.0,
    sense = -1,
    colour1 = "PALE_BLUE",
    colour2 = "PURPLE",
    side1 = "Active",
    nbase1 = 60000,
    ndelta1_1 = 1,
    side2 = "Conductive",
    nbase2 = 60000,
    ndelta2_1 = 1,
    label1 = "RAD_IR_Tel",
    label2 = "RAD_IR_Tel",
    opt1 = OSR,
    opt2 = SSM,
    criticality1 = "NORMAL",
    criticality2 = "NORMAL",
    bulk = Al_6061,
    thick = 0.005,
    through_cond = "EFFECTIVE",
    conductance = 50.0,
    meshType1 = "regular",
    nodes1 = 3,
    meshType2 = "regular",
    nodes2 = 3,
    analysis_type = "Lumped Parameter");

RAD_IR_Tel = ROTATE(
    object_name = RAD_IR_Tel,
    x_ang = 90.0,
    z_ang = 90.0,
    clear = TRUE);
RAD_IR_Tel = TRANSLATE(
    object_name = RAD_IR_Tel,
    x_dist = 0.21,
    y_dist = -0.125,
    z_dist = 0.175);
RAD_Ins = SHELL_SCS_RECTANGLE(
    xmax = 0.25,
    ymax = 0.2,
    height = 0.0,
    xmin = 0.0,
    ymin = 0.0,
    sense = -1,
    colour1 = "PALE_BLUE",
    colour2 = "PALE_BLUE",
    side1 = "Active",
    nbase1 = 61000,
    ndelta1_1 = 1,
    side2 = "Conductive",
    nbase2 = 61000,
    ndelta2_1 = 1,
    label1 = "RAD_Ins",
    label2 = "RAD_Ins",
    opt1 = OSR,
    opt2 = SSM,
    criticality1 = "NORMAL",
    criticality2 = "NORMAL",
    bulk = Al_6061,
    thick = 0.005,
    through_cond = "EFFECTIVE",
    conductance = 50.0,
    meshType1 = "regular",
    nodes1 = 3,
    meshType2 = "regular",
    nodes2 = 3,
    analysis_type = "Lumped Parameter");

RAD_Ins = ROTATE(
    object_name = RAD_Ins,
    x_ang = 90.0,
    z_ang = 90.0,
    clear = TRUE);
RAD_Ins = TRANSLATE(
    object_name = RAD_Ins,
    x_dist = -0.21,
    y_dist = -0.125,
    z_dist = 0.375);
RAD_Ins = SHELL_SCS_RECTANGLE(
    xmax = 0.25,
    ymax = 0.2,
    height = 0.0,
    xmin = 0.0,
    ymin = 0.0,
    sense = -1,
    colour1 = "PALE_BLUE",
    colour2 = "PALE_BLUE",
    side1 = "Active",
    nbase1 = 61000,
    ndelta1_1 = 1,
    side2 = "Active",
    nbase2 = 61000,
    ndelta2_1 = 1,
    label1 = "RAD_Ins",
    label2 = "RAD_Ins",
    opt1 = OSR,
    opt2 = SSM,
    criticality1 = "NORMAL",
    criticality2 = "NORMAL",
    bulk = Al_6061,
    thick = 0.005,
    through_cond = "EFFECTIVE",
    conductance = 50.0,
    meshType1 = "regular",
    nodes1 = 3,
    meshType2 = "regular",
    nodes2 = 3,
    analysis_type = "Lumped Parameter");

RAD_Ins = ROTATE(
    object_name = RAD_Ins,
    x_ang = 90.0,
    z_ang = 90.0,
    clear = TRUE);
RAD_Ins = TRANSLATE(
    object_name = RAD_Ins,
    x_dist = -0.21,
    y_dist = -0.125,
    z_dist = 0.375);
RAD_IR_Tel = SHELL_SCS_RECTANGLE(
    xmax = 0.25,
    ymax = 0.4,
    height = 0.0,
    xmin = 0.0,
    ymin = 0.0,
    sense = -1,
    colour1 = "PALE_BLUE",
    colour2 = "PURPLE",
    side1 = "Active",
    nbase1 = 60000,
    ndelta1_1 = 1,
    side2 = "Active",
    nbase2 = 60000,
    ndelta2_1 = 1,
    label1 = "RAD_IR_Tel",
    label2 = "RAD_IR_Tel",
    opt1 = OSR,
    opt2 = SSM,
    criticality1 = "NORMAL",
    criticality2 = "NORMAL",
    bulk = Al_6061,
    thick = 5.0e-03,
    through_cond = "EFFECTIVE",
    conductance = 50.0,
    emittance = 0.0,
    meshType1 = "regular",
    nodes1 = 3,
    meshType2 = "regular",
    nodes2 = 3,
    analysis_type = "Lumped Parameter");

RAD_IR_Tel = ROTATE(
    object_name = RAD_IR_Tel,
    x_ang = 90.0,
    z_ang = 90.0,
    clear = TRUE);
RAD_IR_Tel = TRANSLATE(
    object_name = RAD_IR_Tel,
    x_dist = 0.21,
    y_dist = -0.125,
    z_dist = 0.175);
RAD_Ins = SHELL_SCS_RECTANGLE(
    xmax = 0.25,
    ymax = 0.2,
    height = 0.0,
    xmin = 0.0,
    ymin = 0.0,
    sense = -1,
    colour1 = "PURPLE",
    colour2 = "PALE_BLUE",
    side1 = "Active",
    nbase1 = 61000,
    ndelta1_1 = 1,
    side2 = "Active",
    nbase2 = 61000,
    ndelta2_1 = 1,
    label1 = "RAD_Ins",
    label2 = "RAD_Ins",
    opt1 = SSM,
    opt2 = OSR,
    criticality1 = "NORMAL",
    criticality2 = "NORMAL",
    bulk = Al_6061,
    thick = 5.0e-03,
    through_cond = "EFFECTIVE",
    conductance = 50.0,
    emittance = 0.0,
    meshType1 = "regular",
    nodes1 = 3,
    meshType2 = "regular",
    nodes2 = 3,
    analysis_type = "Lumped Parameter");

RAD_Ins = ROTATE(
    object_name = RAD_Ins,
    x_ang = 90.0,
    z_ang = 90.0,
    clear = TRUE);
RAD_Ins = TRANSLATE(
    object_name = RAD_Ins,
    x_dist = -0.21,
    y_dist = -0.125,
    z_dist = 0.375);
RAD_IR_Tel = SHELL_SCS_RECTANGLE(
    xmax = 0.25,
    ymax = 0.4,
    height = 0.0,
    xmin = 0.0,
    ymin = 0.0,
    sense = -1,
    colour1 = "PALE_BLUE",
    colour2 = "PURPLE",
    side1 = "Active",
    nbase1 = 60000,
    ndelta1_1 = 1,
    side2 = "Active",
    nbase2 = 60000,
    ndelta2_1 = 1,
    label1 = "RAD_IR_Tel",
    label2 = "RAD_IR_Tel",
    opt1 = OSR,
    opt2 = SSM,
    criticality1 = "NORMAL",
    criticality2 = "NORMAL",
    bulk = Al_6061,
    thick = 5.0e-03,
    through_cond = "EFFECTIVE",
    conductance = 50.0,
    emittance = 0.0,
    meshType1 = "regular",
    nodes1 = 4,
    meshType2 = "regular",
    nodes2 = 3,
    analysis_type = "Lumped Parameter");

RAD_IR_Tel = ROTATE(
    object_name = RAD_IR_Tel,
    x_ang = 90.0,
    z_ang = 90.0,
    clear = TRUE);
RAD_IR_Tel = TRANSLATE(
    object_name = RAD_IR_Tel,
    x_dist = 0.21,
    y_dist = -0.125,
    z_dist = 0.175);
RAD_IR_Tel = SHELL_SCS_RECTANGLE(
    xmax = 0.25,
    ymax = 0.4,
    height = 0.0,
    xmin = 0.0,
    ymin = 0.0,
    sense = -1,
    colour1 = "PALE_BLUE",
    colour2 = "PURPLE",
    side1 = "Active",
    nbase1 = 60000,
    ndelta1_1 = 1,
    side2 = "Active",
    nbase2 = 60000,
    ndelta2_1 = 1,
    label1 = "RAD_IR_Tel",
    label2 = "RAD_IR_Tel",
    opt1 = OSR,
    opt2 = SSM,
    criticality1 = "NORMAL",
    criticality2 = "NORMAL",
    bulk = Al_6061,
    thick = 5.0e-03,
    through_cond = "EFFECTIVE",
    conductance = 50.0,
    emittance = 0.0,
    meshType1 = "regular",
    nodes1 = 4,
    meshType2 = "regular",
    nodes2 = 4,
    analysis_type = "Lumped Parameter");

RAD_IR_Tel = ROTATE(
    object_name = RAD_IR_Tel,
    x_ang = 90.0,
    z_ang = 90.0,
    clear = TRUE);
RAD_IR_Tel = TRANSLATE(
    object_name = RAD_IR_Tel,
    x_dist = 0.21,
    y_dist = -0.125,
    z_dist = 0.175);
RAD_IR_Tel = SHELL_SCS_RECTANGLE(
    xmax = 0.25,
    ymax = 0.4,
    height = 0.0,
    xmin = 0.0,
    ymin = 0.0,
    sense = -1,
    colour1 = "PALE_BLUE",
    colour2 = "PURPLE",
    side1 = "Active",
    nbase1 = 60000,
    ndelta1_1 = 1,
    side2 = "Active",
    nbase2 = 60000,
    ndelta2_1 = 1,
    label1 = "RAD_IR_Tel",
    label2 = "RAD_IR_Tel",
    opt1 = OSR,
    opt2 = SSM,
    criticality1 = "NORMAL",
    criticality2 = "NORMAL",
    bulk = Al_6061,
    thick = 5.0e-03,
    through_cond = "EFFECTIVE",
    conductance = 50.0,
    emittance = 0.0,
    meshType1 = "regular",
    nodes1 = 3,
    meshType2 = "regular",
    nodes2 = 4,
    analysis_type = "Lumped Parameter");

RAD_IR_Tel = ROTATE(
    object_name = RAD_IR_Tel,
    x_ang = 90.0,
    z_ang = 90.0,
    clear = TRUE);
RAD_IR_Tel = TRANSLATE(
    object_name = RAD_IR_Tel,
    x_dist = 0.21,
    y_dist = -0.125,
    z_dist = 0.175);
RAD_IR_Tel = SHELL_SCS_RECTANGLE(
    xmax = 0.25,
    ymax = 0.4,
    height = 0.0,
    xmin = 0.0,
    ymin = 0.0,
    sense = -1,
    colour1 = "PALE_BLUE",
    colour2 = "PURPLE",
    side1 = "Active",
    nbase1 = 60000,
    ndelta1_1 = 1,
    side2 = "Active",
    nbase2 = 60000,
    ndelta2_1 = 1,
    label1 = "RAD_IR_Tel",
    label2 = "RAD_IR_Tel",
    opt1 = OSR,
    opt2 = SSM,
    criticality1 = "NORMAL",
    criticality2 = "NORMAL",
    bulk = Al_6061,
    thick = 5.0e-03,
    through_cond = "EFFECTIVE",
    conductance = 50.0,
    emittance = 0.0,
    meshType1 = "regular",
    nodes1 = 5,
    meshType2 = "regular",
    nodes2 = 5,
    analysis_type = "Lumped Parameter");

RAD_IR_Tel = ROTATE(
    object_name = RAD_IR_Tel,
    x_ang = 90.0,
    z_ang = 90.0,
    clear = TRUE);
RAD_IR_Tel = TRANSLATE(
    object_name = RAD_IR_Tel,
    x_dist = 0.21,
    y_dist = -0.125,
    z_dist = 0.175);
CCD_RAD_1 = CONDUCTIVE_CONDUCTOR(
    source_reference = "IR_TEL_CCD:face7",
    destination_reference = "RAD_IR_Tel:face26",
    conductivity = 400.0,
    shape_factor = 0.1366667);

CCD_RAD_2 = CONDUCTIVE_CONDUCTOR(
    source_reference = "IR_TEL_CCD:face1",
    destination_reference = "RAD_IR_Tel:face26",
    conductivity = 400.0,
    shape_factor = 0.1366667);

CCD_RAD_3 = CONDUCTIVE_CONDUCTOR(
    source_reference = "IR_TEL_CCD:face5",
    destination_reference = "RAD_IR_Tel:face26",
    conductivity = 400.0,
    shape_factor = 0.1366667);

CCD_RAD_4 = CONDUCTIVE_CONDUCTOR(
    source_reference = "IR_TEL_CCD:face3",
    destination_reference = "RAD_IR_Tel:face26",
    conductivity = 400.0,
    shape_factor = 0.1366667);

BULK Copper;
DEFINE_BULK(bulk = Copper,
               type = "Isotropic",
               description = "",
               density = 7760.0,
               sp_heat = 385.0,
               cond = 385.0);

RAD_IR_Tel = SHELL_SCS_RECTANGLE(
    xmax = 0.25,
    ymax = 0.4,
    height = 0.0,
    xmin = 0.0,
    ymin = 0.0,
    sense = -1,
    colour1 = "PALE_BLUE",
    colour2 = "PURPLE",
    side1 = "Active",
    nbase1 = 60000,
    ndelta1_1 = 1,
    side2 = "Active",
    nbase2 = 60000,
    ndelta2_1 = 1,
    label1 = "RAD_IR_Tel",
    label2 = "RAD_IR_Tel",
    opt1 = OSR,
    opt2 = SSM,
    criticality1 = "NORMAL",
    criticality2 = "NORMAL",
    bulk = Copper,
    thick = 5.0e-03,
    meshType1 = "regular",
    nodes1 = 5,
    meshType2 = "regular",
    nodes2 = 5,
    analysis_type = "Lumped Parameter");

RAD_IR_Tel = ROTATE(
    object_name = RAD_IR_Tel,
    x_ang = 90.0,
    z_ang = 90.0,
    clear = TRUE);
RAD_IR_Tel = TRANSLATE(
    object_name = RAD_IR_Tel,
    x_dist = 0.21,
    y_dist = -0.125,
    z_dist = 0.175);
RAD_Ins = SHELL_SCS_RECTANGLE(
    xmax = 0.25,
    ymax = 0.2,
    height = 0.0,
    xmin = 0.0,
    ymin = 0.0,
    sense = -1,
    colour1 = "PURPLE",
    colour2 = "PALE_BLUE",
    side1 = "Active",
    nbase1 = 61000,
    ndelta1_1 = 1,
    side2 = "Active",
    nbase2 = 61000,
    ndelta2_1 = 1,
    label1 = "RAD_Ins",
    label2 = "RAD_Ins",
    opt1 = SSM,
    opt2 = OSR,
    criticality1 = "NORMAL",
    criticality2 = "NORMAL",
    bulk = Copper,
    thick = 5.0e-03,
    meshType1 = "regular",
    nodes1 = 3,
    meshType2 = "regular",
    nodes2 = 3,
    analysis_type = "Lumped Parameter");

RAD_Ins = ROTATE(
    object_name = RAD_Ins,
    x_ang = 90.0,
    z_ang = 90.0,
    clear = TRUE);
RAD_Ins = TRANSLATE(
    object_name = RAD_Ins,
    x_dist = -0.21,
    y_dist = -0.125,
    z_dist = 0.375);
IR_TEL_STR_2 = SHELL_SCS_DISC(
    rmax = 0.125,
    rmin = 0.1,
    height = 0.0,
    angmin = 0.0,
    angmax = 360.0,
    sense = -1,
    colour1 = "PALE_BLUE",
    colour2 = "PALE_BLUE",
    side1 = "Active",
    nbase1 = 45000,
    ndelta1_1 = 1,
    side2 = "Active",
    nbase2 = 45000,
    ndelta2_1 = 1,
    label1 = "IR_TEL_STR_2",
    label2 = "IR_TEL_STR_2",
    opt1 = Al_7075_Polished,
    opt2 = Al_7075_Polished,
    criticality1 = "NORMAL",
    criticality2 = "NORMAL",
    bulk = CFRP,
    thick = 1.0e-03,
    meshType1 = "regular",
    nodes1 = 1,
    meshType2 = "regular",
    nodes2 = 1,
    analysis_type = "Lumped Parameter");

IR_TEL_STR_2 = TRANSLATE(
    object_name = IR_TEL_STR_2,
    clear = TRUE);
CCD_RAD_1 = CONDUCTIVE_CONDUCTOR(
    source_reference = "IR_TEL_CCD:face7",
    destination_reference = "RAD_IR_Tel:face26",
    conductivity = 400.0,
    shape_factor = 0.08);

CCD_RAD_2 = CONDUCTIVE_CONDUCTOR(
    source_reference = "IR_TEL_CCD:face1",
    destination_reference = "RAD_IR_Tel:face26",
    conductivity = 400.0,
    shape_factor = 0.08);

CCD_RAD_3 = CONDUCTIVE_CONDUCTOR(
    source_reference = "IR_TEL_CCD:face5",
    destination_reference = "RAD_IR_Tel:face26",
    conductivity = 400.0,
    shape_factor = 0.08);

RAD_IR_Tel = SHELL_SCS_RECTANGLE(
    xmax = 0.25,
    ymax = 0.4,
    height = 0.0,
    xmin = 0.0,
    ymin = 0.0,
    sense = -1,
    colour1 = "PALE_BLUE",
    colour2 = "PURPLE",
    side1 = "Active",
    nbase1 = 60000,
    ndelta1_1 = 1,
    side2 = "Active",
    nbase2 = 60000,
    ndelta2_1 = 1,
    label1 = "RAD_IR_Tel",
    label2 = "RAD_IR_Tel",
    opt1 = OSR,
    opt2 = SSM,
    criticality1 = "NORMAL",
    criticality2 = "NORMAL",
    bulk = Copper,
    thick = 5.0e-03,
    meshType1 = "regular",
    nodes1 = 3,
    meshType2 = "regular",
    nodes2 = 3,
    analysis_type = "Lumped Parameter");

RAD_IR_Tel = ROTATE(
    object_name = RAD_IR_Tel,
    x_ang = 90.0,
    z_ang = 90.0,
    clear = TRUE);
RAD_IR_Tel = TRANSLATE(
    object_name = RAD_IR_Tel,
    x_dist = 0.21,
    y_dist = -0.125,
    z_dist = 0.175);
CCD_RAD_1 = CONDUCTIVE_CONDUCTOR(
    source_reference = "IR_TEL_CCD:face7",
    destination_reference = "RAD_IR_Tel:face10",
    conductivity = 400.0,
    shape_factor = 0.08);

CCD_RAD_2 = CONDUCTIVE_CONDUCTOR(
    source_reference = "IR_TEL_CCD:face1",
    destination_reference = "RAD_IR_Tel:face10",
    conductivity = 400.0,
    shape_factor = 0.08);

CCD_RAD_3 = CONDUCTIVE_CONDUCTOR(
    source_reference = "IR_TEL_CCD:face5",
    destination_reference = "RAD_IR_Tel:face10",
    conductivity = 400.0,
    shape_factor = 0.08);

CCD_RAD_4 = CONDUCTIVE_CONDUCTOR(
    source_reference = "IR_TEL_CCD:face3",
    destination_reference = "RAD_IR_Tel:face10",
    conductivity = 400.0,
    shape_factor = 0.1366667);

CCD_RAD_4 = CONDUCTIVE_CONDUCTOR(
    source_reference = "IR_TEL_CCD:face3",
    destination_reference = "RAD_IR_Tel:face10",
    conductivity = 400.0,
    shape_factor = 0.08);

IR_Tel_Lens_IR_Tel_Obj = CONDUCTIVE_CONDUCTOR(
    source_reference = "IR_TEL_LENS:face1",
    destination_reference = "IR_TEL_OBJ:surface2",
    conductivity = 160.0,
    shape_factor = 0.0009);

IR_Tel_Obj_IR_Tel_CCD_1 = CONDUCTIVE_CONDUCTOR(
    source_reference = "IR_TEL_OBJ:face2",
    destination_reference = "IR_TEL_CCD:surface2",
    conductivity = 160.0,
    shape_factor = 0.99e-4);

IR_Tel_Obj_IR_Tel_CCD_2 = CONDUCTIVE_CONDUCTOR(
    source_reference = "IR_TEL_OBJ:face4",
    destination_reference = "IR_TEL_CCD:surface2",
    conductivity = 160.0,
    shape_factor = 0.99e-4);

IR_Tel_Obj_IR_Tel_STR_1 = CONDUCTIVE_CONDUCTOR(
    source_reference = "IR_TEL_OBJ:face1",
    destination_reference = "IR_TEL_STR:face2",
    conductivity = 160.0,
    shape_factor = 0.993e-4);

IR_Tel_Obj_IR_Tel_STR_2 = CONDUCTIVE_CONDUCTOR(
    source_reference = "IR_TEL_OBJ:face3",
    destination_reference = "IR_TEL_STR:face4",
    conductivity = 160.0,
    shape_factor = 0.993e-4);

IR_Tel_STR_Panel_inf_1 = CONDUCTIVE_CONDUCTOR(
    source_reference = "IR_TEL_STR:face3",
    destination_reference = "Panels:face47",
    conductivity = 160.0,
    shape_factor = 2.33e-3);

IR_Tel_STR_Panel_inf_2 = CONDUCTIVE_CONDUCTOR(
    source_reference = "IR_TEL_STR:face3",
    destination_reference = "Panels:face45",
    conductivity = 160.0,
    shape_factor = 2.33e-3);

IR_Tel_STR_Panel_inf_3 = CONDUCTIVE_CONDUCTOR(
    source_reference = "IR_TEL_STR:face1",
    destination_reference = "Panels:face43",
    conductivity = 160.0,
    shape_factor = 2.33e-3);

IR_Tel_STR_Panel_inf_4 = CONDUCTIVE_CONDUCTOR(
    source_reference = "IR_TEL_STR:face1",
    destination_reference = "Panels:face41",
    conductivity = 160.0,
    shape_factor = 2.33e-3);

Panel_xypos_SolarPanel_1 = CONDUCTIVE_CONDUCTOR(
    source_reference = "Panels:face23",
    destination_reference = "Solar_Panles_xPlus:face18",
    conductivity = 160.0,
    shape_factor = 0.0666667e-2);

Panel_xypos_SolarPanel_1 = CONDUCTIVE_CONDUCTOR(
    source_reference = "Panels:face23",
    destination_reference = "Solar_Panles_xPlus:face18",
    conductivity = 160.0,
    shape_factor = 0.0666667e-1);

Panel_xypos_SolarPanel_2 = CONDUCTIVE_CONDUCTOR(
    source_reference = "Panels:face19",
    destination_reference = "Solar_Panles_xPlus:face2",
    conductivity = 160.0,
    shape_factor = 0.0666667e-1);

RAD_IR_Tel = SHELL_SCS_RECTANGLE(
    xmax = 0.25,
    ymax = 0.45,
    height = 0.0,
    xmin = 0.0,
    ymin = 0.0,
    sense = -1,
    colour1 = "PALE_BLUE",
    colour2 = "PURPLE",
    side1 = "Active",
    nbase1 = 60000,
    ndelta1_1 = 1,
    side2 = "Active",
    nbase2 = 60000,
    ndelta2_1 = 1,
    label1 = "RAD_IR_Tel",
    label2 = "RAD_IR_Tel",
    opt1 = OSR,
    opt2 = SSM,
    criticality1 = "NORMAL",
    criticality2 = "NORMAL",
    bulk = Copper,
    thick = 5.0e-03,
    meshType1 = "regular",
    nodes1 = 3,
    meshType2 = "regular",
    nodes2 = 3,
    analysis_type = "Lumped Parameter");

RAD_IR_Tel = ROTATE(
    object_name = RAD_IR_Tel,
    x_ang = 90.0,
    z_ang = 90.0,
    clear = TRUE);
RAD_IR_Tel = TRANSLATE(
    object_name = RAD_IR_Tel,
    x_dist = 0.21,
    y_dist = -0.125,
    z_dist = 0.180);
RAD_IR_Tel = SHELL_SCS_RECTANGLE(
    xmax = 0.25,
    ymax = 0.45,
    height = 0.0,
    xmin = 0.0,
    ymin = 0.0,
    sense = -1,
    colour1 = "PALE_BLUE",
    colour2 = "PURPLE",
    side1 = "Active",
    nbase1 = 60000,
    ndelta1_1 = 1,
    side2 = "Active",
    nbase2 = 60000,
    ndelta2_1 = 1,
    label1 = "RAD_IR_Tel",
    label2 = "RAD_IR_Tel",
    opt1 = OSR,
    opt2 = SSM,
    criticality1 = "NORMAL",
    criticality2 = "NORMAL",
    bulk = Copper,
    thick = 5.0e-03,
    meshType1 = "regular",
    nodes1 = 3,
    meshType2 = "regular",
    nodes2 = 3,
    analysis_type = "Lumped Parameter");

RAD_IR_Tel = ROTATE(
    object_name = RAD_IR_Tel,
    x_ang = 90.0,
    z_ang = 90.0,
    clear = TRUE);
RAD_IR_Tel = TRANSLATE(
    object_name = RAD_IR_Tel,
    x_dist = 0.21,
    y_dist = -0.125,
    z_dist = 0.170);
RAD_IR_Tel = SHELL_SCS_RECTANGLE(
    xmax = 0.25,
    ymax = 0.45,
    height = 0.0,
    xmin = 0.0,
    ymin = 0.0,
    sense = -1,
    colour1 = "PALE_BLUE",
    colour2 = "PURPLE",
    side1 = "Active",
    nbase1 = 60000,
    ndelta1_1 = 1,
    side2 = "Active",
    nbase2 = 60000,
    ndelta2_1 = 1,
    label1 = "RAD_IR_Tel",
    label2 = "RAD_IR_Tel",
    opt1 = OSR,
    opt2 = SSM,
    criticality1 = "NORMAL",
    criticality2 = "NORMAL",
    bulk = Copper,
    thick = 5.0e-03,
    meshType1 = "regular",
    nodes1 = 3,
    meshType2 = "regular",
    nodes2 = 3,
    analysis_type = "Lumped Parameter");

RAD_IR_Tel = ROTATE(
    object_name = RAD_IR_Tel,
    x_ang = 90.0,
    z_ang = 90.0,
    clear = TRUE);
RAD_IR_Tel = TRANSLATE(
    object_name = RAD_IR_Tel,
    x_dist = 0.21,
    y_dist = -0.125,
    z_dist = 0.16);
RAD_IR_Tel = SHELL_SCS_RECTANGLE(
    xmax = 0.25,
    ymax = 0.45,
    height = 0.0,
    xmin = 0.0,
    ymin = 0.0,
    sense = -1,
    colour1 = "PALE_BLUE",
    colour2 = "PURPLE",
    side1 = "Active",
    nbase1 = 60000,
    ndelta1_1 = 1,
    side2 = "Active",
    nbase2 = 60000,
    ndelta2_1 = 1,
    label1 = "RAD_IR_Tel",
    label2 = "RAD_IR_Tel",
    opt1 = OSR,
    opt2 = SSM,
    criticality1 = "NORMAL",
    criticality2 = "NORMAL",
    bulk = Copper,
    thick = 5.0e-03,
    meshType1 = "regular",
    nodes1 = 3,
    meshType2 = "regular",
    nodes2 = 3,
    analysis_type = "Lumped Parameter");

RAD_IR_Tel = ROTATE(
    object_name = RAD_IR_Tel,
    x_ang = 90.0,
    z_ang = 90.0,
    clear = TRUE);
RAD_IR_Tel = TRANSLATE(
    object_name = RAD_IR_Tel,
    x_dist = 0.21,
    y_dist = -0.125,
    z_dist = 0.15);
RAD_IR_Tel = SHELL_SCS_RECTANGLE(
    xmax = 0.25,
    ymax = 0.45,
    height = 0.0,
    xmin = 0.0,
    ymin = 0.0,
    sense = -1,
    colour1 = "PALE_BLUE",
    colour2 = "PURPLE",
    side1 = "Active",
    nbase1 = 60000,
    ndelta1_1 = 1,
    side2 = "Active",
    nbase2 = 60000,
    ndelta2_1 = 1,
    label1 = "RAD_IR_Tel",
    label2 = "RAD_IR_Tel",
    opt1 = OSR,
    opt2 = SSM,
    criticality1 = "NORMAL",
    criticality2 = "NORMAL",
    bulk = Copper,
    thick = 5.0e-03,
    meshType1 = "regular",
    nodes1 = 3,
    meshType2 = "regular",
    nodes2 = 3,
    analysis_type = "Lumped Parameter");

RAD_IR_Tel = ROTATE(
    object_name = RAD_IR_Tel,
    x_ang = 90.0,
    z_ang = 90.0,
    clear = TRUE);
RAD_IR_Tel = TRANSLATE(
    object_name = RAD_IR_Tel,
    x_dist = 0.21,
    y_dist = -0.125,
    z_dist = 0.125);
CCD_RAD_1 = CONDUCTIVE_CONDUCTOR(
    source_reference = "IR_TEL_CCD:face7",
    destination_reference = "RAD_IR_Tel:face10",
    conductivity = 50000.0,
    shape_factor = 0.08);

CCD_RAD_2 = CONDUCTIVE_CONDUCTOR(
    source_reference = "IR_TEL_CCD:face1",
    destination_reference = "RAD_IR_Tel:face10",
    conductivity = 50.0e3,
    shape_factor = 0.08);

CCD_RAD_2 = CONDUCTIVE_CONDUCTOR(
    source_reference = "IR_TEL_CCD:face1",
    destination_reference = "RAD_IR_Tel:face10",
    conductivity = 50000.0,
    shape_factor = 0.08);

CCD_RAD_3 = CONDUCTIVE_CONDUCTOR(
    source_reference = "IR_TEL_CCD:face5",
    destination_reference = "RAD_IR_Tel:face10",
    conductivity = 50000.0,
    shape_factor = 0.08);

CCD_RAD_4 = CONDUCTIVE_CONDUCTOR(
    source_reference = "IR_TEL_CCD:face3",
    destination_reference = "RAD_IR_Tel:face10",
    conductivity = 50000.0,
    shape_factor = 0.08);

EBox_RAD_1 = CONDUCTIVE_CONDUCTOR(
    source_reference = "Electronic_Box:face5",
    destination_reference = "RAD_Ins:face9",
    conductivity = 30000.0,
    shape_factor = 0.0666667);

EBox_RAD_2 = CONDUCTIVE_CONDUCTOR(
    source_reference = "Electronic_Box:face1",
    destination_reference = "RAD_Ins:face9",
    conductivity = 30000.0,
    shape_factor = 0.0666667);

EBox_RAD_3 = CONDUCTIVE_CONDUCTOR(
    source_reference = "Electronic_Box:face7",
    destination_reference = "RAD_Ins:face9",
    conductivity = 30000.0,
    shape_factor = 0.0666667);

EBox_RAD_4 = CONDUCTIVE_CONDUCTOR(
    source_reference = "Electronic_Box:face3",
    destination_reference = "RAD_Ins:face9",
    conductivity = 30000.0,
    shape_factor = 0.0666667);

