/* ESATAN-TMS version 2020, run date 18:54 Sat 8 May 2021 */
BEGIN_MODEL GagarinSat_cfg2 WORKBENCH_V1
/* END_MODEL */
/* ESATAN-TMS version 2020, run date 18:59 Sat 8 May 2021 */
/* BEGIN_MODEL GagarinSat_cfg2 WORKBENCH_V1 */
DELETE_GEOMETRY (geometry = Body_plate_2, recursive = FALSE, unassign = FALSE);
Panels = SHELL_SCS_BOX(
    height = 0.5,
    xmax = 0.4,
    ymax = 0.2,
    xmin = 0.0,
    ymin = 0.0,
    sense = -1,
    colour1 = "METAL_GREY",
    colour2 = "METAL_GREY",
    side1 = "Active",
    nbase1 = 10000,
    ndelta1_1 = 1,
    side2 = "Active",
    nbase2 = 10000,
    ndelta2_1 = 1,
    label1 = "BODY_PANEL",
    label2 = "BODY_PANEL",
    opt1 = Al_anodized_blck,
    opt2 = Al_anodized_blck,
    criticality1 = "NORMAL",
    criticality2 = "NORMAL",
    bulk = Al_7075,
    thick = 2.0e-03,
    meshType1 = "regular",
    nodes1 = 2,
    meshType2 = "regular",
    nodes2 = 2,
    meshType3 = "regular",
    nodes3 = 2,
    analysis_type = "Lumped Parameter");

Panels = TRANSLATE(
    object_name = Panels,
    clear = TRUE);
Panels = SHELL_SCS_BOX(
    height = 0.5,
    xmax = 0.4,
    ymax = 0.2,
    xmin = 0.0,
    ymin = 0.0,
    sense = -1,
    colour1 = "METAL_GREY",
    colour2 = "METAL_GREY",
    side1 = "Active",
    nbase1 = 10000,
    ndelta1_1 = 1,
    side2 = "Active",
    nbase2 = 10000,
    ndelta2_1 = 1,
    label1 = "BODY_PANEL",
    label2 = "BODY_PANEL",
    opt1 = Al_anodized_blck,
    opt2 = Al_anodized_blck,
    criticality1 = "NORMAL",
    criticality2 = "NORMAL",
    bulk = Al_7075,
    thick = 2.0e-03,
    meshType1 = "regular",
    nodes1 = 2,
    meshType2 = "regular",
    nodes2 = 2,
    meshType3 = "regular",
    nodes3 = 2,
    analysis_type = "Lumped Parameter");

Panels = TRANSLATE(
    object_name = Panels,
    clear = TRUE);
Panels = SHELL_SCS_BOX(
    height = 0.25,
    xmax = 0.3,
    ymax = 0.3,
    xmin = 0.0,
    ymin = 0.0,
    sense = -1,
    colour1 = "METAL_GREY",
    colour2 = "METAL_GREY",
    side1 = "Active",
    nbase1 = 10000,
    ndelta1_1 = 1,
    side2 = "Active",
    nbase2 = 10000,
    ndelta2_1 = 1,
    label1 = "BODY_PANEL",
    label2 = "BODY_PANEL",
    opt1 = Al_anodized_blck,
    opt2 = Al_anodized_blck,
    criticality1 = "NORMAL",
    criticality2 = "NORMAL",
    bulk = Al_7075,
    thick = 2.0e-03,
    meshType1 = "regular",
    nodes1 = 2,
    meshType2 = "regular",
    nodes2 = 2,
    meshType3 = "regular",
    nodes3 = 2,
    analysis_type = "Lumped Parameter");

Panels = TRANSLATE(
    object_name = Panels,
    clear = TRUE);
IR_TEL_STR = SHELL_SCS_CYLINDER(
    radius = 0.125,
    hmax = 0.35,
    sense = -1,
    colour1 = "MAGENTA_GREY",
    colour2 = "MAGENTA_GREY",
    side1 = "Active",
    nbase1 = 40000,
    ndelta1_1 = 1,
    side2 = "Active",
    nbase2 = 40000,
    ndelta2_1 = 1,
    label1 = "IR_TEL_STR",
    label2 = "IR_TEL_STR",
    opt1 = White_paint,
    opt2 = White_paint,
    criticality1 = "NORMAL",
    criticality2 = "NORMAL",
    bulk = Al_6061,
    thick = 1.0e-03,
    meshType1 = "regular",
    nodes1 = 1,
    meshType2 = "regular",
    nodes2 = 1,
    analysis_type = "Lumped Parameter");

IR_TEL_STR = TRANSLATE(
    object_name = IR_TEL_STR,
    clear = TRUE);
Panels = SHELL_SCS_BOX(
    height = 0.25,
    xmax = 0.3,
    ymax = 0.3,
    xmin = 0.0,
    ymin = 0.0,
    sense = -1,
    colour1 = "METAL_GREY",
    colour2 = "METAL_GREY",
    side1 = "Active",
    nbase1 = 10000,
    ndelta1_1 = 1,
    side2 = "Active",
    nbase2 = 10000,
    ndelta2_1 = 1,
    label1 = "BODY_PANEL",
    label2 = "BODY_PANEL",
    opt1 = Al_anodized_blck,
    opt2 = Al_anodized_blck,
    criticality1 = "NORMAL",
    criticality2 = "NORMAL",
    bulk = Al_7075,
    thick = 2.0e-03,
    meshType1 = "regular",
    nodes1 = 2,
    meshType2 = "regular",
    nodes2 = 2,
    meshType3 = "regular",
    nodes3 = 2,
    analysis_type = "Lumped Parameter");

Panels = TRANSLATE(
    object_name = Panels,
    x_dist = .15,
    y_dist = .15,
    clear = TRUE);
Panels = SHELL_SCS_BOX(
    height = 0.25,
    xmax = 0.3,
    ymax = 0.3,
    xmin = 0.0,
    ymin = 0.0,
    sense = -1,
    colour1 = "METAL_GREY",
    colour2 = "METAL_GREY",
    side1 = "Active",
    nbase1 = 10000,
    ndelta1_1 = 1,
    side2 = "Active",
    nbase2 = 10000,
    ndelta2_1 = 1,
    label1 = "BODY_PANEL",
    label2 = "BODY_PANEL",
    opt1 = Al_anodized_blck,
    opt2 = Al_anodized_blck,
    criticality1 = "NORMAL",
    criticality2 = "NORMAL",
    bulk = Al_7075,
    thick = 2.0e-03,
    meshType1 = "regular",
    nodes1 = 2,
    meshType2 = "regular",
    nodes2 = 2,
    meshType3 = "regular",
    nodes3 = 2,
    analysis_type = "Lumped Parameter");

Panels = TRANSLATE(
    object_name = Panels,
    x_dist = -.15,
    y_dist = -.15,
    clear = TRUE);
Panels = SHELL_SCS_BOX(
    height = 0.25,
    xmax = 0.3,
    ymax = 0.3,
    xmin = 0.0,
    ymin = 0.0,
    sense = -1,
    colour1 = "METAL_GREY",
    colour2 = "METAL_GREY",
    side1 = "Active",
    nbase1 = 10000,
    ndelta1_1 = 1,
    side2 = "Active",
    nbase2 = 10000,
    ndelta2_1 = 1,
    label1 = "BODY_PANEL",
    label2 = "BODY_PANEL",
    opt1 = Al_anodized_blck,
    opt2 = Al_anodized_blck,
    criticality1 = "NORMAL",
    criticality2 = "NORMAL",
    bulk = Al_7075,
    thick = 2.0e-03,
    meshType1 = "regular",
    nodes1 = 2,
    meshType2 = "regular",
    nodes2 = 2,
    meshType3 = "regular",
    nodes3 = 2,
    analysis_type = "Lumped Parameter");

Panels = TRANSLATE(
    object_name = Panels,
    x_dist = -.15,
    y_dist = -.15,
    z_dist = 0.3501,
    clear = TRUE);
Panels = SHELL_SCS_BOX(
    height = 0.25,
    xmax = 0.3,
    ymax = 0.3,
    xmin = 0.0,
    ymin = 0.0,
    sense = -1,
    colour1 = "METAL_GREY",
    colour2 = "METAL_GREY",
    side1 = "Active",
    nbase1 = 10000,
    ndelta1_1 = 1,
    side2 = "Active",
    nbase2 = 10000,
    ndelta2_1 = 1,
    label1 = "BODY_PANEL",
    label2 = "BODY_PANEL",
    opt1 = Al_anodized_blck,
    opt2 = Al_anodized_blck,
    criticality1 = "NORMAL",
    criticality2 = "NORMAL",
    bulk = Al_7075,
    thick = 2.0e-03,
    meshType1 = "regular",
    nodes1 = 2,
    meshType2 = "regular",
    nodes2 = 2,
    meshType3 = "regular",
    nodes3 = 2,
    analysis_type = "Lumped Parameter");

Panels = TRANSLATE(
    object_name = Panels,
    x_dist = -.15,
    y_dist = -.15,
    z_dist = 0.351,
    clear = TRUE);
Panels = SHELL_SCS_BOX(
    height = 0.25,
    xmax = 0.3,
    ymax = 0.3,
    xmin = 0.0,
    ymin = 0.0,
    sense = -1,
    colour1 = "METAL_GREY",
    colour2 = "METAL_GREY",
    side1 = "Active",
    nbase1 = 10000,
    ndelta1_1 = 1,
    side2 = "Active",
    nbase2 = 10000,
    ndelta2_1 = 1,
    label1 = "BODY_PANEL",
    label2 = "BODY_PANEL",
    opt1 = Al_anodized_blck,
    opt2 = Al_anodized_blck,
    criticality1 = "NORMAL",
    criticality2 = "NORMAL",
    bulk = Al_7075,
    thick = 2.0e-03,
    meshType1 = "regular",
    nodes1 = 2,
    meshType2 = "regular",
    nodes2 = 2,
    meshType3 = "regular",
    nodes3 = 2,
    analysis_type = "Lumped Parameter");

Panels = TRANSLATE(
    object_name = Panels,
    x_dist = -.15,
    y_dist = -.15,
    z_dist = 0.3501,
    clear = TRUE);
BODY_CUTTER = SHELL_SCS_CYLINDER(
    radius = 0.125,
    hmax = 0.35,
    hmin = 0.0,
    angmin = 0.0,
    angmax = 360.0,
    sense = -1,
    colour1 = "DARK_GREY",
    colour2 = "DARK_GREY",
    side1 = "Active",
    nbase1 = 43000,
    ndelta1_1 = 1,
    side2 = "Active",
    nbase2 = 43000,
    ndelta2_1 = 1,
    label1 = "IR_TEL_OBJ",
    label2 = "IR_TEL_OBJ",
    opt1 = Black_paint,
    opt2 = Black_paint,
    criticality1 = "NORMAL",
    criticality2 = "NORMAL",
    bulk = Al_6061,
    thick = 2.0e-03,
    meshType1 = "regular",
    nodes1 = 1,
    meshType2 = "regular",
    nodes2 = 1,
    analysis_type = "Lumped Parameter");

BODY_CUTTER = TRANSLATE(
    object_name = BODY_CUTTER,
    clear = TRUE);
BODY_CUTTER = SHELL_SCS_CYLINDER(
    radius = 0.125,
    hmax = 0.35,
    hmin = 0.0,
    angmin = 0.0,
    angmax = 360.0,
    sense = -1,
    colour1 = "DARK_GREY",
    colour2 = "DARK_GREY",
    side1 = "Active",
    nbase1 = 43000,
    ndelta1_1 = 1,
    side2 = "Active",
    nbase2 = 43000,
    ndelta2_1 = 1,
    label1 = "IR_TEL_OBJ",
    label2 = "IR_TEL_OBJ",
    opt1 = Black_paint,
    opt2 = Black_paint,
    criticality1 = "NORMAL",
    criticality2 = "NORMAL",
    bulk = Al_6061,
    thick = 2.0e-03,
    meshType1 = "regular",
    nodes1 = 1,
    meshType2 = "regular",
    nodes2 = 1,
    analysis_type = "Lumped Parameter");

BODY_CUTTER = TRANSLATE(
    object_name = BODY_CUTTER,
    z_dist = .1,
    clear = TRUE);
Body_plate_1 = SHELL_SCS_RECTANGLE(
    xmax = .3,
    ymax = .3,
    height = 0.10525,
    xmin = 0.0,
    ymin = 0.0,
    sense = -1,
    colour1 = "METAL_GREY",
    colour2 = "METAL_GREY",
    side1 = "Active",
    nbase1 = 11000,
    ndelta1_1 = 1,
    side2 = "Active",
    nbase2 = 11000,
    ndelta2_1 = 1,
    label1 = "BODY_PLATE_1",
    label2 = "BODY_PLATE_1",
    opt1 = Al_anodized_blck,
    opt2 = Al_anodized_blck,
    criticality1 = "NORMAL",
    criticality2 = "NORMAL",
    bulk = Al_7075,
    thick = 2.0e-03,
    meshType1 = "regular",
    nodes1 = 2,
    meshType2 = "regular",
    nodes2 = 2,
    analysis_type = "Lumped Parameter");

Body_plate_1 = TRANSLATE(
    object_name = Body_plate_1,
    x_dist = -.15,
    y_dist = -.15,
    clear = TRUE);
Body_plate_1 = SHELL_SCS_RECTANGLE(
    xmax = .3,
    ymax = .3,
    height = 0.10525,
    xmin = 0.0,
    ymin = 0.0,
    sense = -1,
    colour1 = "METAL_GREY",
    colour2 = "METAL_GREY",
    side1 = "Active",
    nbase1 = 11000,
    ndelta1_1 = 1,
    side2 = "Active",
    nbase2 = 11000,
    ndelta2_1 = 1,
    label1 = "BODY_PLATE_1",
    label2 = "BODY_PLATE_1",
    opt1 = Al_anodized_blck,
    opt2 = Al_anodized_blck,
    criticality1 = "NORMAL",
    criticality2 = "NORMAL",
    bulk = Al_7075,
    thick = 2.0e-03,
    meshType1 = "regular",
    nodes1 = 2,
    meshType2 = "regular",
    nodes2 = 2,
    analysis_type = "Lumped Parameter");

Body_plate_1 = TRANSLATE(
    object_name = Body_plate_1,
    x_dist = -.15,
    y_dist = -.15,
    z_dist = (0.25+0.35)/2.0,
    clear = TRUE);
Body_plate_1 = SHELL_SCS_RECTANGLE(
    xmax = .3,
    ymax = .3,
    height = 0.10525,
    xmin = 0.0,
    ymin = 0.0,
    sense = -1,
    colour1 = "METAL_GREY",
    colour2 = "METAL_GREY",
    side1 = "Active",
    nbase1 = 11000,
    ndelta1_1 = 1,
    side2 = "Active",
    nbase2 = 11000,
    ndelta2_1 = 1,
    label1 = "BODY_PLATE_1",
    label2 = "BODY_PLATE_1",
    opt1 = Al_anodized_blck,
    opt2 = Al_anodized_blck,
    criticality1 = "NORMAL",
    criticality2 = "NORMAL",
    bulk = Al_7075,
    thick = 2.0e-03,
    meshType1 = "regular",
    nodes1 = 2,
    meshType2 = "regular",
    nodes2 = 2,
    analysis_type = "Lumped Parameter");

Body_plate_1 = TRANSLATE(
    object_name = Body_plate_1,
    x_dist = -.15,
    y_dist = -.15,
    z_dist = (0.25)/2.0+0.35,
    clear = TRUE);
Body_plate_1 = SHELL_SCS_RECTANGLE(
    xmax = .3,
    ymax = .3,
    height = 0.10525,
    xmin = 0.0,
    ymin = 0.0,
    sense = -1,
    colour1 = "METAL_GREY",
    colour2 = "METAL_GREY",
    side1 = "Active",
    nbase1 = 11000,
    ndelta1_1 = 1,
    side2 = "Active",
    nbase2 = 11000,
    ndelta2_1 = 1,
    label1 = "BODY_PLATE_1",
    label2 = "BODY_PLATE_1",
    opt1 = Al_anodized_blck,
    opt2 = Al_anodized_blck,
    criticality1 = "NORMAL",
    criticality2 = "NORMAL",
    bulk = Al_7075,
    thick = 2.0e-03,
    meshType1 = "regular",
    nodes1 = 2,
    meshType2 = "regular",
    nodes2 = 2,
    analysis_type = "Lumped Parameter");

Body_plate_1 = TRANSLATE(
    object_name = Body_plate_1,
    x_dist = -.15,
    y_dist = -.15,
    z_dist = (0.35)/2.0+0.25,
    clear = TRUE);
Body_plate_1 = SHELL_SCS_RECTANGLE(
    xmax = .3,
    ymax = .3,
    height = 0.10525,
    xmin = 0.0,
    ymin = 0.0,
    sense = -1,
    colour1 = "METAL_GREY",
    colour2 = "METAL_GREY",
    side1 = "Active",
    nbase1 = 11000,
    ndelta1_1 = 1,
    side2 = "Active",
    nbase2 = 11000,
    ndelta2_1 = 1,
    label1 = "BODY_PLATE_1",
    label2 = "BODY_PLATE_1",
    opt1 = Al_anodized_blck,
    opt2 = Al_anodized_blck,
    criticality1 = "NORMAL",
    criticality2 = "NORMAL",
    bulk = Al_7075,
    thick = 2.0e-03,
    meshType1 = "regular",
    nodes1 = 2,
    meshType2 = "regular",
    nodes2 = 2,
    analysis_type = "Lumped Parameter");

Body_plate_1 = TRANSLATE(
    object_name = Body_plate_1,
    x_dist = -.15,
    y_dist = -.15,
    z_dist = 0.475,
    clear = TRUE);
Body_plate_1 = SHELL_SCS_RECTANGLE(
    xmax = .3,
    ymax = .3,
    height = 0.10525,
    xmin = 0.0,
    ymin = 0.0,
    sense = -1,
    colour1 = "METAL_GREY",
    colour2 = "METAL_GREY",
    side1 = "Active",
    nbase1 = 11000,
    ndelta1_1 = 1,
    side2 = "Active",
    nbase2 = 11000,
    ndelta2_1 = 1,
    label1 = "BODY_PLATE_1",
    label2 = "BODY_PLATE_1",
    opt1 = Al_anodized_blck,
    opt2 = Al_anodized_blck,
    criticality1 = "NORMAL",
    criticality2 = "NORMAL",
    bulk = Al_7075,
    thick = 2.0e-03,
    meshType1 = "regular",
    nodes1 = 2,
    meshType2 = "regular",
    nodes2 = 2,
    analysis_type = "Lumped Parameter");

Body_plate_1 = TRANSLATE(
    object_name = Body_plate_1,
    x_dist = -.15,
    y_dist = -.15,
    clear = TRUE);
Body_plate_1 = SHELL_SCS_RECTANGLE(
    xmax = .3,
    ymax = .3,
    height = 0.0,
    xmin = 0.0,
    ymin = 0.0,
    sense = -1,
    colour1 = "METAL_GREY",
    colour2 = "METAL_GREY",
    side1 = "Active",
    nbase1 = 11000,
    ndelta1_1 = 1,
    side2 = "Active",
    nbase2 = 11000,
    ndelta2_1 = 1,
    label1 = "BODY_PLATE_1",
    label2 = "BODY_PLATE_1",
    opt1 = Al_anodized_blck,
    opt2 = Al_anodized_blck,
    criticality1 = "NORMAL",
    criticality2 = "NORMAL",
    bulk = Al_7075,
    thick = 2.0e-03,
    meshType1 = "regular",
    nodes1 = 2,
    meshType2 = "regular",
    nodes2 = 2,
    analysis_type = "Lumped Parameter");

Body_plate_1 = TRANSLATE(
    object_name = Body_plate_1,
    x_dist = -.15,
    y_dist = -.15,
    clear = TRUE);
Body_plate_1 = SHELL_SCS_RECTANGLE(
    xmax = .3,
    ymax = .3,
    height = 0.0,
    xmin = 0.0,
    ymin = 0.0,
    sense = -1,
    colour1 = "METAL_GREY",
    colour2 = "METAL_GREY",
    side1 = "Active",
    nbase1 = 11000,
    ndelta1_1 = 1,
    side2 = "Active",
    nbase2 = 11000,
    ndelta2_1 = 1,
    label1 = "BODY_PLATE_1",
    label2 = "BODY_PLATE_1",
    opt1 = Al_anodized_blck,
    opt2 = Al_anodized_blck,
    criticality1 = "NORMAL",
    criticality2 = "NORMAL",
    bulk = Al_7075,
    thick = 2.0e-03,
    meshType1 = "regular",
    nodes1 = 2,
    meshType2 = "regular",
    nodes2 = 2,
    analysis_type = "Lumped Parameter");

Body_plate_1 = TRANSLATE(
    object_name = Body_plate_1,
    x_dist = -.15,
    y_dist = -.15,
    z_dist = 0.475,
    clear = TRUE);
DELETE_GEOMETRY (geometry = BODY_CUTTER, recursive = FALSE, unassign = TRUE);
DELETE_GEOMETRY (geometry = BODY_CUTTED, recursive = FALSE, unassign = TRUE);
DELETE_GEOMETRY (geometry = BODY_CUTTER, recursive = FALSE, unassign = FALSE);
DELETE_GEOMETRY (geometry = BODY_CUTTED, recursive = FALSE, unassign = FALSE)
   /* Warning Error: current function is DELETE_SHELL */
   /* Cannot remove "BODY_CUTTED" as this would leave "BODY" with too few constituent parts
      Error number: 1122 */

   /* Warning Error: current function is procedure parser */
   /* invalid parameter value */
;
DELETE_GEOMETRY (geometry = BODY_CUTTED, recursive = FALSE, unassign = FALSE)
   /* Warning Error: current function is DELETE_SHELL */
   /* Cannot remove "BODY_CUTTED" as this would leave "BODY" with too few constituent parts
      Error number: 1122 */

   /* Warning Error: current function is procedure parser */
   /* invalid parameter value */
;
BODY = BODY + Panels;
DELETE_GEOMETRY (geometry = BODY_CUTTED, recursive = FALSE, unassign = FALSE);
Panels = SHELL_SCS_BOX(
    height = 0.25,
    xmax = 0.4,
    ymax = 0.3,
    xmin = 0.0,
    ymin = 0.0,
    sense = -1,
    colour1 = "METAL_GREY",
    colour2 = "METAL_GREY",
    side1 = "Active",
    nbase1 = 10000,
    ndelta1_1 = 1,
    side2 = "Active",
    nbase2 = 10000,
    ndelta2_1 = 1,
    label1 = "BODY_PANEL",
    label2 = "BODY_PANEL",
    opt1 = Al_anodized_blck,
    opt2 = Al_anodized_blck,
    criticality1 = "NORMAL",
    criticality2 = "NORMAL",
    bulk = Al_7075,
    thick = 2.0e-03,
    meshType1 = "regular",
    nodes1 = 2,
    meshType2 = "regular",
    nodes2 = 2,
    meshType3 = "regular",
    nodes3 = 2,
    analysis_type = "Lumped Parameter");

Panels = TRANSLATE(
    object_name = Panels,
    x_dist = -0.2,
    y_dist = -0.15,
    z_dist = 0.3501,
    clear = TRUE);
Body_plate_1 = SHELL_SCS_RECTANGLE(
    xmax = 0.4,
    ymax = 0.3,
    height = 0.0,
    xmin = 0.0,
    ymin = 0.0,
    sense = -1,
    colour1 = "METAL_GREY",
    colour2 = "METAL_GREY",
    side1 = "Active",
    nbase1 = 11000,
    ndelta1_1 = 1,
    side2 = "Active",
    nbase2 = 11000,
    ndelta2_1 = 1,
    label1 = "BODY_PLATE_1",
    label2 = "BODY_PLATE_1",
    opt1 = Al_anodized_blck,
    opt2 = Al_anodized_blck,
    criticality1 = "NORMAL",
    criticality2 = "NORMAL",
    bulk = Al_7075,
    thick = 2.0e-03,
    meshType1 = "regular",
    nodes1 = 2,
    meshType2 = "regular",
    nodes2 = 2,
    analysis_type = "Lumped Parameter");

Body_plate_1 = TRANSLATE(
    object_name = Body_plate_1,
    x_dist = -0.2,
    y_dist = -0.15,
    z_dist = 0.475,
    clear = TRUE);
IR_TEL_STR = SHELL_SCS_CYLINDER(
    radius = 0.125,
    hmax = 0.35,
    hmin = 0.0,
    angmin = 0.0,
    angmax = 360.0,
    sense = -1,
    colour1 = "METAL_GREY",
    colour2 = "PALE_BLUE",
    side1 = "Active",
    nbase1 = 40000,
    ndelta1_1 = 1,
    side2 = "Active",
    nbase2 = 40500,
    ndelta2_1 = 1,
    label1 = "IR_TEL_STR_ext",
    label2 = "IR_TEL_STR_int",
    opt1 = Al_anodized_blck,
    opt2 = Al_anodized,
    criticality1 = "NORMAL",
    criticality2 = "NORMAL",
    bulk = Al_6061,
    thick = 1.0e-03,
    meshType1 = "regular",
    nodes1 = 1,
    meshType2 = "regular",
    nodes2 = 1,
    analysis_type = "Lumped Parameter");

IR_TEL_STR = TRANSLATE(
    object_name = IR_TEL_STR,
    clear = TRUE);
IR_TEL_STR = SHELL_SCS_CYLINDER(
    radius = 0.125,
    hmax = 0.35,
    hmin = 0.0,
    angmin = 0.0,
    angmax = 360.0,
    sense = -1,
    colour1 = "PALE_BLUE",
    colour2 = "PALE_GREEN",
    side1 = "Active",
    nbase1 = 40000,
    ndelta1_1 = 1,
    side2 = "Active",
    nbase2 = 40500,
    ndelta2_1 = 1,
    label1 = "IR_TEL_STR_ext",
    label2 = "IR_TEL_STR_int",
    opt1 = Al_anodized_blck,
    opt2 = Al_anodized,
    criticality1 = "NORMAL",
    criticality2 = "NORMAL",
    bulk = Al_6061,
    thick = 1.0e-03,
    meshType1 = "regular",
    nodes1 = 1,
    meshType2 = "regular",
    nodes2 = 1,
    analysis_type = "Lumped Parameter");

IR_TEL_STR = TRANSLATE(
    object_name = IR_TEL_STR,
    clear = TRUE);
IR_TEL_STR = SHELL_SCS_CYLINDER(
    radius = 0.125,
    hmax = 0.35,
    hmin = 0.0,
    angmin = 0.0,
    angmax = 360.0,
    sense = -1,
    colour1 = "PALE_BLUE",
    colour2 = "PURPLE",
    side1 = "Active",
    nbase1 = 40000,
    ndelta1_1 = 1,
    side2 = "Active",
    nbase2 = 40500,
    ndelta2_1 = 1,
    label1 = "IR_TEL_STR_ext",
    label2 = "IR_TEL_STR_int",
    opt1 = Al_anodized_blck,
    opt2 = Al_anodized,
    criticality1 = "NORMAL",
    criticality2 = "NORMAL",
    bulk = Al_6061,
    thick = 1.0e-03,
    meshType1 = "regular",
    nodes1 = 1,
    meshType2 = "regular",
    nodes2 = 1,
    analysis_type = "Lumped Parameter");

IR_TEL_STR = TRANSLATE(
    object_name = IR_TEL_STR,
    clear = TRUE);
IR_TEL_STR = SHELL_SCS_CYLINDER(
    radius = 0.125,
    hmax = 0.35,
    hmin = 0.0,
    angmin = 0.0,
    angmax = 360.0,
    sense = -1,
    colour1 = "PALE_BLUE",
    colour2 = "VIOLET",
    side1 = "Active",
    nbase1 = 40000,
    ndelta1_1 = 1,
    side2 = "Active",
    nbase2 = 40500,
    ndelta2_1 = 1,
    label1 = "IR_TEL_STR_ext",
    label2 = "IR_TEL_STR_int",
    opt1 = Al_anodized_blck,
    opt2 = Al_anodized,
    criticality1 = "NORMAL",
    criticality2 = "NORMAL",
    bulk = Al_6061,
    thick = 1.0e-03,
    meshType1 = "regular",
    nodes1 = 1,
    meshType2 = "regular",
    nodes2 = 1,
    analysis_type = "Lumped Parameter");

IR_TEL_STR = TRANSLATE(
    object_name = IR_TEL_STR,
    clear = TRUE);
IR_TEL_STR = SHELL_SCS_CYLINDER(
    radius = 0.125,
    hmax = 0.35,
    hmin = 0.0,
    angmin = 0.0,
    angmax = 360.0,
    sense = -1,
    colour1 = "PALE_BLUE",
    colour2 = "WHITE",
    side1 = "Active",
    nbase1 = 40000,
    ndelta1_1 = 1,
    side2 = "Active",
    nbase2 = 40500,
    ndelta2_1 = 1,
    label1 = "IR_TEL_STR_ext",
    label2 = "IR_TEL_STR_int",
    opt1 = Al_anodized_blck,
    opt2 = Al_anodized,
    criticality1 = "NORMAL",
    criticality2 = "NORMAL",
    bulk = Al_6061,
    thick = 1.0e-03,
    meshType1 = "regular",
    nodes1 = 1,
    meshType2 = "regular",
    nodes2 = 1,
    analysis_type = "Lumped Parameter");

IR_TEL_STR = TRANSLATE(
    object_name = IR_TEL_STR,
    clear = TRUE);
IR_TEL_STR = SHELL_SCS_CYLINDER(
    radius = 0.125,
    hmax = 0.35,
    hmin = 0.0,
    angmin = 0.0,
    angmax = 360.0,
    sense = -1,
    colour1 = "PALE_BLUE",
    colour2 = "TURQUOISE",
    side1 = "Active",
    nbase1 = 40000,
    ndelta1_1 = 1,
    side2 = "Active",
    nbase2 = 40500,
    ndelta2_1 = 1,
    label1 = "IR_TEL_STR_ext",
    label2 = "IR_TEL_STR_int",
    opt1 = Al_anodized_blck,
    opt2 = Al_anodized,
    criticality1 = "NORMAL",
    criticality2 = "NORMAL",
    bulk = Al_6061,
    thick = 1.0e-03,
    meshType1 = "regular",
    nodes1 = 1,
    meshType2 = "regular",
    nodes2 = 1,
    analysis_type = "Lumped Parameter");

IR_TEL_STR = TRANSLATE(
    object_name = IR_TEL_STR,
    clear = TRUE);
IR_TEL_STR = SHELL_SCS_CYLINDER(
    radius = 0.125,
    hmax = 0.35,
    hmin = 0.0,
    angmin = 0.0,
    angmax = 360.0,
    sense = -1,
    colour1 = "PALE_BLUE",
    colour2 = "LAVENDER",
    side1 = "Active",
    nbase1 = 40000,
    ndelta1_1 = 1,
    side2 = "Active",
    nbase2 = 40500,
    ndelta2_1 = 1,
    label1 = "IR_TEL_STR_ext",
    label2 = "IR_TEL_STR_int",
    opt1 = Al_anodized_blck,
    opt2 = Al_anodized,
    criticality1 = "NORMAL",
    criticality2 = "NORMAL",
    bulk = Al_6061,
    thick = 1.0e-03,
    meshType1 = "regular",
    nodes1 = 1,
    meshType2 = "regular",
    nodes2 = 1,
    analysis_type = "Lumped Parameter");

IR_TEL_STR = TRANSLATE(
    object_name = IR_TEL_STR,
    clear = TRUE);
GEOMETRY IR_TEL_STR_2;
IR_TEL_STR_2 = SHELL_SCS_DISC(
    rmax = 0.125,
    rmin = 0.1,
    sense = -1,
    colour1 = "PALE_BLUE",
    colour2 = "LAVENDER",
    side1 = "Active",
    nbase1 = 40000,
    ndelta1_1 = 1,
    side2 = "Active",
    nbase2 = 40500,
    ndelta2_1 = 1,
    label1 = "IR_TEL_STR_ext",
    label2 = "IR_TEL_STR_int",
    opt1 = Al_anodized_blck,
    opt2 = Al_anodized,
    criticality1 = "NORMAL",
    criticality2 = "NORMAL",
    bulk = Al_6061,
    thick = 1.0e-03,
    meshType1 = "regular",
    nodes1 = 1,
    meshType2 = "regular",
    nodes2 = 1,
    analysis_type = "Lumped Parameter");

IR_TEL_STR_2 = TRANSLATE(
    object_name = IR_TEL_STR_2,
    clear = TRUE);
IR_TEL_STR = SHELL_SCS_CYLINDER(
    radius = 0.125,
    hmax = 0.35,
    hmin = 0.0,
    angmin = 0.0,
    angmax = 360.0,
    sense = -1,
    colour1 = "PALE_BLUE",
    colour2 = "ORANGE",
    side1 = "Active",
    nbase1 = 40000,
    ndelta1_1 = 1,
    side2 = "Active",
    nbase2 = 40500,
    ndelta2_1 = 1,
    label1 = "IR_TEL_STR_ext",
    label2 = "IR_TEL_STR_int",
    opt1 = Al_anodized_blck,
    opt2 = Al_anodized,
    criticality1 = "NORMAL",
    criticality2 = "NORMAL",
    bulk = Al_6061,
    thick = 1.0e-03,
    meshType1 = "regular",
    nodes1 = 1,
    meshType2 = "regular",
    nodes2 = 1,
    analysis_type = "Lumped Parameter");

IR_TEL_STR = TRANSLATE(
    object_name = IR_TEL_STR,
    clear = TRUE);
IR_TEL_STR = SHELL_SCS_CYLINDER(
    radius = 0.125,
    hmax = 0.35,
    hmin = 0.0,
    angmin = 0.0,
    angmax = 360.0,
    sense = -1,
    colour1 = "PALE_BLUE",
    colour2 = "VERY_DARK_GREY",
    side1 = "Active",
    nbase1 = 40000,
    ndelta1_1 = 1,
    side2 = "Active",
    nbase2 = 40500,
    ndelta2_1 = 1,
    label1 = "IR_TEL_STR_ext",
    label2 = "IR_TEL_STR_int",
    opt1 = Al_anodized_blck,
    opt2 = Al_anodized,
    criticality1 = "NORMAL",
    criticality2 = "NORMAL",
    bulk = Al_6061,
    thick = 1.0e-03,
    meshType1 = "regular",
    nodes1 = 1,
    meshType2 = "regular",
    nodes2 = 1,
    analysis_type = "Lumped Parameter");

IR_TEL_STR = TRANSLATE(
    object_name = IR_TEL_STR,
    clear = TRUE);
IR_TEL_STR_2 = SHELL_SCS_DISC(
    rmax = 0.125,
    rmin = 0.1,
    height = 0.0,
    angmin = 0.0,
    angmax = 360.0,
    sense = -1,
    colour1 = "PALE_BLUE",
    colour2 = "PALE_BLUE",
    side1 = "Active",
    nbase1 = 45000,
    ndelta1_1 = 1,
    side2 = "Active",
    nbase2 = 45000,
    ndelta2_1 = 1,
    label1 = "IR_TEL_STR_2",
    label2 = "IR_TEL_STR_2",
    opt1 = Al_anodized_blck,
    opt2 = Al_anodized_blck,
    criticality1 = "NORMAL",
    criticality2 = "NORMAL",
    bulk = Al_6061,
    thick = 1.0e-03,
    meshType1 = "regular",
    nodes1 = 1,
    meshType2 = "regular",
    nodes2 = 1,
    analysis_type = "Lumped Parameter");

IR_TEL_STR_2 = TRANSLATE(
    object_name = IR_TEL_STR_2,
    clear = TRUE);
IR_TEL_STR = SHELL_SCS_CYLINDER(
    radius = 0.125,
    hmax = 0.35,
    hmin = 0.0,
    angmin = 0.0,
    angmax = 360.0,
    sense = -1,
    colour1 = "PALE_BLUE",
    colour2 = "VERY_DARK_GREY",
    side1 = "Active",
    nbase1 = 40000,
    ndelta1_1 = 1,
    side2 = "Active",
    nbase2 = 40500,
    ndelta2_1 = 1,
    label1 = "IR_TEL_STR_ext",
    label2 = "IR_TEL_STR_int",
    opt1 = Al_anodized_blck,
    opt2 = Al_anodized,
    criticality1 = "NORMAL",
    criticality2 = "NORMAL",
    bulk = Al_6061,
    thick = 1.0e-03,
    meshType1 = "regular",
    nodes1 = 2,
    meshType2 = "regular",
    nodes2 = 2,
    analysis_type = "Lumped Parameter");

IR_TEL_STR = TRANSLATE(
    object_name = IR_TEL_STR,
    clear = TRUE);
IR_TEL_STR = SHELL_SCS_CYLINDER(
    radius = 0.125,
    hmax = 0.35,
    hmin = 0.0,
    angmin = 0.0,
    angmax = 360.0,
    sense = -1,
    colour1 = "PALE_BLUE",
    colour2 = "VERY_DARK_GREY",
    side1 = "Active",
    nbase1 = 40000,
    ndelta1_1 = 1,
    side2 = "Active",
    nbase2 = 40500,
    ndelta2_1 = 1,
    label1 = "IR_TEL_STR_ext",
    label2 = "IR_TEL_STR_int",
    opt1 = Al_anodized_blck,
    opt2 = Al_anodized,
    criticality1 = "NORMAL",
    criticality2 = "NORMAL",
    bulk = Al_6061,
    thick = 1.0e-03,
    meshType1 = "regular",
    nodes1 = 1,
    meshType2 = "regular",
    nodes2 = 2,
    analysis_type = "Lumped Parameter");

IR_TEL_STR = TRANSLATE(
    object_name = IR_TEL_STR,
    clear = TRUE);
IR_TEL_STR = SHELL_SCS_CYLINDER(
    radius = 0.125,
    hmax = 0.35,
    hmin = 0.0,
    angmin = 0.0,
    angmax = 360.0,
    sense = -1,
    colour1 = "PALE_BLUE",
    colour2 = "VERY_DARK_GREY",
    side1 = "Active",
    nbase1 = 40000,
    ndelta1_1 = 1,
    side2 = "Active",
    nbase2 = 40500,
    ndelta2_1 = 1,
    label1 = "IR_TEL_STR_ext",
    label2 = "IR_TEL_STR_int",
    opt1 = Al_anodized_blck,
    opt2 = Al_anodized,
    criticality1 = "NORMAL",
    criticality2 = "NORMAL",
    bulk = Al_6061,
    thick = 1.0e-03,
    meshType1 = "regular",
    nodes1 = 2,
    meshType2 = "regular",
    nodes2 = 2,
    analysis_type = "Lumped Parameter");

IR_TEL_STR = TRANSLATE(
    object_name = IR_TEL_STR,
    clear = TRUE);
Electronic_Box = SHELL_SCS_BOX(
    height = 0.04,
    xmax = 0.15,
    ymax = 0.15,
    xmin = 0.0,
    ymin = 0.0,
    sense = -1,
    side1 = "Active",
    nbase1 = 30000,
    ndelta1_1 = 1,
    side2 = "Active",
    nbase2 = 30000,
    ndelta2_1 = 1,
    label1 = "INS_EB",
    label2 = "INS_EB",
    opt1 = Black_paint,
    opt2 = Black_paint,
    criticality1 = "NORMAL",
    criticality2 = "NORMAL",
    bulk = Al_6061,
    thick = 2.0e-03,
    meshType1 = "regular",
    nodes1 = 2,
    meshType2 = "regular",
    nodes2 = 2,
    meshType3 = "regular",
    nodes3 = 1,
    analysis_type = "Lumped Parameter");

Electronic_Box = TRANSLATE(
    object_name = Electronic_Box,
    x_dist = -0.2,
    y_dist = -0.15,
    z_dist = 0.35+0.125,
    clear = TRUE);
Electronic_Box = SHELL_SCS_BOX(
    height = 0.04,
    xmax = 0.15,
    ymax = 0.15,
    xmin = 0.0,
    ymin = 0.0,
    sense = -1,
    side1 = "Active",
    nbase1 = 30000,
    ndelta1_1 = 1,
    side2 = "Active",
    nbase2 = 30000,
    ndelta2_1 = 1,
    label1 = "INS_EB",
    label2 = "INS_EB",
    opt1 = Black_paint,
    opt2 = Black_paint,
    criticality1 = "NORMAL",
    criticality2 = "NORMAL",
    bulk = Al_6061,
    thick = 2.0e-03,
    meshType1 = "regular",
    nodes1 = 2,
    meshType2 = "regular",
    nodes2 = 2,
    meshType3 = "regular",
    nodes3 = 1,
    analysis_type = "Lumped Parameter");

Electronic_Box = TRANSLATE(
    object_name = Electronic_Box,
    y_dist = -0.15,
    z_dist = 0.35+0.125,
    clear = TRUE);
Electronic_Box = SHELL_SCS_BOX(
    height = 0.04,
    xmax = 0.15,
    ymax = 0.15,
    xmin = 0.0,
    ymin = 0.0,
    sense = -1,
    side1 = "Active",
    nbase1 = 30000,
    ndelta1_1 = 1,
    side2 = "Active",
    nbase2 = 30000,
    ndelta2_1 = 1,
    label1 = "INS_EB",
    label2 = "INS_EB",
    opt1 = Black_paint,
    opt2 = Black_paint,
    criticality1 = "NORMAL",
    criticality2 = "NORMAL",
    bulk = Al_6061,
    thick = 2.0e-03,
    meshType1 = "regular",
    nodes1 = 2,
    meshType2 = "regular",
    nodes2 = 2,
    meshType3 = "regular",
    nodes3 = 1,
    analysis_type = "Lumped Parameter");

Electronic_Box = TRANSLATE(
    object_name = Electronic_Box,
    x_dist = 0.125,
    y_dist = -0.15,
    z_dist = 0.35+0.125,
    clear = TRUE);
Electronic_Box = SHELL_SCS_BOX(
    height = 0.04,
    xmax = 0.15,
    ymax = 0.15,
    xmin = 0.0,
    ymin = 0.0,
    sense = -1,
    side1 = "Active",
    nbase1 = 30000,
    ndelta1_1 = 1,
    side2 = "Active",
    nbase2 = 30000,
    ndelta2_1 = 1,
    label1 = "INS_EB",
    label2 = "INS_EB",
    opt1 = Black_paint,
    opt2 = Black_paint,
    criticality1 = "NORMAL",
    criticality2 = "NORMAL",
    bulk = Al_6061,
    thick = 2.0e-03,
    meshType1 = "regular",
    nodes1 = 2,
    meshType2 = "regular",
    nodes2 = 2,
    meshType3 = "regular",
    nodes3 = 1,
    analysis_type = "Lumped Parameter");

Electronic_Box = TRANSLATE(
    object_name = Electronic_Box,
    x_dist = -0.125,
    y_dist = -0.15,
    z_dist = 0.35+0.125,
    clear = TRUE);
Electronic_Box = SHELL_SCS_BOX(
    height = 0.04,
    xmax = 0.15,
    ymax = 0.15,
    xmin = 0.0,
    ymin = 0.0,
    sense = -1,
    side1 = "Active",
    nbase1 = 30000,
    ndelta1_1 = 1,
    side2 = "Active",
    nbase2 = 30000,
    ndelta2_1 = 1,
    label1 = "INS_EB",
    label2 = "INS_EB",
    opt1 = Black_paint,
    opt2 = Black_paint,
    criticality1 = "NORMAL",
    criticality2 = "NORMAL",
    bulk = Al_6061,
    thick = 2.0e-03,
    meshType1 = "regular",
    nodes1 = 2,
    meshType2 = "regular",
    nodes2 = 2,
    meshType3 = "regular",
    nodes3 = 1,
    analysis_type = "Lumped Parameter");

Electronic_Box = TRANSLATE(
    object_name = Electronic_Box,
    x_dist = -0.15/2.0,
    y_dist = -0.15,
    z_dist = 0.35+0.125,
    clear = TRUE);
Electronic_Box = SHELL_SCS_BOX(
    height = 0.04,
    xmax = 0.15,
    ymax = 0.15,
    xmin = 0.0,
    ymin = 0.0,
    sense = -1,
    side1 = "Active",
    nbase1 = 30000,
    ndelta1_1 = 1,
    side2 = "Active",
    nbase2 = 30000,
    ndelta2_1 = 1,
    label1 = "INS_EB",
    label2 = "INS_EB",
    opt1 = Black_paint,
    opt2 = Black_paint,
    criticality1 = "NORMAL",
    criticality2 = "NORMAL",
    bulk = Al_6061,
    thick = 2.0e-03,
    meshType1 = "regular",
    nodes1 = 2,
    meshType2 = "regular",
    nodes2 = 2,
    meshType3 = "regular",
    nodes3 = 1,
    analysis_type = "Lumped Parameter");

Electronic_Box = TRANSLATE(
    object_name = Electronic_Box,
    x_dist = -0.15/2.0,
    y_dist = -0.15,
    z_dist = 0.35+0.125+0.01,
    clear = TRUE);
Electronic_Box = SHELL_SCS_BOX(
    height = 0.04,
    xmax = 0.15,
    ymax = 0.15,
    xmin = 0.0,
    ymin = 0.0,
    sense = -1,
    side1 = "Active",
    nbase1 = 30000,
    ndelta1_1 = 1,
    side2 = "Active",
    nbase2 = 30000,
    ndelta2_1 = 1,
    label1 = "INS_EB",
    label2 = "INS_EB",
    opt1 = Black_paint,
    opt2 = Black_paint,
    criticality1 = "NORMAL",
    criticality2 = "NORMAL",
    bulk = Al_6061,
    thick = 2.0e-03,
    meshType1 = "regular",
    nodes1 = 2,
    meshType2 = "regular",
    nodes2 = 2,
    meshType3 = "regular",
    nodes3 = 1,
    analysis_type = "Lumped Parameter");

Electronic_Box = TRANSLATE(
    object_name = Electronic_Box,
    x_dist = -0.15/2.0,
    y_dist = -0.15,
    z_dist = 0.35+0.125+0.001,
    clear = TRUE);
Electronic_Box = SHELL_SCS_BOX(
    height = 0.04,
    xmax = 0.15,
    ymax = 0.15,
    xmin = 0.0,
    ymin = 0.0,
    sense = -1,
    side1 = "Active",
    nbase1 = 30000,
    ndelta1_1 = 1,
    side2 = "Active",
    nbase2 = 30000,
    ndelta2_1 = 1,
    label1 = "INS_EB",
    label2 = "INS_EB",
    opt1 = Black_paint,
    opt2 = Black_paint,
    criticality1 = "NORMAL",
    criticality2 = "NORMAL",
    bulk = Al_6061,
    thick = 2.0e-03,
    meshType1 = "regular",
    nodes1 = 2,
    meshType2 = "regular",
    nodes2 = 2,
    meshType3 = "regular",
    nodes3 = 1,
    analysis_type = "Lumped Parameter");

Electronic_Box = TRANSLATE(
    object_name = Electronic_Box,
    x_dist = -0.15/2.0,
    y_dist = -0.15/2.0,
    z_dist = 0.35+0.125+0.001,
    clear = TRUE);
Payload_1 = NON_GEOMETRIC_THERMAL_NODE(
    origin = [0.0, 0.0, 0.0],
    radius = 0.05,
    node_number = 31000,
    model_name = "INS_PLD1",
    label1 = "INS_PLD1",
    volume = 6.759e-04,
    bulk = Al_6061,
    capacitance_override = -10000.0,
    colour1 = "ORANGE",
    colour2 = "ORANGE");

Payload_1 = TRANSLATE(
    object_name = Payload_1,
    x_dist = 0.3,
    y_dist = 0.1,
    z_dist = 0.35+0.001,
    clear = TRUE);
Payload_1 = NON_GEOMETRIC_THERMAL_NODE(
    origin = [0.0, 0.0, 0.0],
    radius = 0.05,
    node_number = 31000,
    model_name = "INS_PLD1",
    label1 = "INS_PLD1",
    volume = 6.759e-04,
    bulk = Al_6061,
    capacitance_override = -10000.0,
    colour1 = "ORANGE",
    colour2 = "ORANGE");

Payload_1 = TRANSLATE(
    object_name = Payload_1,
    z_dist = 0.35+0.001,
    clear = TRUE);
Payload_1 = NON_GEOMETRIC_THERMAL_NODE(
    origin = [0.0, 0.0, 0.0],
    radius = 0.05,
    node_number = 31000,
    model_name = "INS_PLD1",
    label1 = "INS_PLD1",
    volume = 6.759e-04,
    bulk = Al_6061,
    capacitance_override = -10000.0,
    colour1 = "ORANGE",
    colour2 = "ORANGE");

Payload_1 = TRANSLATE(
    object_name = Payload_1,
    z_dist = 0.35+0.001+0.05,
    clear = TRUE);
Payload_1 = NON_GEOMETRIC_THERMAL_NODE(
    origin = [0.0, 0.0, 0.0],
    radius = 0.05,
    node_number = 31000,
    model_name = "INS_PLD1",
    label1 = "INS_PLD1",
    volume = 6.759e-04,
    bulk = Al_6061,
    capacitance_override = -10000.0,
    colour1 = "ORANGE",
    colour2 = "ORANGE");

Payload_1 = TRANSLATE(
    object_name = Payload_1,
    z_dist = 0.35+0.05,
    clear = TRUE);
Payload_1 = NON_GEOMETRIC_THERMAL_NODE(
    origin = [0.0, 0.0, 0.0],
    radius = 0.05,
    node_number = 31000,
    model_name = "INS_PLD1",
    label1 = "INS_PLD1",
    volume = 6.759e-04,
    bulk = Al_6061,
    capacitance_override = -10000.0,
    colour1 = "ORANGE",
    colour2 = "ORANGE");

Payload_1 = TRANSLATE(
    object_name = Payload_1,
    z_dist = 0.35+0.05/2.0,
    clear = TRUE);
Payload_1 = NON_GEOMETRIC_THERMAL_NODE(
    origin = [0.0, 0.0, 0.0],
    radius = 0.05,
    node_number = 31000,
    model_name = "INS_PLD1",
    label1 = "INS_PLD1",
    volume = 6.759e-04,
    bulk = Al_6061,
    capacitance_override = -10000.0,
    colour1 = "ORANGE",
    colour2 = "ORANGE");

Payload_1 = TRANSLATE(
    object_name = Payload_1,
    z_dist = 0.35+0.05,
    clear = TRUE);
Payload_1 = NON_GEOMETRIC_THERMAL_NODE(
    origin = [0.0, 0.0, 0.0],
    radius = 0.05,
    node_number = 31000,
    model_name = "INS_PLD1",
    label1 = "INS_PLD1",
    volume = 6.759e-04,
    bulk = Al_6061,
    capacitance_override = -10000.0,
    colour1 = "ORANGE",
    colour2 = "ORANGE");

Payload_1 = TRANSLATE(
    object_name = Payload_1,
    z_dist = 0.35+0.04,
    clear = TRUE);
Payload_1 = NON_GEOMETRIC_THERMAL_NODE(
    origin = [0.0, 0.0, 0.0],
    radius = 0.05,
    node_number = 31000,
    model_name = "INS_PLD1",
    label1 = "INS_PLD1",
    volume = 6.759e-04,
    bulk = Al_6061,
    capacitance_override = -10000.0,
    colour1 = "ORANGE",
    colour2 = "ORANGE");

Payload_1 = TRANSLATE(
    object_name = Payload_1,
    z_dist = 0.35+0.045,
    clear = TRUE);
Payload_1 = NON_GEOMETRIC_THERMAL_NODE(
    origin = [0.0, 0.0, 0.0],
    radius = 0.05,
    node_number = 31000,
    model_name = "INS_PLD1",
    label1 = "INS_PLD1",
    volume = 6.759e-04,
    bulk = Al_6061,
    capacitance_override = -10000.0,
    colour1 = "ORANGE",
    colour2 = "ORANGE");

Payload_1 = TRANSLATE(
    object_name = Payload_1,
    x_dist = -0.1,
    z_dist = 0.35+0.045,
    clear = TRUE);
Payload_2 = NON_GEOMETRIC_THERMAL_NODE(
    origin = [0.0, 0.0, 0.0],
    radius = 0.05,
    node_number = 32000,
    model_name = "INS_PLD2",
    label1 = "INS_PLD2",
    volume = 1.3794e-03,
    bulk = Al_6061,
    capacitance_override = -10000.0,
    colour1 = "ORANGE",
    colour2 = "ORANGE");

Payload_2 = TRANSLATE(
    object_name = Payload_2,
    x_dist = 0.1,
    z_dist = 0.35+0.045,
    clear = TRUE);
IR_TEL = IR_TEL + IR_TEL_STR_2;
IR_TEL_OBJ = SHELL_SCS_CYLINDER(
    radius = 0.06,
    hmax = 0.15,
    hmin = 0.0,
    angmin = 0.0,
    angmax = 360.0,
    sense = -1,
    colour1 = "DARK_GREY",
    colour2 = "DARK_GREY",
    side1 = "Active",
    nbase1 = 43000,
    ndelta1_1 = 1,
    side2 = "Active",
    nbase2 = 43000,
    ndelta2_1 = 1,
    label1 = "IR_TEL_OBJ",
    label2 = "IR_TEL_OBJ",
    opt1 = Al_anodized_blck,
    opt2 = Al_anodized_blck,
    criticality1 = "NORMAL",
    criticality2 = "NORMAL",
    bulk = Al_6061,
    thick = 2.0e-03,
    meshType1 = "regular",
    nodes1 = 1,
    meshType2 = "regular",
    nodes2 = 1,
    analysis_type = "Lumped Parameter");

IR_TEL_OBJ = TRANSLATE(
    object_name = IR_TEL_OBJ,
    x_dist = 0.2,
    y_dist = 0.11,
    z_dist = 0.36315,
    clear = TRUE);
IR_TEL_OBJ = SHELL_SCS_CYLINDER(
    radius = 0.06,
    hmax = 0.15,
    hmin = 0.0,
    angmin = 0.0,
    angmax = 360.0,
    sense = -1,
    colour1 = "DARK_GREY",
    colour2 = "DARK_GREY",
    side1 = "Active",
    nbase1 = 43000,
    ndelta1_1 = 1,
    side2 = "Active",
    nbase2 = 43000,
    ndelta2_1 = 1,
    label1 = "IR_TEL_OBJ",
    label2 = "IR_TEL_OBJ",
    opt1 = Al_anodized_blck,
    opt2 = Al_anodized_blck,
    criticality1 = "NORMAL",
    criticality2 = "NORMAL",
    bulk = Al_6061,
    thick = 2.0e-03,
    meshType1 = "regular",
    nodes1 = 1,
    meshType2 = "regular",
    nodes2 = 1,
    analysis_type = "Lumped Parameter");

IR_TEL_OBJ = TRANSLATE(
    object_name = IR_TEL_OBJ,
    z_dist = 0.1,
    clear = TRUE);
IR_TEL_OBJ = SHELL_SCS_CYLINDER(
    radius = 0.06,
    hmax = 0.25,
    hmin = 0.0,
    angmin = 0.0,
    angmax = 360.0,
    sense = -1,
    colour1 = "DARK_GREY",
    colour2 = "DARK_GREY",
    side1 = "Active",
    nbase1 = 43000,
    ndelta1_1 = 1,
    side2 = "Active",
    nbase2 = 43000,
    ndelta2_1 = 1,
    label1 = "IR_TEL_OBJ",
    label2 = "IR_TEL_OBJ",
    opt1 = Al_anodized_blck,
    opt2 = Al_anodized_blck,
    criticality1 = "NORMAL",
    criticality2 = "NORMAL",
    bulk = Al_6061,
    thick = 2.0e-03,
    meshType1 = "regular",
    nodes1 = 1,
    meshType2 = "regular",
    nodes2 = 1,
    analysis_type = "Lumped Parameter");

IR_TEL_OBJ = TRANSLATE(
    object_name = IR_TEL_OBJ,
    z_dist = 0.1,
    clear = TRUE);
IR_TEL_OBJ = SHELL_SCS_CYLINDER(
    radius = 0.06,
    hmax = 0.20,
    hmin = 0.0,
    angmin = 0.0,
    angmax = 360.0,
    sense = -1,
    colour1 = "DARK_GREY",
    colour2 = "DARK_GREY",
    side1 = "Active",
    nbase1 = 43000,
    ndelta1_1 = 1,
    side2 = "Active",
    nbase2 = 43000,
    ndelta2_1 = 1,
    label1 = "IR_TEL_OBJ",
    label2 = "IR_TEL_OBJ",
    opt1 = Al_anodized_blck,
    opt2 = Al_anodized_blck,
    criticality1 = "NORMAL",
    criticality2 = "NORMAL",
    bulk = Al_6061,
    thick = 2.0e-03,
    meshType1 = "regular",
    nodes1 = 1,
    meshType2 = "regular",
    nodes2 = 1,
    analysis_type = "Lumped Parameter");

IR_TEL_OBJ = TRANSLATE(
    object_name = IR_TEL_OBJ,
    z_dist = 0.1,
    clear = TRUE);
IR_TEL_OBJ = SHELL_SCS_CYLINDER(
    radius = 0.06,
    hmax = 0.225,
    hmin = 0.0,
    angmin = 0.0,
    angmax = 360.0,
    sense = -1,
    colour1 = "DARK_GREY",
    colour2 = "DARK_GREY",
    side1 = "Active",
    nbase1 = 43000,
    ndelta1_1 = 1,
    side2 = "Active",
    nbase2 = 43000,
    ndelta2_1 = 1,
    label1 = "IR_TEL_OBJ",
    label2 = "IR_TEL_OBJ",
    opt1 = Al_anodized_blck,
    opt2 = Al_anodized_blck,
    criticality1 = "NORMAL",
    criticality2 = "NORMAL",
    bulk = Al_6061,
    thick = 2.0e-03,
    meshType1 = "regular",
    nodes1 = 1,
    meshType2 = "regular",
    nodes2 = 1,
    analysis_type = "Lumped Parameter");

IR_TEL_OBJ = TRANSLATE(
    object_name = IR_TEL_OBJ,
    z_dist = 0.1,
    clear = TRUE);
IR_TEL_OBJ = SHELL_SCS_CYLINDER(
    radius = 0.06,
    hmax = 0.225,
    hmin = 0.0,
    angmin = 0.0,
    angmax = 360.0,
    sense = -1,
    colour1 = "DARK_GREY",
    colour2 = "DARK_GREY",
    side1 = "Active",
    nbase1 = 43000,
    ndelta1_1 = 1,
    side2 = "Active",
    nbase2 = 43000,
    ndelta2_1 = 1,
    label1 = "IR_TEL_OBJ",
    label2 = "IR_TEL_OBJ",
    opt1 = Al_anodized_blck,
    opt2 = Al_anodized_blck,
    criticality1 = "NORMAL",
    criticality2 = "NORMAL",
    bulk = Al_6061,
    thick = 2.0e-03,
    meshType1 = "regular",
    nodes1 = 2,
    meshType2 = "regular",
    nodes2 = 1,
    analysis_type = "Lumped Parameter");

IR_TEL_OBJ = TRANSLATE(
    object_name = IR_TEL_OBJ,
    z_dist = 0.1,
    clear = TRUE);
IR_TEL_OBJ = SHELL_SCS_CYLINDER(
    radius = 0.06,
    hmax = 0.225,
    hmin = 0.0,
    angmin = 0.0,
    angmax = 360.0,
    sense = -1,
    colour1 = "ABSINTH",
    colour2 = "ABSINTH",
    side1 = "Active",
    nbase1 = 43000,
    ndelta1_1 = 1,
    side2 = "Active",
    nbase2 = 43000,
    ndelta2_1 = 1,
    label1 = "IR_TEL_OBJ",
    label2 = "IR_TEL_OBJ",
    opt1 = Al_anodized_blck,
    opt2 = Al_anodized_blck,
    criticality1 = "NORMAL",
    criticality2 = "NORMAL",
    bulk = Al_6061,
    thick = 2.0e-03,
    meshType1 = "regular",
    nodes1 = 2,
    meshType2 = "regular",
    nodes2 = 1,
    analysis_type = "Lumped Parameter");

IR_TEL_OBJ = TRANSLATE(
    object_name = IR_TEL_OBJ,
    z_dist = 0.1,
    clear = TRUE);
IR_TEL_OBJ = SHELL_SCS_CYLINDER(
    radius = 0.06,
    hmax = 0.225,
    hmin = 0.0,
    angmin = 0.0,
    angmax = 360.0,
    sense = -1,
    colour1 = "PALE_RED",
    colour2 = "PALE_RED",
    side1 = "Active",
    nbase1 = 43000,
    ndelta1_1 = 1,
    side2 = "Active",
    nbase2 = 43000,
    ndelta2_1 = 1,
    label1 = "IR_TEL_OBJ",
    label2 = "IR_TEL_OBJ",
    opt1 = Al_anodized_blck,
    opt2 = Al_anodized_blck,
    criticality1 = "NORMAL",
    criticality2 = "NORMAL",
    bulk = Al_6061,
    thick = 2.0e-03,
    meshType1 = "regular",
    nodes1 = 2,
    meshType2 = "regular",
    nodes2 = 1,
    analysis_type = "Lumped Parameter");

IR_TEL_OBJ = TRANSLATE(
    object_name = IR_TEL_OBJ,
    z_dist = 0.1,
    clear = TRUE);
IR_TEL_OBJ = SHELL_SCS_CYLINDER(
    radius = 0.06,
    hmax = 0.225,
    hmin = 0.0,
    angmin = 0.0,
    angmax = 360.0,
    sense = -1,
    colour1 = "RED",
    colour2 = "RED",
    side1 = "Active",
    nbase1 = 43000,
    ndelta1_1 = 1,
    side2 = "Active",
    nbase2 = 43000,
    ndelta2_1 = 1,
    label1 = "IR_TEL_OBJ",
    label2 = "IR_TEL_OBJ",
    opt1 = Al_anodized_blck,
    opt2 = Al_anodized_blck,
    criticality1 = "NORMAL",
    criticality2 = "NORMAL",
    bulk = Al_6061,
    thick = 2.0e-03,
    meshType1 = "regular",
    nodes1 = 2,
    meshType2 = "regular",
    nodes2 = 1,
    analysis_type = "Lumped Parameter");

IR_TEL_OBJ = TRANSLATE(
    object_name = IR_TEL_OBJ,
    z_dist = 0.1,
    clear = TRUE);
IR_TEL_OBJ = SHELL_SCS_CYLINDER(
    radius = 0.06,
    hmax = 0.225,
    hmin = 0.0,
    angmin = 0.0,
    angmax = 360.0,
    sense = -1,
    colour1 = "CYAN",
    colour2 = "CYAN",
    side1 = "Active",
    nbase1 = 43000,
    ndelta1_1 = 1,
    side2 = "Active",
    nbase2 = 43000,
    ndelta2_1 = 1,
    label1 = "IR_TEL_OBJ",
    label2 = "IR_TEL_OBJ",
    opt1 = Al_anodized_blck,
    opt2 = Al_anodized_blck,
    criticality1 = "NORMAL",
    criticality2 = "NORMAL",
    bulk = Al_6061,
    thick = 2.0e-03,
    meshType1 = "regular",
    nodes1 = 2,
    meshType2 = "regular",
    nodes2 = 1,
    analysis_type = "Lumped Parameter");

IR_TEL_OBJ = TRANSLATE(
    object_name = IR_TEL_OBJ,
    z_dist = 0.1,
    clear = TRUE);
IR_TEL_OBJ = SHELL_SCS_CYLINDER(
    radius = 0.06,
    hmax = 0.225,
    hmin = 0.0,
    angmin = 0.0,
    angmax = 360.0,
    sense = -1,
    side1 = "Active",
    nbase1 = 43000,
    ndelta1_1 = 1,
    side2 = "Active",
    nbase2 = 43000,
    ndelta2_1 = 1,
    label1 = "IR_TEL_OBJ",
    label2 = "IR_TEL_OBJ",
    opt1 = Al_anodized_blck,
    opt2 = Al_anodized_blck,
    criticality1 = "NORMAL",
    criticality2 = "NORMAL",
    bulk = Al_6061,
    thick = 2.0e-03,
    meshType1 = "regular",
    nodes1 = 2,
    meshType2 = "regular",
    nodes2 = 1,
    analysis_type = "Lumped Parameter");

IR_TEL_OBJ = TRANSLATE(
    object_name = IR_TEL_OBJ,
    z_dist = 0.1,
    clear = TRUE);
IR_TEL_OBJ = SHELL_SCS_CYLINDER(
    radius = 0.06,
    hmax = 0.225,
    hmin = 0.0,
    angmin = 0.0,
    angmax = 360.0,
    sense = -1,
    colour1 = "CYAN",
    colour2 = "CYAN",
    side1 = "Active",
    nbase1 = 43000,
    ndelta1_1 = 1,
    side2 = "Active",
    nbase2 = 43000,
    ndelta2_1 = 1,
    label1 = "IR_TEL_OBJ",
    label2 = "IR_TEL_OBJ",
    opt1 = Al_anodized_blck,
    opt2 = Al_anodized_blck,
    criticality1 = "NORMAL",
    criticality2 = "NORMAL",
    bulk = Al_6061,
    thick = 2.0e-03,
    meshType1 = "regular",
    nodes1 = 2,
    meshType2 = "regular",
    nodes2 = 1,
    analysis_type = "Lumped Parameter");

IR_TEL_OBJ = TRANSLATE(
    object_name = IR_TEL_OBJ,
    z_dist = 0.1,
    clear = TRUE);
IR_TEL_OBJ = SHELL_SCS_CYLINDER(
    radius = 0.06,
    hmax = 0.225,
    hmin = 0.0,
    angmin = 0.0,
    angmax = 360.0,
    sense = -1,
    colour1 = "ABSINTH",
    colour2 = "ABSINTH",
    side1 = "Active",
    nbase1 = 43000,
    ndelta1_1 = 1,
    side2 = "Active",
    nbase2 = 43000,
    ndelta2_1 = 1,
    label1 = "IR_TEL_OBJ",
    label2 = "IR_TEL_OBJ",
    opt1 = Al_anodized_blck,
    opt2 = Al_anodized_blck,
    criticality1 = "NORMAL",
    criticality2 = "NORMAL",
    bulk = Al_6061,
    thick = 2.0e-03,
    meshType1 = "regular",
    nodes1 = 2,
    meshType2 = "regular",
    nodes2 = 1,
    analysis_type = "Lumped Parameter");

IR_TEL_OBJ = TRANSLATE(
    object_name = IR_TEL_OBJ,
    z_dist = 0.1,
    clear = TRUE);
IR_TEL_OBJ = SHELL_SCS_CYLINDER(
    radius = 0.08,
    hmax = 0.225,
    hmin = 0.0,
    angmin = 0.0,
    angmax = 360.0,
    sense = -1,
    colour1 = "ABSINTH",
    colour2 = "ABSINTH",
    side1 = "Active",
    nbase1 = 43000,
    ndelta1_1 = 1,
    side2 = "Active",
    nbase2 = 43000,
    ndelta2_1 = 1,
    label1 = "IR_TEL_OBJ",
    label2 = "IR_TEL_OBJ",
    opt1 = Al_anodized_blck,
    opt2 = Al_anodized_blck,
    criticality1 = "NORMAL",
    criticality2 = "NORMAL",
    bulk = Al_6061,
    thick = 2.0e-03,
    meshType1 = "regular",
    nodes1 = 2,
    meshType2 = "regular",
    nodes2 = 1,
    analysis_type = "Lumped Parameter");

IR_TEL_OBJ = TRANSLATE(
    object_name = IR_TEL_OBJ,
    z_dist = 0.1,
    clear = TRUE);
IR_TEL_CCD = SHELL_SCS_DISC(
    rmax = 0.07,
    sense = -1,
    colour1 = "ORANGE",
    colour2 = "ORANGE",
    side1 = "Active",
    nbase1 = 41000,
    ndelta1_1 = 1,
    side2 = "Active",
    ndelta2_1 = 1,
    label1 = "IR_TEL_CCD",
    label2 = "IR_TEL_CCD",
    opt1 = OSR,
    opt2 = OSR,
    criticality1 = "NORMAL",
    criticality2 = "NORMAL",
    bulk = Al_6061,
    thick = 1.0e-03,
    meshType1 = "regular",
    nodes1 = 1,
    meshType2 = "regular",
    nodes2 = 1,
    analysis_type = "Lumped Parameter");

IR_TEL_CCD = TRANSLATE(
    object_name = IR_TEL_CCD,
    clear = TRUE);
IR_TEL_CCD = SHELL_SCS_DISC(
    rmax = 0.07,
    sense = -1,
    colour1 = "ORANGE",
    colour2 = "ORANGE",
    side1 = "Active",
    nbase1 = 41000,
    ndelta1_1 = 1,
    side2 = "Active",
    nbase2 = 41000,
    ndelta2_1 = 1,
    label1 = "IR_TEL_CCD",
    label2 = "IR_TEL_CCD",
    opt1 = OSR,
    opt2 = OSR,
    criticality1 = "NORMAL",
    criticality2 = "NORMAL",
    bulk = Al_6061,
    thick = 1.0e-03,
    meshType1 = "regular",
    nodes1 = 1,
    meshType2 = "regular",
    nodes2 = 1,
    analysis_type = "Lumped Parameter");

IR_TEL_CCD = TRANSLATE(
    object_name = IR_TEL_CCD,
    clear = TRUE);
IR_TEL_CCD = SHELL_SCS_DISC(
    rmax = 0.07,
    sense = -1,
    colour1 = "RED",
    colour2 = "RED",
    side1 = "Active",
    nbase1 = 41000,
    ndelta1_1 = 1,
    side2 = "Active",
    nbase2 = 41000,
    ndelta2_1 = 1,
    label1 = "IR_TEL_CCD",
    label2 = "IR_TEL_CCD",
    opt1 = CCD_Detector,
    opt2 = CCD_Detector,
    criticality1 = "NORMAL",
    criticality2 = "NORMAL",
    bulk = Al_6061,
    thick = 1.0e-03,
    meshType1 = "regular",
    nodes1 = 1,
    meshType2 = "regular",
    nodes2 = 1,
    analysis_type = "Lumped Parameter");

IR_TEL_CCD = TRANSLATE(
    object_name = IR_TEL_CCD,
    clear = TRUE);
IR_TEL_CCD = SHELL_SCS_DISC(
    rmax = 0.07,
    sense = -1,
    colour1 = "RED",
    colour2 = "RED",
    side1 = "Active",
    nbase1 = 41000,
    ndelta1_1 = 1,
    side2 = "Active",
    nbase2 = 41000,
    ndelta2_1 = 1,
    label1 = "IR_TEL_CCD",
    label2 = "IR_TEL_CCD",
    opt1 = CCD_Detector,
    opt2 = CCD_Detector,
    criticality1 = "NORMAL",
    criticality2 = "NORMAL",
    bulk = Al_6061,
    thick = 1.0e-03,
    meshType1 = "regular",
    nodes1 = 1,
    meshType2 = "regular",
    nodes2 = 1,
    analysis_type = "Lumped Parameter");

IR_TEL_CCD = TRANSLATE(
    object_name = IR_TEL_CCD,
    z_dist = 0.3,
    clear = TRUE);
IR_TEL_CCD = SHELL_SCS_DISC(
    rmax = 0.07,
    sense = -1,
    colour1 = "RED",
    colour2 = "RED",
    side1 = "Active",
    nbase1 = 41000,
    ndelta1_1 = 1,
    side2 = "Active",
    nbase2 = 41000,
    ndelta2_1 = 1,
    label1 = "IR_TEL_CCD",
    label2 = "IR_TEL_CCD",
    opt1 = CCD_Detector,
    opt2 = CCD_Detector,
    criticality1 = "NORMAL",
    criticality2 = "NORMAL",
    bulk = Al_6061,
    thick = 1.0e-03,
    meshType1 = "regular",
    nodes1 = 1,
    meshType2 = "regular",
    nodes2 = 1,
    analysis_type = "Lumped Parameter");

IR_TEL_CCD = TRANSLATE(
    object_name = IR_TEL_CCD,
    z_dist = 0.325,
    clear = TRUE);
IR_TEL_CCD = SHELL_SCS_DISC(
    rmax = 0.07,
    sense = -1,
    colour1 = "RED",
    colour2 = "RED",
    side1 = "Active",
    nbase1 = 41000,
    ndelta1_1 = 1,
    side2 = "Active",
    nbase2 = 41000,
    ndelta2_1 = 1,
    label1 = "IR_TEL_CCD",
    label2 = "IR_TEL_CCD",
    opt1 = CCD_Detector,
    opt2 = CCD_Detector,
    criticality1 = "NORMAL",
    criticality2 = "NORMAL",
    bulk = Al_6061,
    thick = 1.0e-03,
    meshType1 = "regular",
    nodes1 = 1,
    meshType2 = "regular",
    nodes2 = 1,
    analysis_type = "Lumped Parameter");

IR_TEL_CCD = TRANSLATE(
    object_name = IR_TEL_CCD,
    z_dist = 0.32,
    clear = TRUE);
IR_TEL_CCD = SHELL_SCS_DISC(
    rmax = 0.07,
    sense = -1,
    colour1 = "RED",
    colour2 = "RED",
    side1 = "Active",
    nbase1 = 41000,
    ndelta1_1 = 1,
    side2 = "Active",
    nbase2 = 41000,
    ndelta2_1 = 1,
    label1 = "IR_TEL_CCD",
    label2 = "IR_TEL_CCD",
    opt1 = CCD_Detector,
    opt2 = CCD_Detector,
    criticality1 = "NORMAL",
    criticality2 = "NORMAL",
    bulk = Al_6061,
    thick = 1.0e-03,
    meshType1 = "regular",
    nodes1 = 1,
    meshType2 = "regular",
    nodes2 = 1,
    analysis_type = "Lumped Parameter");

IR_TEL_CCD = TRANSLATE(
    object_name = IR_TEL_CCD,
    z_dist = 0.31,
    clear = TRUE);
IR_TEL_LENS = SHELL_SCS_DISC(
    rmax = 0.08,
    rmin = 0.0,
    height = 0.0,
    angmin = 0.0,
    angmax = 360.0,
    sense = -1,
    colour1 = "VERY_LIGHT_GREY",
    colour2 = "VERY_LIGHT_GREY",
    side1 = "Active",
    nbase1 = 44000,
    ndelta1_1 = 1,
    side2 = "Active",
    nbase2 = 44000,
    ndelta2_1 = 1,
    label1 = "IR_TEL_LENS",
    label2 = "IR_TEL_LENS",
    opt1 = IR_lens,
    opt2 = IR_lens,
    criticality1 = "NORMAL",
    criticality2 = "NORMAL",
    bulk = Glass,
    thick = 0.01,
    meshType1 = "regular",
    nodes1 = 1,
    meshType2 = "regular",
    nodes2 = 1,
    analysis_type = "Lumped Parameter");

IR_TEL_LENS = TRANSLATE(
    object_name = IR_TEL_LENS,
    x_dist = 0.2,
    z_dist = 0.1,
    clear = TRUE);
IR_TEL_LENS = SHELL_SCS_DISC(
    rmax = 0.08,
    rmin = 0.0,
    height = 0.0,
    angmin = 0.0,
    angmax = 360.0,
    sense = -1,
    colour1 = "VERY_LIGHT_GREY",
    colour2 = "VERY_LIGHT_GREY",
    side1 = "Active",
    nbase1 = 44000,
    ndelta1_1 = 1,
    side2 = "Active",
    nbase2 = 44000,
    ndelta2_1 = 1,
    label1 = "IR_TEL_LENS",
    label2 = "IR_TEL_LENS",
    opt1 = IR_lens,
    opt2 = IR_lens,
    criticality1 = "NORMAL",
    criticality2 = "NORMAL",
    bulk = Glass,
    thick = 0.01,
    meshType1 = "regular",
    nodes1 = 1,
    meshType2 = "regular",
    nodes2 = 1,
    analysis_type = "Lumped Parameter");

IR_TEL_LENS = TRANSLATE(
    object_name = IR_TEL_LENS,
    z_dist = 0.1,
    clear = TRUE);
IR_TEL_LENS = SHELL_SCS_DISC(
    rmax = 0.08,
    rmin = 0.0,
    height = 0.0,
    angmin = 0.0,
    angmax = 360.0,
    sense = -1,
    colour1 = "VERY_LIGHT_GREY",
    colour2 = "VERY_LIGHT_GREY",
    side1 = "Active",
    nbase1 = 44000,
    ndelta1_1 = 1,
    side2 = "Active",
    nbase2 = 44000,
    ndelta2_1 = 1,
    label1 = "IR_TEL_LENS",
    label2 = "IR_TEL_LENS",
    opt1 = IR_lens,
    opt2 = IR_lens,
    criticality1 = "NORMAL",
    criticality2 = "NORMAL",
    bulk = Glass,
    thick = 0.01,
    meshType1 = "regular",
    nodes1 = 1,
    meshType2 = "regular",
    nodes2 = 1,
    analysis_type = "Lumped Parameter");

IR_TEL_LENS = TRANSLATE(
    object_name = IR_TEL_LENS,
    z_dist = 0.1-0.001,
    clear = TRUE);
IR_TEL_LENS = SHELL_SCS_DISC(
    rmax = 0.08,
    rmin = 0.0,
    height = 0.0,
    angmin = 0.0,
    angmax = 360.0,
    sense = -1,
    colour1 = "VERY_LIGHT_GREY",
    colour2 = "VERY_LIGHT_GREY",
    side1 = "Active",
    nbase1 = 44000,
    ndelta1_1 = 1,
    side2 = "Active",
    nbase2 = 44000,
    ndelta2_1 = 1,
    label1 = "IR_TEL_LENS",
    label2 = "IR_TEL_LENS",
    opt1 = IR_lens,
    opt2 = IR_lens,
    criticality1 = "NORMAL",
    criticality2 = "NORMAL",
    bulk = Glass,
    thick = 0.01,
    meshType1 = "regular",
    nodes1 = 1,
    meshType2 = "regular",
    nodes2 = 1,
    analysis_type = "Lumped Parameter");

IR_TEL_LENS = TRANSLATE(
    object_name = IR_TEL_LENS,
    z_dist = 0.1+0.001,
    clear = TRUE);
IR_TEL_LENS = SHELL_SCS_DISC(
    rmax = 0.08,
    rmin = 0.0,
    height = 0.0,
    angmin = 0.0,
    angmax = 360.0,
    sense = -1,
    colour1 = "VERY_LIGHT_GREY",
    colour2 = "VERY_LIGHT_GREY",
    side1 = "Active",
    nbase1 = 44000,
    ndelta1_1 = 1,
    side2 = "Active",
    nbase2 = 44000,
    ndelta2_1 = 1,
    label1 = "IR_TEL_LENS",
    label2 = "IR_TEL_LENS",
    opt1 = IR_lens,
    opt2 = IR_lens,
    criticality1 = "NORMAL",
    criticality2 = "NORMAL",
    bulk = Glass,
    thick = 0.01,
    meshType1 = "regular",
    nodes1 = 1,
    meshType2 = "regular",
    nodes2 = 1,
    analysis_type = "Lumped Parameter");

IR_TEL_LENS = TRANSLATE(
    object_name = IR_TEL_LENS,
    z_dist = 0.1+0.001,
    clear = TRUE);
DELETE_GEOMETRY (geometry = IR_TEL_FOCUS, recursive = FALSE, unassign = FALSE);
MLI = SHELL_SCS_BOX(
    height = 0.27,
    xmax = 0.42,
    ymax = 0.32,
    xmin = 0.0,
    ymin = 0.0,
    sense = -1,
    colour1 = "PALE_RED",
    colour2 = "PALE_RED",
    side1 = "Active",
    ndelta1_1 = 1,
    side2 = "Active",
    ndelta2_1 = 1,
    label1 = "MLI_ext",
    label2 = "MLI_ext",
    opt1 = VDA_Kapton,
    opt2 = VDA_Kapton,
    criticality1 = "NORMAL",
    criticality2 = "NORMAL",
    bulk = MLI_foil,
    thick = 1.0e-03,
    through_cond = "EFFECTIVE",
    conductance = MLI_k_through,
    emittance = 0.0,
    meshType1 = "regular",
    nodes1 = 2,
    meshType2 = "regular",
    nodes2 = 2,
    meshType3 = "regular",
    nodes3 = 3,
    ratio3 = 1.5,
    analysis_type = "Lumped Parameter");

MLI = TRANSLATE(
    object_name = MLI,
    x_dist = -0.01,
    y_dist = -0.01,
    z_dist = -0.01,
    clear = TRUE);
MLI = SHELL_SCS_BOX(
    height = 0.27,
    xmax = 0.42,
    ymax = 0.32,
    xmin = 0.0,
    ymin = 0.0,
    sense = -1,
    colour1 = "PALE_RED",
    colour2 = "PALE_RED",
    side1 = "Active",
    ndelta1_1 = 1,
    side2 = "Active",
    ndelta2_1 = 1,
    label1 = "MLI_ext",
    label2 = "MLI_ext",
    opt1 = VDA_Kapton,
    opt2 = VDA_Kapton,
    criticality1 = "NORMAL",
    criticality2 = "NORMAL",
    bulk = MLI_foil,
    thick = 1.0e-03,
    through_cond = "EFFECTIVE",
    conductance = MLI_k_through,
    emittance = 0.0,
    meshType1 = "regular",
    nodes1 = 2,
    meshType2 = "regular",
    nodes2 = 2,
    meshType3 = "regular",
    nodes3 = 3,
    ratio3 = 1.5,
    analysis_type = "Lumped Parameter");

MLI = TRANSLATE(
    object_name = MLI,
    x_dist = -0.01,
    y_dist = -0.01,
    z_dist = -0.01+0.35,
    clear = TRUE);
MLI = SHELL_SCS_BOX(
    height = 0.27,
    xmax = 0.42,
    ymax = 0.32,
    xmin = 0.0,
    ymin = 0.0,
    sense = -1,
    colour1 = "PALE_RED",
    colour2 = "PALE_RED",
    side1 = "Active",
    ndelta1_1 = 1,
    side2 = "Active",
    ndelta2_1 = 1,
    label1 = "MLI_ext",
    label2 = "MLI_ext",
    opt1 = VDA_Kapton,
    opt2 = VDA_Kapton,
    criticality1 = "NORMAL",
    criticality2 = "NORMAL",
    bulk = MLI_foil,
    thick = 1.0e-03,
    through_cond = "EFFECTIVE",
    conductance = MLI_k_through,
    emittance = 0.0,
    meshType1 = "regular",
    nodes1 = 2,
    meshType2 = "regular",
    nodes2 = 2,
    meshType3 = "regular",
    nodes3 = 3,
    ratio3 = 1.5,
    analysis_type = "Lumped Parameter");

MLI = TRANSLATE(
    object_name = MLI,
    x_dist = -0.01-(0.42/2.0),
    y_dist = -0.01,
    z_dist = -0.01+0.35,
    clear = TRUE);
MLI = SHELL_SCS_BOX(
    height = 0.27,
    xmax = 0.42,
    ymax = 0.32,
    xmin = 0.0,
    ymin = 0.0,
    sense = -1,
    colour1 = "PALE_RED",
    colour2 = "PALE_RED",
    side1 = "Active",
    ndelta1_1 = 1,
    side2 = "Active",
    ndelta2_1 = 1,
    label1 = "MLI_ext",
    label2 = "MLI_ext",
    opt1 = VDA_Kapton,
    opt2 = VDA_Kapton,
    criticality1 = "NORMAL",
    criticality2 = "NORMAL",
    bulk = MLI_foil,
    thick = 1.0e-03,
    through_cond = "EFFECTIVE",
    conductance = MLI_k_through,
    emittance = 0.0,
    meshType1 = "regular",
    nodes1 = 2,
    meshType2 = "regular",
    nodes2 = 2,
    meshType3 = "regular",
    nodes3 = 3,
    ratio3 = 1.5,
    analysis_type = "Lumped Parameter");

MLI = TRANSLATE(
    object_name = MLI,
    x_dist = -0.01-(0.42/2.0),
    y_dist = -0.01-(0.32/2.0),
    z_dist = -0.01+0.35,
    clear = TRUE);
MLI = SHELL_SCS_BOX(
    height = 0.27,
    xmax = 0.42,
    ymax = 0.32,
    xmin = 0.0,
    ymin = 0.0,
    sense = -1,
    colour1 = "PALE_RED",
    colour2 = "PALE_RED",
    side1 = "Active",
    ndelta1_1 = 1,
    side2 = "Active",
    ndelta2_1 = 1,
    label1 = "MLI_ext",
    label2 = "MLI_ext",
    opt1 = VDA_Kapton,
    opt2 = VDA_Kapton,
    criticality1 = "NORMAL",
    criticality2 = "NORMAL",
    bulk = MLI_foil,
    thick = 1.0e-03,
    through_cond = "EFFECTIVE",
    conductance = MLI_k_through,
    emittance = 0.0,
    meshType1 = "regular",
    nodes1 = 2,
    meshType2 = "regular",
    nodes2 = 2,
    meshType3 = "regular",
    nodes3 = 3,
    ratio3 = 1.5,
    analysis_type = "Lumped Parameter");

MLI = TRANSLATE(
    object_name = MLI,
    x_dist = -(0.42/2.0),
    y_dist = -(0.32/2.0),
    z_dist = -0.01+0.35,
    clear = TRUE);
MLI = SHELL_SCS_BOX(
    height = 0.27,
    xmax = 0.42,
    ymax = 0.32,
    xmin = 0.0,
    ymin = 0.0,
    sense = -1,
    colour1 = "PALE_RED",
    colour2 = "PALE_RED",
    side1 = "Active",
    ndelta1_1 = 1,
    side2 = "Active",
    ndelta2_1 = 1,
    label1 = "MLI_ext",
    label2 = "MLI_ext",
    opt1 = VDA_Kapton,
    opt2 = VDA_Kapton,
    criticality1 = "NORMAL",
    criticality2 = "NORMAL",
    bulk = MLI_foil,
    thick = 1.0e-03,
    through_cond = "EFFECTIVE",
    conductance = MLI_k_through,
    emittance = 0.0,
    meshType1 = "regular",
    nodes1 = 2,
    meshType2 = "regular",
    nodes2 = 2,
    meshType3 = "regular",
    nodes3 = 2,
    analysis_type = "Lumped Parameter");

MLI = TRANSLATE(
    object_name = MLI,
    x_dist = -(0.42/2.0),
    y_dist = -(0.32/2.0),
    z_dist = -0.01+0.35,
    clear = TRUE);
MLI_CUTTER = SHELL_SCS_CYLINDER(
    radius = 0.125,
    hmax = 0.15,
    hmin = 0.0,
    angmin = 0.0,
    angmax = 360.0,
    sense = -1,
    colour1 = "DARK_GREY",
    colour2 = "DARK_GREY",
    side1 = "Active",
    nbase1 = 43000,
    ndelta1_1 = 1,
    side2 = "Active",
    nbase2 = 43000,
    ndelta2_1 = 1,
    label1 = "IR_TEL_OBJ",
    label2 = "IR_TEL_OBJ",
    opt1 = Black_paint,
    opt2 = Black_paint,
    criticality1 = "NORMAL",
    criticality2 = "NORMAL",
    bulk = Al_6061,
    thick = 2.0e-03,
    meshType1 = "regular",
    nodes1 = 1,
    meshType2 = "regular",
    nodes2 = 1,
    analysis_type = "Lumped Parameter");

MLI_CUTTER = TRANSLATE(
    object_name = MLI_CUTTER,
    x_dist = 0.2,
    y_dist = 0.11,
    z_dist = 0.36315,
    clear = TRUE);
MLI_CUTTER = SHELL_SCS_CYLINDER(
    radius = 0.125,
    hmax = 0.15,
    hmin = 0.0,
    angmin = 0.0,
    angmax = 360.0,
    sense = -1,
    colour1 = "DARK_GREY",
    colour2 = "DARK_GREY",
    side1 = "Active",
    nbase1 = 43000,
    ndelta1_1 = 1,
    side2 = "Active",
    nbase2 = 43000,
    ndelta2_1 = 1,
    label1 = "IR_TEL_OBJ",
    label2 = "IR_TEL_OBJ",
    opt1 = Black_paint,
    opt2 = Black_paint,
    criticality1 = "NORMAL",
    criticality2 = "NORMAL",
    bulk = Al_6061,
    thick = 2.0e-03,
    meshType1 = "regular",
    nodes1 = 1,
    meshType2 = "regular",
    nodes2 = 1,
    analysis_type = "Lumped Parameter");

MLI_CUTTER = TRANSLATE(
    object_name = MLI_CUTTER,
    z_dist = 0.36315,
    clear = TRUE);
MLI_CUTTER = SHELL_SCS_CYLINDER(
    radius = 0.125,
    hmax = 0.3,
    hmin = 0.0,
    angmin = 0.0,
    angmax = 360.0,
    sense = -1,
    colour1 = "DARK_GREY",
    colour2 = "DARK_GREY",
    side1 = "Active",
    nbase1 = 43000,
    ndelta1_1 = 1,
    side2 = "Active",
    nbase2 = 43000,
    ndelta2_1 = 1,
    label1 = "IR_TEL_OBJ",
    label2 = "IR_TEL_OBJ",
    opt1 = Black_paint,
    opt2 = Black_paint,
    criticality1 = "NORMAL",
    criticality2 = "NORMAL",
    bulk = Al_6061,
    thick = 2.0e-03,
    meshType1 = "regular",
    nodes1 = 1,
    meshType2 = "regular",
    nodes2 = 1,
    analysis_type = "Lumped Parameter");

MLI_CUTTER = TRANSLATE(
    object_name = MLI_CUTTER,
    z_dist = 0.36315,
    clear = TRUE);
MLI_CUTTER = SHELL_SCS_CYLINDER(
    radius = 0.125,
    hmax = 0.3,
    hmin = 0.0,
    angmin = 0.0,
    angmax = 360.0,
    sense = -1,
    colour1 = "DARK_GREY",
    colour2 = "DARK_GREY",
    side1 = "Active",
    nbase1 = 43000,
    ndelta1_1 = 1,
    side2 = "Active",
    nbase2 = 43000,
    ndelta2_1 = 1,
    label1 = "IR_TEL_OBJ",
    label2 = "IR_TEL_OBJ",
    opt1 = Black_paint,
    opt2 = Black_paint,
    criticality1 = "NORMAL",
    criticality2 = "NORMAL",
    bulk = Al_6061,
    thick = 2.0e-03,
    meshType1 = "regular",
    nodes1 = 1,
    meshType2 = "regular",
    nodes2 = 1,
    analysis_type = "Lumped Parameter");

MLI_CUTTER = TRANSLATE(
    object_name = MLI_CUTTER,
    z_dist = 0.1,
    clear = TRUE);
MLI_CUTTER = SHELL_SCS_CYLINDER(
    radius = 0.125,
    hmax = 0.3,
    hmin = 0.0,
    angmin = 0.0,
    angmax = 360.0,
    sense = -1,
    colour1 = "DARK_GREY",
    colour2 = "DARK_GREY",
    side1 = "Active",
    nbase1 = 43000,
    ndelta1_1 = 1,
    side2 = "Active",
    nbase2 = 43000,
    ndelta2_1 = 1,
    label1 = "IR_TEL_OBJ",
    label2 = "IR_TEL_OBJ",
    opt1 = Black_paint,
    opt2 = Black_paint,
    criticality1 = "NORMAL",
    criticality2 = "NORMAL",
    bulk = Al_6061,
    thick = 2.0e-03,
    meshType1 = "regular",
    nodes1 = 1,
    meshType2 = "regular",
    nodes2 = 1,
    analysis_type = "Lumped Parameter");

MLI_CUTTER = TRANSLATE(
    object_name = MLI_CUTTER,
    z_dist = 0.1,
    clear = TRUE);
RAD_CUTTER = SHELL_SCS_BOX(
    height = 0.2,
    xmax = 0.2,
    ymax = 0.2,
    xmin = 0.0,
    ymin = 0.0,
    sense = -1,
    colour1 = "TURQUOISE",
    colour2 = "TURQUOISE",
    side1 = "Active",
    ndelta1_1 = 1,
    side2 = "Active",
    ndelta2_1 = 1,
    opt1 = SSM,
    opt2 = SSM,
    criticality1 = "NORMAL",
    criticality2 = "NORMAL",
    bulk = Radiator,
    thick = 0.01,
    meshType1 = "regular",
    nodes1 = 1,
    meshType2 = "regular",
    nodes2 = 1,
    meshType3 = "regular",
    nodes3 = 1,
    analysis_type = "Lumped Parameter");

RAD_CUTTER = TRANSLATE(
    object_name = RAD_CUTTER,
    x_dist = 0.1,
    y_dist = 0.26,
    z_dist = 0.281575,
    clear = TRUE);
RAD_CUTTER = SHELL_SCS_BOX(
    height = 0.2,
    xmax = 0.2,
    ymax = 0.2,
    xmin = 0.0,
    ymin = 0.0,
    sense = -1,
    colour1 = "TURQUOISE",
    colour2 = "TURQUOISE",
    side1 = "Active",
    ndelta1_1 = 1,
    side2 = "Active",
    ndelta2_1 = 1,
    opt1 = SSM,
    opt2 = SSM,
    criticality1 = "NORMAL",
    criticality2 = "NORMAL",
    bulk = Radiator,
    thick = 0.01,
    meshType1 = "regular",
    nodes1 = 1,
    meshType2 = "regular",
    nodes2 = 1,
    meshType3 = "regular",
    nodes3 = 1,
    analysis_type = "Lumped Parameter");

RAD_CUTTER = TRANSLATE(
    object_name = RAD_CUTTER,
    z_dist = 0.281575,
    clear = TRUE);
RAD_CUTTER = SHELL_SCS_BOX(
    height = 0.2,
    xmax = 0.2,
    ymax = 0.2,
    xmin = 0.0,
    ymin = 0.0,
    sense = -1,
    colour1 = "TURQUOISE",
    colour2 = "TURQUOISE",
    side1 = "Active",
    ndelta1_1 = 1,
    side2 = "Active",
    ndelta2_1 = 1,
    opt1 = SSM,
    opt2 = SSM,
    criticality1 = "NORMAL",
    criticality2 = "NORMAL",
    bulk = Radiator,
    thick = 0.01,
    meshType1 = "regular",
    nodes1 = 1,
    meshType2 = "regular",
    nodes2 = 1,
    meshType3 = "regular",
    nodes3 = 1,
    analysis_type = "Lumped Parameter");

RAD_CUTTER = TRANSLATE(
    object_name = RAD_CUTTER,
    x_dist = -0.2,
    y_dist = -0.2,
    z_dist = 0.281575,
    clear = TRUE);
RAD_CUTTER = SHELL_SCS_BOX(
    height = 0.2,
    xmax = 0.2,
    ymax = 0.2,
    xmin = 0.0,
    ymin = 0.0,
    sense = -1,
    colour1 = "TURQUOISE",
    colour2 = "TURQUOISE",
    side1 = "Active",
    ndelta1_1 = 1,
    side2 = "Active",
    ndelta2_1 = 1,
    opt1 = SSM,
    opt2 = SSM,
    criticality1 = "NORMAL",
    criticality2 = "NORMAL",
    bulk = Radiator,
    thick = 0.01,
    meshType1 = "regular",
    nodes1 = 1,
    meshType2 = "regular",
    nodes2 = 1,
    meshType3 = "regular",
    nodes3 = 1,
    analysis_type = "Lumped Parameter");

RAD_CUTTER = TRANSLATE(
    object_name = RAD_CUTTER,
    x_dist = -0.18,
    y_dist = -0.2,
    z_dist = 0.281575,
    clear = TRUE);
RAD_CUTTER = SHELL_SCS_BOX(
    height = 0.2,
    xmax = 0.2,
    ymax = 0.2,
    xmin = 0.0,
    ymin = 0.0,
    sense = -1,
    colour1 = "TURQUOISE",
    colour2 = "TURQUOISE",
    side1 = "Active",
    ndelta1_1 = 1,
    side2 = "Active",
    ndelta2_1 = 1,
    opt1 = SSM,
    opt2 = SSM,
    criticality1 = "NORMAL",
    criticality2 = "NORMAL",
    bulk = Radiator,
    thick = 0.01,
    meshType1 = "regular",
    nodes1 = 1,
    meshType2 = "regular",
    nodes2 = 1,
    meshType3 = "regular",
    nodes3 = 1,
    analysis_type = "Lumped Parameter");

RAD_CUTTER = TRANSLATE(
    object_name = RAD_CUTTER,
    x_dist = 0.18,
    y_dist = -0.2,
    z_dist = 0.281575,
    clear = TRUE);
RAD_CUTTER = SHELL_SCS_BOX(
    height = 0.2,
    xmax = 0.2,
    ymax = 0.2,
    xmin = 0.0,
    ymin = 0.0,
    sense = -1,
    colour1 = "TURQUOISE",
    colour2 = "TURQUOISE",
    side1 = "Active",
    ndelta1_1 = 1,
    side2 = "Active",
    ndelta2_1 = 1,
    opt1 = SSM,
    opt2 = SSM,
    criticality1 = "NORMAL",
    criticality2 = "NORMAL",
    bulk = Radiator,
    thick = 0.01,
    meshType1 = "regular",
    nodes1 = 1,
    meshType2 = "regular",
    nodes2 = 1,
    meshType3 = "regular",
    nodes3 = 1,
    analysis_type = "Lumped Parameter");

RAD_CUTTER = TRANSLATE(
    object_name = RAD_CUTTER,
    x_dist = 0.08,
    y_dist = -0.2,
    z_dist = 0.281575,
    clear = TRUE);
RAD_CUTTER = SHELL_SCS_BOX(
    height = 0.2,
    xmax = 0.2,
    ymax = 0.2,
    xmin = 0.0,
    ymin = 0.0,
    sense = -1,
    colour1 = "TURQUOISE",
    colour2 = "TURQUOISE",
    side1 = "Active",
    ndelta1_1 = 1,
    side2 = "Active",
    ndelta2_1 = 1,
    opt1 = SSM,
    opt2 = SSM,
    criticality1 = "NORMAL",
    criticality2 = "NORMAL",
    bulk = Radiator,
    thick = 0.01,
    meshType1 = "regular",
    nodes1 = 1,
    meshType2 = "regular",
    nodes2 = 1,
    meshType3 = "regular",
    nodes3 = 1,
    analysis_type = "Lumped Parameter");

RAD_CUTTER = TRANSLATE(
    object_name = RAD_CUTTER,
    x_dist = 0.05,
    y_dist = -0.2,
    z_dist = 0.281575,
    clear = TRUE);
RAD_CUTTER = SHELL_SCS_BOX(
    height = 0.2,
    xmax = 0.2,
    ymax = 0.2,
    xmin = 0.0,
    ymin = 0.0,
    sense = -1,
    colour1 = "TURQUOISE",
    colour2 = "TURQUOISE",
    side1 = "Active",
    ndelta1_1 = 1,
    side2 = "Active",
    ndelta2_1 = 1,
    opt1 = SSM,
    opt2 = SSM,
    criticality1 = "NORMAL",
    criticality2 = "NORMAL",
    bulk = Radiator,
    thick = 0.01,
    meshType1 = "regular",
    nodes1 = 1,
    meshType2 = "regular",
    nodes2 = 1,
    meshType3 = "regular",
    nodes3 = 1,
    analysis_type = "Lumped Parameter");

RAD_CUTTER = TRANSLATE(
    object_name = RAD_CUTTER,
    y_dist = -0.2,
    z_dist = 0.281575,
    clear = TRUE);
RAD_CUTTER = SHELL_SCS_BOX(
    height = 0.18,
    xmax = 0.18,
    ymax = 0.2,
    xmin = 0.0,
    ymin = 0.0,
    sense = -1,
    colour1 = "TURQUOISE",
    colour2 = "TURQUOISE",
    side1 = "Active",
    ndelta1_1 = 1,
    side2 = "Active",
    ndelta2_1 = 1,
    opt1 = SSM,
    opt2 = SSM,
    criticality1 = "NORMAL",
    criticality2 = "NORMAL",
    bulk = Radiator,
    thick = 0.01,
    meshType1 = "regular",
    nodes1 = 1,
    meshType2 = "regular",
    nodes2 = 1,
    meshType3 = "regular",
    nodes3 = 1,
    analysis_type = "Lumped Parameter");

RAD_CUTTER = TRANSLATE(
    object_name = RAD_CUTTER,
    y_dist = -0.2,
    z_dist = 0.281575,
    clear = TRUE);
RAD_CUTTER = SHELL_SCS_BOX(
    height = 0.18,
    xmax = 0.18,
    ymax = 0.2,
    xmin = 0.0,
    ymin = 0.0,
    sense = -1,
    colour1 = "TURQUOISE",
    colour2 = "TURQUOISE",
    side1 = "Active",
    ndelta1_1 = 1,
    side2 = "Active",
    ndelta2_1 = 1,
    opt1 = SSM,
    opt2 = SSM,
    criticality1 = "NORMAL",
    criticality2 = "NORMAL",
    bulk = Radiator,
    thick = 0.01,
    meshType1 = "regular",
    nodes1 = 1,
    meshType2 = "regular",
    nodes2 = 1,
    meshType3 = "regular",
    nodes3 = 1,
    analysis_type = "Lumped Parameter");

RAD_CUTTER = TRANSLATE(
    object_name = RAD_CUTTER,
    y_dist = -0.2,
    z_dist = 0.37,
    clear = TRUE);
RAD_CUTTER = SHELL_SCS_BOX(
    height = 0.18,
    xmax = 0.18,
    ymax = 0.2,
    xmin = 0.0,
    ymin = 0.0,
    sense = -1,
    colour1 = "TURQUOISE",
    colour2 = "TURQUOISE",
    side1 = "Active",
    ndelta1_1 = 1,
    side2 = "Active",
    ndelta2_1 = 1,
    opt1 = SSM,
    opt2 = SSM,
    criticality1 = "NORMAL",
    criticality2 = "NORMAL",
    bulk = Radiator,
    thick = 0.01,
    meshType1 = "regular",
    nodes1 = 1,
    meshType2 = "regular",
    nodes2 = 1,
    meshType3 = "regular",
    nodes3 = 1,
    analysis_type = "Lumped Parameter");

RAD_CUTTER = TRANSLATE(
    object_name = RAD_CUTTER,
    y_dist = -0.18,
    z_dist = 0.37,
    clear = TRUE);
RAD_CUTTER = SHELL_SCS_BOX(
    height = 0.18,
    xmax = 0.18,
    ymax = 0.2,
    xmin = 0.0,
    ymin = 0.0,
    sense = -1,
    colour1 = "TURQUOISE",
    colour2 = "TURQUOISE",
    side1 = "Active",
    ndelta1_1 = 1,
    side2 = "Active",
    ndelta2_1 = 1,
    opt1 = SSM,
    opt2 = SSM,
    criticality1 = "NORMAL",
    criticality2 = "NORMAL",
    bulk = Radiator,
    thick = 0.01,
    meshType1 = "regular",
    nodes1 = 1,
    meshType2 = "regular",
    nodes2 = 1,
    meshType3 = "regular",
    nodes3 = 1,
    analysis_type = "Lumped Parameter");

RAD_CUTTER = TRANSLATE(
    object_name = RAD_CUTTER,
    y_dist = -0.28,
    z_dist = 0.37,
    clear = TRUE);
RAD_CUTTER = SHELL_SCS_BOX(
    height = 0.18,
    xmax = 0.18,
    ymax = 0.2,
    xmin = 0.0,
    ymin = 0.0,
    sense = -1,
    colour1 = "TURQUOISE",
    colour2 = "TURQUOISE",
    side1 = "Active",
    ndelta1_1 = 1,
    side2 = "Active",
    ndelta2_1 = 1,
    opt1 = SSM,
    opt2 = SSM,
    criticality1 = "NORMAL",
    criticality2 = "NORMAL",
    bulk = Radiator,
    thick = 0.01,
    meshType1 = "regular",
    nodes1 = 1,
    meshType2 = "regular",
    nodes2 = 1,
    meshType3 = "regular",
    nodes3 = 1,
    analysis_type = "Lumped Parameter");

RAD_CUTTER = TRANSLATE(
    object_name = RAD_CUTTER,
    x_dist = 0.18/2.0,
    y_dist = -0.28,
    z_dist = 0.37,
    clear = TRUE);
RAD_CUTTER = SHELL_SCS_BOX(
    height = 0.18,
    xmax = 0.18,
    ymax = 0.2,
    xmin = 0.0,
    ymin = 0.0,
    sense = -1,
    colour1 = "TURQUOISE",
    colour2 = "TURQUOISE",
    side1 = "Active",
    ndelta1_1 = 1,
    side2 = "Active",
    ndelta2_1 = 1,
    opt1 = SSM,
    opt2 = SSM,
    criticality1 = "NORMAL",
    criticality2 = "NORMAL",
    bulk = Radiator,
    thick = 0.01,
    meshType1 = "regular",
    nodes1 = 1,
    meshType2 = "regular",
    nodes2 = 1,
    meshType3 = "regular",
    nodes3 = 1,
    analysis_type = "Lumped Parameter");

RAD_CUTTER = TRANSLATE(
    object_name = RAD_CUTTER,
    x_dist = 0.02/2.0,
    y_dist = -0.28,
    z_dist = 0.37,
    clear = TRUE);
RAD_CUTTER = SHELL_SCS_BOX(
    height = 0.18,
    xmax = 0.18,
    ymax = 0.2,
    xmin = 0.0,
    ymin = 0.0,
    sense = -1,
    colour1 = "TURQUOISE",
    colour2 = "TURQUOISE",
    side1 = "Active",
    ndelta1_1 = 1,
    side2 = "Active",
    ndelta2_1 = 1,
    opt1 = SSM,
    opt2 = SSM,
    criticality1 = "NORMAL",
    criticality2 = "NORMAL",
    bulk = Radiator,
    thick = 0.01,
    meshType1 = "regular",
    nodes1 = 1,
    meshType2 = "regular",
    nodes2 = 1,
    meshType3 = "regular",
    nodes3 = 1,
    analysis_type = "Lumped Parameter");

RAD_CUTTER = TRANSLATE(
    object_name = RAD_CUTTER,
    x_dist = 0.01,
    y_dist = -0.28,
    z_dist = 0.37,
    clear = TRUE);
RAD_CUTTER = SHELL_SCS_BOX(
    height = 0.18,
    xmax = 0.18,
    ymax = 0.2,
    xmin = 0.0,
    ymin = 0.0,
    sense = -1,
    colour1 = "TURQUOISE",
    colour2 = "TURQUOISE",
    side1 = "Active",
    ndelta1_1 = 1,
    side2 = "Active",
    ndelta2_1 = 1,
    opt1 = SSM,
    opt2 = SSM,
    criticality1 = "NORMAL",
    criticality2 = "NORMAL",
    bulk = Radiator,
    thick = 0.01,
    meshType1 = "regular",
    nodes1 = 1,
    meshType2 = "regular",
    nodes2 = 1,
    meshType3 = "regular",
    nodes3 = 1,
    analysis_type = "Lumped Parameter");

RAD_CUTTER = TRANSLATE(
    object_name = RAD_CUTTER,
    x_dist = 0.015,
    y_dist = -0.28,
    z_dist = 0.37,
    clear = TRUE);
RAD_CUTTER = SHELL_SCS_BOX(
    height = 0.18,
    xmax = 0.18,
    ymax = 0.25,
    xmin = 0.0,
    ymin = 0.0,
    sense = -1,
    colour1 = "TURQUOISE",
    colour2 = "TURQUOISE",
    side1 = "Active",
    ndelta1_1 = 1,
    side2 = "Active",
    ndelta2_1 = 1,
    opt1 = SSM,
    opt2 = SSM,
    criticality1 = "NORMAL",
    criticality2 = "NORMAL",
    bulk = Radiator,
    thick = 0.01,
    meshType1 = "regular",
    nodes1 = 1,
    meshType2 = "regular",
    nodes2 = 1,
    meshType3 = "regular",
    nodes3 = 1,
    analysis_type = "Lumped Parameter");

RAD_CUTTER = TRANSLATE(
    object_name = RAD_CUTTER,
    x_dist = 0.015,
    y_dist = -0.28,
    z_dist = 0.37,
    clear = TRUE);
RAD_CUTTER = SHELL_SCS_BOX(
    height = 0.18,
    xmax = 0.18,
    ymax = 0.2,
    xmin = 0.0,
    ymin = 0.0,
    sense = -1,
    colour1 = "TURQUOISE",
    colour2 = "TURQUOISE",
    side1 = "Active",
    ndelta1_1 = 1,
    side2 = "Active",
    ndelta2_1 = 1,
    opt1 = SSM,
    opt2 = SSM,
    criticality1 = "NORMAL",
    criticality2 = "NORMAL",
    bulk = Radiator,
    thick = 0.01,
    meshType1 = "regular",
    nodes1 = 1,
    meshType2 = "regular",
    nodes2 = 1,
    meshType3 = "regular",
    nodes3 = 1,
    analysis_type = "Lumped Parameter");

RAD_CUTTER = TRANSLATE(
    object_name = RAD_CUTTER,
    x_dist = 0.015,
    y_dist = -0.28,
    z_dist = 0.37,
    clear = TRUE);
RAD_CUTTER = SHELL_SCS_BOX(
    height = 0.2,
    xmax = 0.18,
    ymax = 0.2,
    xmin = 0.0,
    ymin = 0.0,
    sense = -1,
    colour1 = "TURQUOISE",
    colour2 = "TURQUOISE",
    side1 = "Active",
    ndelta1_1 = 1,
    side2 = "Active",
    ndelta2_1 = 1,
    opt1 = SSM,
    opt2 = SSM,
    criticality1 = "NORMAL",
    criticality2 = "NORMAL",
    bulk = Radiator,
    thick = 0.01,
    meshType1 = "regular",
    nodes1 = 1,
    meshType2 = "regular",
    nodes2 = 1,
    meshType3 = "regular",
    nodes3 = 1,
    analysis_type = "Lumped Parameter");

RAD_CUTTER = TRANSLATE(
    object_name = RAD_CUTTER,
    x_dist = 0.015,
    y_dist = -0.28,
    z_dist = 0.37,
    clear = TRUE);
RAD_CUTTER = SHELL_SCS_BOX(
    height = 0.2,
    xmax = 0.18,
    ymax = 0.2,
    xmin = 0.0,
    ymin = 0.0,
    sense = -1,
    colour1 = "TURQUOISE",
    colour2 = "TURQUOISE",
    side1 = "Active",
    ndelta1_1 = 1,
    side2 = "Active",
    ndelta2_1 = 1,
    opt1 = SSM,
    opt2 = SSM,
    criticality1 = "NORMAL",
    criticality2 = "NORMAL",
    bulk = Radiator,
    thick = 0.01,
    meshType1 = "regular",
    nodes1 = 1,
    meshType2 = "regular",
    nodes2 = 1,
    meshType3 = "regular",
    nodes3 = 1,
    analysis_type = "Lumped Parameter");

RAD_CUTTER = TRANSLATE(
    object_name = RAD_CUTTER,
    x_dist = 0.015,
    y_dist = -0.28,
    z_dist = 0.375,
    clear = TRUE);
GEOMETRY MLI_IR_TEL;
MLI_IR_TEL = SHELL_SCS_CYLINDER(
    radius = 0.135,
    hmax = 0.35,
    hmin = 0.0,
    angmin = 0.0,
    angmax = 360.0,
    sense = -1,
    colour1 = "PALE_BLUE",
    colour2 = "VERY_DARK_GREY",
    side1 = "Active",
    nbase1 = 40000,
    ndelta1_1 = 1,
    side2 = "Active",
    nbase2 = 40500,
    ndelta2_1 = 1,
    label1 = "IR_TEL_STR_ext",
    label2 = "IR_TEL_STR_int",
    opt1 = Al_anodized_blck,
    opt2 = Al_anodized,
    criticality1 = "NORMAL",
    criticality2 = "NORMAL",
    bulk = Al_6061,
    thick = 1.0e-03,
    meshType1 = "regular",
    nodes1 = 2,
    meshType2 = "regular",
    nodes2 = 2,
    analysis_type = "Lumped Parameter");

MLI_IR_TEL = TRANSLATE(
    object_name = MLI_IR_TEL,
    clear = TRUE);
DEFINE_OPTICAL(optical = VDA_Kapton,
               description = "",
               ir_emiss = 0.1,
               ir_transm = 0.0,
               solar_absorb = 0.2,
               solar_transm = 0.0,
               ir_spec_refl = 0.9,
               solar_spec_refl = 0.8);

MLI_IR_TEL = SHELL_SCS_CYLINDER(
    radius = 0.135,
    hmax = 0.35,
    hmin = 0.0,
    angmin = 0.0,
    angmax = 360.0,
    sense = -1,
    colour1 = "PALE_RED",
    colour2 = "PALE_RED",
    side1 = "Active",
    nbase1 = 40000,
    ndelta1_1 = 1,
    side2 = "Active",
    nbase2 = 40000,
    ndelta2_1 = 1,
    label1 = "IR_TEL_STR_ext",
    label2 = "IR_TEL_STR_ext",
    opt1 = VDA_Kapton,
    opt2 = VDA_Kapton,
    criticality1 = "NORMAL",
    criticality2 = "NORMAL",
    bulk = MLI_foil,
    thick = 1.0e-03,
    meshType1 = "regular",
    nodes1 = 2,
    meshType2 = "regular",
    nodes2 = 2,
    analysis_type = "Lumped Parameter");

MLI_IR_TEL = TRANSLATE(
    object_name = MLI_IR_TEL,
    clear = TRUE);
MLI_IR_TEL = SHELL_SCS_CYLINDER(
    radius = 0.135,
    hmax = 0.35,
    hmin = 0.0,
    angmin = 0.0,
    angmax = 360.0,
    sense = -1,
    colour1 = "PALE_RED",
    colour2 = "PALE_RED",
    side1 = "Active",
    nbase1 = 40000,
    ndelta1_1 = 1,
    side2 = "Active",
    nbase2 = 40000,
    ndelta2_1 = 1,
    label1 = "IR_TEL_STR_ext",
    label2 = "IR_TEL_STR_ext",
    opt1 = VDA_Kapton,
    opt2 = VDA_Kapton,
    criticality1 = "NORMAL",
    criticality2 = "NORMAL",
    bulk = MLI_foil,
    thick = 1.0e-03,
    through_cond = "EFFECTIVE",
    conductance = MLI_k_through,
    meshType1 = "regular",
    nodes1 = 2,
    meshType2 = "regular",
    nodes2 = 2,
    analysis_type = "Lumped Parameter");

MLI_IR_TEL = TRANSLATE(
    object_name = MLI_IR_TEL,
    clear = TRUE);
MLI_IR_TEL = SHELL_SCS_CYLINDER(
    radius = 0.135,
    hmax = 0.35,
    hmin = 0.0,
    angmin = 0.0,
    angmax = 360.0,
    sense = -1,
    colour1 = "PALE_RED",
    colour2 = "PALE_RED",
    side1 = "Active",
    nbase1 = 52000,
    ndelta1_1 = 1,
    side2 = "Active",
    nbase2 = 52000,
    ndelta2_1 = 1,
    label1 = "IR_TEL_STR_ext",
    label2 = "IR_TEL_STR_ext",
    opt1 = VDA_Kapton,
    opt2 = VDA_Kapton,
    criticality1 = "NORMAL",
    criticality2 = "NORMAL",
    bulk = MLI_foil,
    thick = 1.0e-03,
    through_cond = "EFFECTIVE",
    conductance = MLI_k_through,
    emittance = 0.0,
    meshType1 = "regular",
    nodes1 = 2,
    meshType2 = "regular",
    nodes2 = 2,
    analysis_type = "Lumped Parameter");

MLI_IR_TEL = TRANSLATE(
    object_name = MLI_IR_TEL,
    clear = TRUE);
MLI_IR_TEL = SHELL_SCS_CYLINDER(
    radius = 0.135,
    hmax = 0.35-0.01,
    hmin = 0.0,
    angmin = 0.0,
    angmax = 360.0,
    sense = -1,
    colour1 = "PALE_RED",
    colour2 = "PALE_RED",
    side1 = "Active",
    nbase1 = 52000,
    ndelta1_1 = 1,
    side2 = "Active",
    nbase2 = 52000,
    ndelta2_1 = 1,
    label1 = "IR_TEL_STR_ext",
    label2 = "IR_TEL_STR_ext",
    opt1 = VDA_Kapton,
    opt2 = VDA_Kapton,
    criticality1 = "NORMAL",
    criticality2 = "NORMAL",
    bulk = MLI_foil,
    thick = 1.0e-03,
    through_cond = "EFFECTIVE",
    conductance = MLI_k_through,
    emittance = 0.0,
    meshType1 = "regular",
    nodes1 = 2,
    meshType2 = "regular",
    nodes2 = 2,
    analysis_type = "Lumped Parameter");

MLI_IR_TEL = TRANSLATE(
    object_name = MLI_IR_TEL,
    clear = TRUE);
RAD_IR_Tel = SHELL_SCS_RECTANGLE(
    xmax = 0.2,
    ymax = 0.2,
    height = 0.0,
    xmin = 0.0,
    ymin = 0.0,
    sense = -1,
    colour1 = "PALE_BLUE",
    colour2 = "PALE_BLUE",
    side1 = "Active",
    nbase1 = 60000,
    ndelta1_1 = 1,
    side2 = "Active",
    nbase2 = 60000,
    ndelta2_1 = 1,
    label1 = "RAD",
    label2 = "RAD",
    opt1 = SSM,
    opt2 = SSM,
    criticality1 = "NORMAL",
    criticality2 = "NORMAL",
    bulk = Radiator,
    thick = 0.01,
    meshType1 = "regular",
    nodes1 = 3,
    meshType2 = "regular",
    nodes2 = 3,
    analysis_type = "Lumped Parameter");

RAD_IR_Tel = ROTATE(
    object_name = RAD_IR_Tel,
    x_ang = 90.0,
    clear = TRUE);
RAD_IR_Tel = TRANSLATE(
    object_name = RAD_IR_Tel,
    x_dist = 0.1,
    y_dist = 0.21,
    z_dist = 0.281575);
RAD_IR_Tel = SHELL_SCS_RECTANGLE(
    xmax = 0.2,
    ymax = 0.18,
    height = 0.2,
    xmin = 0.0,
    ymin = 0.0,
    sense = -1,
    colour1 = "PALE_BLUE",
    colour2 = "PALE_BLUE",
    side1 = "Active",
    nbase1 = 60000,
    ndelta1_1 = 1,
    side2 = "Active",
    nbase2 = 60000,
    ndelta2_1 = 1,
    label1 = "RAD",
    label2 = "RAD",
    opt1 = SSM,
    opt2 = SSM,
    criticality1 = "NORMAL",
    criticality2 = "NORMAL",
    bulk = Radiator,
    thick = 0.01,
    meshType1 = "regular",
    nodes1 = 3,
    meshType2 = "regular",
    nodes2 = 3,
    analysis_type = "Lumped Parameter");

RAD_IR_Tel = TRANSLATE(
    object_name = RAD_IR_Tel,
    x_dist = 0.015,
    y_dist = -0.28,
    z_dist = 0.375,
    clear = TRUE);
RAD_IR_Tel = SHELL_SCS_RECTANGLE(
    xmax = 0.2,
    ymax = 0.18,
    height = 0.2,
    xmin = 0.0,
    ymin = 0.0,
    sense = -1,
    colour1 = "PALE_BLUE",
    colour2 = "PALE_BLUE",
    side1 = "Active",
    nbase1 = 60000,
    ndelta1_1 = 1,
    side2 = "Active",
    nbase2 = 60000,
    ndelta2_1 = 1,
    label1 = "RAD",
    label2 = "RAD",
    opt1 = SSM,
    opt2 = SSM,
    criticality1 = "NORMAL",
    criticality2 = "NORMAL",
    bulk = Radiator,
    thick = 0.01,
    meshType1 = "regular",
    nodes1 = 3,
    meshType2 = "regular",
    nodes2 = 3,
    analysis_type = "Lumped Parameter");

RAD_IR_Tel = ROTATE(
    object_name = RAD_IR_Tel,
    x_ang = 90.0,
    clear = TRUE);
RAD_IR_Tel = TRANSLATE(
    object_name = RAD_IR_Tel,
    x_dist = 0.015,
    y_dist = -0.28,
    z_dist = 0.375);
RAD_IR_Tel = SHELL_SCS_RECTANGLE(
    xmax = 0.2,
    ymax = 0.18,
    height = 0.2,
    xmin = 0.0,
    ymin = 0.0,
    sense = -1,
    colour1 = "PALE_BLUE",
    colour2 = "PALE_BLUE",
    side1 = "Active",
    nbase1 = 60000,
    ndelta1_1 = 1,
    side2 = "Active",
    nbase2 = 60000,
    ndelta2_1 = 1,
    label1 = "RAD",
    label2 = "RAD",
    opt1 = SSM,
    opt2 = SSM,
    criticality1 = "NORMAL",
    criticality2 = "NORMAL",
    bulk = Radiator,
    thick = 0.01,
    meshType1 = "regular",
    nodes1 = 3,
    meshType2 = "regular",
    nodes2 = 3,
    analysis_type = "Lumped Parameter");

RAD_IR_Tel = ROTATE(
    object_name = RAD_IR_Tel,
    x_ang = 90.0,
    clear = TRUE);
RAD_IR_Tel = TRANSLATE(
    object_name = RAD_IR_Tel,
    x_dist = 0.015,
    z_dist = 0.375);
RAD_IR_Tel = SHELL_SCS_RECTANGLE(
    xmax = 0.2,
    ymax = 0.18,
    height = 0.0,
    xmin = 0.0,
    ymin = 0.0,
    sense = -1,
    colour1 = "PALE_BLUE",
    colour2 = "PALE_BLUE",
    side1 = "Active",
    nbase1 = 60000,
    ndelta1_1 = 1,
    side2 = "Active",
    nbase2 = 60000,
    ndelta2_1 = 1,
    label1 = "RAD",
    label2 = "RAD",
    opt1 = SSM,
    opt2 = SSM,
    criticality1 = "NORMAL",
    criticality2 = "NORMAL",
    bulk = Radiator,
    thick = 0.01,
    meshType1 = "regular",
    nodes1 = 3,
    meshType2 = "regular",
    nodes2 = 3,
    analysis_type = "Lumped Parameter");

RAD_IR_Tel = ROTATE(
    object_name = RAD_IR_Tel,
    x_ang = 90.0,
    clear = TRUE);
RAD_IR_Tel = TRANSLATE(
    object_name = RAD_IR_Tel,
    x_dist = 0.015,
    z_dist = 0.375);
RAD_IR_Tel = SHELL_SCS_RECTANGLE(
    xmax = 0.2,
    ymax = 0.18,
    height = 0.0,
    xmin = 0.0,
    ymin = 0.0,
    sense = -1,
    colour1 = "PALE_BLUE",
    colour2 = "PALE_BLUE",
    side1 = "Active",
    nbase1 = 60000,
    ndelta1_1 = 1,
    side2 = "Active",
    nbase2 = 60000,
    ndelta2_1 = 1,
    label1 = "RAD",
    label2 = "RAD",
    opt1 = SSM,
    opt2 = SSM,
    criticality1 = "NORMAL",
    criticality2 = "NORMAL",
    bulk = Radiator,
    thick = 0.01,
    meshType1 = "regular",
    nodes1 = 3,
    meshType2 = "regular",
    nodes2 = 3,
    analysis_type = "Lumped Parameter");

RAD_IR_Tel = ROTATE(
    object_name = RAD_IR_Tel,
    x_ang = 90.0,
    clear = TRUE);
RAD_IR_Tel = TRANSLATE(
    object_name = RAD_IR_Tel,
    x_dist = 0.015,
    y_dist = -0.1,
    z_dist = 0.375);
RAD_IR_Tel = SHELL_SCS_RECTANGLE(
    xmax = 0.2,
    ymax = 0.18,
    height = 0.0,
    xmin = 0.0,
    ymin = 0.0,
    sense = -1,
    colour1 = "PALE_BLUE",
    colour2 = "PALE_BLUE",
    side1 = "Active",
    nbase1 = 60000,
    ndelta1_1 = 1,
    side2 = "Active",
    nbase2 = 60000,
    ndelta2_1 = 1,
    label1 = "RAD",
    label2 = "RAD",
    opt1 = SSM,
    opt2 = SSM,
    criticality1 = "NORMAL",
    criticality2 = "NORMAL",
    bulk = Radiator,
    thick = 0.01,
    meshType1 = "regular",
    nodes1 = 3,
    meshType2 = "regular",
    nodes2 = 3,
    analysis_type = "Lumped Parameter");

RAD_IR_Tel = ROTATE(
    object_name = RAD_IR_Tel,
    x_ang = 90.0,
    clear = TRUE);
RAD_IR_Tel = TRANSLATE(
    object_name = RAD_IR_Tel,
    x_dist = 0.015,
    y_dist = -0.15,
    z_dist = 0.375);
RAD_IR_Tel = SHELL_SCS_RECTANGLE(
    xmax = 0.2,
    ymax = 0.18,
    height = 0.0,
    xmin = 0.0,
    ymin = 0.0,
    sense = -1,
    colour1 = "PALE_BLUE",
    colour2 = "PALE_BLUE",
    side1 = "Active",
    nbase1 = 60000,
    ndelta1_1 = 1,
    side2 = "Active",
    nbase2 = 60000,
    ndelta2_1 = 1,
    label1 = "RAD",
    label2 = "RAD",
    opt1 = SSM,
    opt2 = SSM,
    criticality1 = "NORMAL",
    criticality2 = "NORMAL",
    bulk = Radiator,
    thick = 0.01,
    meshType1 = "regular",
    nodes1 = 3,
    meshType2 = "regular",
    nodes2 = 3,
    analysis_type = "Lumped Parameter");

RAD_IR_Tel = ROTATE(
    object_name = RAD_IR_Tel,
    x_ang = 90.0,
    clear = TRUE);
RAD_IR_Tel = TRANSLATE(
    object_name = RAD_IR_Tel,
    x_dist = 0.015,
    y_dist = -0.18,
    z_dist = 0.375);
RAD_IR_Tel = SHELL_SCS_RECTANGLE(
    xmax = 0.2,
    ymax = 0.18,
    height = 0.0,
    xmin = 0.0,
    ymin = 0.0,
    sense = -1,
    colour1 = "PALE_BLUE",
    colour2 = "PALE_BLUE",
    side1 = "Active",
    nbase1 = 60000,
    ndelta1_1 = 1,
    side2 = "Active",
    nbase2 = 60000,
    ndelta2_1 = 1,
    label1 = "RAD",
    label2 = "RAD",
    opt1 = SSM,
    opt2 = SSM,
    criticality1 = "NORMAL",
    criticality2 = "NORMAL",
    bulk = Radiator,
    thick = 0.01,
    meshType1 = "regular",
    nodes1 = 3,
    meshType2 = "regular",
    nodes2 = 3,
    analysis_type = "Lumped Parameter");

RAD_IR_Tel = ROTATE(
    object_name = RAD_IR_Tel,
    x_ang = 90.0,
    clear = TRUE);
RAD_IR_Tel = TRANSLATE(
    object_name = RAD_IR_Tel,
    x_dist = 0.015,
    y_dist = -0.17,
    z_dist = 0.375);
RAD_IR_Tel = SHELL_SCS_RECTANGLE(
    xmax = 0.2,
    ymax = 0.18,
    height = 0.0,
    xmin = 0.0,
    ymin = 0.0,
    sense = -1,
    colour1 = "PALE_BLUE",
    colour2 = "PALE_BLUE",
    side1 = "Active",
    nbase1 = 60000,
    ndelta1_1 = 1,
    side2 = "Active",
    nbase2 = 60000,
    ndelta2_1 = 1,
    label1 = "RAD",
    label2 = "RAD",
    opt1 = SSM,
    opt2 = SSM,
    criticality1 = "NORMAL",
    criticality2 = "NORMAL",
    bulk = Radiator,
    thick = 0.01,
    meshType1 = "regular",
    nodes1 = 3,
    meshType2 = "regular",
    nodes2 = 3,
    analysis_type = "Lumped Parameter");

RAD_IR_Tel = ROTATE(
    object_name = RAD_IR_Tel,
    x_ang = 90.0,
    clear = TRUE);
RAD_IR_Tel = TRANSLATE(
    object_name = RAD_IR_Tel,
    x_dist = 0.015,
    y_dist = -0.16,
    z_dist = 0.375);
RAD_IR_Tel = SHELL_SCS_RECTANGLE(
    xmax = 0.18,
    ymax = 0.2,
    height = 0.0,
    xmin = 0.0,
    ymin = 0.0,
    sense = -1,
    colour1 = "PALE_BLUE",
    colour2 = "PALE_BLUE",
    side1 = "Active",
    nbase1 = 60000,
    ndelta1_1 = 1,
    side2 = "Active",
    nbase2 = 60000,
    ndelta2_1 = 1,
    label1 = "RAD",
    label2 = "RAD",
    opt1 = SSM,
    opt2 = SSM,
    criticality1 = "NORMAL",
    criticality2 = "NORMAL",
    bulk = Radiator,
    thick = 0.01,
    meshType1 = "regular",
    nodes1 = 3,
    meshType2 = "regular",
    nodes2 = 3,
    analysis_type = "Lumped Parameter");

RAD_IR_Tel = ROTATE(
    object_name = RAD_IR_Tel,
    x_ang = 90.0,
    clear = TRUE);
RAD_IR_Tel = TRANSLATE(
    object_name = RAD_IR_Tel,
    x_dist = 0.015,
    y_dist = -0.16,
    z_dist = 0.375);
