/* ESATAN-TMS version 2020, run date 12:58 Tue 11 May 2021 */
BEGIN_MODEL GagarinSat_cfg5 WORKBENCH_V1 ;
DEFINE_RADIATIVE_CASE(
    radiative_case = Rad_Case_00,
    title = "",
    description = "",
    geometry = "Whole Model",
    environment = TRUE,
    mission_type = "ORBITAL",
    init_time = 0.0,
    prop_env = ""
);

DEFINE_MISSION(
    radiative_case = Rad_Case_00,
    orbit_centre = "PLANET",
    planet_radius = 6371000.0,
    sun_radius = 6.958e+08,
    sun_distance = 1.5098363e+11,
    solar_decln = 17.033,
    sun_alpha = 44.932,
    orbital_precession = 0.0,
    gc = 9.798,
    celestial_body_image = "Earth",
    omega = 226.195,
    incln = 98.524,
    alpha = 0.0822614,
    alt_p = 807140.0,
    alt_a = 807140.0,
    init_anomaly = 0.0,
    final_anomaly = 360.0,
    position_method = "ANGLE",
    angle_gap = 36.0,
    eclipse_points = TRUE,
    eclipse_offset = 0.5,
    orientation = "POINTING",
    primary_vector = [0.0, 0.0, 1.0],
    primary_direction = "ZENITH",
    second_vector = [0.0, 1.0, 0.0],
    second_direction = "VELOCITY",
    primary_gen_vector = [1.0, 0.0, 0.0],
    second_gen_vector = [0.0, -1.0, 0.0],
    init_phi = 0.0,
    init_psi = 0.0,
    init_omega = 0.0,
    phi_rot_rate = 0.0,
    psi_rot_rate = 0.0,
    omega_rot_rate = 0.0,
    euler_order = "phi, psi, omega",
    spinning_craft = FALSE,
    rotation_rate = 0.0,
    sun_temperature = 5778.0,
    planet_temperature_method = "UNIFORM",
    planet_temperature = 254.3,
    planet_albedo_method = "UNIFORM",
    albedo_reflect_coeff = 0.306,
    planet_infra_red_emissivity = 1.0,
    solar_const_override = 0.0,
    sun_size_finite = FALSE,
    sun_distance_override = 0.0,
    day_period = 86400.0
);


DEFINE_ACCURACY (
	radiative_case = Rad_Case_00,
	control_method = "FIXED_RAYS",
	ray_total_cutoff = 5.0e-03,
	coupling_min_rays_normal = 10000,
	coupling_min_rays_critical = 100000,
	coupling_min_rays_non_critical = 1000,
	hf_min_rays_normal = 10000,
	hf_min_rays_critical = 100000,
	hf_min_rays_non_critical = 1000,
	seed = 1000,
	extinct = 1.0e-03);

GC = EVAL(Rad_Case_00.GC);
R_PLANET = EVAL(Rad_Case_00.ORBIT.PLANET_RADIUS);
R_SUN = EVAL(Rad_Case_00.ORBIT.SUN_RADIUS);
IF (EVAL(Rad_Case_00.SUN_DISTANCE_OVERRIDE) == 0.0) THEN
    SUN_PLANET_DIST = EVAL(Rad_Case_00.ORBIT.SUN_DISTANCE);
ELSE
    SUN_PLANET_DIST = EVAL(Rad_Case_00.SUN_DISTANCE_OVERRIDE);
END_IF
T_SUN = EVAL(Rad_Case_00.T_SUN);
SOLAR_DECLINATION = EVAL(Rad_Case_00.ORBIT.SOLAR_DECLN);

PROP_ENV = Rad_Case_00.PROP_ENV;

INTEGER radiative_case_error_flag = 0;
FOR (orbit_index = 1;
    orbit_index <= Rad_Case_00.NUM_ORBIT_POSITIONS;
    orbit_index = EVAL(orbit_index + 1))

    CALCULATE (
        radiative_case = Rad_Case_00,
        calc_types = "REF, SDF, SAF, PAF, ALBEDO_PAF",
        pos_index = orbit_index,
        eclipse_check = TRUE,
        error_code = radiative_case_error_flag)
   /* Warning Error: current function is Radiative results */
   /* Radiative case Rad_Case_00: Model geometry has changed, existing results deleted */
;

END_FOR
DELETE radiative_case_error_flag;

DEFINE_ACCURACY (
	radiative_case = Rad_Case_00,
	control_method = "FIXED_RAYS",
	ray_total_cutoff = 5.0e-03,
	coupling_min_rays_normal = 10000,
	coupling_min_rays_critical = 100000,
	coupling_min_rays_non_critical = 1000,
	hf_min_rays_normal = 10000,
	hf_min_rays_critical = 100000,
	hf_min_rays_non_critical = 1000,
	seed = 1000,
	extinct = 1.0e-03);

GC = EVAL(Rad_Case_00.GC);
R_PLANET = EVAL(Rad_Case_00.ORBIT.PLANET_RADIUS);
R_SUN = EVAL(Rad_Case_00.ORBIT.SUN_RADIUS);
IF (EVAL(Rad_Case_00.SUN_DISTANCE_OVERRIDE) == 0.0) THEN
    SUN_PLANET_DIST = EVAL(Rad_Case_00.ORBIT.SUN_DISTANCE);
ELSE
    SUN_PLANET_DIST = EVAL(Rad_Case_00.SUN_DISTANCE_OVERRIDE);
END_IF
T_SUN = EVAL(Rad_Case_00.T_SUN);
SOLAR_DECLINATION = EVAL(Rad_Case_00.ORBIT.SOLAR_DECLN);

PROP_ENV = Rad_Case_00.PROP_ENV;

INTEGER radiative_case_error_flag = 0;
FOR (orbit_index = 1;
    orbit_index <= Rad_Case_00.NUM_ORBIT_POSITIONS;
    orbit_index = EVAL(orbit_index + 1))

    CALCULATE (
        radiative_case = Rad_Case_00,
        calc_types = "REF, SDF, SAF, PAF, ALBEDO_PAF",
        pos_index = orbit_index,
        eclipse_check = TRUE,
        error_code = radiative_case_error_flag)
   /* Warning Error: current function is Radiative results */
   /* Radiative case Rad_Case_00: Model geometry has changed, existing results deleted */
;

END_FOR
DELETE radiative_case_error_flag;

DEFINE_ACCURACY (
	radiative_case = Rad_Case_00,
	control_method = "FIXED_RAYS",
	ray_total_cutoff = 5.0e-03,
	coupling_min_rays_normal = 10000,
	coupling_min_rays_critical = 100000,
	coupling_min_rays_non_critical = 1000,
	hf_min_rays_normal = 10000,
	hf_min_rays_critical = 100000,
	hf_min_rays_non_critical = 1000,
	seed = 1000,
	extinct = 1.0e-03);

GC = EVAL(Rad_Case_00.GC);
R_PLANET = EVAL(Rad_Case_00.ORBIT.PLANET_RADIUS);
R_SUN = EVAL(Rad_Case_00.ORBIT.SUN_RADIUS);
IF (EVAL(Rad_Case_00.SUN_DISTANCE_OVERRIDE) == 0.0) THEN
    SUN_PLANET_DIST = EVAL(Rad_Case_00.ORBIT.SUN_DISTANCE);
ELSE
    SUN_PLANET_DIST = EVAL(Rad_Case_00.SUN_DISTANCE_OVERRIDE);
END_IF
T_SUN = EVAL(Rad_Case_00.T_SUN);
SOLAR_DECLINATION = EVAL(Rad_Case_00.ORBIT.SOLAR_DECLN);

PROP_ENV = Rad_Case_00.PROP_ENV;

INTEGER radiative_case_error_flag = 0;
FOR (orbit_index = 1;
    orbit_index <= Rad_Case_00.NUM_ORBIT_POSITIONS;
    orbit_index = EVAL(orbit_index + 1))

    CALCULATE (
        radiative_case = Rad_Case_00,
        calc_types = "REF, SDF, SAF, PAF, ALBEDO_PAF",
        pos_index = orbit_index,
        eclipse_check = TRUE,
        error_code = radiative_case_error_flag)
   /* Warning Error: current function is Radiative results */
   /* Radiative case Rad_Case_00: Model geometry has changed, existing results deleted */
;

END_FOR
DELETE radiative_case_error_flag;

DEFINE_ACCURACY (
	radiative_case = Rad_Case_00,
	control_method = "FIXED_RAYS",
	ray_total_cutoff = 5.0e-03,
	coupling_min_rays_normal = 10000,
	coupling_min_rays_critical = 100000,
	coupling_min_rays_non_critical = 1000,
	hf_min_rays_normal = 10000,
	hf_min_rays_critical = 100000,
	hf_min_rays_non_critical = 1000,
	seed = 1000,
	extinct = 1.0e-03);

GC = EVAL(Rad_Case_00.GC);
R_PLANET = EVAL(Rad_Case_00.ORBIT.PLANET_RADIUS);
R_SUN = EVAL(Rad_Case_00.ORBIT.SUN_RADIUS);
IF (EVAL(Rad_Case_00.SUN_DISTANCE_OVERRIDE) == 0.0) THEN
    SUN_PLANET_DIST = EVAL(Rad_Case_00.ORBIT.SUN_DISTANCE);
ELSE
    SUN_PLANET_DIST = EVAL(Rad_Case_00.SUN_DISTANCE_OVERRIDE);
END_IF
T_SUN = EVAL(Rad_Case_00.T_SUN);
SOLAR_DECLINATION = EVAL(Rad_Case_00.ORBIT.SOLAR_DECLN);

PROP_ENV = Rad_Case_00.PROP_ENV;

INTEGER radiative_case_error_flag = 0;
FOR (orbit_index = 1;
    orbit_index <= Rad_Case_00.NUM_ORBIT_POSITIONS;
    orbit_index = EVAL(orbit_index + 1))

    CALCULATE (
        radiative_case = Rad_Case_00,
        calc_types = "REF, SDF, SAF, PAF, ALBEDO_PAF",
        pos_index = orbit_index,
        eclipse_check = TRUE,
        error_code = radiative_case_error_flag);

END_FOR
DELETE radiative_case_error_flag;

DEFINE_ACCURACY (
	radiative_case = Rad_Case_00,
	control_method = "FIXED_RAYS",
	ray_total_cutoff = 5.0e-03,
	coupling_min_rays_normal = 10000,
	coupling_min_rays_critical = 100000,
	coupling_min_rays_non_critical = 1000,
	hf_min_rays_normal = 10000,
	hf_min_rays_critical = 100000,
	hf_min_rays_non_critical = 1000,
	seed = 1000,
	extinct = 1.0e-03);

GC = EVAL(Rad_Case_00.GC);
R_PLANET = EVAL(Rad_Case_00.ORBIT.PLANET_RADIUS);
R_SUN = EVAL(Rad_Case_00.ORBIT.SUN_RADIUS);
IF (EVAL(Rad_Case_00.SUN_DISTANCE_OVERRIDE) == 0.0) THEN
    SUN_PLANET_DIST = EVAL(Rad_Case_00.ORBIT.SUN_DISTANCE);
ELSE
    SUN_PLANET_DIST = EVAL(Rad_Case_00.SUN_DISTANCE_OVERRIDE);
END_IF
T_SUN = EVAL(Rad_Case_00.T_SUN);
SOLAR_DECLINATION = EVAL(Rad_Case_00.ORBIT.SOLAR_DECLN);

PROP_ENV = Rad_Case_00.PROP_ENV;

INTEGER radiative_case_error_flag = 0;
FOR (orbit_index = 1;
    orbit_index <= Rad_Case_00.NUM_ORBIT_POSITIONS;
    orbit_index = EVAL(orbit_index + 1))

    CALCULATE (
        radiative_case = Rad_Case_00,
        calc_types = "REF, SDF, SAF, PAF, ALBEDO_PAF",
        pos_index = orbit_index,
        eclipse_check = TRUE,
        error_code = radiative_case_error_flag);

END_FOR
DELETE radiative_case_error_flag;

DEFINE_ACCURACY (
	radiative_case = Rad_Case_00,
	control_method = "FIXED_RAYS",
	ray_total_cutoff = 5.0e-03,
	coupling_min_rays_normal = 10000,
	coupling_min_rays_critical = 100000,
	coupling_min_rays_non_critical = 1000,
	hf_min_rays_normal = 10000,
	hf_min_rays_critical = 100000,
	hf_min_rays_non_critical = 1000,
	seed = 1000,
	extinct = 1.0e-03);

GC = EVAL(Rad_Case_00.GC);
R_PLANET = EVAL(Rad_Case_00.ORBIT.PLANET_RADIUS);
R_SUN = EVAL(Rad_Case_00.ORBIT.SUN_RADIUS);
IF (EVAL(Rad_Case_00.SUN_DISTANCE_OVERRIDE) == 0.0) THEN
    SUN_PLANET_DIST = EVAL(Rad_Case_00.ORBIT.SUN_DISTANCE);
ELSE
    SUN_PLANET_DIST = EVAL(Rad_Case_00.SUN_DISTANCE_OVERRIDE);
END_IF
T_SUN = EVAL(Rad_Case_00.T_SUN);
SOLAR_DECLINATION = EVAL(Rad_Case_00.ORBIT.SOLAR_DECLN);

PROP_ENV = Rad_Case_00.PROP_ENV;

INTEGER radiative_case_error_flag = 0;
FOR (orbit_index = 1;
    orbit_index <= Rad_Case_00.NUM_ORBIT_POSITIONS;
    orbit_index = EVAL(orbit_index + 1))

    CALCULATE (
        radiative_case = Rad_Case_00,
        calc_types = "REF, SDF, SAF, PAF, ALBEDO_PAF",
        pos_index = orbit_index,
        eclipse_check = TRUE,
        error_code = radiative_case_error_flag)
   /* Warning Error: current function is Radiative results */
   /* Radiative case Rad_Case_00: Model geometry has changed, existing results deleted */
;

END_FOR
DELETE radiative_case_error_flag;

DEFINE_ACCURACY (
	radiative_case = Rad_Case_00,
	control_method = "FIXED_RAYS",
	ray_total_cutoff = 5.0e-03,
	coupling_min_rays_normal = 10000,
	coupling_min_rays_critical = 100000,
	coupling_min_rays_non_critical = 1000,
	hf_min_rays_normal = 10000,
	hf_min_rays_critical = 100000,
	hf_min_rays_non_critical = 1000,
	seed = 1000,
	extinct = 1.0e-03);

GC = EVAL(Rad_Case_00.GC);
R_PLANET = EVAL(Rad_Case_00.ORBIT.PLANET_RADIUS);
R_SUN = EVAL(Rad_Case_00.ORBIT.SUN_RADIUS);
IF (EVAL(Rad_Case_00.SUN_DISTANCE_OVERRIDE) == 0.0) THEN
    SUN_PLANET_DIST = EVAL(Rad_Case_00.ORBIT.SUN_DISTANCE);
ELSE
    SUN_PLANET_DIST = EVAL(Rad_Case_00.SUN_DISTANCE_OVERRIDE);
END_IF
T_SUN = EVAL(Rad_Case_00.T_SUN);
SOLAR_DECLINATION = EVAL(Rad_Case_00.ORBIT.SOLAR_DECLN);

PROP_ENV = Rad_Case_00.PROP_ENV;

INTEGER radiative_case_error_flag = 0;
FOR (orbit_index = 1;
    orbit_index <= Rad_Case_00.NUM_ORBIT_POSITIONS;
    orbit_index = EVAL(orbit_index + 1))

    CALCULATE (
        radiative_case = Rad_Case_00,
        calc_types = "REF, SDF, SAF, PAF, ALBEDO_PAF",
        pos_index = orbit_index,
        eclipse_check = TRUE,
        error_code = radiative_case_error_flag);

END_FOR
DELETE radiative_case_error_flag;

DEFINE_ACCURACY (
	radiative_case = Rad_Case_00,
	control_method = "FIXED_RAYS",
	ray_total_cutoff = 5.0e-03,
	coupling_min_rays_normal = 10000,
	coupling_min_rays_critical = 100000,
	coupling_min_rays_non_critical = 1000,
	hf_min_rays_normal = 10000,
	hf_min_rays_critical = 100000,
	hf_min_rays_non_critical = 1000,
	seed = 1000,
	extinct = 1.0e-03);

GC = EVAL(Rad_Case_00.GC);
R_PLANET = EVAL(Rad_Case_00.ORBIT.PLANET_RADIUS);
R_SUN = EVAL(Rad_Case_00.ORBIT.SUN_RADIUS);
IF (EVAL(Rad_Case_00.SUN_DISTANCE_OVERRIDE) == 0.0) THEN
    SUN_PLANET_DIST = EVAL(Rad_Case_00.ORBIT.SUN_DISTANCE);
ELSE
    SUN_PLANET_DIST = EVAL(Rad_Case_00.SUN_DISTANCE_OVERRIDE);
END_IF
T_SUN = EVAL(Rad_Case_00.T_SUN);
SOLAR_DECLINATION = EVAL(Rad_Case_00.ORBIT.SOLAR_DECLN);

PROP_ENV = Rad_Case_00.PROP_ENV;

INTEGER radiative_case_error_flag = 0;
FOR (orbit_index = 1;
    orbit_index <= Rad_Case_00.NUM_ORBIT_POSITIONS;
    orbit_index = EVAL(orbit_index + 1))

    CALCULATE (
        radiative_case = Rad_Case_00,
        calc_types = "REF, SDF, SAF, PAF, ALBEDO_PAF",
        pos_index = orbit_index,
        eclipse_check = TRUE,
        error_code = radiative_case_error_flag)
   /* Warning Error: current function is Radiative results */
   /* Radiative case Rad_Case_00: Model geometry has changed, existing results deleted */
;

END_FOR
DELETE radiative_case_error_flag;

DEFINE_ACCURACY (
	radiative_case = Rad_Case_00,
	control_method = "FIXED_RAYS",
	ray_total_cutoff = 5.0e-03,
	coupling_min_rays_normal = 10000,
	coupling_min_rays_critical = 100000,
	coupling_min_rays_non_critical = 1000,
	hf_min_rays_normal = 10000,
	hf_min_rays_critical = 100000,
	hf_min_rays_non_critical = 1000,
	seed = 1000,
	extinct = 1.0e-03);

GC = EVAL(Rad_Case_00.GC);
R_PLANET = EVAL(Rad_Case_00.ORBIT.PLANET_RADIUS);
R_SUN = EVAL(Rad_Case_00.ORBIT.SUN_RADIUS);
IF (EVAL(Rad_Case_00.SUN_DISTANCE_OVERRIDE) == 0.0) THEN
    SUN_PLANET_DIST = EVAL(Rad_Case_00.ORBIT.SUN_DISTANCE);
ELSE
    SUN_PLANET_DIST = EVAL(Rad_Case_00.SUN_DISTANCE_OVERRIDE);
END_IF
T_SUN = EVAL(Rad_Case_00.T_SUN);
SOLAR_DECLINATION = EVAL(Rad_Case_00.ORBIT.SOLAR_DECLN);

PROP_ENV = Rad_Case_00.PROP_ENV;

INTEGER radiative_case_error_flag = 0;
FOR (orbit_index = 1;
    orbit_index <= Rad_Case_00.NUM_ORBIT_POSITIONS;
    orbit_index = EVAL(orbit_index + 1))

    CALCULATE (
        radiative_case = Rad_Case_00,
        calc_types = "REF, SDF, SAF, PAF, ALBEDO_PAF",
        pos_index = orbit_index,
        eclipse_check = TRUE,
        error_code = radiative_case_error_flag)
   /* Warning Error: current function is Radiative results */
   /* Radiative case Rad_Case_00: Model geometry has changed, existing results deleted */
;

END_FOR
DELETE radiative_case_error_flag;

DEFINE_ACCURACY (
	radiative_case = Rad_Case_00,
	control_method = "FIXED_RAYS",
	ray_total_cutoff = 5.0e-03,
	coupling_min_rays_normal = 10000,
	coupling_min_rays_critical = 100000,
	coupling_min_rays_non_critical = 1000,
	hf_min_rays_normal = 10000,
	hf_min_rays_critical = 100000,
	hf_min_rays_non_critical = 1000,
	seed = 1000,
	extinct = 1.0e-03);

GC = EVAL(Rad_Case_00.GC);
R_PLANET = EVAL(Rad_Case_00.ORBIT.PLANET_RADIUS);
R_SUN = EVAL(Rad_Case_00.ORBIT.SUN_RADIUS);
IF (EVAL(Rad_Case_00.SUN_DISTANCE_OVERRIDE) == 0.0) THEN
    SUN_PLANET_DIST = EVAL(Rad_Case_00.ORBIT.SUN_DISTANCE);
ELSE
    SUN_PLANET_DIST = EVAL(Rad_Case_00.SUN_DISTANCE_OVERRIDE);
END_IF
T_SUN = EVAL(Rad_Case_00.T_SUN);
SOLAR_DECLINATION = EVAL(Rad_Case_00.ORBIT.SOLAR_DECLN);

PROP_ENV = Rad_Case_00.PROP_ENV;

INTEGER radiative_case_error_flag = 0;
FOR (orbit_index = 1;
    orbit_index <= Rad_Case_00.NUM_ORBIT_POSITIONS;
    orbit_index = EVAL(orbit_index + 1))

    CALCULATE (
        radiative_case = Rad_Case_00,
        calc_types = "REF, SDF, SAF, PAF, ALBEDO_PAF",
        pos_index = orbit_index,
        eclipse_check = TRUE,
        error_code = radiative_case_error_flag)
   /* Warning Error: current function is Radiative results */
   /* Radiative case Rad_Case_00: Model geometry has changed, existing results deleted */
;

END_FOR
DELETE radiative_case_error_flag;

RADIATIVE_CASE Rad_Case_01;
DEFINE_RADIATIVE_CASE(
    radiative_case = Rad_Case_01,
    title = "LEO_SS_6am",
    description = "LEO_SS_6am",
    geometry = "Whole Model",
    environment = TRUE,
    mission_type = "ORBITAL",
    init_time = 0.0,
    prop_env = ""
);

DEFINE_MISSION(
    radiative_case = Rad_Case_01,
    orbit_centre = "PLANET",
    planet_radius = 6371000.0,
    sun_radius = 6.958e+08,
    sun_distance = 1.5098363e+11,
    solar_decln = 17.033,
    sun_alpha = 44.932,
    orbital_precession = 0.0,
    gc = 9.798,
    celestial_body_image = "Earth",
    omega = 0.0,
    incln = 98.524,
    alpha = 0.0822614,
    alt_p = 807140.0,
    alt_a = 807140.0,
    init_anomaly = 0.0,
    final_anomaly = 360.0,
    position_method = "ANGLE",
    angle_gap = 36.0,
    eclipse_points = TRUE,
    eclipse_offset = 0.5,
    orientation = "POINTING",
    primary_vector = [0.0, 0.0, 1.0],
    primary_direction = "ZENITH",
    second_vector = [0.0, 1.0, 0.0],
    second_direction = "VELOCITY",
    primary_gen_vector = [1.0, 0.0, 0.0],
    second_gen_vector = [0.0, -1.0, 0.0],
    init_phi = 0.0,
    init_psi = 0.0,
    init_omega = 0.0,
    phi_rot_rate = 0.0,
    psi_rot_rate = 0.0,
    omega_rot_rate = 0.0,
    euler_order = "phi, psi, omega",
    spinning_craft = FALSE,
    rotation_rate = 0.0,
    sun_temperature = 5778.0,
    planet_temperature_method = "UNIFORM",
    planet_temperature = 254.3,
    planet_albedo_method = "UNIFORM",
    albedo_reflect_coeff = 0.306,
    planet_infra_red_emissivity = 1.0,
    solar_const_override = 0.0,
    sun_size_finite = FALSE,
    sun_distance_override = 0.0,
    day_period = 86400.0
);


DEFINE_RADIATIVE_CASE(
    radiative_case = Rad_Case_01,
    title = "LEO_SS_6am",
    description = "LEO_SS_6am",
    geometry = "Whole Model",
    environment = TRUE,
    mission_type = "ORBITAL",
    init_time = 0.0,
    prop_env = ""
);

DEFINE_MISSION(
    radiative_case = Rad_Case_01,
    orbit_centre = "PLANET",
    planet_radius = 6371000.0,
    sun_radius = 6.958e+08,
    sun_distance = 1.5098363e+11,
    solar_decln = 17.033,
    sun_alpha = 44.932,
    orbital_precession = 0.0,
    gc = 9.798,
    celestial_body_image = "Earth",
    omega = 0.0,
    incln = 98.524,
    alpha = 0.0822614,
    alt_p = 807140.0,
    alt_a = 807140.0,
    init_anomaly = 0.0,
    final_anomaly = 360.0,
    position_method = "ANGLE",
    angle_gap = 36.0,
    eclipse_points = TRUE,
    eclipse_offset = 0.5,
    orientation = "POINTING",
    primary_vector = [0.0, 0.0, 1.0],
    primary_direction = "ZENITH",
    second_vector = [0.0, 1.0, 0.0],
    second_direction = "VELOCITY",
    primary_gen_vector = [1.0, 0.0, 0.0],
    second_gen_vector = [0.0, -1.0, 0.0],
    init_phi = 0.0,
    init_psi = 0.0,
    init_omega = 0.0,
    phi_rot_rate = 0.0,
    psi_rot_rate = 0.0,
    omega_rot_rate = 0.0,
    euler_order = "phi, psi, omega",
    spinning_craft = FALSE,
    rotation_rate = 0.0,
    sun_temperature = 5778.0,
    planet_temperature_method = "UNIFORM",
    planet_temperature = 254.3,
    planet_albedo_method = "UNIFORM",
    albedo_reflect_coeff = 0.306,
    planet_infra_red_emissivity = 1.0,
    solar_const_override = 0.0,
    sun_size_finite = FALSE,
    sun_distance_override = 0.0,
    day_period = 86400.0
);


DEFINE_ACCURACY (
	radiative_case = Rad_Case_01,
	control_method = "FIXED_RAYS",
	ray_total_cutoff = 5.0e-03,
	coupling_min_rays_normal = 10000,
	coupling_min_rays_critical = 100000,
	coupling_min_rays_non_critical = 1000,
	hf_min_rays_normal = 10000,
	hf_min_rays_critical = 100000,
	hf_min_rays_non_critical = 1000,
	seed = 1000,
	extinct = 1.0e-03);

GC = EVAL(Rad_Case_01.GC);
R_PLANET = EVAL(Rad_Case_01.ORBIT.PLANET_RADIUS);
R_SUN = EVAL(Rad_Case_01.ORBIT.SUN_RADIUS);
IF (EVAL(Rad_Case_01.SUN_DISTANCE_OVERRIDE) == 0.0) THEN
    SUN_PLANET_DIST = EVAL(Rad_Case_01.ORBIT.SUN_DISTANCE);
ELSE
    SUN_PLANET_DIST = EVAL(Rad_Case_01.SUN_DISTANCE_OVERRIDE);
END_IF
T_SUN = EVAL(Rad_Case_01.T_SUN);
SOLAR_DECLINATION = EVAL(Rad_Case_01.ORBIT.SOLAR_DECLN);

PROP_ENV = Rad_Case_01.PROP_ENV;

INTEGER radiative_case_error_flag = 0;
FOR (orbit_index = 1;
    orbit_index <= Rad_Case_01.NUM_ORBIT_POSITIONS;
    orbit_index = EVAL(orbit_index + 1))

    CALCULATE (
        radiative_case = Rad_Case_01,
        calc_types = "REF, SAF, PAF, ALBEDO_PAF",
        pos_index = orbit_index,
        eclipse_check = TRUE,
        error_code = radiative_case_error_flag);

END_FOR
DELETE radiative_case_error_flag;

DEFINE_RADIATIVE_CASE(
    radiative_case = Rad_Case_00,
    title = "",
    description = "",
    geometry = "Whole Model",
    environment = TRUE,
    mission_type = "ORBITAL",
    init_time = 0.0,
    prop_env = ""
);

DEFINE_MISSION(
    radiative_case = Rad_Case_00,
    orbit_centre = "PLANET",
    planet_radius = 6371000.0,
    sun_radius = 6.958e+08,
    sun_distance = 1.5098363e+11,
    solar_decln = 17.033,
    sun_alpha = 44.932,
    orbital_precession = 0.0,
    gc = 9.798,
    celestial_body_image = "Earth",
    omega = 226.195,
    incln = 98.524,
    alpha = 0.0822614,
    alt_p = 807140.0,
    alt_a = 807140.0,
    init_anomaly = 0.0,
    final_anomaly = 360.0,
    position_method = "ANGLE",
    angle_gap = 36.0,
    eclipse_points = TRUE,
    eclipse_offset = 0.5,
    orientation = "POINTING",
    primary_vector = [0.0, 0.0, 1.0],
    primary_direction = "ZENITH",
    second_vector = [0.0, 1.0, 0.0],
    second_direction = "VELOCITY",
    primary_gen_vector = [1.0, 0.0, 0.0],
    second_gen_vector = [0.0, -1.0, 0.0],
    init_phi = 0.0,
    init_psi = 0.0,
    init_omega = 0.0,
    phi_rot_rate = 0.0,
    psi_rot_rate = 0.0,
    omega_rot_rate = 0.0,
    euler_order = "phi, psi, omega",
    spinning_craft = FALSE,
    rotation_rate = 0.0,
    sun_temperature = 5778.0,
    planet_temperature_method = "UNIFORM",
    planet_temperature = 254.3,
    planet_albedo_method = "UNIFORM",
    albedo_reflect_coeff = 0.306,
    planet_infra_red_emissivity = 1.0,
    solar_const_override = 0.0,
    sun_size_finite = FALSE,
    sun_distance_override = 0.0,
    day_period = 86400.0
);


DEFINE_ACCURACY (
	radiative_case = Rad_Case_00,
	control_method = "FIXED_RAYS",
	ray_total_cutoff = 5.0e-03,
	coupling_min_rays_normal = 10000,
	coupling_min_rays_critical = 100000,
	coupling_min_rays_non_critical = 1000,
	hf_min_rays_normal = 10000,
	hf_min_rays_critical = 100000,
	hf_min_rays_non_critical = 1000,
	seed = 1000,
	extinct = 1.0e-03);

GC = EVAL(Rad_Case_00.GC);
R_PLANET = EVAL(Rad_Case_00.ORBIT.PLANET_RADIUS);
R_SUN = EVAL(Rad_Case_00.ORBIT.SUN_RADIUS);
IF (EVAL(Rad_Case_00.SUN_DISTANCE_OVERRIDE) == 0.0) THEN
    SUN_PLANET_DIST = EVAL(Rad_Case_00.ORBIT.SUN_DISTANCE);
ELSE
    SUN_PLANET_DIST = EVAL(Rad_Case_00.SUN_DISTANCE_OVERRIDE);
END_IF
T_SUN = EVAL(Rad_Case_00.T_SUN);
SOLAR_DECLINATION = EVAL(Rad_Case_00.ORBIT.SOLAR_DECLN);

PROP_ENV = Rad_Case_00.PROP_ENV;

INTEGER radiative_case_error_flag = 0;
FOR (orbit_index = 1;
    orbit_index <= Rad_Case_00.NUM_ORBIT_POSITIONS;
    orbit_index = EVAL(orbit_index + 1))

    CALCULATE (
        radiative_case = Rad_Case_00,
        calc_types = "REF, SDF, SAF, PAF, ALBEDO_PAF",
        pos_index = orbit_index,
        eclipse_check = TRUE,
        error_code = radiative_case_error_flag)
   /* Warning Error: current function is Radiative results */
   /* Radiative case Rad_Case_00: Model geometry has changed, existing results deleted */
;

END_FOR
DELETE radiative_case_error_flag;


   /* Warning Error: current function is Radiative results */
   /* Radiative case Rad_Case_01: Model geometry has changed, existing results deleted */
DEFINE_ACCURACY (
	radiative_case = Rad_Case_00,
	control_method = "FIXED_RAYS",
	ray_total_cutoff = 5.0e-03,
	coupling_min_rays_normal = 10000,
	coupling_min_rays_critical = 100000,
	coupling_min_rays_non_critical = 1000,
	hf_min_rays_normal = 10000,
	hf_min_rays_critical = 100000,
	hf_min_rays_non_critical = 1000,
	seed = 1000,
	extinct = 1.0e-03);

GC = EVAL(Rad_Case_00.GC);
R_PLANET = EVAL(Rad_Case_00.ORBIT.PLANET_RADIUS);
R_SUN = EVAL(Rad_Case_00.ORBIT.SUN_RADIUS);
IF (EVAL(Rad_Case_00.SUN_DISTANCE_OVERRIDE) == 0.0) THEN
    SUN_PLANET_DIST = EVAL(Rad_Case_00.ORBIT.SUN_DISTANCE);
ELSE
    SUN_PLANET_DIST = EVAL(Rad_Case_00.SUN_DISTANCE_OVERRIDE);
END_IF
T_SUN = EVAL(Rad_Case_00.T_SUN);
SOLAR_DECLINATION = EVAL(Rad_Case_00.ORBIT.SOLAR_DECLN);

PROP_ENV = Rad_Case_00.PROP_ENV;

INTEGER radiative_case_error_flag = 0;
FOR (orbit_index = 1;
    orbit_index <= Rad_Case_00.NUM_ORBIT_POSITIONS;
    orbit_index = EVAL(orbit_index + 1))

    CALCULATE (
        radiative_case = Rad_Case_00,
        calc_types = "REF, SDF, SAF, PAF, ALBEDO_PAF",
        pos_index = orbit_index,
        eclipse_check = TRUE,
        error_code = radiative_case_error_flag)
   /* Warning Error: current function is Radiative results */
   /* Radiative case Rad_Case_00: Model geometry has changed, existing results deleted */
;

END_FOR
DELETE radiative_case_error_flag;

/* ESATAN-TMS version 2020, run date 22:46 Tue 11 May 2021 */
/* BEGIN_MODEL GagarinSat_cfg5 WORKBENCH_V1 */ ;
DEFINE_RADIATIVE_CASE(
    radiative_case = Rad_Case_01,
    title = "LEO_SS_6am",
    description = "LEO_SS_6am",
    geometry = "Whole Model",
    environment = TRUE,
    mission_type = "ORBITAL",
    init_time = 0.0,
    prop_env = ""
);

DEFINE_MISSION(
    radiative_case = Rad_Case_01,
    orbit_centre = "PLANET",
    planet_radius = 6371000.0,
    sun_radius = 6.958e+08,
    sun_distance = 1.5098363e+11,
    solar_decln = 17.033,
    sun_alpha = 44.932,
    orbital_precession = 0.0,
    gc = 9.798,
    celestial_body_image = "Earth",
    omega = 136.196,
    incln = 98.524,
    alpha = 0.0822614,
    alt_p = 807140.0,
    alt_a = 807140.0,
    init_anomaly = 0.0,
    final_anomaly = 360.0,
    position_method = "ANGLE",
    angle_gap = 36.0,
    eclipse_points = TRUE,
    eclipse_offset = 0.5,
    orientation = "POINTING",
    primary_vector = [0.0, 0.0, 1.0],
    primary_direction = "ZENITH",
    second_vector = [0.0, 1.0, 0.0],
    second_direction = "VELOCITY",
    primary_gen_vector = [1.0, 0.0, 0.0],
    second_gen_vector = [0.0, -1.0, 0.0],
    init_phi = 0.0,
    init_psi = 0.0,
    init_omega = 0.0,
    phi_rot_rate = 0.0,
    psi_rot_rate = 0.0,
    omega_rot_rate = 0.0,
    euler_order = "phi, psi, omega",
    spinning_craft = FALSE,
    rotation_rate = 0.0,
    sun_temperature = 5778.0,
    planet_temperature_method = "UNIFORM",
    planet_temperature = 254.3,
    planet_albedo_method = "UNIFORM",
    albedo_reflect_coeff = 0.306,
    planet_infra_red_emissivity = 1.0,
    solar_const_override = 0.0,
    sun_size_finite = FALSE,
    sun_distance_override = 0.0,
    day_period = 86400.0
);


DEFINE_RADIATIVE_CASE(
    radiative_case = Rad_Case_01,
    title = "LEO_SS_6am",
    description = "LEO_SS_6am",
    geometry = "Whole Model",
    environment = TRUE,
    mission_type = "ORBITAL",
    init_time = 0.0,
    prop_env = ""
);

DEFINE_MISSION(
    radiative_case = Rad_Case_01,
    orbit_centre = "PLANET",
    planet_radius = 6371000.0,
    sun_radius = 6.958e+08,
    sun_distance = 1.5098363e+11,
    solar_decln = 17.033,
    sun_alpha = 44.932,
    orbital_precession = 0.0,
    gc = 9.798,
    celestial_body_image = "Earth",
    omega = 136.196,
    incln = 98.524,
    alpha = 0.0,
    alt_p = 807140.0,
    alt_a = 807140.0,
    init_anomaly = 0.0,
    final_anomaly = 360.0,
    position_method = "ANGLE",
    angle_gap = 36.0,
    eclipse_points = TRUE,
    eclipse_offset = 0.5,
    orientation = "POINTING",
    primary_vector = [0.0, 0.0, 1.0],
    primary_direction = "ZENITH",
    second_vector = [0.0, 1.0, 0.0],
    second_direction = "VELOCITY",
    primary_gen_vector = [1.0, 0.0, 0.0],
    second_gen_vector = [0.0, -1.0, 0.0],
    init_phi = 0.0,
    init_psi = 0.0,
    init_omega = 0.0,
    phi_rot_rate = 0.0,
    psi_rot_rate = 0.0,
    omega_rot_rate = 0.0,
    euler_order = "phi, psi, omega",
    spinning_craft = FALSE,
    rotation_rate = 0.0,
    sun_temperature = 5778.0,
    planet_temperature_method = "UNIFORM",
    planet_temperature = 254.3,
    planet_albedo_method = "UNIFORM",
    albedo_reflect_coeff = 0.306,
    planet_infra_red_emissivity = 1.0,
    solar_const_override = 0.0,
    sun_size_finite = FALSE,
    sun_distance_override = 0.0,
    day_period = 86400.0
);


DEFINE_RADIATIVE_CASE(
    radiative_case = Rad_Case_01,
    title = "LEO_SS_6am",
    description = "LEO_SS_6am",
    geometry = "Whole Model",
    environment = TRUE,
    mission_type = "ORBITAL",
    init_time = 0.0,
    prop_env = ""
);

DEFINE_MISSION(
    radiative_case = Rad_Case_01,
    orbit_centre = "PLANET",
    planet_radius = 6371000.0,
    sun_radius = 6.958e+08,
    sun_distance = 1.5098363e+11,
    solar_decln = 17.033,
    sun_alpha = 44.932,
    orbital_precession = 0.0,
    gc = 9.798,
    celestial_body_image = "Earth",
    omega = 136.196,
    incln = 98.6893,
    alpha = 0.0,
    alt_p = 807140.0,
    alt_a = 807140.0,
    init_anomaly = 0.0,
    final_anomaly = 360.0,
    position_method = "ANGLE",
    angle_gap = 36.0,
    eclipse_points = TRUE,
    eclipse_offset = 0.5,
    orientation = "POINTING",
    primary_vector = [0.0, 0.0, 1.0],
    primary_direction = "ZENITH",
    second_vector = [0.0, 1.0, 0.0],
    second_direction = "VELOCITY",
    primary_gen_vector = [1.0, 0.0, 0.0],
    second_gen_vector = [0.0, -1.0, 0.0],
    init_phi = 0.0,
    init_psi = 0.0,
    init_omega = 0.0,
    phi_rot_rate = 0.0,
    psi_rot_rate = 0.0,
    omega_rot_rate = 0.0,
    euler_order = "phi, psi, omega",
    spinning_craft = FALSE,
    rotation_rate = 0.0,
    sun_temperature = 5778.0,
    planet_temperature_method = "UNIFORM",
    planet_temperature = 254.3,
    planet_albedo_method = "UNIFORM",
    albedo_reflect_coeff = 0.306,
    planet_infra_red_emissivity = 1.0,
    solar_const_override = 0.0,
    sun_size_finite = FALSE,
    sun_distance_override = 0.0,
    day_period = 86400.0
);


DEFINE_ACCURACY (
	radiative_case = Rad_Case_01,
	control_method = "FIXED_RAYS",
	ray_total_cutoff = 5.0e-03,
	coupling_min_rays_normal = 10000,
	coupling_min_rays_critical = 100000,
	coupling_min_rays_non_critical = 1000,
	hf_min_rays_normal = 10000,
	hf_min_rays_critical = 100000,
	hf_min_rays_non_critical = 1000,
	seed = 1000,
	extinct = 1.0e-03);

GC = EVAL(Rad_Case_01.GC);
R_PLANET = EVAL(Rad_Case_01.ORBIT.PLANET_RADIUS);
R_SUN = EVAL(Rad_Case_01.ORBIT.SUN_RADIUS);
IF (EVAL(Rad_Case_01.SUN_DISTANCE_OVERRIDE) == 0.0) THEN
    SUN_PLANET_DIST = EVAL(Rad_Case_01.ORBIT.SUN_DISTANCE);
ELSE
    SUN_PLANET_DIST = EVAL(Rad_Case_01.SUN_DISTANCE_OVERRIDE);
END_IF
T_SUN = EVAL(Rad_Case_01.T_SUN);
SOLAR_DECLINATION = EVAL(Rad_Case_01.ORBIT.SOLAR_DECLN);

PROP_ENV = Rad_Case_01.PROP_ENV;

INTEGER radiative_case_error_flag = 0;
FOR (orbit_index = 1;
    orbit_index <= Rad_Case_01.NUM_ORBIT_POSITIONS;
    orbit_index = EVAL(orbit_index + 1))

    CALCULATE (
        radiative_case = Rad_Case_01,
        calc_types = "REF, SAF, PAF, ALBEDO_PAF",
        pos_index = orbit_index,
        eclipse_check = TRUE,
        error_code = radiative_case_error_flag);

END_FOR
DELETE radiative_case_error_flag;

DEFINE_RADIATIVE_CASE(
    radiative_case = Rad_Case_00,
    title = "LEO_SS_12am",
    description = "LEO_SS_12am",
    geometry = "Whole Model",
    environment = TRUE,
    mission_type = "ORBITAL",
    init_time = 0.0,
    prop_env = ""
);

DEFINE_MISSION(
    radiative_case = Rad_Case_00,
    orbit_centre = "PLANET",
    planet_radius = 6371000.0,
    sun_radius = 6.958e+08,
    sun_distance = 1.5098363e+11,
    solar_decln = 17.033,
    sun_alpha = 44.932,
    orbital_precession = 0.0,
    gc = 9.798,
    celestial_body_image = "Earth",
    omega = 226.195,
    incln = 98.524,
    alpha = 0.0822614,
    alt_p = 807140.0,
    alt_a = 807140.0,
    init_anomaly = 0.0,
    final_anomaly = 360.0,
    position_method = "ANGLE",
    angle_gap = 36.0,
    eclipse_points = TRUE,
    eclipse_offset = 0.5,
    orientation = "POINTING",
    primary_vector = [0.0, 0.0, 1.0],
    primary_direction = "ZENITH",
    second_vector = [0.0, 1.0, 0.0],
    second_direction = "VELOCITY",
    primary_gen_vector = [1.0, 0.0, 0.0],
    second_gen_vector = [0.0, -1.0, 0.0],
    init_phi = 0.0,
    init_psi = 0.0,
    init_omega = 0.0,
    phi_rot_rate = 0.0,
    psi_rot_rate = 0.0,
    omega_rot_rate = 0.0,
    euler_order = "phi, psi, omega",
    spinning_craft = FALSE,
    rotation_rate = 0.0,
    sun_temperature = 5778.0,
    planet_temperature_method = "UNIFORM",
    planet_temperature = 254.3,
    planet_albedo_method = "UNIFORM",
    albedo_reflect_coeff = 0.306,
    planet_infra_red_emissivity = 1.0,
    solar_const_override = 0.0,
    sun_size_finite = FALSE,
    sun_distance_override = 0.0,
    day_period = 86400.0
);


DEFINE_ACCURACY (
	radiative_case = Rad_Case_00,
	control_method = "FIXED_RAYS",
	ray_total_cutoff = 5.0e-03,
	coupling_min_rays_normal = 10000,
	coupling_min_rays_critical = 100000,
	coupling_min_rays_non_critical = 1000,
	hf_min_rays_normal = 10000,
	hf_min_rays_critical = 100000,
	hf_min_rays_non_critical = 1000,
	seed = 1000,
	extinct = 1.0e-03);

GC = EVAL(Rad_Case_00.GC);
R_PLANET = EVAL(Rad_Case_00.ORBIT.PLANET_RADIUS);
R_SUN = EVAL(Rad_Case_00.ORBIT.SUN_RADIUS);
IF (EVAL(Rad_Case_00.SUN_DISTANCE_OVERRIDE) == 0.0) THEN
    SUN_PLANET_DIST = EVAL(Rad_Case_00.ORBIT.SUN_DISTANCE);
ELSE
    SUN_PLANET_DIST = EVAL(Rad_Case_00.SUN_DISTANCE_OVERRIDE);
END_IF
T_SUN = EVAL(Rad_Case_00.T_SUN);
SOLAR_DECLINATION = EVAL(Rad_Case_00.ORBIT.SOLAR_DECLN);

PROP_ENV = Rad_Case_00.PROP_ENV;

INTEGER radiative_case_error_flag = 0;
FOR (orbit_index = 1;
    orbit_index <= Rad_Case_00.NUM_ORBIT_POSITIONS;
    orbit_index = EVAL(orbit_index + 1))

    CALCULATE (
        radiative_case = Rad_Case_00,
        calc_types = "REF, SDF, SAF, PAF, ALBEDO_PAF",
        pos_index = orbit_index,
        eclipse_check = TRUE,
        error_code = radiative_case_error_flag);

END_FOR
DELETE radiative_case_error_flag;

/* ESATAN-TMS version 2020, run date 23:46 Tue 11 May 2021 */
/* BEGIN_MODEL GagarinSat_cfg5 WORKBENCH_V1 */ ;
/* END_MODEL */
/* ESATAN-TMS version 2020, run date 9:57 Wed 12 May 2021 */
/* BEGIN_MODEL GagarinSat_cfg5 WORKBENCH_V1 */ ;
/* END_MODEL */
/* ESATAN-TMS version 2020, run date 10:49 Wed 12 May 2021 */
/* BEGIN_MODEL GagarinSat_cfg5 WORKBENCH_V1 */ ;
DEFINE_RADIATIVE_CASE(
    radiative_case = Rad_Case_00,
    title = "LEO_SS_12am",
    description = "LEO_SS_12am",
    geometry = "Whole Model",
    environment = TRUE,
    mission_type = "ORBITAL",
    init_time = 0.0,
    prop_env = ""
);

DEFINE_MISSION(
    radiative_case = Rad_Case_00,
    orbit_centre = "PLANET",
    planet_radius = 6371000.0,
    sun_radius = 6.958e+08,
    sun_distance = 1.5098363e+11,
    solar_decln = 17.033,
    sun_alpha = 44.932,
    orbital_precession = 0.0,
    gc = 9.798,
    celestial_body_image = "Earth",
    omega = 226.195,
    incln = 98.524,
    alpha = 0.0822614,
    alt_p = 807140.0,
    alt_a = 807140.0,
    init_anomaly = 0.0,
    final_anomaly = 360.0,
    position_method = "ANGLE",
    angle_gap = 36.0,
    eclipse_points = TRUE,
    eclipse_offset = 0.5,
    orientation = "POINTING",
    primary_vector = [0.0, 0.0, 1.0],
    primary_direction = "ZENITH",
    second_vector = [0.0, 1.0, 0.0],
    second_direction = "VELOCITY",
    primary_gen_vector = [1.0, 0.0, 0.0],
    second_gen_vector = [0.0, -1.0, 0.0],
    init_phi = 0.0,
    init_psi = 0.0,
    init_omega = 0.0,
    phi_rot_rate = 0.0,
    psi_rot_rate = 0.0,
    omega_rot_rate = 0.0,
    euler_order = "phi, psi, omega",
    spinning_craft = FALSE,
    rotation_rate = 0.0,
    sun_temperature = 5778.0,
    planet_temperature_method = "UNIFORM",
    planet_temperature = 254.3,
    planet_albedo_method = "UNIFORM",
    albedo_reflect_coeff = 0.306,
    planet_infra_red_emissivity = 1.0,
    solar_const_override = 0.0,
    sun_size_finite = FALSE,
    sun_distance_override = 0.0,
    day_period = 86400.0
);


DEFINE_ACCURACY (
	radiative_case = Rad_Case_00,
	control_method = "FIXED_RAYS",
	ray_total_cutoff = 5.0e-03,
	coupling_min_rays_normal = 10000,
	coupling_min_rays_critical = 100000,
	coupling_min_rays_non_critical = 1000,
	hf_min_rays_normal = 10000,
	hf_min_rays_critical = 100000,
	hf_min_rays_non_critical = 1000,
	seed = 1000,
	extinct = 1.0e-03);

GC = EVAL(Rad_Case_00.GC);
R_PLANET = EVAL(Rad_Case_00.ORBIT.PLANET_RADIUS);
R_SUN = EVAL(Rad_Case_00.ORBIT.SUN_RADIUS);
IF (EVAL(Rad_Case_00.SUN_DISTANCE_OVERRIDE) == 0.0) THEN
    SUN_PLANET_DIST = EVAL(Rad_Case_00.ORBIT.SUN_DISTANCE);
ELSE
    SUN_PLANET_DIST = EVAL(Rad_Case_00.SUN_DISTANCE_OVERRIDE);
END_IF
T_SUN = EVAL(Rad_Case_00.T_SUN);
SOLAR_DECLINATION = EVAL(Rad_Case_00.ORBIT.SOLAR_DECLN);

PROP_ENV = Rad_Case_00.PROP_ENV;

INTEGER radiative_case_error_flag = 0;
FOR (orbit_index = 1;
    orbit_index <= Rad_Case_00.NUM_ORBIT_POSITIONS;
    orbit_index = EVAL(orbit_index + 1))

    CALCULATE (
        radiative_case = Rad_Case_00,
        calc_types = "REF, SDF, SAF, PAF, ALBEDO_PAF",
        pos_index = orbit_index,
        eclipse_check = TRUE,
        error_code = radiative_case_error_flag)
   /* Warning Error: current function is Radiative results */
   /* Radiative case Rad_Case_00: Model geometry has changed, existing results deleted */

   /* Warning Error: current function is Radiative results */
   /* Radiative case Rad_Case_00: Model geometry has changed, existing results deleted */

   /* Warning Error: current function is Radiative results */
   /* Radiative case Rad_Case_00: Model geometry has changed, existing results deleted */

   /* Warning Error: current function is Radiative results */
   /* Radiative case Rad_Case_00: Model geometry has changed, existing results deleted */

   /* Warning Error: current function is Radiative results */
   /* Radiative case Rad_Case_00: Model geometry has changed, existing results deleted */
;

END_FOR
DELETE radiative_case_error_flag;


   /* Warning Error: current function is Radiative results */
   /* Radiative case Rad_Case_01: Model geometry has changed, existing results deleted */
/* END_MODEL */
/* ESATAN-TMS version 2020, run date 14:08 Wed 12 May 2021 */
/* BEGIN_MODEL GagarinSat_cfg5 WORKBENCH_V1 */ ;
END_MODEL
