/* ESATAN-TMS version 2020, run date 13:03 Tue 11 May 2021 */
BEGIN_MODEL GagarinSat_cfg5 WORKBENCH_V1
RAD_IR_Tel = SHELL_SCS_RECTANGLE(
    xmax = 0.25,
    ymax = 0.3,
    height = 0.0,
    xmin = 0.0,
    ymin = 0.0,
    sense = -1,
    colour1 = "PALE_BLUE",
    colour2 = "PURPLE",
    side1 = "Active",
    nbase1 = 60000,
    ndelta1_1 = 1,
    side2 = "Conductive",
    nbase2 = 60000,
    ndelta2_1 = 1,
    label1 = "RAD_IR_Tel",
    label2 = "RAD_IR_Tel",
    opt1 = OSR,
    opt2 = OSR,
    criticality1 = "NORMAL",
    criticality2 = "NORMAL",
    bulk = Copper,
    thick = 5.0e-03,
    meshType1 = "regular",
    nodes1 = 3,
    meshType2 = "regular",
    nodes2 = 3,
    analysis_type = "Lumped Parameter");

RAD_IR_Tel = ROTATE(
    object_name = RAD_IR_Tel,
    x_ang = 90.0,
    z_ang = 90.0,
    clear = TRUE);
RAD_IR_Tel = TRANSLATE(
    object_name = RAD_IR_Tel,
    x_dist = 0.21,
    y_dist = -0.125,
    z_dist = 0.025);
RAD_IR_Tel = SHELL_SCS_RECTANGLE(
    xmax = 0.25,
    ymax = 0.35,
    height = 0.0,
    xmin = 0.0,
    ymin = 0.0,
    sense = -1,
    colour1 = "PALE_BLUE",
    colour2 = "PURPLE",
    side1 = "Active",
    nbase1 = 60000,
    ndelta1_1 = 1,
    side2 = "Conductive",
    nbase2 = 60000,
    ndelta2_1 = 1,
    label1 = "RAD_IR_Tel",
    label2 = "RAD_IR_Tel",
    opt1 = OSR,
    opt2 = OSR,
    criticality1 = "NORMAL",
    criticality2 = "NORMAL",
    bulk = Copper,
    thick = 5.0e-03,
    meshType1 = "regular",
    nodes1 = 3,
    meshType2 = "regular",
    nodes2 = 3,
    analysis_type = "Lumped Parameter");

RAD_IR_Tel = ROTATE(
    object_name = RAD_IR_Tel,
    x_ang = 90.0,
    z_ang = 90.0,
    clear = TRUE);
RAD_IR_Tel = TRANSLATE(
    object_name = RAD_IR_Tel,
    x_dist = 0.21,
    y_dist = -0.125,
    z_dist = 0.025);
RAD_IR_Tel = SHELL_SCS_RECTANGLE(
    xmax = 0.25,
    ymax = 0.35,
    height = 0.0,
    xmin = 0.0,
    ymin = 0.0,
    sense = -1,
    colour1 = "PALE_BLUE",
    colour2 = "PURPLE",
    side1 = "Active",
    nbase1 = 60000,
    ndelta1_1 = 1,
    side2 = "Conductive",
    nbase2 = 60000,
    ndelta2_1 = 1,
    label1 = "RAD_IR_Tel",
    label2 = "RAD_IR_Tel",
    opt1 = OSR,
    opt2 = OSR,
    criticality1 = "NORMAL",
    criticality2 = "NORMAL",
    bulk = Copper,
    thick = 5.0e-03,
    meshType1 = "regular",
    nodes1 = 3,
    meshType2 = "regular",
    nodes2 = 3,
    analysis_type = "Lumped Parameter");

RAD_IR_Tel = ROTATE(
    object_name = RAD_IR_Tel,
    x_ang = 90.0,
    z_ang = 90.0,
    clear = TRUE);
RAD_IR_Tel = TRANSLATE(
    object_name = RAD_IR_Tel,
    x_dist = 0.21,
    y_dist = -0.125,
    z_dist = 0.225);
RAD_IR_Tel = SHELL_SCS_RECTANGLE(
    xmax = 0.25,
    ymax = 0.35,
    height = 0.0,
    xmin = 0.0,
    ymin = 0.0,
    sense = -1,
    colour1 = "PALE_BLUE",
    colour2 = "PURPLE",
    side1 = "Active",
    nbase1 = 60000,
    ndelta1_1 = 1,
    side2 = "Conductive",
    nbase2 = 60000,
    ndelta2_1 = 1,
    label1 = "RAD_IR_Tel",
    label2 = "RAD_IR_Tel",
    opt1 = OSR,
    opt2 = OSR,
    criticality1 = "NORMAL",
    criticality2 = "NORMAL",
    bulk = Copper,
    thick = 5.0e-03,
    meshType1 = "regular",
    nodes1 = 3,
    meshType2 = "regular",
    nodes2 = 3,
    analysis_type = "Lumped Parameter");

RAD_IR_Tel = ROTATE(
    object_name = RAD_IR_Tel,
    x_ang = 90.0,
    z_ang = 90.0,
    clear = TRUE);
RAD_IR_Tel = TRANSLATE(
    object_name = RAD_IR_Tel,
    x_dist = 0.21,
    y_dist = -0.125,
    z_dist = 0.25);
RAD_IR_Tel = SHELL_SCS_RECTANGLE(
    xmax = 0.25,
    ymax = 0.35,
    height = 0.0,
    xmin = 0.0,
    ymin = 0.0,
    sense = -1,
    colour1 = "PALE_BLUE",
    colour2 = "PURPLE",
    side1 = "Active",
    nbase1 = 60000,
    ndelta1_1 = 1,
    side2 = "Conductive",
    nbase2 = 60000,
    ndelta2_1 = 1,
    label1 = "RAD_IR_Tel",
    label2 = "RAD_IR_Tel",
    opt1 = OSR,
    opt2 = OSR,
    criticality1 = "NORMAL",
    criticality2 = "NORMAL",
    bulk = Copper,
    thick = 5.0e-03,
    meshType1 = "regular",
    nodes1 = 3,
    meshType2 = "regular",
    nodes2 = 3,
    analysis_type = "Lumped Parameter");

RAD_IR_Tel = ROTATE(
    object_name = RAD_IR_Tel,
    x_ang = 90.0,
    z_ang = 90.0,
    clear = TRUE);
RAD_IR_Tel = TRANSLATE(
    object_name = RAD_IR_Tel,
    x_dist = 0.21,
    y_dist = -0.125,
    z_dist = 0.25);
RAD_IR_Tel = SHELL_SCS_RECTANGLE(
    xmax = 0.25,
    ymax = 0.35,
    height = 0.0,
    xmin = 0.0,
    ymin = 0.0,
    sense = -1,
    colour1 = "PALE_BLUE",
    colour2 = "PURPLE",
    side1 = "Active",
    nbase1 = 60000,
    ndelta1_1 = 1,
    side2 = "Conductive",
    nbase2 = 60000,
    ndelta2_1 = 1,
    label1 = "RAD_IR_Tel",
    label2 = "RAD_IR_Tel",
    opt1 = OSR,
    opt2 = OSR,
    criticality1 = "NORMAL",
    criticality2 = "NORMAL",
    bulk = Copper,
    thick = 5.0e-03,
    meshType1 = "regular",
    nodes1 = 3,
    meshType2 = "regular",
    nodes2 = 3,
    analysis_type = "Lumped Parameter");

RAD_IR_Tel = ROTATE(
    object_name = RAD_IR_Tel,
    x_ang = 90.0,
    z_ang = 90.0,
    clear = TRUE);
RAD_IR_Tel = TRANSLATE(
    object_name = RAD_IR_Tel,
    x_dist = 0.21,
    y_dist = -0.125,
    z_dist = 0.285);
RAD_IR_Tel = SHELL_SCS_RECTANGLE(
    xmax = 0.25,
    ymax = 0.35,
    height = 0.0,
    xmin = 0.0,
    ymin = 0.0,
    sense = -1,
    colour1 = "PALE_BLUE",
    colour2 = "PURPLE",
    side1 = "Active",
    nbase1 = 60000,
    ndelta1_1 = 1,
    side2 = "Conductive",
    nbase2 = 60000,
    ndelta2_1 = 1,
    label1 = "RAD_IR_Tel",
    label2 = "RAD_IR_Tel",
    opt1 = OSR,
    opt2 = OSR,
    criticality1 = "NORMAL",
    criticality2 = "NORMAL",
    bulk = Copper,
    thick = 5.0e-03,
    meshType1 = "regular",
    nodes1 = 3,
    meshType2 = "regular",
    nodes2 = 3,
    analysis_type = "Lumped Parameter");

RAD_IR_Tel = ROTATE(
    object_name = RAD_IR_Tel,
    x_ang = 90.0,
    z_ang = 90.0,
    clear = TRUE);
RAD_IR_Tel = TRANSLATE(
    object_name = RAD_IR_Tel,
    x_dist = 0.21,
    y_dist = -0.125,
    z_dist = 0.32);
RAD_IR_Tel = SHELL_SCS_RECTANGLE(
    xmax = 0.25,
    ymax = 0.35,
    height = 0.0,
    xmin = 0.0,
    ymin = 0.0,
    sense = -1,
    colour1 = "PALE_BLUE",
    colour2 = "PURPLE",
    side1 = "Active",
    nbase1 = 60000,
    ndelta1_1 = 1,
    side2 = "Conductive",
    nbase2 = 60000,
    ndelta2_1 = 1,
    label1 = "RAD_IR_Tel",
    label2 = "RAD_IR_Tel",
    opt1 = OSR,
    opt2 = OSR,
    criticality1 = "NORMAL",
    criticality2 = "NORMAL",
    bulk = Copper,
    thick = 5.0e-03,
    meshType1 = "regular",
    nodes1 = 3,
    meshType2 = "regular",
    nodes2 = 3,
    analysis_type = "Lumped Parameter");

RAD_IR_Tel = ROTATE(
    object_name = RAD_IR_Tel,
    x_ang = 90.0,
    z_ang = 90.0,
    clear = TRUE);
RAD_IR_Tel = TRANSLATE(
    object_name = RAD_IR_Tel,
    x_dist = 0.21,
    y_dist = -0.125,
    z_dist = 0.33);
RAD_IR_Tel = SHELL_SCS_RECTANGLE(
    xmax = 0.25,
    ymax = 0.35,
    height = 0.0,
    xmin = 0.0,
    ymin = 0.0,
    sense = -1,
    colour1 = "PALE_BLUE",
    colour2 = "PURPLE",
    side1 = "Active",
    nbase1 = 60000,
    ndelta1_1 = 1,
    side2 = "Conductive",
    nbase2 = 60000,
    ndelta2_1 = 1,
    label1 = "RAD_IR_Tel",
    label2 = "RAD_IR_Tel",
    opt1 = OSR,
    opt2 = OSR,
    criticality1 = "NORMAL",
    criticality2 = "NORMAL",
    bulk = Copper,
    thick = 5.0e-03,
    meshType1 = "regular",
    nodes1 = 3,
    meshType2 = "regular",
    nodes2 = 3,
    analysis_type = "Lumped Parameter");

RAD_IR_Tel = ROTATE(
    object_name = RAD_IR_Tel,
    x_ang = 90.0,
    z_ang = 90.0,
    clear = TRUE);
RAD_IR_Tel = TRANSLATE(
    object_name = RAD_IR_Tel,
    x_dist = 0.21,
    y_dist = -0.125,
    z_dist = 0.35);
RAD_IR_Tel = SHELL_SCS_RECTANGLE(
    xmax = 0.25,
    ymax = 0.3,
    height = 0.0,
    xmin = 0.0,
    ymin = 0.0,
    sense = -1,
    colour1 = "PALE_BLUE",
    colour2 = "PURPLE",
    side1 = "Active",
    nbase1 = 60000,
    ndelta1_1 = 1,
    side2 = "Conductive",
    nbase2 = 60000,
    ndelta2_1 = 1,
    label1 = "RAD_IR_Tel",
    label2 = "RAD_IR_Tel",
    opt1 = OSR,
    opt2 = OSR,
    criticality1 = "NORMAL",
    criticality2 = "NORMAL",
    bulk = Copper,
    thick = 5.0e-03,
    meshType1 = "regular",
    nodes1 = 3,
    meshType2 = "regular",
    nodes2 = 3,
    analysis_type = "Lumped Parameter");

RAD_IR_Tel = ROTATE(
    object_name = RAD_IR_Tel,
    x_ang = 90.0,
    z_ang = 90.0,
    clear = TRUE);
RAD_IR_Tel = TRANSLATE(
    object_name = RAD_IR_Tel,
    x_dist = 0.21,
    y_dist = -0.125,
    z_dist = 0.4);
RAD_IR_Tel = SHELL_SCS_RECTANGLE(
    xmax = 0.25,
    ymax = 0.4,
    height = 0.0,
    xmin = 0.0,
    ymin = 0.0,
    sense = -1,
    colour1 = "PALE_BLUE",
    colour2 = "PURPLE",
    side1 = "Active",
    nbase1 = 60000,
    ndelta1_1 = 1,
    side2 = "Conductive",
    nbase2 = 60000,
    ndelta2_1 = 1,
    label1 = "RAD_IR_Tel",
    label2 = "RAD_IR_Tel",
    opt1 = OSR,
    opt2 = OSR,
    criticality1 = "NORMAL",
    criticality2 = "NORMAL",
    bulk = Copper,
    thick = 5.0e-03,
    meshType1 = "regular",
    nodes1 = 3,
    meshType2 = "regular",
    nodes2 = 3,
    analysis_type = "Lumped Parameter");

RAD_IR_Tel = ROTATE(
    object_name = RAD_IR_Tel,
    x_ang = 90.0,
    z_ang = 90.0,
    clear = TRUE);
RAD_IR_Tel = TRANSLATE(
    object_name = RAD_IR_Tel,
    x_dist = 0.21,
    y_dist = -0.125,
    z_dist = 0.3);
RAD_IR_Tel = SHELL_SCS_RECTANGLE(
    xmax = 0.25,
    ymax = 0.35,
    height = 0.0,
    xmin = 0.0,
    ymin = 0.0,
    sense = -1,
    colour1 = "PALE_BLUE",
    colour2 = "PURPLE",
    side1 = "Active",
    nbase1 = 60000,
    ndelta1_1 = 1,
    side2 = "Conductive",
    nbase2 = 60000,
    ndelta2_1 = 1,
    label1 = "RAD_IR_Tel",
    label2 = "RAD_IR_Tel",
    opt1 = OSR,
    opt2 = OSR,
    criticality1 = "NORMAL",
    criticality2 = "NORMAL",
    bulk = Copper,
    thick = 5.0e-03,
    meshType1 = "regular",
    nodes1 = 3,
    meshType2 = "regular",
    nodes2 = 3,
    analysis_type = "Lumped Parameter");

RAD_IR_Tel = ROTATE(
    object_name = RAD_IR_Tel,
    x_ang = 90.0,
    z_ang = 90.0,
    clear = TRUE);
RAD_IR_Tel = TRANSLATE(
    object_name = RAD_IR_Tel,
    x_dist = 0.21,
    y_dist = -0.125,
    z_dist = 0.3);
RAD_IR_Tel = SHELL_SCS_RECTANGLE(
    xmax = 0.25,
    ymax = 0.35,
    height = 0.0,
    xmin = 0.0,
    ymin = 0.0,
    sense = -1,
    colour1 = "PALE_BLUE",
    colour2 = "PURPLE",
    side1 = "Active",
    nbase1 = 60000,
    ndelta1_1 = 1,
    side2 = "Conductive",
    nbase2 = 60000,
    ndelta2_1 = 1,
    label1 = "RAD_IR_Tel",
    label2 = "RAD_IR_Tel",
    opt1 = OSR,
    opt2 = OSR,
    criticality1 = "NORMAL",
    criticality2 = "NORMAL",
    bulk = Copper,
    thick = 5.0e-03,
    meshType1 = "regular",
    nodes1 = 3,
    meshType2 = "regular",
    nodes2 = 3,
    analysis_type = "Lumped Parameter");

RAD_IR_Tel = ROTATE(
    object_name = RAD_IR_Tel,
    x_ang = 90.0,
    z_ang = 90.0,
    clear = TRUE);
RAD_IR_Tel = TRANSLATE(
    object_name = RAD_IR_Tel,
    x_dist = 0.21,
    y_dist = -0.125,
    z_dist = 0.35);
RAD_IR_Tel = SHELL_SCS_RECTANGLE(
    xmax = 0.25,
    ymax = 0.38,
    height = 0.0,
    xmin = 0.0,
    ymin = 0.0,
    sense = -1,
    colour1 = "PALE_BLUE",
    colour2 = "PURPLE",
    side1 = "Active",
    nbase1 = 60000,
    ndelta1_1 = 1,
    side2 = "Conductive",
    nbase2 = 60000,
    ndelta2_1 = 1,
    label1 = "RAD_IR_Tel",
    label2 = "RAD_IR_Tel",
    opt1 = OSR,
    opt2 = OSR,
    criticality1 = "NORMAL",
    criticality2 = "NORMAL",
    bulk = Copper,
    thick = 5.0e-03,
    meshType1 = "regular",
    nodes1 = 3,
    meshType2 = "regular",
    nodes2 = 3,
    analysis_type = "Lumped Parameter");

RAD_IR_Tel = ROTATE(
    object_name = RAD_IR_Tel,
    x_ang = 90.0,
    z_ang = 90.0,
    clear = TRUE);
RAD_IR_Tel = TRANSLATE(
    object_name = RAD_IR_Tel,
    x_dist = 0.21,
    y_dist = -0.125,
    z_dist = 0.32);
RAD_IR_Tel = SHELL_SCS_RECTANGLE(
    xmax = 0.25,
    ymax = 0.38,
    height = 0.0,
    xmin = 0.0,
    ymin = 0.0,
    sense = -1,
    colour1 = "PALE_BLUE",
    colour2 = "PURPLE",
    side1 = "Active",
    nbase1 = 60000,
    ndelta1_1 = 1,
    side2 = "Conductive",
    nbase2 = 60000,
    ndelta2_1 = 1,
    label1 = "RAD_IR_Tel",
    label2 = "RAD_IR_Tel",
    opt1 = OSR,
    opt2 = OSR,
    criticality1 = "NORMAL",
    criticality2 = "NORMAL",
    bulk = Copper,
    thick = 5.0e-03,
    meshType1 = "regular",
    nodes1 = 3,
    meshType2 = "regular",
    nodes2 = 3,
    analysis_type = "Lumped Parameter");

RAD_IR_Tel = ROTATE(
    object_name = RAD_IR_Tel,
    x_ang = 90.0,
    z_ang = 90.0,
    clear = TRUE);
RAD_IR_Tel = TRANSLATE(
    object_name = RAD_IR_Tel,
    x_dist = 0.21,
    y_dist = -0.125,
    z_dist = 0.35);
RAD_IR_Tel = SHELL_SCS_RECTANGLE(
    xmax = 0.25,
    ymax = 0.38,
    height = 0.0,
    xmin = 0.0,
    ymin = 0.0,
    sense = -1,
    colour1 = "PALE_BLUE",
    colour2 = "PURPLE",
    side1 = "Active",
    nbase1 = 60000,
    ndelta1_1 = 1,
    side2 = "Conductive",
    nbase2 = 60000,
    ndelta2_1 = 1,
    label1 = "RAD_IR_Tel",
    label2 = "RAD_IR_Tel",
    opt1 = OSR,
    opt2 = OSR,
    criticality1 = "NORMAL",
    criticality2 = "NORMAL",
    bulk = Copper,
    thick = 5.0e-03,
    meshType1 = "regular",
    nodes1 = 3,
    meshType2 = "regular",
    nodes2 = 3,
    analysis_type = "Lumped Parameter");

RAD_IR_Tel = ROTATE(
    object_name = RAD_IR_Tel,
    x_ang = 90.0,
    z_ang = 90.0,
    clear = TRUE);
RAD_IR_Tel = TRANSLATE(
    object_name = RAD_IR_Tel,
    x_dist = 0.21,
    y_dist = -0.125,
    z_dist = 0.38);
RAD_IR_Tel = SHELL_SCS_RECTANGLE(
    xmax = 0.25,
    ymax = 0.3,
    height = 0.0,
    xmin = 0.0,
    ymin = 0.0,
    sense = -1,
    colour1 = "PALE_BLUE",
    colour2 = "PURPLE",
    side1 = "Active",
    nbase1 = 60000,
    ndelta1_1 = 1,
    side2 = "Conductive",
    nbase2 = 60000,
    ndelta2_1 = 1,
    label1 = "RAD_IR_Tel",
    label2 = "RAD_IR_Tel",
    opt1 = OSR,
    opt2 = OSR,
    criticality1 = "NORMAL",
    criticality2 = "NORMAL",
    bulk = Copper,
    thick = 5.0e-03,
    meshType1 = "regular",
    nodes1 = 3,
    meshType2 = "regular",
    nodes2 = 3,
    analysis_type = "Lumped Parameter");

RAD_IR_Tel = ROTATE(
    object_name = RAD_IR_Tel,
    x_ang = 90.0,
    z_ang = 90.0,
    clear = TRUE);
RAD_IR_Tel = TRANSLATE(
    object_name = RAD_IR_Tel,
    x_dist = 0.21,
    y_dist = -0.125,
    z_dist = 0.38);
RAD_IR_Tel = SHELL_SCS_RECTANGLE(
    xmax = 0.25,
    ymax = 0.32,
    height = 0.0,
    xmin = 0.0,
    ymin = 0.0,
    sense = -1,
    colour1 = "PALE_BLUE",
    colour2 = "PURPLE",
    side1 = "Active",
    nbase1 = 60000,
    ndelta1_1 = 1,
    side2 = "Conductive",
    nbase2 = 60000,
    ndelta2_1 = 1,
    label1 = "RAD_IR_Tel",
    label2 = "RAD_IR_Tel",
    opt1 = OSR,
    opt2 = OSR,
    criticality1 = "NORMAL",
    criticality2 = "NORMAL",
    bulk = Copper,
    thick = 5.0e-03,
    meshType1 = "regular",
    nodes1 = 3,
    meshType2 = "regular",
    nodes2 = 3,
    analysis_type = "Lumped Parameter");

RAD_IR_Tel = ROTATE(
    object_name = RAD_IR_Tel,
    x_ang = 90.0,
    z_ang = 90.0,
    clear = TRUE);
RAD_IR_Tel = TRANSLATE(
    object_name = RAD_IR_Tel,
    x_dist = 0.21,
    y_dist = -0.125,
    z_dist = 0.38);
RAD_IR_Tel = SHELL_SCS_RECTANGLE(
    xmax = 0.25,
    ymax = 0.34,
    height = 0.0,
    xmin = 0.0,
    ymin = 0.0,
    sense = -1,
    colour1 = "PALE_BLUE",
    colour2 = "PURPLE",
    side1 = "Active",
    nbase1 = 60000,
    ndelta1_1 = 1,
    side2 = "Conductive",
    nbase2 = 60000,
    ndelta2_1 = 1,
    label1 = "RAD_IR_Tel",
    label2 = "RAD_IR_Tel",
    opt1 = OSR,
    opt2 = OSR,
    criticality1 = "NORMAL",
    criticality2 = "NORMAL",
    bulk = Copper,
    thick = 5.0e-03,
    meshType1 = "regular",
    nodes1 = 3,
    meshType2 = "regular",
    nodes2 = 3,
    analysis_type = "Lumped Parameter");

RAD_IR_Tel = ROTATE(
    object_name = RAD_IR_Tel,
    x_ang = 90.0,
    z_ang = 90.0,
    clear = TRUE);
RAD_IR_Tel = TRANSLATE(
    object_name = RAD_IR_Tel,
    x_dist = 0.21,
    y_dist = -0.125,
    z_dist = 0.36);
RAD_CUTTER = SHELL_SCS_BOX(
    height = 0.36,
    xmax = 0.2,
    ymax = 0.25,
    xmin = 0.0,
    ymin = 0.0,
    sense = -1,
    colour1 = "TURQUOISE",
    colour2 = "TURQUOISE",
    side1 = "Active",
    ndelta1_1 = 1,
    side2 = "Active",
    ndelta2_1 = 1,
    opt1 = SSM,
    opt2 = SSM,
    criticality1 = "NORMAL",
    criticality2 = "NORMAL",
    bulk = Copper,
    thick = 0.01,
    meshType1 = "regular",
    nodes1 = 1,
    meshType2 = "regular",
    nodes2 = 1,
    meshType3 = "regular",
    nodes3 = 1,
    analysis_type = "Lumped Parameter");

RAD_CUTTER = TRANSLATE(
    object_name = RAD_CUTTER,
    x_dist = 0.21,
    y_dist = -0.125,
    z_dist = 0.275,
    clear = TRUE);
RAD_CUTTER = SHELL_SCS_BOX(
    height = 0.36,
    xmax = 0.2,
    ymax = 0.25,
    xmin = 0.0,
    ymin = 0.0,
    sense = -1,
    colour1 = "TURQUOISE",
    colour2 = "TURQUOISE",
    side1 = "Active",
    ndelta1_1 = 1,
    side2 = "Active",
    ndelta2_1 = 1,
    opt1 = SSM,
    opt2 = SSM,
    criticality1 = "NORMAL",
    criticality2 = "NORMAL",
    bulk = Copper,
    thick = 0.01,
    meshType1 = "regular",
    nodes1 = 1,
    meshType2 = "regular",
    nodes2 = 1,
    meshType3 = "regular",
    nodes3 = 1,
    analysis_type = "Lumped Parameter");

RAD_CUTTER = TRANSLATE(
    object_name = RAD_CUTTER,
    x_dist = 0.21,
    y_dist = -0.125,
    z_dist = 0.36,
    clear = TRUE);
RAD_CUTTER = SHELL_SCS_BOX(
    height = 0.34,
    xmax = 0.2,
    ymax = 0.25,
    xmin = 0.0,
    ymin = 0.0,
    sense = -1,
    colour1 = "TURQUOISE",
    colour2 = "TURQUOISE",
    side1 = "Active",
    ndelta1_1 = 1,
    side2 = "Active",
    ndelta2_1 = 1,
    opt1 = SSM,
    opt2 = SSM,
    criticality1 = "NORMAL",
    criticality2 = "NORMAL",
    bulk = Copper,
    thick = 0.01,
    meshType1 = "regular",
    nodes1 = 1,
    meshType2 = "regular",
    nodes2 = 1,
    meshType3 = "regular",
    nodes3 = 1,
    analysis_type = "Lumped Parameter");

RAD_CUTTER = TRANSLATE(
    object_name = RAD_CUTTER,
    x_dist = 0.21,
    y_dist = -0.125,
    z_dist = 0.36,
    clear = TRUE);
GEOMETRY RAD_IR_TEL;
RAD_IR_TEL = SHELL_SCS_CONE(
    semi_ang = 55.0,
    hmax = 0.2,
    hmin = 0.08,
    angmin = 0.0,
    angmax = 360.0,
    sense = -1,
    colour1 = "PURPLE",
    colour2 = "PALE_BLUE",
    side1 = "Active",
    nbase1 = 61000,
    ndelta1_1 = 1,
    side2 = "Conductive",
    nbase2 = 61000,
    ndelta2_1 = 1,
    label1 = "RAD_Ins",
    label2 = "RAD_Ins",
    opt1 = OSR,
    opt2 = OSR,
    criticality1 = "NORMAL",
    criticality2 = "NORMAL",
    bulk = Copper,
    thick = 5.0e-03,
    meshType1 = "regular",
    nodes1 = 1,
    meshType2 = "regular",
    nodes2 = 3,
    analysis_type = "Lumped Parameter");

RAD_IR_TEL = ROTATE(
    object_name = RAD_IR_TEL,
    x_ang = 90.0,
    z_ang = -90.0,
    clear = TRUE);
RAD_IR_TEL = TRANSLATE(
    object_name = RAD_IR_TEL,
    x_dist = -0.211,
    z_dist = 0.55);
RENAME(old_name = "RAD_INS_2", new_name = "RAD_IR_TEL_2");
DELETE_GEOMETRY (geometry = RAD_IR_TEL, recursive = FALSE, unassign = FALSE);
RENAME(old_name = "RAD_Ins", new_name = "RAD_IR_TEL");
RENAME(old_name = "RAD_IR_Tel", new_name = "RAD_INS");
RAD 
   /* Syntax Error at or near symbol "RAD" */
   /* invalid statement */
= RAD +
   /* Syntax Error at or near symbol "+" */
   /* invalid statement */
 RAD_IR_TEL_2;
   /* Syntax Error at or near symbol ";" */
   /* invalid statement */

CCD_RAD_1 = CONDUCTIVE_CONDUCTOR(
    source_reference = "IR_TEL_CCD:surface1",
    destination_reference = "RAD_IR_TEL_2:face1",
    conductor_override = 2692.7937);

EBox_RAD_1 = CONDUCTIVE_CONDUCTOR(
    source_reference = "Electronic_Box:face5",
    destination_reference = "RAD_INS:face10",
    conductor_override = 1012.75);

EBox_RAD_2 = CONDUCTIVE_CONDUCTOR(
    source_reference = "Electronic_Box:face1",
    destination_reference = "RAD_INS:face10",
    conductor_override = 1012.75);

EBox_RAD_3 = CONDUCTIVE_CONDUCTOR(
    source_reference = "Electronic_Box:face7",
    destination_reference = "RAD_INS:face10",
    conductor_override = 1012.75);

EBox_RAD_4 = CONDUCTIVE_CONDUCTOR(
    source_reference = "Electronic_Box:face3",
    destination_reference = "RAD_INS:face10",
    conductor_override = 1012.75);

PLD1_RAD_1 = CONDUCTIVE_CONDUCTOR(
    source_reference = "Payload_1",
    destination_reference = "RAD_INS:face10",
    conductor_override = 892.5);

PLD2_RAD_1 = CONDUCTIVE_CONDUCTOR(
    source_reference = "Payload_2",
    destination_reference = "RAD_INS:face10",
    conductor_override = 316.69);

PLD1_RAD_1 = CONDUCTIVE_CONDUCTOR(
    source_reference = "Payload_1",
    destination_reference = "RAD_INS:face10",
    conductor_override = 316.89);

Body_plate_1 = SHELL_SCS_RECTANGLE(
    xmax = 0.4,
    ymax = 0.3,
    height = 0.0,
    xmin = 0.0,
    ymin = 0.0,
    sense = -1,
    colour1 = "METAL_GREY",
    colour2 = "METAL_GREY",
    side1 = "Active",
    nbase1 = 11000,
    ndelta1_1 = 1,
    side2 = "Active",
    nbase2 = 11000,
    ndelta2_1 = 1,
    label1 = "BODY_PLATE_1",
    label2 = "BODY_PLATE_1",
    opt1 = Black_paint,
    opt2 = Black_paint,
    criticality1 = "NORMAL",
    criticality2 = "NORMAL",
    bulk = CFRP,
    thick = 2.0e-03,
    meshType1 = "regular",
    nodes1 = 2,
    meshType2 = "regular",
    nodes2 = 2,
    analysis_type = "Lumped Parameter");

Body_plate_1 = TRANSLATE(
    object_name = Body_plate_1,
    x_dist = -0.2,
    y_dist = -0.15,
    z_dist = 0.475,
    clear = TRUE);
Body_plate_2 = SHELL_SCS_RECTANGLE(
    xmax = 0.4,
    ymax = 0.3,
    height = 0.0,
    xmin = 0.0,
    ymin = 0.0,
    sense = -1,
    colour1 = "METAL_GREY",
    colour2 = "METAL_GREY",
    side1 = "Active",
    nbase1 = 12000,
    ndelta1_1 = 1,
    side2 = "Active",
    nbase2 = 12000,
    ndelta2_1 = 1,
    label1 = "BODY_PLATE_1",
    label2 = "BODY_PLATE_1",
    opt1 = Black_paint,
    opt2 = Black_paint,
    criticality1 = "NORMAL",
    criticality2 = "NORMAL",
    bulk = CFRP,
    thick = 2.0e-03,
    meshType1 = "regular",
    nodes1 = 2,
    meshType2 = "regular",
    nodes2 = 2,
    analysis_type = "Lumped Parameter");

Body_plate_2 = TRANSLATE(
    object_name = Body_plate_2,
    x_dist = -0.2,
    y_dist = -0.15,
    z_dist = 0.6,
    clear = TRUE);
GEOMETRY RAD_CUTTER_STR;
RAD_CUTTER_STR = SHELL_SCS_BOX(
    height = 0.34,
    xmax = 0.2,
    ymax = 0.25,
    xmin = 0.0,
    ymin = 0.0,
    sense = -1,
    colour1 = "TURQUOISE",
    colour2 = "TURQUOISE",
    side1 = "Active",
    ndelta1_1 = 1,
    side2 = "Active",
    ndelta2_1 = 1,
    opt1 = SSM,
    opt2 = SSM,
    criticality1 = "NORMAL",
    criticality2 = "NORMAL",
    bulk = Copper,
    thick = 0.01,
    meshType1 = "regular",
    nodes1 = 1,
    meshType2 = "regular",
    nodes2 = 1,
    meshType3 = "regular",
    nodes3 = 1,
    analysis_type = "Lumped Parameter");

RAD_CUTTER_STR = TRANSLATE(
    object_name = RAD_CUTTER_STR,
    x_dist = 0.21,
    y_dist = -0.125,
    z_dist = 0.36,
    clear = TRUE);
RAD_CUTTER_STR = SHELL_SCS_BOX(
    height = 0.34,
    xmax = 0.2,
    ymax = 0.25,
    xmin = 0.0,
    ymin = 0.0,
    sense = -1,
    colour1 = "TURQUOISE",
    colour2 = "TURQUOISE",
    side1 = "Active",
    ndelta1_1 = 1,
    side2 = "Active",
    ndelta2_1 = 1,
    opt1 = SSM,
    opt2 = SSM,
    criticality1 = "NORMAL",
    criticality2 = "NORMAL",
    bulk = Copper,
    thick = 0.01,
    meshType1 = "regular",
    nodes1 = 1,
    meshType2 = "regular",
    nodes2 = 1,
    meshType3 = "regular",
    nodes3 = 1,
    analysis_type = "Lumped Parameter");

RAD_CUTTER_STR = ROTATE(
    object_name = RAD_CUTTER_STR,
    y_ang = 90.0,
    clear = TRUE);
RAD_CUTTER_STR = TRANSLATE(
    object_name = RAD_CUTTER_STR,
    x_dist = 0.21,
    y_dist = -0.125,
    z_dist = 0.36);
RAD_CUTTER_STR = SHELL_SCS_BOX(
    height = 0.34,
    xmax = 0.2,
    ymax = 0.25,
    xmin = 0.0,
    ymin = 0.0,
    sense = -1,
    colour1 = "TURQUOISE",
    colour2 = "TURQUOISE",
    side1 = "Active",
    ndelta1_1 = 1,
    side2 = "Active",
    ndelta2_1 = 1,
    opt1 = SSM,
    opt2 = SSM,
    criticality1 = "NORMAL",
    criticality2 = "NORMAL",
    bulk = Copper,
    thick = 0.01,
    meshType1 = "regular",
    nodes1 = 1,
    meshType2 = "regular",
    nodes2 = 1,
    meshType3 = "regular",
    nodes3 = 1,
    analysis_type = "Lumped Parameter");

RAD_CUTTER_STR = ROTATE(
    object_name = RAD_CUTTER_STR,
    y_ang = 90.0,
    clear = TRUE);
RAD_CUTTER_STR = TRANSLATE(
    object_name = RAD_CUTTER_STR,
    x_dist = 0.21,
    y_dist = -0.125,
    z_dist = 0.6);
RAD_CUTTER_STR = SHELL_SCS_BOX(
    height = 0.34,
    xmax = 0.2,
    ymax = 0.25,
    xmin = 0.0,
    ymin = 0.0,
    sense = -1,
    colour1 = "TURQUOISE",
    colour2 = "TURQUOISE",
    side1 = "Active",
    ndelta1_1 = 1,
    side2 = "Active",
    ndelta2_1 = 1,
    opt1 = SSM,
    opt2 = SSM,
    criticality1 = "NORMAL",
    criticality2 = "NORMAL",
    bulk = Copper,
    thick = 0.01,
    meshType1 = "regular",
    nodes1 = 1,
    meshType2 = "regular",
    nodes2 = 1,
    meshType3 = "regular",
    nodes3 = 1,
    analysis_type = "Lumped Parameter");

RAD_CUTTER_STR = ROTATE(
    object_name = RAD_CUTTER_STR,
    y_ang = 90.0,
    clear = TRUE);
RAD_CUTTER_STR = TRANSLATE(
    object_name = RAD_CUTTER_STR,
    x_dist = 0.21,
    y_dist = -0.125,
    z_dist = 0.8);
RAD_CUTTER_STR = SHELL_SCS_BOX(
    height = 0.34,
    xmax = 0.2,
    ymax = 0.25,
    xmin = 0.0,
    ymin = 0.0,
    sense = -1,
    colour1 = "TURQUOISE",
    colour2 = "TURQUOISE",
    side1 = "Active",
    ndelta1_1 = 1,
    side2 = "Active",
    ndelta2_1 = 1,
    opt1 = SSM,
    opt2 = SSM,
    criticality1 = "NORMAL",
    criticality2 = "NORMAL",
    bulk = Copper,
    thick = 0.01,
    meshType1 = "regular",
    nodes1 = 1,
    meshType2 = "regular",
    nodes2 = 1,
    meshType3 = "regular",
    nodes3 = 1,
    analysis_type = "Lumped Parameter");

RAD_CUTTER_STR = ROTATE(
    object_name = RAD_CUTTER_STR,
    y_ang = 90.0,
    clear = TRUE);
RAD_CUTTER_STR = TRANSLATE(
    object_name = RAD_CUTTER_STR,
    x_dist = 0.21,
    y_dist = -0.125,
    z_dist = 1.0);
RAD_CUTTER_STR = SHELL_SCS_BOX(
    height = 0.34,
    xmax = 0.2,
    ymax = 0.25,
    xmin = 0.0,
    ymin = 0.0,
    sense = -1,
    colour1 = "TURQUOISE",
    colour2 = "TURQUOISE",
    side1 = "Active",
    ndelta1_1 = 1,
    side2 = "Active",
    ndelta2_1 = 1,
    opt1 = SSM,
    opt2 = SSM,
    criticality1 = "NORMAL",
    criticality2 = "NORMAL",
    bulk = Copper,
    thick = 0.01,
    meshType1 = "regular",
    nodes1 = 1,
    meshType2 = "regular",
    nodes2 = 1,
    meshType3 = "regular",
    nodes3 = 1,
    analysis_type = "Lumped Parameter");

RAD_CUTTER_STR = ROTATE(
    object_name = RAD_CUTTER_STR,
    y_ang = 90.0,
    clear = TRUE);
RAD_CUTTER_STR = TRANSLATE(
    object_name = RAD_CUTTER_STR,
    x_dist = 0.21,
    y_dist = -0.125,
    z_dist = .9);
RAD_CUTTER_STR = SHELL_SCS_BOX(
    height = 0.34,
    xmax = 0.2,
    ymax = 0.25,
    xmin = 0.0,
    ymin = 0.0,
    sense = -1,
    colour1 = "TURQUOISE",
    colour2 = "TURQUOISE",
    side1 = "Active",
    ndelta1_1 = 1,
    side2 = "Active",
    ndelta2_1 = 1,
    opt1 = SSM,
    opt2 = SSM,
    criticality1 = "NORMAL",
    criticality2 = "NORMAL",
    bulk = Copper,
    thick = 0.01,
    meshType1 = "regular",
    nodes1 = 1,
    meshType2 = "regular",
    nodes2 = 1,
    meshType3 = "regular",
    nodes3 = 1,
    analysis_type = "Lumped Parameter");

RAD_CUTTER_STR = ROTATE(
    object_name = RAD_CUTTER_STR,
    y_ang = 90.0,
    clear = TRUE);
RAD_CUTTER_STR = TRANSLATE(
    object_name = RAD_CUTTER_STR,
    x_dist = 0.21,
    y_dist = -0.125,
    z_dist = .95);
RAD_CUTTER_STR = SHELL_SCS_BOX(
    height = 0.34,
    xmax = 0.2,
    ymax = 0.25,
    xmin = 0.0,
    ymin = 0.0,
    sense = -1,
    colour1 = "TURQUOISE",
    colour2 = "TURQUOISE",
    side1 = "Active",
    ndelta1_1 = 1,
    side2 = "Active",
    ndelta2_1 = 1,
    opt1 = SSM,
    opt2 = SSM,
    criticality1 = "NORMAL",
    criticality2 = "NORMAL",
    bulk = Copper,
    thick = 0.01,
    meshType1 = "regular",
    nodes1 = 1,
    meshType2 = "regular",
    nodes2 = 1,
    meshType3 = "regular",
    nodes3 = 1,
    analysis_type = "Lumped Parameter");

RAD_CUTTER_STR = ROTATE(
    object_name = RAD_CUTTER_STR,
    y_ang = 90.0,
    clear = TRUE);
RAD_CUTTER_STR = TRANSLATE(
    object_name = RAD_CUTTER_STR,
    x_dist = 0.21,
    y_dist = -0.125,
    z_dist = .94);
RAD_CUTTER_STR = SHELL_SCS_BOX(
    height = 0.34,
    xmax = 0.2,
    ymax = 0.25,
    xmin = 0.0,
    ymin = 0.0,
    sense = -1,
    colour1 = "TURQUOISE",
    colour2 = "TURQUOISE",
    side1 = "Active",
    ndelta1_1 = 1,
    side2 = "Active",
    ndelta2_1 = 1,
    opt1 = SSM,
    opt2 = SSM,
    criticality1 = "NORMAL",
    criticality2 = "NORMAL",
    bulk = Copper,
    thick = 0.01,
    meshType1 = "regular",
    nodes1 = 1,
    meshType2 = "regular",
    nodes2 = 1,
    meshType3 = "regular",
    nodes3 = 1,
    analysis_type = "Lumped Parameter");

RAD_CUTTER_STR = ROTATE(
    object_name = RAD_CUTTER_STR,
    y_ang = 90.0,
    clear = TRUE);
RAD_CUTTER_STR = TRANSLATE(
    object_name = RAD_CUTTER_STR,
    x_dist = -0.21,
    y_dist = -0.125,
    z_dist = .94);
RAD_CUTTER_STR = SHELL_SCS_BOX(
    height = 0.34,
    xmax = 0.2,
    ymax = 0.25,
    xmin = 0.0,
    ymin = 0.0,
    sense = -1,
    colour1 = "TURQUOISE",
    colour2 = "TURQUOISE",
    side1 = "Active",
    ndelta1_1 = 1,
    side2 = "Active",
    ndelta2_1 = 1,
    opt1 = SSM,
    opt2 = SSM,
    criticality1 = "NORMAL",
    criticality2 = "NORMAL",
    bulk = Copper,
    thick = 0.01,
    meshType1 = "regular",
    nodes1 = 1,
    meshType2 = "regular",
    nodes2 = 1,
    meshType3 = "regular",
    nodes3 = 1,
    analysis_type = "Lumped Parameter");

RAD_CUTTER_STR = ROTATE(
    object_name = RAD_CUTTER_STR,
    y_ang = 90.0,
    clear = TRUE);
RAD_CUTTER_STR = TRANSLATE(
    object_name = RAD_CUTTER_STR,
    x_dist = -0.19,
    y_dist = -0.125,
    z_dist = .94);
RAD_CUTTER_STR = SHELL_SCS_BOX(
    height = 0.34,
    xmax = 0.2,
    ymax = 0.25,
    xmin = 0.0,
    ymin = 0.0,
    sense = -1,
    colour1 = "TURQUOISE",
    colour2 = "TURQUOISE",
    side1 = "Active",
    ndelta1_1 = 1,
    side2 = "Active",
    ndelta2_1 = 1,
    opt1 = SSM,
    opt2 = SSM,
    criticality1 = "NORMAL",
    criticality2 = "NORMAL",
    bulk = Copper,
    thick = 0.01,
    meshType1 = "regular",
    nodes1 = 1,
    meshType2 = "regular",
    nodes2 = 1,
    meshType3 = "regular",
    nodes3 = 1,
    analysis_type = "Lumped Parameter");

RAD_CUTTER_STR = ROTATE(
    object_name = RAD_CUTTER_STR,
    y_ang = 90.0,
    clear = TRUE);
RAD_CUTTER_STR = TRANSLATE(
    object_name = RAD_CUTTER_STR,
    x_dist = -0.17,
    y_dist = -0.125,
    z_dist = .94);
MLI_assembly = MLI_assembly + RAD_CUTTER_STR;
GEOMETRY MLI_RAD_CUTTED_3RAD;
MLI_RAD_CUTTED_3RAD = MLI_RAD_CUTTED_2RAD - RAD_CUTTER_STR;
   /* Warning Error: current function is shell assignment */
   /* Cannot move geometry. "MLI_assembly" would not contain enough geometric objects.
      Error number: 1154 */

MLI_assembly = MLI_assembly + MLI_RAD_CUTTED_3RAD;
MLI_RAD_CUTTED_3RAD = MLI_assembly - RAD_CUTTER_STR;
   /* Warning Error: current function is shell assignment */
   /* Cannot assign geometric object "MLI_RAD_CUTTED_3RAD" including ancestor "MLI_assembly"
      Error number: 1147 */

DELETE_GEOMETRY (geometry = MLI_RAD_CUTTED_2RAD, recursive = FALSE, unassign = TRUE);
DELETE_SHELL (shell = MLI_RAD_CUTTED_2RAD, recursive = FALSE, unassign = FALSE);
DELETE_SHELL (shell = MLI_RAD_CUTTED_3RAD, recursive = FALSE, unassign = FALSE);
MLI_assembly = MLI_assembly + RAD_CUTTER_INS;
DELETE_GEOMETRY (geometry = MLI_RAD_CUTTED, recursive = FALSE, unassign = TRUE);
DELETE_GEOMETRY (geometry = MLI_RAD_CUTTED, recursive = FALSE, unassign = FALSE);
MLI_assembly = MLI_assembly + RAD_CUTTER;
DELETE_GEOMETRY (geometry = MLI_CUTTED, recursive = FALSE, unassign = TRUE);
MLI_assembly = MLI_assembly + MLI;
MLI_assembly = MLI_assembly + MLI_CUTTER;
DELETE_GEOMETRY (geometry = MLI_CUTTED, recursive = FALSE, unassign = FALSE);
GEOMETRY MLI_CUTTED;
MLI_CUTTED = MLI - MLI_CUTTER - RAD_CUTTER_STR - RAD_CUTTER_INS;
MLI_assembly = MLI_assembly + MLI_CUTTED;
DELETE_GEOMETRY (geometry = MLI_CUTTED, recursive = FALSE, unassign = FALSE);
MLI_assembly = MLI_assembly + MLI + MLI_CUTTER + RAD_CUTTER_INS + RAD_CUTTER_STR;
GEOMETRY MLI_CUTTED;
MLI_CUTTED = MLI - MLI_CUTTER - RAD_CUTTER - RAD_CUTTER_STR - RAD_CUTTER_INS;
   /* Warning Error: current function is shell assignment */
   /* Cannot move geometry. "MLI_assembly" would not contain enough geometric objects.
      Error number: 1154 */

MLI_assembly = MLI_assembly + MLI_CUTTED;
DELETE_GEOMETRY (geometry = MLI_CUTTED, recursive = FALSE, unassign = FALSE);
GEOMETRY MLI_CUTTED;
MLI_CUTTED = MLI - MLI_CUTTER - RAD_CUTTER - RAD_CUTTER_STR - RAD_CUTTER_INS;
   /* Warning Error: current function is shell assignment */
   /* Cannot move geometry. "MLI_assembly" would not contain enough geometric objects.
      Error number: 1154 */

MLI_assembly = MLI_assembly + MLI_CUTTED;
MLI_CUTTED = MLI - MLI_CUTTER;
GEOMETRY MLI_RAD_CUTTED;
MLI_RAD_CUTTED = MLI_CUTTED - RAD_CUTTER_STR - RAD_CUTTER_INS - RAD_CUTTER;
   /* Warning Error: current function is shell assignment */
   /* Cannot move geometry. "MLI_assembly" would not contain enough geometric objects.
      Error number: 1154 */

MLI_assembly = MLI_assembly + MLI_RAD_CUTTED;
DELETE_GEOMETRY (geometry = MLI_assembly, recursive = FALSE, unassign = TRUE);
DELETE_GEOMETRY (geometry = MLI_CUTTED, recursive = FALSE, unassign = TRUE);
DELETE_GEOMETRY (geometry = MLI_CUTTED, recursive = FALSE, unassign = FALSE);
DELETE_GEOMETRY (geometry = MLI_RAD_CUTTED, recursive = FALSE, unassign = FALSE);
GEOMETRY MLI_CUTTED;
MLI_CUTTED = MLI - MLI_CUTTER - RAD_CUTTER - RAD_CUTTER_INS - RAD_CUTTER_STR;
GEOMETRY NewCombine1;
NewCombine1 = MLI_IR_TEL + MLI_CUTTED;
RENAME(old_name = "NewCombine1", new_name = "MLI_assembly")
   /* Warning Error: current function is rename */
   /* Names must be unique. */

   /* Warning Error: current function is procedure parser */
   /* invalid parameter value */
;
MLI_CUTTED = MLI_CUTTED + NewCombine1;
   /* Warning Error: current function is shell assignment */
   /* Cannot assign geometric object "MLI_CUTTED" including ancestor "NewCombine1"
      Error number: 1147 */

REFERENCE_BODY = REFERENCE_BODY + NewCombine1;
DELETE_GEOMETRY (geometry = MLI_assembly, recursive = FALSE, unassign = FALSE);
RENAME(old_name = "NewCombine1", new_name = "MLI_asmbly");
RAD_CUTTER_STR = SHELL_SCS_BOX(
    height = 0.34,
    xmax = 0.2,
    ymax = 0.25,
    xmin = 0.0,
    ymin = 0.0,
    sense = -1,
    colour1 = "TURQUOISE",
    colour2 = "TURQUOISE",
    side1 = "Active",
    ndelta1_1 = 1,
    side2 = "Active",
    ndelta2_1 = 1,
    opt1 = SSM,
    opt2 = SSM,
    criticality1 = "NORMAL",
    criticality2 = "NORMAL",
    bulk = Copper,
    thick = 0.01,
    meshType1 = "regular",
    nodes1 = 1,
    meshType2 = "regular",
    nodes2 = 1,
    meshType3 = "regular",
    nodes3 = 1,
    analysis_type = "Lumped Parameter");

RAD_CUTTER_STR = ROTATE(
    object_name = RAD_CUTTER_STR,
    y_ang = 90.0,
    clear = TRUE);
RAD_CUTTER_STR = TRANSLATE(
    object_name = RAD_CUTTER_STR,
    x_dist = -0.17,
    y_dist = -0.125,
    z_dist = 0.92);
RAD_CUTTER_STR = SHELL_SCS_BOX(
    height = 0.34,
    xmax = 0.15,
    ymax = 0.2,
    xmin = 0.0,
    ymin = 0.0,
    sense = -1,
    colour1 = "TURQUOISE",
    colour2 = "TURQUOISE",
    side1 = "Active",
    ndelta1_1 = 1,
    side2 = "Active",
    ndelta2_1 = 1,
    opt1 = SSM,
    opt2 = SSM,
    criticality1 = "NORMAL",
    criticality2 = "NORMAL",
    bulk = Copper,
    thick = 0.01,
    meshType1 = "regular",
    nodes1 = 1,
    meshType2 = "regular",
    nodes2 = 1,
    meshType3 = "regular",
    nodes3 = 1,
    analysis_type = "Lumped Parameter");

RAD_CUTTER_STR = ROTATE(
    object_name = RAD_CUTTER_STR,
    y_ang = 90.0,
    clear = TRUE);
RAD_CUTTER_STR = TRANSLATE(
    object_name = RAD_CUTTER_STR,
    x_dist = -0.17,
    y_dist = -0.125,
    z_dist = 0.92);
RAD_CUTTER_STR = SHELL_SCS_BOX(
    height = 0.34,
    xmax = 0.15,
    ymax = 0.2,
    xmin = 0.0,
    ymin = 0.0,
    sense = -1,
    colour1 = "TURQUOISE",
    colour2 = "TURQUOISE",
    side1 = "Active",
    ndelta1_1 = 1,
    side2 = "Active",
    ndelta2_1 = 1,
    opt1 = SSM,
    opt2 = SSM,
    criticality1 = "NORMAL",
    criticality2 = "NORMAL",
    bulk = Copper,
    thick = 0.01,
    meshType1 = "regular",
    nodes1 = 1,
    meshType2 = "regular",
    nodes2 = 1,
    meshType3 = "regular",
    nodes3 = 1,
    analysis_type = "Lumped Parameter");

RAD_CUTTER_STR = ROTATE(
    object_name = RAD_CUTTER_STR,
    y_ang = 90.0,
    clear = TRUE);
RAD_CUTTER_STR = TRANSLATE(
    object_name = RAD_CUTTER_STR,
    x_dist = -0.17-0.05,
    y_dist = -0.125-0.05,
    z_dist = 0.92);
RAD_CUTTER_STR = SHELL_SCS_BOX(
    height = 0.34,
    xmax = 0.15,
    ymax = 0.2,
    xmin = 0.0,
    ymin = 0.0,
    sense = -1,
    colour1 = "TURQUOISE",
    colour2 = "TURQUOISE",
    side1 = "Active",
    ndelta1_1 = 1,
    side2 = "Active",
    ndelta2_1 = 1,
    opt1 = SSM,
    opt2 = SSM,
    criticality1 = "NORMAL",
    criticality2 = "NORMAL",
    bulk = Copper,
    thick = 0.01,
    meshType1 = "regular",
    nodes1 = 1,
    meshType2 = "regular",
    nodes2 = 1,
    meshType3 = "regular",
    nodes3 = 1,
    analysis_type = "Lumped Parameter");

RAD_CUTTER_STR = ROTATE(
    object_name = RAD_CUTTER_STR,
    y_ang = 90.0,
    clear = TRUE);
RAD_CUTTER_STR = TRANSLATE(
    object_name = RAD_CUTTER_STR,
    x_dist = -0.17+0.05,
    y_dist = -0.125+0.05,
    z_dist = 0.92);
RAD_CUTTER_STR = SHELL_SCS_BOX(
    height = 0.34,
    xmax = 0.15,
    ymax = 0.2,
    xmin = 0.0,
    ymin = 0.0,
    sense = -1,
    colour1 = "TURQUOISE",
    colour2 = "TURQUOISE",
    side1 = "Active",
    ndelta1_1 = 1,
    side2 = "Active",
    ndelta2_1 = 1,
    opt1 = SSM,
    opt2 = SSM,
    criticality1 = "NORMAL",
    criticality2 = "NORMAL",
    bulk = Copper,
    thick = 0.01,
    meshType1 = "regular",
    nodes1 = 1,
    meshType2 = "regular",
    nodes2 = 1,
    meshType3 = "regular",
    nodes3 = 1,
    analysis_type = "Lumped Parameter");

RAD_CUTTER_STR = TRANSLATE(
    object_name = RAD_CUTTER_STR,
    x_dist = -0.17+0.05,
    y_dist = -0.125+0.05,
    z_dist = 0.92,
    clear = TRUE);
RAD_CUTTER_STR = SHELL_SCS_BOX(
    height = 0.34,
    xmax = 0.15,
    ymax = 0.2,
    xmin = 0.0,
    ymin = 0.0,
    sense = -1,
    colour1 = "TURQUOISE",
    colour2 = "TURQUOISE",
    side1 = "Active",
    ndelta1_1 = 1,
    side2 = "Active",
    ndelta2_1 = 1,
    opt1 = SSM,
    opt2 = SSM,
    criticality1 = "NORMAL",
    criticality2 = "NORMAL",
    bulk = Copper,
    thick = 0.01,
    meshType1 = "regular",
    nodes1 = 1,
    meshType2 = "regular",
    nodes2 = 1,
    meshType3 = "regular",
    nodes3 = 1,
    analysis_type = "Lumped Parameter");

RAD_CUTTER_STR = ROTATE(
    object_name = RAD_CUTTER_STR,
    x_ang = 90.0,
    clear = TRUE);
RAD_CUTTER_STR = TRANSLATE(
    object_name = RAD_CUTTER_STR,
    x_dist = -0.17+0.05,
    y_dist = -0.125+0.05,
    z_dist = 0.92);
RAD_CUTTER_STR = SHELL_SCS_BOX(
    height = 0.34,
    xmax = 0.15,
    ymax = 0.2,
    xmin = 0.0,
    ymin = 0.0,
    sense = -1,
    colour1 = "TURQUOISE",
    colour2 = "TURQUOISE",
    side1 = "Active",
    ndelta1_1 = 1,
    side2 = "Active",
    ndelta2_1 = 1,
    opt1 = SSM,
    opt2 = SSM,
    criticality1 = "NORMAL",
    criticality2 = "NORMAL",
    bulk = Copper,
    thick = 0.01,
    meshType1 = "regular",
    nodes1 = 1,
    meshType2 = "regular",
    nodes2 = 1,
    meshType3 = "regular",
    nodes3 = 1,
    analysis_type = "Lumped Parameter");

RAD_CUTTER_STR = ROTATE(
    object_name = RAD_CUTTER_STR,
    y_ang = 90.0,
    clear = TRUE);
RAD_CUTTER_STR = TRANSLATE(
    object_name = RAD_CUTTER_STR,
    x_dist = -0.17+0.05,
    y_dist = -0.125+0.05,
    z_dist = 0.92);
RAD_CUTTER_STR = SHELL_SCS_BOX(
    height = 0.34-0.05,
    xmax = 0.15,
    ymax = 0.2,
    xmin = 0.0,
    ymin = 0.0,
    sense = -1,
    colour1 = "TURQUOISE",
    colour2 = "TURQUOISE",
    side1 = "Active",
    ndelta1_1 = 1,
    side2 = "Active",
    ndelta2_1 = 1,
    opt1 = SSM,
    opt2 = SSM,
    criticality1 = "NORMAL",
    criticality2 = "NORMAL",
    bulk = Copper,
    thick = 0.01,
    meshType1 = "regular",
    nodes1 = 1,
    meshType2 = "regular",
    nodes2 = 1,
    meshType3 = "regular",
    nodes3 = 1,
    analysis_type = "Lumped Parameter");

RAD_CUTTER_STR = ROTATE(
    object_name = RAD_CUTTER_STR,
    y_ang = 90.0,
    clear = TRUE);
RAD_CUTTER_STR = TRANSLATE(
    object_name = RAD_CUTTER_STR,
    x_dist = -0.17+0.05,
    y_dist = -0.125+0.05,
    z_dist = 0.92);
RAD_CUTTER_STR = SHELL_SCS_BOX(
    height = .2,
    xmax = .2,
    ymax = 0.34-0.05,
    xmin = 0.0,
    ymin = 0.0,
    sense = -1,
    colour1 = "TURQUOISE",
    colour2 = "TURQUOISE",
    side1 = "Active",
    ndelta1_1 = 1,
    side2 = "Active",
    ndelta2_1 = 1,
    opt1 = SSM,
    opt2 = SSM,
    criticality1 = "NORMAL",
    criticality2 = "NORMAL",
    bulk = Copper,
    thick = 0.01,
    meshType1 = "regular",
    nodes1 = 1,
    meshType2 = "regular",
    nodes2 = 1,
    meshType3 = "regular",
    nodes3 = 1,
    analysis_type = "Lumped Parameter");

RAD_CUTTER_STR = TRANSLATE(
    object_name = RAD_CUTTER_STR,
    x_dist = -0.17+0.05,
    y_dist = -0.125+0.05,
    z_dist = 0.8,
    clear = TRUE);
RAD_CUTTER_STR = SHELL_SCS_BOX(
    height = .2,
    xmax = .2,
    ymax = 0.34-0.05,
    xmin = 0.0,
    ymin = 0.0,
    sense = -1,
    colour1 = "TURQUOISE",
    colour2 = "TURQUOISE",
    side1 = "Active",
    ndelta1_1 = 1,
    side2 = "Active",
    ndelta2_1 = 1,
    opt1 = SSM,
    opt2 = SSM,
    criticality1 = "NORMAL",
    criticality2 = "NORMAL",
    bulk = Copper,
    thick = 0.01,
    meshType1 = "regular",
    nodes1 = 1,
    meshType2 = "regular",
    nodes2 = 1,
    meshType3 = "regular",
    nodes3 = 1,
    analysis_type = "Lumped Parameter");

RAD_CUTTER_STR = TRANSLATE(
    object_name = RAD_CUTTER_STR,
    x_dist = -0.17+0.05,
    y_dist = -0.125+0.05,
    z_dist = 0.6,
    clear = TRUE);
RAD_CUTTER_STR = SHELL_SCS_BOX(
    height = .2,
    xmax = .2,
    ymax = 0.34-0.05,
    xmin = 0.0,
    ymin = 0.0,
    sense = -1,
    colour1 = "TURQUOISE",
    colour2 = "TURQUOISE",
    side1 = "Active",
    ndelta1_1 = 1,
    side2 = "Active",
    ndelta2_1 = 1,
    opt1 = SSM,
    opt2 = SSM,
    criticality1 = "NORMAL",
    criticality2 = "NORMAL",
    bulk = Copper,
    thick = 0.01,
    meshType1 = "regular",
    nodes1 = 1,
    meshType2 = "regular",
    nodes2 = 1,
    meshType3 = "regular",
    nodes3 = 1,
    analysis_type = "Lumped Parameter");

RAD_CUTTER_STR = TRANSLATE(
    object_name = RAD_CUTTER_STR,
    x_dist = -0.17+0.05,
    y_dist = -0.125+0.05,
    z_dist = 0.75,
    clear = TRUE);
RAD_CUTTER_STR = SHELL_SCS_BOX(
    height = .2,
    xmax = .2,
    ymax = 0.34-0.05,
    xmin = 0.0,
    ymin = 0.0,
    sense = -1,
    colour1 = "TURQUOISE",
    colour2 = "TURQUOISE",
    side1 = "Active",
    ndelta1_1 = 1,
    side2 = "Active",
    ndelta2_1 = 1,
    opt1 = SSM,
    opt2 = SSM,
    criticality1 = "NORMAL",
    criticality2 = "NORMAL",
    bulk = Copper,
    thick = 0.01,
    meshType1 = "regular",
    nodes1 = 1,
    meshType2 = "regular",
    nodes2 = 1,
    meshType3 = "regular",
    nodes3 = 1,
    analysis_type = "Lumped Parameter");

RAD_CUTTER_STR = TRANSLATE(
    object_name = RAD_CUTTER_STR,
    x_dist = -0.17+0.05,
    y_dist = -0.125+0.05,
    z_dist = 0.7,
    clear = TRUE);
RAD_CUTTER_STR = SHELL_SCS_BOX(
    height = .2,
    xmax = .2,
    ymax = .2,
    xmin = 0.0,
    ymin = 0.0,
    sense = -1,
    colour1 = "TURQUOISE",
    colour2 = "TURQUOISE",
    side1 = "Active",
    ndelta1_1 = 1,
    side2 = "Active",
    ndelta2_1 = 1,
    opt1 = SSM,
    opt2 = SSM,
    criticality1 = "NORMAL",
    criticality2 = "NORMAL",
    bulk = Copper,
    thick = 0.01,
    meshType1 = "regular",
    nodes1 = 1,
    meshType2 = "regular",
    nodes2 = 1,
    meshType3 = "regular",
    nodes3 = 1,
    analysis_type = "Lumped Parameter");

RAD_CUTTER_STR = TRANSLATE(
    object_name = RAD_CUTTER_STR,
    x_dist = -0.17+0.05,
    y_dist = -0.125+0.05,
    z_dist = 0.7,
    clear = TRUE);
RAD_CUTTER_STR = SHELL_SCS_BOX(
    height = .2,
    xmax = .2,
    ymax = .2,
    xmin = 0.0,
    ymin = 0.0,
    sense = -1,
    colour1 = "TURQUOISE",
    colour2 = "TURQUOISE",
    side1 = "Active",
    ndelta1_1 = 1,
    side2 = "Active",
    ndelta2_1 = 1,
    opt1 = SSM,
    opt2 = SSM,
    criticality1 = "NORMAL",
    criticality2 = "NORMAL",
    bulk = Copper,
    thick = 0.01,
    meshType1 = "regular",
    nodes1 = 1,
    meshType2 = "regular",
    nodes2 = 1,
    meshType3 = "regular",
    nodes3 = 1,
    analysis_type = "Lumped Parameter");

RAD_CUTTER_STR = TRANSLATE(
    object_name = RAD_CUTTER_STR,
    x_dist = -0.15,
    y_dist = -0.1,
    z_dist = 0.7,
    clear = TRUE);
RAD_CUTTER_STR = SHELL_SCS_BOX(
    height = .2,
    xmax = .2,
    ymax = .2,
    xmin = 0.0,
    ymin = 0.0,
    sense = -1,
    colour1 = "TURQUOISE",
    colour2 = "TURQUOISE",
    side1 = "Active",
    ndelta1_1 = 1,
    side2 = "Active",
    ndelta2_1 = 1,
    opt1 = SSM,
    opt2 = SSM,
    criticality1 = "NORMAL",
    criticality2 = "NORMAL",
    bulk = Copper,
    thick = 0.01,
    meshType1 = "regular",
    nodes1 = 1,
    meshType2 = "regular",
    nodes2 = 1,
    meshType3 = "regular",
    nodes3 = 1,
    analysis_type = "Lumped Parameter");

RAD_CUTTER_STR = TRANSLATE(
    object_name = RAD_CUTTER_STR,
    x_dist = -0.05,
    y_dist = -0.1,
    z_dist = 0.7,
    clear = TRUE);
RAD_CUTTER_STR = SHELL_SCS_BOX(
    height = .2,
    xmax = .2,
    ymax = .2,
    xmin = 0.0,
    ymin = 0.0,
    sense = -1,
    colour1 = "TURQUOISE",
    colour2 = "TURQUOISE",
    side1 = "Active",
    ndelta1_1 = 1,
    side2 = "Active",
    ndelta2_1 = 1,
    opt1 = SSM,
    opt2 = SSM,
    criticality1 = "NORMAL",
    criticality2 = "NORMAL",
    bulk = Copper,
    thick = 0.01,
    meshType1 = "regular",
    nodes1 = 1,
    meshType2 = "regular",
    nodes2 = 1,
    meshType3 = "regular",
    nodes3 = 1,
    analysis_type = "Lumped Parameter");

RAD_CUTTER_STR = TRANSLATE(
    object_name = RAD_CUTTER_STR,
    x_dist = -0.05,
    y_dist = -0.05,
    z_dist = 0.7,
    clear = TRUE);
RAD_CUTTER_STR = SHELL_SCS_BOX(
    height = .2,
    xmax = .2,
    ymax = .2,
    xmin = 0.0,
    ymin = 0.0,
    sense = -1,
    colour1 = "TURQUOISE",
    colour2 = "TURQUOISE",
    side1 = "Active",
    ndelta1_1 = 1,
    side2 = "Active",
    ndelta2_1 = 1,
    opt1 = SSM,
    opt2 = SSM,
    criticality1 = "NORMAL",
    criticality2 = "NORMAL",
    bulk = Copper,
    thick = 0.01,
    meshType1 = "regular",
    nodes1 = 1,
    meshType2 = "regular",
    nodes2 = 1,
    meshType3 = "regular",
    nodes3 = 1,
    analysis_type = "Lumped Parameter");

RAD_CUTTER_STR = TRANSLATE(
    object_name = RAD_CUTTER_STR,
    x_dist = -0.05,
    y_dist = -0.1,
    z_dist = 0.7,
    clear = TRUE);
RAD_CUTTER_STR = SHELL_SCS_BOX(
    height = .2,
    xmax = .2,
    ymax = .2,
    xmin = 0.0,
    ymin = 0.0,
    sense = -1,
    colour1 = "TURQUOISE",
    colour2 = "TURQUOISE",
    side1 = "Active",
    ndelta1_1 = 1,
    side2 = "Active",
    ndelta2_1 = 1,
    opt1 = SSM,
    opt2 = SSM,
    criticality1 = "NORMAL",
    criticality2 = "NORMAL",
    bulk = Copper,
    thick = 0.01,
    meshType1 = "regular",
    nodes1 = 1,
    meshType2 = "regular",
    nodes2 = 1,
    meshType3 = "regular",
    nodes3 = 1,
    analysis_type = "Lumped Parameter");

RAD_CUTTER_STR = TRANSLATE(
    object_name = RAD_CUTTER_STR,
    x_dist = -0.1,
    y_dist = -0.1,
    z_dist = 0.7,
    clear = TRUE);
GEOMETRY MLI_IR_TEL_RAD_CUTTER;
MLI_IR_TEL_RAD_CUTTER = SHELL_SCS_CYLINDER(
    radius = 0.135,
    hmax = 0.34,
    hmin = 0.0,
    angmin = 0.0,
    angmax = 360.0,
    sense = -1,
    colour1 = "PALE_RED",
    colour2 = "PALE_RED",
    side1 = "Active",
    nbase1 = 52000,
    ndelta1_1 = 1,
    side2 = "Active",
    nbase2 = 52000,
    ndelta2_1 = 1,
    label1 = "IR_TEL_STR_ext",
    label2 = "IR_TEL_STR_ext",
    opt1 = VDA_Kapton,
    opt2 = VDA_Kapton,
    criticality1 = "NORMAL",
    criticality2 = "NORMAL",
    bulk = MLI_foil,
    thick = 1.0e-03,
    through_cond = "EFFECTIVE",
    conductance = MLI_k_through,
    emittance = 0.0,
    meshType1 = "regular",
    nodes1 = 3,
    meshType2 = "regular",
    nodes2 = 3,
    analysis_type = "Lumped Parameter");

MLI_IR_TEL_RAD_CUTTER = TRANSLATE(
    object_name = MLI_IR_TEL_RAD_CUTTER,
    clear = TRUE);
MLI_IR_TEL_RAD_CUTTER = SHELL_SCS_CYLINDER(
    radius = 0.135,
    hmax = 0.34,
    hmin = 0.0,
    angmin = 0.0,
    angmax = 360.0,
    sense = -1,
    colour1 = "PALE_RED",
    colour2 = "TURQUOISE",
    side1 = "Active",
    nbase1 = 52000,
    ndelta1_1 = 1,
    side2 = "Active",
    nbase2 = 52000,
    ndelta2_1 = 1,
    label1 = "IR_TEL_STR_ext",
    label2 = "IR_TEL_STR_ext",
    opt1 = VDA_Kapton,
    opt2 = VDA_Kapton,
    criticality1 = "NORMAL",
    criticality2 = "NORMAL",
    bulk = MLI_foil,
    thick = 1.0e-03,
    through_cond = "EFFECTIVE",
    conductance = MLI_k_through,
    emittance = 0.0,
    meshType1 = "regular",
    nodes1 = 3,
    meshType2 = "regular",
    nodes2 = 3,
    analysis_type = "Lumped Parameter");

MLI_IR_TEL_RAD_CUTTER = TRANSLATE(
    object_name = MLI_IR_TEL_RAD_CUTTER,
    clear = TRUE);
MLI_IR_TEL_RAD_CUTTER = SHELL_SCS_CYLINDER(
    radius = 0.135,
    hmax = 0.34,
    hmin = 0.0,
    angmin = 0.0,
    angmax = 360.0,
    sense = -1,
    colour1 = "TURQUOISE",
    colour2 = "TURQUOISE",
    side1 = "Active",
    nbase1 = 52000,
    ndelta1_1 = 1,
    side2 = "Active",
    nbase2 = 52000,
    ndelta2_1 = 1,
    label1 = "IR_TEL_STR_ext",
    label2 = "IR_TEL_STR_ext",
    opt1 = VDA_Kapton,
    opt2 = VDA_Kapton,
    criticality1 = "NORMAL",
    criticality2 = "NORMAL",
    bulk = MLI_foil,
    thick = 1.0e-03,
    through_cond = "EFFECTIVE",
    conductance = MLI_k_through,
    emittance = 0.0,
    meshType1 = "regular",
    nodes1 = 3,
    meshType2 = "regular",
    nodes2 = 3,
    analysis_type = "Lumped Parameter");

MLI_IR_TEL_RAD_CUTTER = TRANSLATE(
    object_name = MLI_IR_TEL_RAD_CUTTER,
    clear = TRUE);
MLI_IR_TEL_RAD_CUTTER = SHELL_SCS_CYLINDER(
    radius = 0.135,
    hmax = 0.34/3.0,
    hmin = 0.0,
    angmin = 0.0,
    angmax = 360.0,
    sense = -1,
    colour1 = "TURQUOISE",
    colour2 = "TURQUOISE",
    side1 = "Active",
    nbase1 = 52000,
    ndelta1_1 = 1,
    side2 = "Active",
    nbase2 = 52000,
    ndelta2_1 = 1,
    label1 = "IR_TEL_STR_ext",
    label2 = "IR_TEL_STR_ext",
    opt1 = VDA_Kapton,
    opt2 = VDA_Kapton,
    criticality1 = "NORMAL",
    criticality2 = "NORMAL",
    bulk = MLI_foil,
    thick = 1.0e-03,
    through_cond = "EFFECTIVE",
    conductance = MLI_k_through,
    emittance = 0.0,
    meshType1 = "regular",
    nodes1 = 1,
    meshType2 = "regular",
    nodes2 = 1,
    analysis_type = "Lumped Parameter");

MLI_IR_TEL_RAD_CUTTER = TRANSLATE(
    object_name = MLI_IR_TEL_RAD_CUTTER,
    clear = TRUE);
MLI_IR_TEL_RAD_CUTTER = SHELL_SCS_CYLINDER(
    radius = 0.135,
    hmax = 0.34/3.0,
    hmin = 0.0,
    angmin = 0.0,
    angmax = 360.0,
    sense = -1,
    colour1 = "TURQUOISE",
    colour2 = "TURQUOISE",
    side1 = "Active",
    nbase1 = 52000,
    ndelta1_1 = 1,
    side2 = "Active",
    nbase2 = 52000,
    ndelta2_1 = 1,
    label1 = "IR_TEL_STR_ext",
    label2 = "IR_TEL_STR_ext",
    opt1 = VDA_Kapton,
    opt2 = VDA_Kapton,
    criticality1 = "NORMAL",
    criticality2 = "NORMAL",
    bulk = MLI_foil,
    thick = 1.0e-03,
    through_cond = "EFFECTIVE",
    conductance = MLI_k_through,
    emittance = 0.0,
    meshType1 = "regular",
    nodes1 = 1,
    meshType2 = "regular",
    nodes2 = 1,
    analysis_type = "Lumped Parameter");

MLI_IR_TEL_RAD_CUTTER = TRANSLATE(
    object_name = MLI_IR_TEL_RAD_CUTTER,
    z_dist = 0.34/3.0,
    clear = TRUE);
MLI_IR_TEL_RAD_CUTTER = SHELL_SCS_CYLINDER(
    radius = 0.135,
    hmax = 0.34/3.0,
    hmin = 0.0,
    angmin = 0.0,
    angmax = 360.0,
    sense = -1,
    colour1 = "TURQUOISE",
    colour2 = "TURQUOISE",
    side1 = "Active",
    nbase1 = 52000,
    ndelta1_1 = 1,
    side2 = "Active",
    nbase2 = 52000,
    ndelta2_1 = 1,
    label1 = "IR_TEL_STR_ext",
    label2 = "IR_TEL_STR_ext",
    opt1 = VDA_Kapton,
    opt2 = VDA_Kapton,
    criticality1 = "NORMAL",
    criticality2 = "NORMAL",
    bulk = MLI_foil,
    thick = 1.0e-03,
    through_cond = "EFFECTIVE",
    conductance = MLI_k_through,
    emittance = 0.0,
    meshType1 = "regular",
    nodes1 = 1,
    meshType2 = "regular",
    nodes2 = 1,
    analysis_type = "Lumped Parameter");

MLI_IR_TEL_RAD_CUTTER = TRANSLATE(
    object_name = MLI_IR_TEL_RAD_CUTTER,
    z_dist = 0.34/3.0+0.001,
    clear = TRUE);
MLI_IR_TEL_RAD_CUTTER = SHELL_SCS_CYLINDER(
    radius = 0.135,
    hmax = 0.34/3.0,
    hmin = 0.0,
    angmin = 0.0,
    angmax = 360.0,
    sense = -1,
    colour1 = "TURQUOISE",
    colour2 = "TURQUOISE",
    side1 = "Active",
    nbase1 = 52000,
    ndelta1_1 = 1,
    side2 = "Active",
    nbase2 = 52000,
    ndelta2_1 = 1,
    label1 = "IR_TEL_STR_ext",
    label2 = "IR_TEL_STR_ext",
    opt1 = VDA_Kapton,
    opt2 = VDA_Kapton,
    criticality1 = "NORMAL",
    criticality2 = "NORMAL",
    bulk = MLI_foil,
    thick = 1.0e-03,
    through_cond = "EFFECTIVE",
    conductance = MLI_k_through,
    emittance = 0.0,
    meshType1 = "regular",
    nodes1 = 1,
    meshType2 = "regular",
    nodes2 = 1,
    analysis_type = "Lumped Parameter");

MLI_IR_TEL_RAD_CUTTER = TRANSLATE(
    object_name = MLI_IR_TEL_RAD_CUTTER,
    z_dist = 0.34/3.0,
    clear = TRUE);
MLI_IR_TEL_RAD_CUTTER = SHELL_SCS_CYLINDER(
    radius = 0.135+0.001,
    hmax = 0.34/3.0,
    hmin = 0.0,
    angmin = 0.0,
    angmax = 360.0,
    sense = -1,
    colour1 = "TURQUOISE",
    colour2 = "TURQUOISE",
    side1 = "Active",
    nbase1 = 52000,
    ndelta1_1 = 1,
    side2 = "Active",
    nbase2 = 52000,
    ndelta2_1 = 1,
    label1 = "IR_TEL_STR_ext",
    label2 = "IR_TEL_STR_ext",
    opt1 = VDA_Kapton,
    opt2 = VDA_Kapton,
    criticality1 = "NORMAL",
    criticality2 = "NORMAL",
    bulk = MLI_foil,
    thick = 1.0e-03,
    through_cond = "EFFECTIVE",
    conductance = MLI_k_through,
    emittance = 0.0,
    meshType1 = "regular",
    nodes1 = 1,
    meshType2 = "regular",
    nodes2 = 1,
    analysis_type = "Lumped Parameter");

MLI_IR_TEL_RAD_CUTTER = TRANSLATE(
    object_name = MLI_IR_TEL_RAD_CUTTER,
    z_dist = 0.34/3.0,
    clear = TRUE);
MLI_IR_TEL_RAD_CUTTER = SHELL_SCS_CYLINDER(
    radius = 0.135+0.0005,
    hmax = 0.34/3.0,
    hmin = 0.0,
    angmin = 0.0,
    angmax = 360.0,
    sense = -1,
    colour1 = "TURQUOISE",
    colour2 = "TURQUOISE",
    side1 = "Active",
    nbase1 = 52000,
    ndelta1_1 = 1,
    side2 = "Active",
    nbase2 = 52000,
    ndelta2_1 = 1,
    label1 = "IR_TEL_STR_ext",
    label2 = "IR_TEL_STR_ext",
    opt1 = VDA_Kapton,
    opt2 = VDA_Kapton,
    criticality1 = "NORMAL",
    criticality2 = "NORMAL",
    bulk = MLI_foil,
    thick = 1.0e-03,
    through_cond = "EFFECTIVE",
    conductance = MLI_k_through,
    emittance = 0.0,
    meshType1 = "regular",
    nodes1 = 1,
    meshType2 = "regular",
    nodes2 = 1,
    analysis_type = "Lumped Parameter");

MLI_IR_TEL_RAD_CUTTER = TRANSLATE(
    object_name = MLI_IR_TEL_RAD_CUTTER,
    z_dist = 0.34/3.0,
    clear = TRUE);
GEOMETRY MLI_IR_TEL_RAD;
MLI_IR_TEL_RAD = SHELL_SCS_CYLINDER(
    radius = 0.135+0.0005,
    hmax = 0.34/3.0,
    hmin = 0.0,
    angmin = 0.0,
    angmax = 360.0,
    sense = -1,
    colour1 = "TURQUOISE",
    colour2 = "TURQUOISE",
    side1 = "Active",
    nbase1 = 52000,
    ndelta1_1 = 1,
    side2 = "Active",
    nbase2 = 52000,
    ndelta2_1 = 1,
    label1 = "IR_TEL_STR_ext",
    label2 = "IR_TEL_STR_ext",
    opt1 = VDA_Kapton,
    opt2 = VDA_Kapton,
    criticality1 = "NORMAL",
    criticality2 = "NORMAL",
    bulk = MLI_foil,
    thick = 1.0e-03,
    through_cond = "EFFECTIVE",
    conductance = MLI_k_through,
    emittance = 0.0,
    meshType1 = "regular",
    nodes1 = 1,
    meshType2 = "regular",
    nodes2 = 1,
    analysis_type = "Lumped Parameter");

MLI_IR_TEL_RAD = TRANSLATE(
    object_name = MLI_IR_TEL_RAD,
    z_dist = 0.34/3.0,
    clear = TRUE);
GEOMETRY RAD_IR_TEL_STR;
RAD_IR_TEL_STR = SHELL_SCS_CYLINDER(
    radius = 0.135+0.0005,
    hmax = 0.34/3.0,
    hmin = 0.0,
    angmin = 0.0,
    angmax = 360.0,
    sense = -1,
    colour1 = "TURQUOISE",
    colour2 = "TURQUOISE",
    side1 = "Active",
    nbase1 = 52000,
    ndelta1_1 = 1,
    side2 = "Active",
    nbase2 = 52000,
    ndelta2_1 = 1,
    label1 = "IR_TEL_STR_ext",
    label2 = "IR_TEL_STR_ext",
    opt1 = VDA_Kapton,
    opt2 = VDA_Kapton,
    criticality1 = "NORMAL",
    criticality2 = "NORMAL",
    bulk = Copper,
    thick = 1.0e-03,
    meshType1 = "regular",
    nodes1 = 1,
    meshType2 = "regular",
    nodes2 = 1,
    analysis_type = "Lumped Parameter");

RAD_IR_TEL_STR = TRANSLATE(
    object_name = RAD_IR_TEL_STR,
    z_dist = 0.34/3.0,
    clear = TRUE);
RAD_IR_TEL_STR = SHELL_SCS_CYLINDER(
    radius = 0.135+0.0005,
    hmax = 0.34/3.0,
    hmin = 0.0,
    angmin = 0.0,
    angmax = 360.0,
    sense = -1,
    colour1 = "ABSINTH",
    colour2 = "ABSINTH",
    side1 = "Active",
    nbase1 = 52000,
    ndelta1_1 = 1,
    side2 = "Active",
    nbase2 = 52000,
    ndelta2_1 = 1,
    label1 = "IR_TEL_STR_ext",
    label2 = "IR_TEL_STR_ext",
    opt1 = OSR,
    opt2 = OSR,
    criticality1 = "NORMAL",
    criticality2 = "NORMAL",
    bulk = Copper,
    thick = 1.0e-03,
    meshType1 = "regular",
    nodes1 = 1,
    meshType2 = "regular",
    nodes2 = 1,
    analysis_type = "Lumped Parameter");

RAD_IR_TEL_STR = TRANSLATE(
    object_name = RAD_IR_TEL_STR,
    z_dist = 0.34/3.0,
    clear = TRUE);
DELETE_GEOMETRY (geometry = MLI_IR_TEL_RAD, recursive = FALSE, unassign = FALSE);
MLI_IR_TEL_RAD_CUTTER = SHELL_SCS_CYLINDER(
    radius = 0.135,
    hmax = 0.1133333,
    hmin = 0.0,
    angmin = 0.0,
    angmax = 360.0,
    sense = -1,
    colour1 = "TURQUOISE",
    colour2 = "TURQUOISE",
    side1 = "Active",
    nbase1 = 52000,
    ndelta1_1 = 1,
    side2 = "Active",
    nbase2 = 52000,
    ndelta2_1 = 1,
    label1 = "IR_TEL_STR_ext",
    label2 = "IR_TEL_STR_ext",
    opt1 = VDA_Kapton,
    opt2 = VDA_Kapton,
    criticality1 = "NORMAL",
    criticality2 = "NORMAL",
    bulk = MLI_foil,
    thick = 1.0e-03,
    through_cond = "EFFECTIVE",
    conductance = MLI_k_through,
    emittance = 0.0,
    meshType1 = "regular",
    nodes1 = 1,
    meshType2 = "regular",
    nodes2 = 1,
    analysis_type = "Lumped Parameter");

MLI_IR_TEL_RAD_CUTTER = TRANSLATE(
    object_name = MLI_IR_TEL_RAD_CUTTER,
    z_dist = 0.1133333,
    clear = TRUE);
MLI_CUTTED = MLI_CUTTED + MLI_IR_TEL_RAD_CUTTER;
MLI_asmbly = MLI_asmbly + MLI_IR_TEL_RAD_CUTTER;
RENAME(old_name = "MLI_IR_TEL_RAD_CUTTER", new_name = "MLI_IR_TEL_CUTTER");
MLI_IR_TEL_CUTTER = SHELL_SCS_CYLINDER(
    radius = 0.135+0.05,
    hmax = 0.1133333,
    hmin = 0.0,
    angmin = 0.0,
    angmax = 360.0,
    sense = -1,
    colour1 = "TURQUOISE",
    colour2 = "TURQUOISE",
    side1 = "Active",
    nbase1 = 52000,
    ndelta1_1 = 1,
    side2 = "Active",
    nbase2 = 52000,
    ndelta2_1 = 1,
    label1 = "IR_TEL_STR_ext",
    label2 = "IR_TEL_STR_ext",
    opt1 = VDA_Kapton,
    opt2 = VDA_Kapton,
    criticality1 = "NORMAL",
    criticality2 = "NORMAL",
    bulk = MLI_foil,
    thick = 1.0e-03,
    through_cond = "EFFECTIVE",
    conductance = MLI_k_through,
    emittance = 0.0,
    meshType1 = "regular",
    nodes1 = 1,
    meshType2 = "regular",
    nodes2 = 1,
    analysis_type = "Lumped Parameter");

MLI_IR_TEL_CUTTER = TRANSLATE(
    object_name = MLI_IR_TEL_CUTTER,
    z_dist = 0.1133333,
    clear = TRUE);
MLI_IR_TEL_CUTTER = SHELL_SCS_CYLINDER(
    radius = 0.135+0.05,
    hmax = 0.1133333,
    hmin = 0.0,
    angmin = 0.0,
    angmax = 360.0,
    sense = -1,
    colour1 = "TURQUOISE",
    colour2 = "TURQUOISE",
    side1 = "Active",
    ndelta1_1 = 1,
    side2 = "Active",
    ndelta2_1 = 1,
    label1 = "IR_TEL_STR_ext",
    label2 = "IR_TEL_STR_ext",
    opt1 = VDA_Kapton,
    opt2 = VDA_Kapton,
    criticality1 = "NORMAL",
    criticality2 = "NORMAL",
    bulk = MLI_foil,
    thick = 1.0e-03,
    through_cond = "EFFECTIVE",
    conductance = MLI_k_through,
    emittance = 0.0,
    meshType1 = "regular",
    nodes1 = 1,
    meshType2 = "regular",
    nodes2 = 1,
    analysis_type = "Lumped Parameter");

MLI_IR_TEL_CUTTER = TRANSLATE(
    object_name = MLI_IR_TEL_CUTTER,
    z_dist = 0.1133333,
    clear = TRUE);
RAD_IR_TEL_STR = SHELL_SCS_CYLINDER(
    radius = 0.1255,
    hmax = 0.1133333,
    hmin = 0.0,
    angmin = 0.0,
    angmax = 360.0,
    sense = -1,
    colour1 = "ABSINTH",
    colour2 = "ABSINTH",
    side1 = "Active",
    nbase1 = 52000,
    ndelta1_1 = 1,
    side2 = "Active",
    nbase2 = 52000,
    ndelta2_1 = 1,
    label1 = "IR_TEL_STR_ext",
    label2 = "IR_TEL_STR_ext",
    opt1 = OSR,
    opt2 = OSR,
    criticality1 = "NORMAL",
    criticality2 = "NORMAL",
    bulk = Copper,
    thick = 1.0e-03,
    meshType1 = "regular",
    nodes1 = 1,
    meshType2 = "regular",
    nodes2 = 1,
    analysis_type = "Lumped Parameter");

RAD_IR_TEL_STR = TRANSLATE(
    object_name = RAD_IR_TEL_STR,
    z_dist = 0.1133333,
    clear = TRUE);
RAD_IR_TEL_STR = SHELL_SCS_CYLINDER(
    radius = 0.1355,
    hmax = 0.1133333,
    hmin = 0.0,
    angmin = 0.0,
    angmax = 360.0,
    sense = -1,
    colour1 = "ABSINTH",
    colour2 = "ABSINTH",
    side1 = "Active",
    nbase1 = 52000,
    ndelta1_1 = 1,
    side2 = "Active",
    nbase2 = 52000,
    ndelta2_1 = 1,
    label1 = "IR_TEL_STR_ext",
    label2 = "IR_TEL_STR_ext",
    opt1 = OSR,
    opt2 = OSR,
    criticality1 = "NORMAL",
    criticality2 = "NORMAL",
    bulk = Copper,
    thick = 1.0e-03,
    meshType1 = "regular",
    nodes1 = 1,
    meshType2 = "regular",
    nodes2 = 1,
    analysis_type = "Lumped Parameter");

RAD_IR_TEL_STR = TRANSLATE(
    object_name = RAD_IR_TEL_STR,
    z_dist = 0.1133333,
    clear = TRUE);
MLI_IR_TEL_CUTTER = SHELL_SCS_CYLINDER(
    radius = 0.145,
    hmax = 0.1133333,
    hmin = 0.0,
    angmin = 0.0,
    angmax = 360.0,
    sense = -1,
    colour1 = "TURQUOISE",
    colour2 = "TURQUOISE",
    side1 = "Active",
    ndelta1_1 = 1,
    side2 = "Active",
    ndelta2_1 = 1,
    label1 = "IR_TEL_STR_ext",
    label2 = "IR_TEL_STR_ext",
    opt1 = VDA_Kapton,
    opt2 = VDA_Kapton,
    criticality1 = "NORMAL",
    criticality2 = "NORMAL",
    bulk = MLI_foil,
    thick = 1.0e-03,
    through_cond = "EFFECTIVE",
    conductance = MLI_k_through,
    emittance = 0.0,
    meshType1 = "regular",
    nodes1 = 1,
    meshType2 = "regular",
    nodes2 = 1,
    analysis_type = "Lumped Parameter");

MLI_IR_TEL_CUTTER = TRANSLATE(
    object_name = MLI_IR_TEL_CUTTER,
    z_dist = 0.1133333,
    clear = TRUE);
RAD_IR_TEL_STR = SHELL_SCS_CYLINDER(
    radius = 0.1355,
    hmax = 0.1133333,
    hmin = 0.0,
    angmin = 0.0,
    angmax = 360.0,
    sense = -1,
    colour1 = "ABSINTH",
    colour2 = "ABSINTH",
    side1 = "Active",
    nbase1 = 64000,
    ndelta1_1 = 1,
    side2 = "Active",
    nbase2 = 64000,
    ndelta2_1 = 1,
    label1 = "IR_TEL_STR_ext",
    label2 = "IR_TEL_STR_ext",
    opt1 = OSR,
    opt2 = OSR,
    criticality1 = "NORMAL",
    criticality2 = "NORMAL",
    bulk = Copper,
    thick = 1.0e-03,
    meshType1 = "regular",
    nodes1 = 1,
    meshType2 = "regular",
    nodes2 = 1,
    analysis_type = "Lumped Parameter");

RAD_IR_TEL_STR = TRANSLATE(
    object_name = RAD_IR_TEL_STR,
    z_dist = 0.1133333,
    clear = TRUE);
MLI_IR_TEL_CUTTER = SHELL_SCS_CYLINDER(
    radius = 0.145,
    hmax = 0.1133333,
    hmin = 0.0,
    angmin = 0.0,
    angmax = 360.0,
    sense = -1,
    colour1 = "TURQUOISE",
    colour2 = "TURQUOISE",
    side1 = "Active",
    nbase1 = 70000,
    ndelta1_1 = 1,
    side2 = "Active",
    nbase2 = 70000,
    ndelta2_1 = 1,
    label1 = "IR_TEL_STR_ext",
    label2 = "IR_TEL_STR_ext",
    opt1 = VDA_Kapton,
    opt2 = VDA_Kapton,
    criticality1 = "NORMAL",
    criticality2 = "NORMAL",
    bulk = MLI_foil,
    thick = 1.0e-03,
    through_cond = "EFFECTIVE",
    conductance = MLI_k_through,
    emittance = 0.0,
    meshType1 = "regular",
    nodes1 = 1,
    meshType2 = "regular",
    nodes2 = 1,
    analysis_type = "Lumped Parameter");

MLI_IR_TEL_CUTTER = TRANSLATE(
    object_name = MLI_IR_TEL_CUTTER,
    z_dist = 0.1133333,
    clear = TRUE);
GEOMETRY MLI_IR_TEL_CUTTED;
MLI_IR_TEL_CUTTED = MLI_IR_TEL - MLI_IR_TEL_CUTTER;
   /* Warning Error: current function is shell assignment */
   /* Cannot move geometry. "MLI_asmbly" would not contain enough geometric objects.
      Error number: 1154 */

MLI_asmbly = MLI_asmbly + MLI_IR_TEL_CUTTED;
DELETE_GEOMETRY (geometry = MLI_asmbly, recursive = FALSE, unassign = TRUE);
DELETE_GEOMETRY (geometry = MLI_IR_TEL_CUTTED, recursive = FALSE, unassign = FALSE);
GEOMETRY MLI_IR_TEL_CUTTED;
MLI_IR_TEL_CUTTED = MLI_IR_TEL - MLI_IR_TEL_CUTTER;
GEOMETRY NewCombine1;
NewCombine1 = MLI_IR_TEL_CUTTED + MLI_CUTTED;
RENAME(old_name = "NewCombine1", new_name = "MLI_asmbly")
   /* Warning Error: current function is rename */
   /* Names must be unique. */

   /* Warning Error: current function is procedure parser */
   /* invalid parameter value */
;
DELETE_GEOMETRY (geometry = MLI_asmbly, recursive = FALSE, unassign = FALSE);
RENAME(old_name = "NewCombine1", new_name = "MLI_asmbly");
REFERENCE_BODY = REFERENCE_BODY + MLI_asmbly;
CONDUCTOR IR_Tel_Asmbly_RAD_1;
IR_Tel_Asmbly_RAD_1 = CONDUCTIVE_CONDUCTOR(
    source_reference = "IR_TEL_STR_2:face1",
    destination_reference = "RAD_IR_TEL_STR:face2",
    conductor_override = 1012.75);

CONDUCTOR IR_Tel_Asmbly_RAD_2;
IR_Tel_Asmbly_RAD_2 = CONDUCTIVE_CONDUCTOR(
    source_reference = "IR_TEL_OBJ:face3",
    destination_reference = "RAD_IR_TEL_STR:surface2",
    conductor_override = 1012.75);

IR_Tel_Asmbly_RAD_1 = CONDUCTIVE_CONDUCTOR(
    source_reference = "IR_TEL_STR_2:face1",
    destination_reference = "RAD_IR_TEL_STR:surface2",
    conductor_override = 1012.75);

CONDUCTOR IR_Tel_Asmbly_RAD_3;
IR_Tel_Asmbly_RAD_3 = CONDUCTIVE_CONDUCTOR(
    source_reference = "IR_TEL_OBJ:face1",
    destination_reference = "RAD_IR_TEL_STR:surface2",
    conductor_override = 1012.75);

CONDUCTOR IR_Tel_Asmbly_RAD_4;
IR_Tel_Asmbly_RAD_4 = CONDUCTIVE_CONDUCTOR(
    source_reference = "IR_TEL_STR:face3",
    destination_reference = "RAD_IR_TEL_STR:surface2",
    conductor_override = 1012.75);

CONDUCTOR IR_Tel_Asmbly_RAD_5;
IR_Tel_Asmbly_RAD_5 = CONDUCTIVE_CONDUCTOR(
    source_reference = "IR_TEL_STR:face1",
    destination_reference = "RAD_IR_TEL_STR:surface2",
    conductor_override = 1012.75);

RAD 
   /* Syntax Error at or near symbol "RAD" */
   /* invalid statement */
= RAD +
   /* Syntax Error at or near symbol "+" */
   /* invalid statement */
 RAD_IR_TEL_STR;
   /* Syntax Error at or near symbol ";" */
   /* invalid statement */

DELETE_GEOMETRY (geometry = RAD,
   /* Syntax Error at or near symbol "RAD" */
   /* assigned result geometry identifier expected */

   /* Syntax Error at or near symbol "RAD" */
   /* ')' expected or bad parameter definition */
 recursive = FALSE, unassign = TRUE);
REFERENCE_BODY = REFERENCE_BODY + RAD_IR_TEL_STR;
GEOMETRY NewCombine1;
REFERENCE_BODY = REFERENCE_BODY + NewCombine1;
NewCombine1 = RAD_IR_TEL_2 + RAD_IR_TEL_STR;
RENAME(old_name = "NewCombine1", new_name = "RAD2");
RAD 
   /* Syntax Error at or near symbol "RAD" */
   /* invalid statement */
= RAD +
   /* Syntax Error at or near symbol "+" */
   /* invalid statement */
 RAD2;
   /* Syntax Error at or near symbol ";" */
   /* invalid statement */

GEOMETRY RAD_STR;
RAD_STR = SHELL_SCS_RECTANGLE(
    xmax = 0.2,
    ymax = 0.2,
    sense = -1,
    colour1 = "TURQUOISE",
    colour2 = "TURQUOISE",
    side1 = "Active",
    ndelta1_1 = 1,
    side2 = "Active",
    ndelta2_1 = 1,
    opt1 = SSM,
    opt2 = SSM,
    criticality1 = "NORMAL",
    criticality2 = "NORMAL",
    bulk = Copper,
    thick = 0.01,
    meshType1 = "regular",
    nodes1 = 1,
    meshType2 = "regular",
    nodes2 = 1,
    analysis_type = "Lumped Parameter");

RAD_STR = TRANSLATE(
    object_name = RAD_STR,
    z_dist = 0.7,
    clear = TRUE);
RAD_STR = SHELL_SCS_RECTANGLE(
    xmax = 0.2,
    ymax = 0.2,
    sense = -1,
    colour1 = "TURQUOISE",
    colour2 = "TURQUOISE",
    side1 = "Active",
    ndelta1_1 = 1,
    side2 = "Active",
    ndelta2_1 = 1,
    opt1 = SSM,
    opt2 = SSM,
    criticality1 = "NORMAL",
    criticality2 = "NORMAL",
    bulk = Copper,
    thick = 0.01,
    meshType1 = "regular",
    nodes1 = 1,
    meshType2 = "regular",
    nodes2 = 1,
    analysis_type = "Lumped Parameter");

RAD_STR = TRANSLATE(
    object_name = RAD_STR,
    x_dist = -0.1,
    y_dist = -0.1,
    z_dist = 0.7,
    clear = TRUE);
RAD_STR = SHELL_SCS_RECTANGLE(
    xmax = 0.2,
    ymax = 0.2,
    sense = -1,
    colour1 = "TURQUOISE",
    colour2 = "TURQUOISE",
    side1 = "Active",
    ndelta1_1 = 1,
    side2 = "Active",
    ndelta2_1 = 1,
    opt1 = SSM,
    opt2 = SSM,
    criticality1 = "NORMAL",
    criticality2 = "NORMAL",
    bulk = Copper,
    thick = 0.01,
    meshType1 = "regular",
    nodes1 = 1,
    meshType2 = "regular",
    nodes2 = 1,
    analysis_type = "Lumped Parameter");

RAD_STR = TRANSLATE(
    object_name = RAD_STR,
    x_dist = -0.1,
    y_dist = -0.1,
    z_dist = 0.76,
    clear = TRUE);
RAD_STR = SHELL_SCS_RECTANGLE(
    xmax = 0.2,
    ymax = 0.2,
    sense = -1,
    colour1 = "TURQUOISE",
    colour2 = "TURQUOISE",
    side1 = "Active",
    ndelta1_1 = 1,
    side2 = "Active",
    ndelta2_1 = 1,
    opt1 = SSM,
    opt2 = SSM,
    criticality1 = "NORMAL",
    criticality2 = "NORMAL",
    bulk = Copper,
    thick = 0.01,
    meshType1 = "regular",
    nodes1 = 1,
    meshType2 = "regular",
    nodes2 = 1,
    analysis_type = "Lumped Parameter");

RAD_STR = TRANSLATE(
    object_name = RAD_STR,
    x_dist = -0.1,
    y_dist = -0.1,
    z_dist = 0.73,
    clear = TRUE);
RAD_STR = SHELL_SCS_RECTANGLE(
    xmax = 0.2,
    ymax = 0.2,
    sense = -1,
    colour1 = "TURQUOISE",
    colour2 = "TURQUOISE",
    side1 = "Active",
    ndelta1_1 = 1,
    side2 = "Active",
    ndelta2_1 = 1,
    opt1 = SSM,
    opt2 = SSM,
    criticality1 = "NORMAL",
    criticality2 = "NORMAL",
    bulk = Copper,
    thick = 0.01,
    meshType1 = "regular",
    nodes1 = 1,
    meshType2 = "regular",
    nodes2 = 1,
    analysis_type = "Lumped Parameter");

RAD_STR = TRANSLATE(
    object_name = RAD_STR,
    x_dist = -0.1,
    y_dist = -0.1,
    z_dist = 0.735,
    clear = TRUE);
RAD_STR = SHELL_SCS_RECTANGLE(
    xmax = 0.2,
    ymax = 0.2,
    sense = -1,
    colour1 = "TURQUOISE",
    colour2 = "TURQUOISE",
    side1 = "Active",
    ndelta1_1 = 1,
    side2 = "Active",
    ndelta2_1 = 1,
    opt1 = SSM,
    opt2 = SSM,
    criticality1 = "NORMAL",
    criticality2 = "NORMAL",
    bulk = Copper,
    thick = 0.01,
    meshType1 = "regular",
    nodes1 = 1,
    meshType2 = "regular",
    nodes2 = 1,
    analysis_type = "Lumped Parameter");

RAD_STR = TRANSLATE(
    object_name = RAD_STR,
    x_dist = -0.1,
    y_dist = -0.1,
    z_dist = 0.736,
    clear = TRUE);
RAD_STR = SHELL_SCS_RECTANGLE(
    xmax = 0.2,
    ymax = 0.2,
    sense = -1,
    colour1 = "TURQUOISE",
    colour2 = "TURQUOISE",
    side1 = "Active",
    ndelta1_1 = 1,
    side2 = "Active",
    ndelta2_1 = 1,
    opt1 = SSM,
    opt2 = SSM,
    criticality1 = "NORMAL",
    criticality2 = "NORMAL",
    bulk = Copper,
    thick = 0.01,
    meshType1 = "regular",
    nodes1 = 1,
    meshType2 = "regular",
    nodes2 = 1,
    analysis_type = "Lumped Parameter");

RAD_STR = TRANSLATE(
    object_name = RAD_STR,
    x_dist = -0.1,
    y_dist = -0.1,
    z_dist = 0.7355,
    clear = TRUE);
RAD_STR = SHELL_SCS_RECTANGLE(
    xmax = 0.2,
    ymax = 0.2,
    sense = -1,
    colour1 = "TURQUOISE",
    colour2 = "TURQUOISE",
    side1 = "Active",
    ndelta1_1 = 1,
    side2 = "Active",
    ndelta2_1 = 1,
    opt1 = SSM,
    opt2 = SSM,
    criticality1 = "NORMAL",
    criticality2 = "NORMAL",
    bulk = Copper,
    thick = 0.01,
    meshType1 = "regular",
    nodes1 = 1,
    meshType2 = "regular",
    nodes2 = 1,
    analysis_type = "Lumped Parameter");

RAD_STR = TRANSLATE(
    object_name = RAD_STR,
    x_dist = -0.1,
    y_dist = -0.1,
    z_dist = 0.735,
    clear = TRUE);
RAD_STR = SHELL_SCS_RECTANGLE(
    xmax = 0.2,
    ymax = 0.2,
    sense = -1,
    colour1 = "TURQUOISE",
    colour2 = "TURQUOISE",
    side1 = "Active",
    ndelta1_1 = 1,
    side2 = "Active",
    ndelta2_1 = 1,
    opt1 = SSM,
    opt2 = SSM,
    criticality1 = "NORMAL",
    criticality2 = "NORMAL",
    bulk = Copper,
    thick = 0.01,
    meshType1 = "regular",
    nodes1 = 1,
    meshType2 = "regular",
    nodes2 = 1,
    analysis_type = "Lumped Parameter");

RAD_STR = TRANSLATE(
    object_name = RAD_STR,
    x_dist = -0.1,
    y_dist = -0.1,
    z_dist = 0.7355,
    clear = TRUE);
RAD2 = RAD2 + RAD_STR;
CONDUCTOR STR_RAD_1;
STR_RAD_1 = CONDUCTIVE_CONDUCTOR(
    source_reference = "MLI:face98",
    destination_reference = "RAD_STR:surface2",
    conductor_override = 300.0);

CONDUCTOR STR_RAD_2;
STR_RAD_2 = CONDUCTIVE_CONDUCTOR(
    source_reference = "MLI:face92",
    destination_reference = "RAD_STR:surface2",
    conductor_override = 300.0);

CONDUCTOR STR_RAD_3;
STR_RAD_3 = CONDUCTIVE_CONDUCTOR(
    source_reference = "MLI:face96",
    destination_reference = "RAD_STR:surface2",
    conductor_override = 300.0);

CONDUCTOR STR_RAD_4;
STR_RAD_4 = CONDUCTIVE_CONDUCTOR(
    source_reference = "MLI:face102",
    destination_reference = "RAD_STR:surface2",
    conductor_override = 300.0);

CONDUCTOR STR_RAD_5;
STR_RAD_5 = CONDUCTIVE_CONDUCTOR(
    source_reference = "MLI:face104",
    destination_reference = "MLI:surface2",
    conductor_override = 300.0);

STR_RAD_5 = CONDUCTIVE_CONDUCTOR(
    source_reference = "MLI:face104",
    destination_reference = "RAD_STR:surface2",
    conductor_override = 300.0);

CONDUCTOR STR_RAD_6;
STR_RAD_6 = CONDUCTIVE_CONDUCTOR(
    source_reference = "MLI:face108",
    destination_reference = "RAD_STR:surface2",
    conductor_override = 300.0);

STR_RAD_4 = CONDUCTIVE_CONDUCTOR(
    source_reference = "MLI:face108",
    destination_reference = "RAD_STR:surface2",
    conductor_override = 300.0);

STR_RAD_3 = CONDUCTIVE_CONDUCTOR(
    source_reference = "MLI:face104",
    destination_reference = "RAD_STR:surface2",
    conductor_override = 300.0);

STR_RAD_3 = CONDUCTIVE_CONDUCTOR(
    source_reference = "MLI:face104",
    destination_reference = "RAD_STR:surface2",
    conductor_override = 300.0);

DELETE STR_RAD_5;
DELETE STR_RAD_6;
STR_RAD_2 = CONDUCTIVE_CONDUCTOR(
    source_reference = "MLI:face96",
    destination_reference = "RAD_STR:surface2",
    conductor_override = 300.0);

STR_RAD_1 = CONDUCTIVE_CONDUCTOR(
    source_reference = "MLI:face92",
    destination_reference = "RAD_STR:surface2",
    conductor_override = 300.0);

RAD_STR = SHELL_SCS_RECTANGLE(
    xmax = 0.2,
    ymax = 0.2,
    height = 0.0,
    xmin = 0.0,
    ymin = 0.0,
    sense = -1,
    colour1 = "TURQUOISE",
    colour2 = "TURQUOISE",
    side1 = "Active",
    ndelta1_1 = 1,
    side2 = "Active",
    ndelta2_1 = 1,
    opt1 = OSR,
    opt2 = OSR,
    criticality1 = "NORMAL",
    criticality2 = "NORMAL",
    bulk = Copper,
    thick = 0.01,
    meshType1 = "regular",
    nodes1 = 1,
    meshType2 = "regular",
    nodes2 = 1,
    analysis_type = "Lumped Parameter");

RAD_STR = TRANSLATE(
    object_name = RAD_STR,
    x_dist = -0.1,
    y_dist = -0.1,
    z_dist = 0.7355,
    clear = TRUE);
