/* ESATAN-TMS version 2020, run date 12:58 Tue 11 May 2021 */
BEGIN_MODEL GagarinSat_cfg5 WORKBENCH_V1 ;
/* ESATAN-TMS version 2020, run date 22:46 Tue 11 May 2021 */
/* BEGIN_MODEL GagarinSat_cfg5 WORKBENCH_V1 */ ;
/* ESATAN-TMS version 2020, run date 23:46 Tue 11 May 2021 */
/* BEGIN_MODEL GagarinSat_cfg5 WORKBENCH_V1 */ ;
/* END_MODEL */
/* ESATAN-TMS version 2020, run date 9:57 Wed 12 May 2021 */
/* BEGIN_MODEL GagarinSat_cfg5 WORKBENCH_V1 */ ;
/* END_MODEL */
/* ESATAN-TMS version 2020, run date 10:49 Wed 12 May 2021 */
/* BEGIN_MODEL GagarinSat_cfg5 WORKBENCH_V1 */ ;
REPORT_SYMBOL(symbol_name = "EBox_Plate_bottom");

/* END_MODEL */
/* ESATAN-TMS version 2020, run date 14:08 Wed 12 May 2021 */
/* BEGIN_MODEL GagarinSat_cfg5 WORKBENCH_V1 */ ;
/* END_MODEL */
/* ESATAN-TMS version 2020, run date 15:54 Wed 12 May 2021 */
/* BEGIN_MODEL GagarinSat_cfg5 WORKBENCH_V1 */ ;
/* END_MODEL */
/* ESATAN-TMS version 2020, run date 16:07 Wed 12 May 2021 */
/* BEGIN_MODEL GagarinSat_cfg5 WORKBENCH_V1 */ ;
/* /* END_MODEL */ */
/* ESATAN-TMS version 2020, run date 23:48 Wed 12 May 2021 */
/* BEGIN_MODEL GagarinSat_cfg5 WORKBENCH_V1 */ ;
/* ESATAN-TMS version 2020, run date 23:58 Wed 12 May 2021 */
/* BEGIN_MODEL GagarinSat_cfg5 WORKBENCH_V1 */ ;
/* /* END_MODEL */ */
/* ESATAN-TMS version 2020, run date 0:25 Thu 13 May 2021 */
/* BEGIN_MODEL GagarinSat_cfg5 WORKBENCH_V1 */ ;
/* ESATAN-TMS version 2020, run date 12:21 Thu 13 May 2021 */
/* BEGIN_MODEL GagarinSat_cfg5 WORKBENCH_V1 */ ;
/* END_MODEL */
/* ESATAN-TMS version 2020, run date 13:54 Thu 13 May 2021 */
/* BEGIN_MODEL GagarinSat_cfg5 WORKBENCH_V1 */ ;
END_MODEL
