/* ESATAN-TMS version 2020, run date 12:58 Tue 11 May 2021 */
BEGIN_MODEL GagarinSat_cfg5 WORKBENCH_V1 ;
RADIATIVE_PRE_PROCESS_OVERLAY(source = "GEOMETRY",
                              display = "MODEL_ONLY");
CLEAR();

GagarinSat_cfg5.NODES = FALSE;

ANNOTATE(string = "Colour",
         x = 0.02,
         y = 0.95);

DISPLAY(p_and_o = [0.0,0.0,0.0,0.0,0.0,0.0],
        scale = 1.0,
        axes = TRUE,
        asm_axes = TRUE,
        points = FALSE);

RESET_VIEW();

CLEAR();

GagarinSat_cfg5.NODES = FALSE;

ANNOTATE(string = "Colour",
         x = 0.02,
         y = 0.95);

DISPLAY(p_and_o = [0.0,0.0,0.0,0.0,0.0,0.0],
        scale = 1.0,
        axes = TRUE,
        asm_axes = TRUE,
        points = FALSE);

CLEAR();

GagarinSat_cfg5.NODES = FALSE;

ANNOTATE(string = "Colour",
         x = 0.02,
         y = 0.95);

DISPLAY(p_and_o = [0.0,0.0,0.0,0.0,0.0,0.0],
        scale = 1.0,
        axes = TRUE,
        asm_axes = TRUE,
        points = FALSE);

CLEAR();

GagarinSat_cfg5.NODES = FALSE;

ANNOTATE(string = "Colour",
         x = 0.02,
         y = 0.95);

DISPLAY(p_and_o = [0.0,0.0,0.0,0.0,0.0,0.0],
        scale = 1.0,
        axes = TRUE,
        asm_axes = TRUE,
        points = FALSE);

CLEAR();

GagarinSat_cfg5.NODES = FALSE;

ANNOTATE(string = "Colour",
         x = 0.02,
         y = 0.95);

DISPLAY(p_and_o = [0.0,0.0,0.0,0.0,0.0,0.0],
        scale = 1.0,
        axes = TRUE,
        asm_axes = TRUE,
        points = FALSE);

CLEAR();

GagarinSat_cfg5.NODES = FALSE;

ANNOTATE(string = "Colour",
         x = 0.02,
         y = 0.95);

DISPLAY(p_and_o = [0.0,0.0,0.0,0.0,0.0,0.0],
        scale = 1.0,
        axes = TRUE,
        asm_axes = TRUE,
        points = FALSE);

CLEAR();

GagarinSat_cfg5.NODES = FALSE;

ANNOTATE(string = "Colour",
         x = 0.02,
         y = 0.95);

DISPLAY(p_and_o = [0.0,0.0,0.0,0.0,0.0,0.0],
        scale = 1.0,
        axes = TRUE,
        asm_axes = TRUE,
        points = FALSE);

CLEAR();

GagarinSat_cfg5.NODES = FALSE;

ANNOTATE(string = "Colour",
         x = 0.02,
         y = 0.95);

DISPLAY(p_and_o = [0.0,0.0,0.0,0.0,0.0,0.0],
        scale = 1.0,
        axes = TRUE,
        asm_axes = TRUE,
        points = FALSE);

CLEAR();

GagarinSat_cfg5.NODES = FALSE;

ANNOTATE(string = "Colour",
         x = 0.02,
         y = 0.95);

DISPLAY(p_and_o = [0.0,0.0,0.0,0.0,0.0,0.0],
        scale = 1.0,
        axes = TRUE,
        asm_axes = TRUE,
        points = FALSE);

CLEAR();

GagarinSat_cfg5.NODES = FALSE;

ANNOTATE(string = "Colour",
         x = 0.02,
         y = 0.95);

DISPLAY(p_and_o = [0.0,0.0,0.0,0.0,0.0,0.0],
        scale = 1.0,
        axes = TRUE,
        asm_axes = TRUE,
        points = FALSE);

CLEAR();

GagarinSat_cfg5.NODES = FALSE;

ANNOTATE(string = "Colour",
         x = 0.02,
         y = 0.95);

DISPLAY(p_and_o = [0.0,0.0,0.0,0.0,0.0,0.0],
        scale = 1.0,
        axes = TRUE,
        asm_axes = TRUE,
        points = FALSE);

CLEAR();

GagarinSat_cfg5.NODES = FALSE;

ANNOTATE(string = "Colour",
         x = 0.02,
         y = 0.95);

DISPLAY(p_and_o = [0.0,0.0,0.0,0.0,0.0,0.0],
        scale = 1.0,
        axes = TRUE,
        asm_axes = TRUE,
        points = FALSE);

CLEAR();

GagarinSat_cfg5.NODES = FALSE;

ANNOTATE(string = "Colour",
         x = 0.02,
         y = 0.95);

DISPLAY(p_and_o = [0.0,0.0,0.0,0.0,0.0,0.0],
        scale = 1.0,
        axes = TRUE,
        asm_axes = TRUE,
        points = FALSE);

CLEAR();

GagarinSat_cfg5.NODES = FALSE;

ANNOTATE(string = "Colour",
         x = 0.02,
         y = 0.95);

DISPLAY(p_and_o = [0.0,0.0,0.0,0.0,0.0,0.0],
        scale = 1.0,
        axes = TRUE,
        asm_axes = TRUE,
        points = FALSE);

CLEAR();

GagarinSat_cfg5.NODES = FALSE;

ANNOTATE(string = "Colour",
         x = 0.02,
         y = 0.95);

DISPLAY(p_and_o = [0.0,0.0,0.0,0.0,0.0,0.0],
        scale = 1.0,
        axes = TRUE,
        asm_axes = TRUE,
        points = FALSE);

CLEAR();

GagarinSat_cfg5.NODES = FALSE;

ANNOTATE(string = "Colour",
         x = 0.02,
         y = 0.95);

DISPLAY(p_and_o = [0.0,0.0,0.0,0.0,0.0,0.0],
        scale = 1.0,
        axes = TRUE,
        asm_axes = TRUE,
        points = FALSE);

CLEAR();

GagarinSat_cfg5.NODES = FALSE;

ANNOTATE(string = "Colour",
         x = 0.02,
         y = 0.95);

DISPLAY(p_and_o = [0.0,0.0,0.0,0.0,0.0,0.0],
        scale = 1.0,
        axes = TRUE,
        asm_axes = TRUE,
        points = FALSE);

CLEAR();

GagarinSat_cfg5.NODES = FALSE;

ANNOTATE(string = "Colour",
         x = 0.02,
         y = 0.95);

DISPLAY(p_and_o = [0.0,0.0,0.0,0.0,0.0,0.0],
        scale = 1.0,
        axes = TRUE,
        asm_axes = TRUE,
        points = FALSE);

CLEAR();

GagarinSat_cfg5.NODES = FALSE;

ANNOTATE(string = "Colour",
         x = 0.02,
         y = 0.95);

DISPLAY(p_and_o = [0.0,0.0,0.0,0.0,0.0,0.0],
        scale = 1.0,
        axes = TRUE,
        asm_axes = TRUE,
        points = FALSE);

CLEAR();

GagarinSat_cfg5.NODES = FALSE;

ANNOTATE(string = "Colour",
         x = 0.02,
         y = 0.95);

DISPLAY(p_and_o = [0.0,0.0,0.0,0.0,0.0,0.0],
        scale = 1.0,
        axes = TRUE,
        asm_axes = TRUE,
        points = FALSE);

CLEAR();

GagarinSat_cfg5.NODES = FALSE;

ANNOTATE(string = "Colour",
         x = 0.02,
         y = 0.95);

DISPLAY(p_and_o = [0.0,0.0,0.0,0.0,0.0,0.0],
        scale = 1.0,
        axes = TRUE,
        asm_axes = TRUE,
        points = FALSE);

CLEAR();

GagarinSat_cfg5.NODES = FALSE;

ANNOTATE(string = "Colour",
         x = 0.02,
         y = 0.95);

DISPLAY(p_and_o = [0.0,0.0,0.0,0.0,0.0,0.0],
        scale = 1.0,
        axes = TRUE,
        asm_axes = TRUE,
        points = FALSE);

CLEAR();

GagarinSat_cfg5.NODES = FALSE;

ANNOTATE(string = "Colour",
         x = 0.02,
         y = 0.95);

DISPLAY(p_and_o = [0.0,0.0,0.0,0.0,0.0,0.0],
        scale = 1.0,
        axes = TRUE,
        asm_axes = TRUE,
        points = FALSE);

CLEAR();

GagarinSat_cfg5.NODES = FALSE;

ANNOTATE(string = "Colour",
         x = 0.02,
         y = 0.95);

DISPLAY(p_and_o = [0.0,0.0,0.0,0.0,0.0,0.0],
        scale = 1.0,
        axes = TRUE,
        asm_axes = TRUE,
        points = FALSE);

CLEAR();

GagarinSat_cfg5.NODES = FALSE;

ANNOTATE(string = "Colour",
         x = 0.02,
         y = 0.95);

DISPLAY(p_and_o = [0.0,0.0,0.0,0.0,0.0,0.0],
        scale = 1.0,
        axes = TRUE,
        asm_axes = TRUE,
        points = FALSE);

CLEAR();

GagarinSat_cfg5.NODES = FALSE;

ANNOTATE(string = "Colour",
         x = 0.02,
         y = 0.95);

DISPLAY(p_and_o = [0.0,0.0,0.0,0.0,0.0,0.0],
        scale = 1.0,
        axes = TRUE,
        asm_axes = TRUE,
        points = FALSE);

CLEAR();

GagarinSat_cfg5.NODES = FALSE;

ANNOTATE(string = "Colour",
         x = 0.02,
         y = 0.95);

DISPLAY(p_and_o = [0.0,0.0,0.0,0.0,0.0,0.0],
        scale = 1.0,
        axes = TRUE,
        asm_axes = TRUE,
        points = FALSE);

CLEAR();

GagarinSat_cfg5.NODES = FALSE;

ANNOTATE(string = "Colour",
         x = 0.02,
         y = 0.95);

DISPLAY(p_and_o = [0.0,0.0,0.0,0.0,0.0,0.0],
        scale = 1.0,
        axes = TRUE,
        asm_axes = TRUE,
        points = FALSE);

RADIATIVE_PRE_PROCESS_OVERLAY(source = "GEOMETRY",
                              display = "MODEL_ONLY");
CLEAR();

GagarinSat_cfg5.NODES = FALSE;

ANNOTATE(string = "Colour",
         x = 0.02,
         y = 0.95);

DISPLAY(p_and_o = [0.0,0.0,0.0,0.0,0.0,0.0],
        scale = 1.0,
        axes = TRUE,
        asm_axes = TRUE,
        points = FALSE);

CLEAR();

GagarinSat_cfg5.NODES = FALSE;

ANNOTATE(string = "Colour",
         x = 0.02,
         y = 0.95);

DISPLAY(p_and_o = [0.0,0.0,0.0,0.0,0.0,0.0],
        scale = 1.0,
        axes = TRUE,
        asm_axes = TRUE,
        points = FALSE);

RADIATIVE_PRE_PROCESS_OVERLAY(source = "GEOMETRY",
                              display = "MODEL_ONLY");
CLEAR();

GagarinSat_cfg5.NODES = FALSE;

ANNOTATE(string = "Colour",
         x = 0.02,
         y = 0.95);

DISPLAY(p_and_o = [0.0,0.0,0.0,0.0,0.0,0.0],
        scale = 1.0,
        axes = TRUE,
        asm_axes = TRUE,
        points = FALSE);

RADIATIVE_PRE_PROCESS_OVERLAY(source = "GEOMETRY",
                              display = "MODEL_ONLY");
CLEAR();

GagarinSat_cfg5.NODES = FALSE;

ANNOTATE(string = "Colour",
         x = 0.02,
         y = 0.95);

DISPLAY(p_and_o = [0.0,0.0,0.0,0.0,0.0,0.0],
        scale = 1.0,
        axes = TRUE,
        asm_axes = TRUE,
        points = FALSE);

CLEAR();

GagarinSat_cfg5.NODES = FALSE;

ANNOTATE(string = "Colour",
         x = 0.02,
         y = 0.95);

DISPLAY(p_and_o = [0.0,0.0,0.0,0.0,0.0,0.0],
        scale = 1.0,
        axes = TRUE,
        asm_axes = TRUE,
        points = FALSE);

CLEAR();

GagarinSat_cfg5.NODES = FALSE;

ANNOTATE(string = "Colour",
         x = 0.02,
         y = 0.95);

DISPLAY(p_and_o = [0.0,0.0,0.0,0.0,0.0,0.0],
        scale = 1.0,
        axes = TRUE,
        asm_axes = TRUE,
        points = FALSE);

CLEAR();

GagarinSat_cfg5.NODES = FALSE;

ANNOTATE(string = "Colour",
         x = 0.02,
         y = 0.95);

DISPLAY(p_and_o = [0.0,0.0,0.0,0.0,0.0,0.0],
        scale = 1.0,
        axes = TRUE,
        asm_axes = TRUE,
        points = FALSE);

CLEAR();

GagarinSat_cfg5.NODES = FALSE;

ANNOTATE(string = "Colour",
         x = 0.02,
         y = 0.95);

DISPLAY(p_and_o = [0.0,0.0,0.0,0.0,0.0,0.0],
        scale = 1.0,
        axes = TRUE,
        asm_axes = TRUE,
        points = FALSE);

CLEAR();

GagarinSat_cfg5.NODES = FALSE;

ANNOTATE(string = "Colour",
         x = 0.02,
         y = 0.95);

DISPLAY(p_and_o = [0.0,0.0,0.0,0.0,0.0,0.0],
        scale = 1.0,
        axes = TRUE,
        asm_axes = TRUE,
        points = FALSE);

CLEAR();

GagarinSat_cfg5.NODES = FALSE;

ANNOTATE(string = "Colour",
         x = 0.02,
         y = 0.95);

DISPLAY(p_and_o = [0.0,0.0,0.0,0.0,0.0,0.0],
        scale = 1.0,
        axes = TRUE,
        asm_axes = TRUE,
        points = FALSE);

CLEAR();

GagarinSat_cfg5.NODES = FALSE;

ANNOTATE(string = "Colour",
         x = 0.02,
         y = 0.95);

DISPLAY(p_and_o = [0.0,0.0,0.0,0.0,0.0,0.0],
        scale = 1.0,
        axes = TRUE,
        asm_axes = TRUE,
        points = FALSE);

CLEAR();

GagarinSat_cfg5.NODES = FALSE;

ANNOTATE(string = "Colour",
         x = 0.02,
         y = 0.95);

DISPLAY(p_and_o = [0.0,0.0,0.0,0.0,0.0,0.0],
        scale = 1.0,
        axes = TRUE,
        asm_axes = TRUE,
        points = FALSE);

CLEAR();

GagarinSat_cfg5.NODES = FALSE;

ANNOTATE(string = "Colour",
         x = 0.02,
         y = 0.95);

DISPLAY(p_and_o = [0.0,0.0,0.0,0.0,0.0,0.0],
        scale = 1.0,
        axes = TRUE,
        asm_axes = TRUE,
        points = FALSE);

CLEAR();

GagarinSat_cfg5.NODES = FALSE;

ANNOTATE(string = "Colour",
         x = 0.02,
         y = 0.95);

DISPLAY(p_and_o = [0.0,0.0,0.0,0.0,0.0,0.0],
        scale = 1.0,
        axes = TRUE,
        asm_axes = TRUE,
        points = FALSE);

CLEAR();

GagarinSat_cfg5.NODES = FALSE;

ANNOTATE(string = "Colour",
         x = 0.02,
         y = 0.95);

DISPLAY(p_and_o = [0.0,0.0,0.0,0.0,0.0,0.0],
        scale = 1.0,
        axes = TRUE,
        asm_axes = TRUE,
        points = FALSE);

CLEAR();

GagarinSat_cfg5.NODES = FALSE;

ANNOTATE(string = "Colour",
         x = 0.02,
         y = 0.95);

DISPLAY(p_and_o = [0.0,0.0,0.0,0.0,0.0,0.0],
        scale = 1.0,
        axes = TRUE,
        asm_axes = TRUE,
        points = FALSE);

CLEAR();

GagarinSat_cfg5.NODES = FALSE;

ANNOTATE(string = "Colour",
         x = 0.02,
         y = 0.95);

DISPLAY(p_and_o = [0.0,0.0,0.0,0.0,0.0,0.0],
        scale = 1.0,
        axes = TRUE,
        asm_axes = TRUE,
        points = FALSE);

RADIATIVE_PRE_PROCESS_OVERLAY(
    source = "GEOMETRY",
    display = "ORBITAL",
    radiative_case = Rad_Case_00,
    model_scale = 0.1,
    draw_model = TRUE,
    planet_scale = 1.0,
    draw_planet = TRUE);
CLEAR();

GagarinSat_cfg5.NODES = FALSE;

ANNOTATE(string = "",
         x = 0.02,
         y = 0.95);
DRAW_ORBIT(orbit = Rad_Case_00.ORBIT);
vis_orbit_index = 1;
DRAW_PLANET(radiative_case = Rad_Case_00,
            time = Rad_Case_00.ORBIT_TIMES[vis_orbit_index],
            scale = 1.0,
            range = default_range,
            shade = continuous_shade
);
DISPLAY(p_and_o = Rad_Case_00.ORBIT_POSITIONS[vis_orbit_index],
        time = Rad_Case_00.ORBIT_TIMES[vis_orbit_index],
        scale = 0.1 * (Rad_Case_00.ORBIT.ALT_A + R_PLANET),
        axes = TRUE,
        asm_axes = TRUE,
        points = FALSE,
        radiative_case = Rad_Case_00,
        orbit_position = vis_orbit_index,
        spin_position = 0);

CLEAR();

GagarinSat_cfg5.NODES = FALSE;

ANNOTATE(string = "",
         x = 0.02,
         y = 0.95);
DRAW_ORBIT(orbit = Rad_Case_00.ORBIT);
DRAW_PLANET(radiative_case = Rad_Case_00,
            time = Rad_Case_00.ORBIT_TIMES[vis_orbit_index],
            scale = 1.0,
            range = default_range,
            shade = continuous_shade
);
DISPLAY(p_and_o = Rad_Case_00.ORBIT_POSITIONS[vis_orbit_index],
        time = Rad_Case_00.ORBIT_TIMES[vis_orbit_index],
        scale = 0.1 * (Rad_Case_00.ORBIT.ALT_A + R_PLANET),
        axes = TRUE,
        asm_axes = TRUE,
        points = FALSE,
        radiative_case = Rad_Case_00,
        orbit_position = vis_orbit_index,
        spin_position = 0);

LOAD_EXTERNAL_RESULTS (
   type = "TMD",
   file = "C:\ESATAN-TMS\ESATAN-TMS-Models\ESATAN-TMS_Models\GagarinSat_cfg5\esatan\Case_00\GAGARINSAT_CFG5_CASE_00.TMD");
RADIATIVE_PRE_PROCESS_OVERLAY(source = "GEOMETRY",
                              display = "MODEL_ONLY");
CLEAR();

GagarinSat_cfg5.NODES = FALSE;

ANNOTATE(string = "Colour",
         x = 0.02,
         y = 0.95);

DISPLAY(p_and_o = [0.0,0.0,0.0,0.0,0.0,0.0],
        scale = 1.0,
        axes = TRUE,
        asm_axes = TRUE,
        points = FALSE);

RESET_VIEW();

THERMAL_POST_PROCESS_OVERLAY(
    record_type= "Thermal_Node",
    start_time = 0.0,
    end_time = 6059.29,
    cycle = 1,
    radiative_case = Rad_Case_00,
    analysis_case = Case_00,
    fixed_scale = FALSE,
    attribute = "Temperature",
     planet_scale = 0.334,
     model_scale = 0.741,
     draw_periapsis = TRUE,
     draw_asc_node = TRUE
);
DEFINE_RANGE(
    range = default_range,
    min = -42.264215511248544,
    max = 58.81179273733744,
    type = "LINEAR"
);

CLEAR();

KEY(shade = continuous_shade,
    range = default_range,
    x = 0.02,
    y = 0.02);

GagarinSat_cfg5.RANGE = "default_range";
GagarinSat_cfg5.SHADE = "continuous_shade";
GagarinSat_cfg5.NODES = FALSE;

ANNOTATE(string = "Thermal Node Attributes: Temperature",
         x = 0.02,
         y = 0.95);

DRAW_ORBIT(analysis_case = Case_00);
DRAW_PERIAPSIS(orbit = Rad_Case_00.ORBIT);
DRAW_ASCENDING_NODE(orbit = Rad_Case_00.ORBIT);
DRAW_PLANET(radiative_case = Rad_Case_00,
            time = vis_orbit_times[vis_orbit_index],
            scale = 0.334,
            range = default_range,
            shade = continuous_shade
);
DISPLAY(p_and_o = vis_orbit_pos[vis_orbit_index],
        time = vis_orbit_times[vis_orbit_index],
        scale = 0.741 * (Rad_Case_00.ORBIT.ALT_A + R_PLANET),
        axes = TRUE,
        asm_axes = TRUE,
        points = FALSE);

CLEAR();

KEY(shade = continuous_shade,
    range = default_range,
    x = 0.02,
    y = 0.02);

GagarinSat_cfg5.RANGE = "default_range";
GagarinSat_cfg5.SHADE = "continuous_shade";
GagarinSat_cfg5.NODES = FALSE;

ANNOTATE(string = "Thermal Node Attributes: Temperature",
         x = 0.02,
         y = 0.95);

DRAW_ORBIT(analysis_case = Case_00);
DRAW_PERIAPSIS(orbit = Rad_Case_00.ORBIT);
DRAW_ASCENDING_NODE(orbit = Rad_Case_00.ORBIT);
DRAW_PLANET(radiative_case = Rad_Case_00,
            time = vis_orbit_times[1],
            scale = 0.334,
            range = default_range,
            shade = continuous_shade
);
FOR (vis_orbit_index = 1;
    vis_orbit_index <= 11;
    vis_orbit_index = EVAL(vis_orbit_index + 1))
DISPLAY(p_and_o = vis_orbit_pos[vis_orbit_index],
        time = vis_orbit_times[vis_orbit_index],
        scale = 0.741 * (Rad_Case_00.ORBIT.ALT_A + R_PLANET),
        axes = TRUE,
        asm_axes = TRUE,
        points = FALSE);

END_FOR
DELETE vis_items_key;
STRING vis_items_key[13] = {"Solar_Cells",
    "Al_anodized",
    "Goldised_Kapton",
    "Al_anodized_blck",
    "SSM",
    "OSR",
    "Kapton_ITO",
    "CCD_Detector",
    "IR_lens",
    "Al_7075_Polished",
    "VDA_Kapton",
    "White_paint",
    "Black_paint"};
RADIATIVE_PRE_PROCESS_OVERLAY(
    source= "THERMO_OPTICAL"
);
CLEAR();

DELETE vis_items_key;
STRING vis_items_key[8] = {"Al_anodized_blck",
    "Black_paint",
    "CCD_Detector",
    "Goldised_Kapton",
    "IR_lens",
    "Kapton_ITO",
    "OSR",
    "Solar_Cells"};
KEY(shade = vis_item_shade,
    discrete = "vis_items_key[1]",
    x = 0.02,
    y = 0.02);

GagarinSat_cfg5.DISCRETE = "vis_items_key[1]";
GagarinSat_cfg5.SHADE = "vis_item_shade";
GagarinSat_cfg5.NODES = FALSE;

ANNOTATE(string = "Thermo Optical Properties",
         x = 0.02,
         y = 0.95);

DISPLAY(p_and_o = [0.0,0.0,0.0,0.0,0.0,0.0],
        scale = 1.0,
        axes = TRUE,
        asm_axes = TRUE,
        points = FALSE);

RESET_VIEW();

CLEAR();

KEY(shade = vis_item_shade,
    discrete = "vis_items_key[1]",
    x = 0.02,
    y = 0.02);

GagarinSat_cfg5.DISCRETE = "vis_items_key[1]";
GagarinSat_cfg5.SHADE = "vis_item_shade";
GagarinSat_cfg5.NODES = FALSE;

ANNOTATE(string = "Thermo Optical Properties",
         x = 0.02,
         y = 0.95);

DISPLAY(p_and_o = [0.0,0.0,0.0,0.0,0.0,0.0],
        scale = 1.0,
        axes = TRUE,
        asm_axes = TRUE,
        points = FALSE);

CLEAR();

KEY(shade = vis_item_shade,
    discrete = "vis_items_key[1]",
    x = 0.02,
    y = 0.02);

GagarinSat_cfg5.DISCRETE = "vis_items_key[1]";
GagarinSat_cfg5.SHADE = "vis_item_shade";
GagarinSat_cfg5.NODES = FALSE;

ANNOTATE(string = "Thermo Optical Properties",
         x = 0.02,
         y = 0.95);

DISPLAY(p_and_o = [0.0,0.0,0.0,0.0,0.0,0.0],
        scale = 1.0,
        axes = TRUE,
        asm_axes = TRUE,
        points = FALSE);

CLEAR();

KEY(shade = vis_item_shade,
    discrete = "vis_items_key[1]",
    x = 0.02,
    y = 0.02);

GagarinSat_cfg5.DISCRETE = "vis_items_key[1]";
GagarinSat_cfg5.SHADE = "vis_item_shade";
GagarinSat_cfg5.NODES = FALSE;

ANNOTATE(string = "Thermo Optical Properties",
         x = 0.02,
         y = 0.95);

DISPLAY(p_and_o = [0.0,0.0,0.0,0.0,0.0,0.0],
        scale = 1.0,
        axes = TRUE,
        asm_axes = TRUE,
        points = FALSE);

CLEAR();

KEY(shade = vis_item_shade,
    discrete = "vis_items_key[1]",
    x = 0.02,
    y = 0.02);

GagarinSat_cfg5.DISCRETE = "vis_items_key[1]";
GagarinSat_cfg5.SHADE = "vis_item_shade";
GagarinSat_cfg5.NODES = FALSE;

ANNOTATE(string = "Thermo Optical Properties",
         x = 0.02,
         y = 0.95);

DISPLAY(p_and_o = [0.0,0.0,0.0,0.0,0.0,0.0],
        scale = 1.0,
        axes = TRUE,
        asm_axes = TRUE,
        points = FALSE);

CLEAR();

KEY(shade = vis_item_shade,
    discrete = "vis_items_key[1]",
    x = 0.02,
    y = 0.02);

GagarinSat_cfg5.DISCRETE = "vis_items_key[1]";
GagarinSat_cfg5.SHADE = "vis_item_shade";
GagarinSat_cfg5.NODES = FALSE;

ANNOTATE(string = "Thermo Optical Properties",
         x = 0.02,
         y = 0.95);

DISPLAY(p_and_o = [0.0,0.0,0.0,0.0,0.0,0.0],
        scale = 1.0,
        axes = TRUE,
        asm_axes = TRUE,
        points = FALSE);

LOAD_EXTERNAL_RESULTS (
   type = "TMD",
   file = "C:\ESATAN-TMS\ESATAN-TMS-Models\ESATAN-TMS_Models\GagarinSat_cfg5\esatan\Case_00\GAGARINSAT_CFG5_CASE_00.TMD");
RADIATIVE_PRE_PROCESS_OVERLAY(source = "GEOMETRY",
                              display = "MODEL_ONLY");
CLEAR();

GagarinSat_cfg5.NODES = FALSE;

ANNOTATE(string = "Colour",
         x = 0.02,
         y = 0.95);

DISPLAY(p_and_o = [0.0,0.0,0.0,0.0,0.0,0.0],
        scale = 1.0,
        axes = TRUE,
        asm_axes = TRUE,
        points = FALSE);

THERMAL_POST_PROCESS_OVERLAY(
    record_type= "Thermal_Node",
    start_time = 0.0,
    end_time = 6059.29,
    cycle = 1,
    radiative_case = Rad_Case_00,
    analysis_case = Case_00,
    fixed_scale = FALSE,
    attribute = "Temperature",
     planet_scale = 0.334,
     model_scale = 0.741,
     draw_periapsis = TRUE,
     draw_asc_node = TRUE
);
DEFINE_RANGE(
    range = default_range,
    min = -42.27366727763358,
    max = 58.80900581860346,
    type = "LINEAR"
);

CLEAR();

KEY(shade = continuous_shade,
    range = default_range,
    x = 0.02,
    y = 0.02);

GagarinSat_cfg5.RANGE = "default_range";
GagarinSat_cfg5.SHADE = "continuous_shade";
GagarinSat_cfg5.NODES = FALSE;

ANNOTATE(string = "Thermal Node Attributes: Temperature",
         x = 0.02,
         y = 0.95);

DRAW_ORBIT(analysis_case = Case_00);
DRAW_PERIAPSIS(orbit = Rad_Case_00.ORBIT);
DRAW_ASCENDING_NODE(orbit = Rad_Case_00.ORBIT);
vis_orbit_index = 1;
vis_orbit_index = 1;
DRAW_PLANET(radiative_case = Rad_Case_00,
            time = vis_orbit_times[1],
            scale = 0.334,
            range = default_range,
            shade = continuous_shade
);
FOR (vis_orbit_index = 1;
    vis_orbit_index <= 11;
    vis_orbit_index = EVAL(vis_orbit_index + 1))
DISPLAY(p_and_o = vis_orbit_pos[vis_orbit_index],
        time = vis_orbit_times[vis_orbit_index],
        scale = 0.741 * (Rad_Case_00.ORBIT.ALT_A + R_PLANET),
        axes = TRUE,
        asm_axes = TRUE,
        points = FALSE);

END_FOR
THERMAL_POST_PROCESS_OVERLAY(
    record_type = "Thermal_Node",
    time_step = 0.0,
    fixed_scale = FALSE,
    attribute = "Temperature",
    radiative_case = Rad_Case_00
);
DEFINE_RANGE(
    range = default_range,
    min = -41.73898177440083,
    max = 17.8375132697719,
    type = "LINEAR"
);

CLEAR();

KEY(shade = continuous_shade,
    range = default_range,
    x = 0.02,
    y = 0.02);

GagarinSat_cfg5.RANGE = "default_range";
GagarinSat_cfg5.SHADE = "continuous_shade";
GagarinSat_cfg5.NODES = FALSE;

ANNOTATE(string = "Thermal Node Attributes: Temperature",
         x = 0.02,
         y = 0.95);

DISPLAY(p_and_o = [0.0,0.0,0.0,0.0,0.0,0.0],
        time = vis_orbit_times[1],
        scale = 1.0,
        axes = TRUE,
        asm_axes = TRUE,
        points = FALSE,
        assembly_p_and_o = vis_orbit_pos[1]);

RESET_VIEW();

CLEAR();

KEY(shade = continuous_shade,
    range = default_range,
    x = 0.02,
    y = 0.02);

GagarinSat_cfg5.RANGE = "default_range";
GagarinSat_cfg5.SHADE = "continuous_shade";
GagarinSat_cfg5.NODES = FALSE;

ANNOTATE(string = "Thermal Node Attributes: Temperature",
         x = 0.02,
         y = 0.95);

DISPLAY(p_and_o = [0.0,0.0,0.0,0.0,0.0,0.0],
        time = vis_orbit_times[1],
        scale = 1.0,
        axes = TRUE,
        asm_axes = TRUE,
        points = FALSE,
        assembly_p_and_o = vis_orbit_pos[1]);

CLEAR();

KEY(shade = continuous_shade,
    range = default_range,
    x = 0.02,
    y = 0.02);

GagarinSat_cfg5.RANGE = "default_range";
GagarinSat_cfg5.SHADE = "continuous_shade";
GagarinSat_cfg5.NODES = FALSE;

ANNOTATE(string = "Thermal Node Attributes: Temperature",
         x = 0.02,
         y = 0.95);

DISPLAY(p_and_o = [0.0,0.0,0.0,0.0,0.0,0.0],
        time = vis_orbit_times[1],
        scale = 1.0,
        axes = TRUE,
        asm_axes = TRUE,
        points = FALSE,
        assembly_p_and_o = vis_orbit_pos[1]);

CLEAR();

KEY(shade = continuous_shade,
    range = default_range,
    x = 0.02,
    y = 0.02);

GagarinSat_cfg5.RANGE = "default_range";
GagarinSat_cfg5.SHADE = "continuous_shade";
GagarinSat_cfg5.NODES = FALSE;

ANNOTATE(string = "Thermal Node Attributes: Temperature",
         x = 0.02,
         y = 0.95);

DISPLAY(p_and_o = [0.0,0.0,0.0,0.0,0.0,0.0],
        time = vis_orbit_times[1],
        scale = 1.0,
        axes = TRUE,
        asm_axes = TRUE,
        points = FALSE,
        assembly_p_and_o = vis_orbit_pos[1]);

CLEAR();

KEY(shade = continuous_shade,
    range = default_range,
    x = 0.02,
    y = 0.02);

GagarinSat_cfg5.RANGE = "default_range";
GagarinSat_cfg5.SHADE = "continuous_shade";
GagarinSat_cfg5.NODES = FALSE;

ANNOTATE(string = "Thermal Node Attributes: Temperature",
         x = 0.02,
         y = 0.95);

DISPLAY(p_and_o = [0.0,0.0,0.0,0.0,0.0,0.0],
        time = vis_orbit_times[1],
        scale = 1.0,
        axes = TRUE,
        asm_axes = TRUE,
        points = FALSE,
        assembly_p_and_o = vis_orbit_pos[1]);

CLEAR();

KEY(shade = continuous_shade,
    range = default_range,
    x = 0.02,
    y = 0.02);

GagarinSat_cfg5.RANGE = "default_range";
GagarinSat_cfg5.SHADE = "continuous_shade";
GagarinSat_cfg5.NODES = FALSE;

ANNOTATE(string = "Thermal Node Attributes: Temperature",
         x = 0.02,
         y = 0.95);

DISPLAY(p_and_o = [0.0,0.0,0.0,0.0,0.0,0.0],
        time = vis_orbit_times[1],
        scale = 1.0,
        axes = TRUE,
        asm_axes = TRUE,
        points = FALSE,
        assembly_p_and_o = vis_orbit_pos[1]);

CLEAR();

KEY(shade = continuous_shade,
    range = default_range,
    x = 0.02,
    y = 0.02);

GagarinSat_cfg5.RANGE = "default_range";
GagarinSat_cfg5.SHADE = "continuous_shade";
GagarinSat_cfg5.NODES = FALSE;

ANNOTATE(string = "Thermal Node Attributes: Temperature",
         x = 0.02,
         y = 0.95);

DISPLAY(p_and_o = [0.0,0.0,0.0,0.0,0.0,0.0],
        time = vis_orbit_times[1],
        scale = 1.0,
        axes = TRUE,
        asm_axes = TRUE,
        points = FALSE,
        assembly_p_and_o = vis_orbit_pos[1]);

CLEAR();

KEY(shade = continuous_shade,
    range = default_range,
    x = 0.02,
    y = 0.02);

GagarinSat_cfg5.RANGE = "default_range";
GagarinSat_cfg5.SHADE = "continuous_shade";
GagarinSat_cfg5.NODES = FALSE;

ANNOTATE(string = "Thermal Node Attributes: Temperature",
         x = 0.02,
         y = 0.95);

DISPLAY(p_and_o = [0.0,0.0,0.0,0.0,0.0,0.0],
        time = vis_orbit_times[1],
        scale = 1.0,
        axes = TRUE,
        asm_axes = TRUE,
        points = FALSE,
        assembly_p_and_o = vis_orbit_pos[1]);

CLEAR();

KEY(shade = continuous_shade,
    range = default_range,
    x = 0.02,
    y = 0.02);

GagarinSat_cfg5.RANGE = "default_range";
GagarinSat_cfg5.SHADE = "continuous_shade";
GagarinSat_cfg5.NODES = FALSE;

ANNOTATE(string = "Thermal Node Attributes: Temperature",
         x = 0.02,
         y = 0.95);

DISPLAY(p_and_o = [0.0,0.0,0.0,0.0,0.0,0.0],
        time = vis_orbit_times[1],
        scale = 1.0,
        axes = TRUE,
        asm_axes = TRUE,
        points = FALSE,
        assembly_p_and_o = vis_orbit_pos[1]);

CLEAR();

KEY(shade = continuous_shade,
    range = default_range,
    x = 0.02,
    y = 0.02);

GagarinSat_cfg5.RANGE = "default_range";
GagarinSat_cfg5.SHADE = "continuous_shade";
GagarinSat_cfg5.NODES = FALSE;

ANNOTATE(string = "Thermal Node Attributes: Temperature",
         x = 0.02,
         y = 0.95);

DISPLAY(p_and_o = [0.0,0.0,0.0,0.0,0.0,0.0],
        time = vis_orbit_times[1],
        scale = 1.0,
        axes = TRUE,
        asm_axes = TRUE,
        points = FALSE,
        assembly_p_and_o = vis_orbit_pos[1]);

CLEAR();

KEY(shade = continuous_shade,
    range = default_range,
    x = 0.02,
    y = 0.02);

GagarinSat_cfg5.RANGE = "default_range";
GagarinSat_cfg5.SHADE = "continuous_shade";
GagarinSat_cfg5.NODES = FALSE;

ANNOTATE(string = "Thermal Node Attributes: Temperature",
         x = 0.02,
         y = 0.95);

DISPLAY(p_and_o = [0.0,0.0,0.0,0.0,0.0,0.0],
        time = vis_orbit_times[1],
        scale = 1.0,
        axes = TRUE,
        asm_axes = TRUE,
        points = FALSE,
        assembly_p_and_o = vis_orbit_pos[1]);

CLEAR();

KEY(shade = continuous_shade,
    range = default_range,
    x = 0.02,
    y = 0.02);

GagarinSat_cfg5.RANGE = "default_range";
GagarinSat_cfg5.SHADE = "continuous_shade";
GagarinSat_cfg5.NODES = FALSE;

ANNOTATE(string = "Thermal Node Attributes: Temperature",
         x = 0.02,
         y = 0.95);

DISPLAY(p_and_o = [0.0,0.0,0.0,0.0,0.0,0.0],
        time = vis_orbit_times[1],
        scale = 1.0,
        axes = TRUE,
        asm_axes = TRUE,
        points = FALSE,
        assembly_p_and_o = vis_orbit_pos[1]);

CLEAR();

KEY(shade = continuous_shade,
    range = default_range,
    x = 0.02,
    y = 0.02);

GagarinSat_cfg5.RANGE = "default_range";
GagarinSat_cfg5.SHADE = "continuous_shade";
GagarinSat_cfg5.NODES = FALSE;

ANNOTATE(string = "Thermal Node Attributes: Temperature",
         x = 0.02,
         y = 0.95);

DISPLAY(p_and_o = [0.0,0.0,0.0,0.0,0.0,0.0],
        time = vis_orbit_times[1],
        scale = 1.0,
        axes = TRUE,
        asm_axes = TRUE,
        points = FALSE,
        assembly_p_and_o = vis_orbit_pos[1]);

CLEAR();

KEY(shade = continuous_shade,
    range = default_range,
    x = 0.02,
    y = 0.02);

GagarinSat_cfg5.RANGE = "default_range";
GagarinSat_cfg5.SHADE = "continuous_shade";
GagarinSat_cfg5.NODES = FALSE;

ANNOTATE(string = "Thermal Node Attributes: Temperature",
         x = 0.02,
         y = 0.95);

DISPLAY(p_and_o = [0.0,0.0,0.0,0.0,0.0,0.0],
        time = vis_orbit_times[1],
        scale = 1.0,
        axes = TRUE,
        asm_axes = TRUE,
        points = FALSE,
        assembly_p_and_o = vis_orbit_pos[1]);

CLEAR();

KEY(shade = continuous_shade,
    range = default_range,
    x = 0.02,
    y = 0.02);

GagarinSat_cfg5.RANGE = "default_range";
GagarinSat_cfg5.SHADE = "continuous_shade";
GagarinSat_cfg5.NODES = FALSE;

ANNOTATE(string = "Thermal Node Attributes: Temperature",
         x = 0.02,
         y = 0.95);

DISPLAY(p_and_o = [0.0,0.0,0.0,0.0,0.0,0.0],
        time = vis_orbit_times[1],
        scale = 1.0,
        axes = TRUE,
        asm_axes = TRUE,
        points = FALSE,
        assembly_p_and_o = vis_orbit_pos[1]);

CLEAR();

KEY(shade = continuous_shade,
    range = default_range,
    x = 0.02,
    y = 0.02);

GagarinSat_cfg5.RANGE = "default_range";
GagarinSat_cfg5.SHADE = "continuous_shade";
GagarinSat_cfg5.NODES = FALSE;

ANNOTATE(string = "Thermal Node Attributes: Temperature",
         x = 0.02,
         y = 0.95);

DISPLAY(p_and_o = [0.0,0.0,0.0,0.0,0.0,0.0],
        time = vis_orbit_times[1],
        scale = 1.0,
        axes = TRUE,
        asm_axes = TRUE,
        points = FALSE,
        assembly_p_and_o = vis_orbit_pos[1]);

CLEAR();

KEY(shade = continuous_shade,
    range = default_range,
    x = 0.02,
    y = 0.02);

GagarinSat_cfg5.RANGE = "default_range";
GagarinSat_cfg5.SHADE = "continuous_shade";
GagarinSat_cfg5.NODES = FALSE;

ANNOTATE(string = "Thermal Node Attributes: Temperature",
         x = 0.02,
         y = 0.95);

DISPLAY(p_and_o = [0.0,0.0,0.0,0.0,0.0,0.0],
        time = vis_orbit_times[1],
        scale = 1.0,
        axes = TRUE,
        asm_axes = TRUE,
        points = FALSE,
        assembly_p_and_o = vis_orbit_pos[1]);

CLEAR();

KEY(shade = continuous_shade,
    range = default_range,
    x = 0.02,
    y = 0.02);

GagarinSat_cfg5.RANGE = "default_range";
GagarinSat_cfg5.SHADE = "continuous_shade";
GagarinSat_cfg5.NODES = FALSE;

ANNOTATE(string = "Thermal Node Attributes: Temperature",
         x = 0.02,
         y = 0.95);

DISPLAY(p_and_o = [0.0,0.0,0.0,0.0,0.0,0.0],
        time = vis_orbit_times[1],
        scale = 1.0,
        axes = TRUE,
        asm_axes = TRUE,
        points = FALSE,
        assembly_p_and_o = vis_orbit_pos[1]);

CLEAR();

KEY(shade = continuous_shade,
    range = default_range,
    x = 0.02,
    y = 0.02);

GagarinSat_cfg5.RANGE = "default_range";
GagarinSat_cfg5.SHADE = "continuous_shade";
GagarinSat_cfg5.NODES = FALSE;

ANNOTATE(string = "Thermal Node Attributes: Temperature",
         x = 0.02,
         y = 0.95);

DISPLAY(p_and_o = [0.0,0.0,0.0,0.0,0.0,0.0],
        time = vis_orbit_times[1],
        scale = 1.0,
        axes = TRUE,
        asm_axes = TRUE,
        points = FALSE,
        assembly_p_and_o = vis_orbit_pos[1]);

CLEAR();

KEY(shade = continuous_shade,
    range = default_range,
    x = 0.02,
    y = 0.02);

GagarinSat_cfg5.RANGE = "default_range";
GagarinSat_cfg5.SHADE = "continuous_shade";
GagarinSat_cfg5.NODES = FALSE;

ANNOTATE(string = "Thermal Node Attributes: Temperature",
         x = 0.02,
         y = 0.95);

DISPLAY(p_and_o = [0.0,0.0,0.0,0.0,0.0,0.0],
        time = vis_orbit_times[1],
        scale = 1.0,
        axes = TRUE,
        asm_axes = TRUE,
        points = FALSE,
        assembly_p_and_o = vis_orbit_pos[1]);

CLEAR();

KEY(shade = continuous_shade,
    range = default_range,
    x = 0.02,
    y = 0.02);

GagarinSat_cfg5.RANGE = "default_range";
GagarinSat_cfg5.SHADE = "continuous_shade";
GagarinSat_cfg5.NODES = FALSE;

ANNOTATE(string = "Thermal Node Attributes: Temperature",
         x = 0.02,
         y = 0.95);

DISPLAY(p_and_o = [0.0,0.0,0.0,0.0,0.0,0.0],
        time = vis_orbit_times[1],
        scale = 1.0,
        axes = TRUE,
        asm_axes = TRUE,
        points = FALSE,
        assembly_p_and_o = vis_orbit_pos[1]);

CLEAR();

KEY(shade = continuous_shade,
    range = default_range,
    x = 0.02,
    y = 0.02);

GagarinSat_cfg5.RANGE = "default_range";
GagarinSat_cfg5.SHADE = "continuous_shade";
GagarinSat_cfg5.NODES = FALSE;

ANNOTATE(string = "Thermal Node Attributes: Temperature",
         x = 0.02,
         y = 0.95);

DISPLAY(p_and_o = [0.0,0.0,0.0,0.0,0.0,0.0],
        time = vis_orbit_times[1],
        scale = 1.0,
        axes = TRUE,
        asm_axes = TRUE,
        points = FALSE,
        assembly_p_and_o = vis_orbit_pos[1]);

CLEAR();

KEY(shade = continuous_shade,
    range = default_range,
    x = 0.02,
    y = 0.02);

GagarinSat_cfg5.RANGE = "default_range";
GagarinSat_cfg5.SHADE = "continuous_shade";
GagarinSat_cfg5.NODES = FALSE;

ANNOTATE(string = "Thermal Node Attributes: Temperature",
         x = 0.02,
         y = 0.95);

DISPLAY(p_and_o = [0.0,0.0,0.0,0.0,0.0,0.0],
        time = vis_orbit_times[1],
        scale = 1.0,
        axes = TRUE,
        asm_axes = TRUE,
        points = FALSE,
        assembly_p_and_o = vis_orbit_pos[1]);

CLEAR();

KEY(shade = continuous_shade,
    range = default_range,
    x = 0.02,
    y = 0.02);

GagarinSat_cfg5.RANGE = "default_range";
GagarinSat_cfg5.SHADE = "continuous_shade";
GagarinSat_cfg5.NODES = FALSE;

ANNOTATE(string = "Thermal Node Attributes: Temperature",
         x = 0.02,
         y = 0.95);

DISPLAY(p_and_o = [0.0,0.0,0.0,0.0,0.0,0.0],
        time = vis_orbit_times[1],
        scale = 1.0,
        axes = TRUE,
        asm_axes = TRUE,
        points = FALSE,
        assembly_p_and_o = vis_orbit_pos[1]);

CLEAR();

KEY(shade = continuous_shade,
    range = default_range,
    x = 0.02,
    y = 0.02);

GagarinSat_cfg5.RANGE = "default_range";
GagarinSat_cfg5.SHADE = "continuous_shade";
GagarinSat_cfg5.NODES = FALSE;

ANNOTATE(string = "Thermal Node Attributes: Temperature",
         x = 0.02,
         y = 0.95);

DISPLAY(p_and_o = [0.0,0.0,0.0,0.0,0.0,0.0],
        time = vis_orbit_times[1],
        scale = 1.0,
        axes = TRUE,
        asm_axes = TRUE,
        points = FALSE,
        assembly_p_and_o = vis_orbit_pos[1]);

CLEAR();

KEY(shade = continuous_shade,
    range = default_range,
    x = 0.02,
    y = 0.02);

GagarinSat_cfg5.RANGE = "default_range";
GagarinSat_cfg5.SHADE = "continuous_shade";
GagarinSat_cfg5.NODES = FALSE;

ANNOTATE(string = "Thermal Node Attributes: Temperature",
         x = 0.02,
         y = 0.95);

DISPLAY(p_and_o = [0.0,0.0,0.0,0.0,0.0,0.0],
        time = vis_orbit_times[1],
        scale = 1.0,
        axes = TRUE,
        asm_axes = TRUE,
        points = FALSE,
        assembly_p_and_o = vis_orbit_pos[1]);

CLEAR();

KEY(shade = continuous_shade,
    range = default_range,
    x = 0.02,
    y = 0.02);

GagarinSat_cfg5.RANGE = "default_range";
GagarinSat_cfg5.SHADE = "continuous_shade";
GagarinSat_cfg5.NODES = FALSE;

ANNOTATE(string = "Thermal Node Attributes: Temperature",
         x = 0.02,
         y = 0.95);

DISPLAY(p_and_o = [0.0,0.0,0.0,0.0,0.0,0.0],
        time = vis_orbit_times[1],
        scale = 1.0,
        axes = TRUE,
        asm_axes = TRUE,
        points = FALSE,
        assembly_p_and_o = vis_orbit_pos[1]);

CLEAR();

KEY(shade = continuous_shade,
    range = default_range,
    x = 0.02,
    y = 0.02);

GagarinSat_cfg5.RANGE = "default_range";
GagarinSat_cfg5.SHADE = "continuous_shade";
GagarinSat_cfg5.NODES = FALSE;

ANNOTATE(string = "Thermal Node Attributes: Temperature",
         x = 0.02,
         y = 0.95);

DISPLAY(p_and_o = [0.0,0.0,0.0,0.0,0.0,0.0],
        time = vis_orbit_times[1],
        scale = 1.0,
        axes = TRUE,
        asm_axes = TRUE,
        points = FALSE,
        assembly_p_and_o = vis_orbit_pos[1]);

CLEAR();

KEY(shade = continuous_shade,
    range = default_range,
    x = 0.02,
    y = 0.02);

GagarinSat_cfg5.RANGE = "default_range";
GagarinSat_cfg5.SHADE = "continuous_shade";
GagarinSat_cfg5.NODES = FALSE;

ANNOTATE(string = "Thermal Node Attributes: Temperature",
         x = 0.02,
         y = 0.95);

DISPLAY(p_and_o = [0.0,0.0,0.0,0.0,0.0,0.0],
        time = vis_orbit_times[1],
        scale = 1.0,
        axes = TRUE,
        asm_axes = TRUE,
        points = FALSE,
        assembly_p_and_o = vis_orbit_pos[1]);

CLEAR();

KEY(shade = continuous_shade,
    range = default_range,
    x = 0.02,
    y = 0.02);

GagarinSat_cfg5.RANGE = "default_range";
GagarinSat_cfg5.SHADE = "continuous_shade";
GagarinSat_cfg5.NODES = FALSE;

ANNOTATE(string = "Thermal Node Attributes: Temperature",
         x = 0.02,
         y = 0.95);

DISPLAY(p_and_o = [0.0,0.0,0.0,0.0,0.0,0.0],
        time = vis_orbit_times[1],
        scale = 1.0,
        axes = TRUE,
        asm_axes = TRUE,
        points = FALSE,
        assembly_p_and_o = vis_orbit_pos[1]);

CLEAR();

KEY(shade = continuous_shade,
    range = default_range,
    x = 0.02,
    y = 0.02);

GagarinSat_cfg5.RANGE = "default_range";
GagarinSat_cfg5.SHADE = "continuous_shade";
GagarinSat_cfg5.NODES = FALSE;

ANNOTATE(string = "Thermal Node Attributes: Temperature",
         x = 0.02,
         y = 0.95);

DISPLAY(p_and_o = [0.0,0.0,0.0,0.0,0.0,0.0],
        time = vis_orbit_times[1],
        scale = 1.0,
        axes = TRUE,
        asm_axes = TRUE,
        points = FALSE,
        assembly_p_and_o = vis_orbit_pos[1]);

CLEAR();

KEY(shade = continuous_shade,
    range = default_range,
    x = 0.02,
    y = 0.02);

GagarinSat_cfg5.RANGE = "default_range";
GagarinSat_cfg5.SHADE = "continuous_shade";
GagarinSat_cfg5.NODES = FALSE;

ANNOTATE(string = "Thermal Node Attributes: Temperature",
         x = 0.02,
         y = 0.95);

DISPLAY(p_and_o = [0.0,0.0,0.0,0.0,0.0,0.0],
        time = vis_orbit_times[1],
        scale = 1.0,
        axes = TRUE,
        asm_axes = TRUE,
        points = FALSE,
        assembly_p_and_o = vis_orbit_pos[1]);

CLEAR();

KEY(shade = continuous_shade,
    range = default_range,
    x = 0.02,
    y = 0.02);

GagarinSat_cfg5.RANGE = "default_range";
GagarinSat_cfg5.SHADE = "continuous_shade";
GagarinSat_cfg5.NODES = FALSE;

ANNOTATE(string = "Thermal Node Attributes: Temperature",
         x = 0.02,
         y = 0.95);

DISPLAY(p_and_o = [0.0,0.0,0.0,0.0,0.0,0.0],
        time = vis_orbit_times[1],
        scale = 1.0,
        axes = TRUE,
        asm_axes = TRUE,
        points = FALSE,
        assembly_p_and_o = vis_orbit_pos[1]);

CLEAR();

KEY(shade = continuous_shade,
    range = default_range,
    x = 0.02,
    y = 0.02);

GagarinSat_cfg5.RANGE = "default_range";
GagarinSat_cfg5.SHADE = "continuous_shade";
GagarinSat_cfg5.NODES = FALSE;

ANNOTATE(string = "Thermal Node Attributes: Temperature",
         x = 0.02,
         y = 0.95);

DISPLAY(p_and_o = [0.0,0.0,0.0,0.0,0.0,0.0],
        time = vis_orbit_times[1],
        scale = 1.0,
        axes = TRUE,
        asm_axes = TRUE,
        points = FALSE,
        assembly_p_and_o = vis_orbit_pos[1]);

CLEAR();

KEY(shade = continuous_shade,
    range = default_range,
    x = 0.02,
    y = 0.02);

GagarinSat_cfg5.RANGE = "default_range";
GagarinSat_cfg5.SHADE = "continuous_shade";
GagarinSat_cfg5.NODES = FALSE;

ANNOTATE(string = "Thermal Node Attributes: Temperature",
         x = 0.02,
         y = 0.95);

DISPLAY(p_and_o = [0.0,0.0,0.0,0.0,0.0,0.0],
        time = vis_orbit_times[1],
        scale = 1.0,
        axes = TRUE,
        asm_axes = TRUE,
        points = FALSE,
        assembly_p_and_o = vis_orbit_pos[1]);

CLEAR();

KEY(shade = continuous_shade,
    range = default_range,
    x = 0.02,
    y = 0.02);

GagarinSat_cfg5.RANGE = "default_range";
GagarinSat_cfg5.SHADE = "continuous_shade";
GagarinSat_cfg5.NODES = FALSE;

ANNOTATE(string = "Thermal Node Attributes: Temperature",
         x = 0.02,
         y = 0.95);

DISPLAY(p_and_o = [0.0,0.0,0.0,0.0,0.0,0.0],
        time = vis_orbit_times[1],
        scale = 1.0,
        axes = TRUE,
        asm_axes = TRUE,
        points = FALSE,
        assembly_p_and_o = vis_orbit_pos[1]);

CLEAR();

KEY(shade = continuous_shade,
    range = default_range,
    x = 0.02,
    y = 0.02);

GagarinSat_cfg5.RANGE = "default_range";
GagarinSat_cfg5.SHADE = "continuous_shade";
GagarinSat_cfg5.NODES = FALSE;

ANNOTATE(string = "Thermal Node Attributes: Temperature",
         x = 0.02,
         y = 0.95);

DISPLAY(p_and_o = [0.0,0.0,0.0,0.0,0.0,0.0],
        time = vis_orbit_times[1],
        scale = 1.0,
        axes = TRUE,
        asm_axes = TRUE,
        points = FALSE,
        assembly_p_and_o = vis_orbit_pos[1]);

CLEAR();

KEY(shade = continuous_shade,
    range = default_range,
    x = 0.02,
    y = 0.02);

GagarinSat_cfg5.RANGE = "default_range";
GagarinSat_cfg5.SHADE = "continuous_shade";
GagarinSat_cfg5.NODES = FALSE;

ANNOTATE(string = "Thermal Node Attributes: Temperature",
         x = 0.02,
         y = 0.95);

DISPLAY(p_and_o = [0.0,0.0,0.0,0.0,0.0,0.0],
        time = vis_orbit_times[1],
        scale = 1.0,
        axes = TRUE,
        asm_axes = TRUE,
        points = FALSE,
        assembly_p_and_o = vis_orbit_pos[1]);

CLEAR();

KEY(shade = continuous_shade,
    range = default_range,
    x = 0.02,
    y = 0.02);

GagarinSat_cfg5.RANGE = "default_range";
GagarinSat_cfg5.SHADE = "continuous_shade";
GagarinSat_cfg5.NODES = FALSE;

ANNOTATE(string = "Thermal Node Attributes: Temperature",
         x = 0.02,
         y = 0.95);

DISPLAY(p_and_o = [0.0,0.0,0.0,0.0,0.0,0.0],
        time = vis_orbit_times[1],
        scale = 1.0,
        axes = TRUE,
        asm_axes = TRUE,
        points = FALSE,
        assembly_p_and_o = vis_orbit_pos[1]);

CLEAR();

KEY(shade = continuous_shade,
    range = default_range,
    x = 0.02,
    y = 0.02);

GagarinSat_cfg5.RANGE = "default_range";
GagarinSat_cfg5.SHADE = "continuous_shade";
GagarinSat_cfg5.NODES = FALSE;

ANNOTATE(string = "Thermal Node Attributes: Temperature",
         x = 0.02,
         y = 0.95);

DISPLAY(p_and_o = [0.0,0.0,0.0,0.0,0.0,0.0],
        time = vis_orbit_times[1],
        scale = 1.0,
        axes = TRUE,
        asm_axes = TRUE,
        points = FALSE,
        assembly_p_and_o = vis_orbit_pos[1]);

CLEAR();

KEY(shade = continuous_shade,
    range = default_range,
    x = 0.02,
    y = 0.02);

GagarinSat_cfg5.RANGE = "default_range";
GagarinSat_cfg5.SHADE = "continuous_shade";
GagarinSat_cfg5.NODES = FALSE;

ANNOTATE(string = "Thermal Node Attributes: Temperature",
         x = 0.02,
         y = 0.95);

DISPLAY(p_and_o = [0.0,0.0,0.0,0.0,0.0,0.0],
        time = vis_orbit_times[1],
        scale = 1.0,
        axes = TRUE,
        asm_axes = TRUE,
        points = FALSE,
        assembly_p_and_o = vis_orbit_pos[1]);

CLEAR();

KEY(shade = continuous_shade,
    range = default_range,
    x = 0.02,
    y = 0.02);

GagarinSat_cfg5.RANGE = "default_range";
GagarinSat_cfg5.SHADE = "continuous_shade";
GagarinSat_cfg5.NODES = FALSE;

ANNOTATE(string = "Thermal Node Attributes: Temperature",
         x = 0.02,
         y = 0.95);

DISPLAY(p_and_o = [0.0,0.0,0.0,0.0,0.0,0.0],
        time = vis_orbit_times[1],
        scale = 1.0,
        axes = TRUE,
        asm_axes = TRUE,
        points = FALSE,
        assembly_p_and_o = vis_orbit_pos[1]);

CLEAR();

KEY(shade = continuous_shade,
    range = default_range,
    x = 0.02,
    y = 0.02);

GagarinSat_cfg5.RANGE = "default_range";
GagarinSat_cfg5.SHADE = "continuous_shade";
GagarinSat_cfg5.NODES = FALSE;

ANNOTATE(string = "Thermal Node Attributes: Temperature",
         x = 0.02,
         y = 0.95);

DISPLAY(p_and_o = [0.0,0.0,0.0,0.0,0.0,0.0],
        time = vis_orbit_times[1],
        scale = 1.0,
        axes = TRUE,
        asm_axes = TRUE,
        points = FALSE,
        assembly_p_and_o = vis_orbit_pos[1]);

CLEAR();

KEY(shade = continuous_shade,
    range = default_range,
    x = 0.02,
    y = 0.02);

GagarinSat_cfg5.RANGE = "default_range";
GagarinSat_cfg5.SHADE = "continuous_shade";
GagarinSat_cfg5.NODES = FALSE;

ANNOTATE(string = "Thermal Node Attributes: Temperature",
         x = 0.02,
         y = 0.95);

DISPLAY(p_and_o = [0.0,0.0,0.0,0.0,0.0,0.0],
        time = vis_orbit_times[1],
        scale = 1.0,
        axes = TRUE,
        asm_axes = TRUE,
        points = FALSE,
        assembly_p_and_o = vis_orbit_pos[1]);

CLEAR();

KEY(shade = continuous_shade,
    range = default_range,
    x = 0.02,
    y = 0.02);

GagarinSat_cfg5.RANGE = "default_range";
GagarinSat_cfg5.SHADE = "continuous_shade";
GagarinSat_cfg5.NODES = FALSE;

ANNOTATE(string = "Thermal Node Attributes: Temperature",
         x = 0.02,
         y = 0.95);

DISPLAY(p_and_o = [0.0,0.0,0.0,0.0,0.0,0.0],
        time = vis_orbit_times[1],
        scale = 1.0,
        axes = TRUE,
        asm_axes = TRUE,
        points = FALSE,
        assembly_p_and_o = vis_orbit_pos[1]);

CLEAR();

KEY(shade = continuous_shade,
    range = default_range,
    x = 0.02,
    y = 0.02);

GagarinSat_cfg5.RANGE = "default_range";
GagarinSat_cfg5.SHADE = "continuous_shade";
GagarinSat_cfg5.NODES = FALSE;

ANNOTATE(string = "Thermal Node Attributes: Temperature",
         x = 0.02,
         y = 0.95);

DISPLAY(p_and_o = [0.0,0.0,0.0,0.0,0.0,0.0],
        time = vis_orbit_times[1],
        scale = 1.0,
        axes = TRUE,
        asm_axes = TRUE,
        points = FALSE,
        assembly_p_and_o = vis_orbit_pos[1]);

CLEAR();

KEY(shade = continuous_shade,
    range = default_range,
    x = 0.02,
    y = 0.02);

GagarinSat_cfg5.RANGE = "default_range";
GagarinSat_cfg5.SHADE = "continuous_shade";
GagarinSat_cfg5.NODES = FALSE;

ANNOTATE(string = "Thermal Node Attributes: Temperature",
         x = 0.02,
         y = 0.95);

DISPLAY(p_and_o = [0.0,0.0,0.0,0.0,0.0,0.0],
        time = vis_orbit_times[1],
        scale = 1.0,
        axes = TRUE,
        asm_axes = TRUE,
        points = FALSE,
        assembly_p_and_o = vis_orbit_pos[1]);

CLEAR();

KEY(shade = continuous_shade,
    range = default_range,
    x = 0.02,
    y = 0.02);

GagarinSat_cfg5.RANGE = "default_range";
GagarinSat_cfg5.SHADE = "continuous_shade";
GagarinSat_cfg5.NODES = FALSE;

ANNOTATE(string = "Thermal Node Attributes: Temperature",
         x = 0.02,
         y = 0.95);

DISPLAY(p_and_o = [0.0,0.0,0.0,0.0,0.0,0.0],
        time = vis_orbit_times[1],
        scale = 1.0,
        axes = TRUE,
        asm_axes = TRUE,
        points = FALSE,
        assembly_p_and_o = vis_orbit_pos[1]);

CLEAR();

KEY(shade = continuous_shade,
    range = default_range,
    x = 0.02,
    y = 0.02);

GagarinSat_cfg5.RANGE = "default_range";
GagarinSat_cfg5.SHADE = "continuous_shade";
GagarinSat_cfg5.NODES = FALSE;

ANNOTATE(string = "Thermal Node Attributes: Temperature",
         x = 0.02,
         y = 0.95);

DISPLAY(p_and_o = [0.0,0.0,0.0,0.0,0.0,0.0],
        time = vis_orbit_times[1],
        scale = 1.0,
        axes = TRUE,
        asm_axes = TRUE,
        points = FALSE,
        assembly_p_and_o = vis_orbit_pos[1]);

CLEAR();

KEY(shade = continuous_shade,
    range = default_range,
    x = 0.02,
    y = 0.02);

GagarinSat_cfg5.RANGE = "default_range";
GagarinSat_cfg5.SHADE = "continuous_shade";
GagarinSat_cfg5.NODES = FALSE;

ANNOTATE(string = "Thermal Node Attributes: Temperature",
         x = 0.02,
         y = 0.95);

DISPLAY(p_and_o = [0.0,0.0,0.0,0.0,0.0,0.0],
        time = vis_orbit_times[1],
        scale = 1.0,
        axes = TRUE,
        asm_axes = TRUE,
        points = FALSE,
        assembly_p_and_o = vis_orbit_pos[1]);

CLEAR();

KEY(shade = continuous_shade,
    range = default_range,
    x = 0.02,
    y = 0.02);

GagarinSat_cfg5.RANGE = "default_range";
GagarinSat_cfg5.SHADE = "continuous_shade";
GagarinSat_cfg5.NODES = FALSE;

ANNOTATE(string = "Thermal Node Attributes: Temperature",
         x = 0.02,
         y = 0.95);

DISPLAY(p_and_o = [0.0,0.0,0.0,0.0,0.0,0.0],
        time = vis_orbit_times[1],
        scale = 1.0,
        axes = TRUE,
        asm_axes = TRUE,
        points = FALSE,
        assembly_p_and_o = vis_orbit_pos[1]);

CLEAR();

KEY(shade = continuous_shade,
    range = default_range,
    x = 0.02,
    y = 0.02);

GagarinSat_cfg5.RANGE = "default_range";
GagarinSat_cfg5.SHADE = "continuous_shade";
GagarinSat_cfg5.NODES = FALSE;

ANNOTATE(string = "Thermal Node Attributes: Temperature",
         x = 0.02,
         y = 0.95);

DISPLAY(p_and_o = [0.0,0.0,0.0,0.0,0.0,0.0],
        time = vis_orbit_times[1],
        scale = 1.0,
        axes = TRUE,
        asm_axes = TRUE,
        points = FALSE,
        assembly_p_and_o = vis_orbit_pos[1]);

CLEAR();

KEY(shade = continuous_shade,
    range = default_range,
    x = 0.02,
    y = 0.02);

GagarinSat_cfg5.RANGE = "default_range";
GagarinSat_cfg5.SHADE = "continuous_shade";
GagarinSat_cfg5.NODES = FALSE;

ANNOTATE(string = "Thermal Node Attributes: Temperature",
         x = 0.02,
         y = 0.95);

DISPLAY(p_and_o = [0.0,0.0,0.0,0.0,0.0,0.0],
        time = vis_orbit_times[1],
        scale = 1.0,
        axes = TRUE,
        asm_axes = TRUE,
        points = FALSE,
        assembly_p_and_o = vis_orbit_pos[1]);

CLEAR();

KEY(shade = continuous_shade,
    range = default_range,
    x = 0.02,
    y = 0.02);

GagarinSat_cfg5.RANGE = "default_range";
GagarinSat_cfg5.SHADE = "continuous_shade";
GagarinSat_cfg5.NODES = FALSE;

ANNOTATE(string = "Thermal Node Attributes: Temperature",
         x = 0.02,
         y = 0.95);

DISPLAY(p_and_o = [0.0,0.0,0.0,0.0,0.0,0.0],
        time = vis_orbit_times[1],
        scale = 1.0,
        axes = TRUE,
        asm_axes = TRUE,
        points = FALSE,
        assembly_p_and_o = vis_orbit_pos[1]);

CLEAR();

KEY(shade = continuous_shade,
    range = default_range,
    x = 0.02,
    y = 0.02);

GagarinSat_cfg5.RANGE = "default_range";
GagarinSat_cfg5.SHADE = "continuous_shade";
GagarinSat_cfg5.NODES = FALSE;

ANNOTATE(string = "Thermal Node Attributes: Temperature",
         x = 0.02,
         y = 0.95);

DISPLAY(p_and_o = [0.0,0.0,0.0,0.0,0.0,0.0],
        time = vis_orbit_times[1],
        scale = 1.0,
        axes = TRUE,
        asm_axes = TRUE,
        points = FALSE,
        assembly_p_and_o = vis_orbit_pos[1]);

CLEAR();

KEY(shade = continuous_shade,
    range = default_range,
    x = 0.02,
    y = 0.02);

GagarinSat_cfg5.RANGE = "default_range";
GagarinSat_cfg5.SHADE = "continuous_shade";
GagarinSat_cfg5.NODES = FALSE;

ANNOTATE(string = "Thermal Node Attributes: Temperature",
         x = 0.02,
         y = 0.95);

DISPLAY(p_and_o = [0.0,0.0,0.0,0.0,0.0,0.0],
        time = vis_orbit_times[1],
        scale = 1.0,
        axes = TRUE,
        asm_axes = TRUE,
        points = FALSE,
        assembly_p_and_o = vis_orbit_pos[1]);

CLEAR();

KEY(shade = continuous_shade,
    range = default_range,
    x = 0.02,
    y = 0.02);

GagarinSat_cfg5.RANGE = "default_range";
GagarinSat_cfg5.SHADE = "continuous_shade";
GagarinSat_cfg5.NODES = FALSE;

ANNOTATE(string = "Thermal Node Attributes: Temperature",
         x = 0.02,
         y = 0.95);

DISPLAY(p_and_o = [0.0,0.0,0.0,0.0,0.0,0.0],
        time = vis_orbit_times[1],
        scale = 1.0,
        axes = TRUE,
        asm_axes = TRUE,
        points = FALSE,
        assembly_p_and_o = vis_orbit_pos[1]);

CLEAR();

KEY(shade = continuous_shade,
    range = default_range,
    x = 0.02,
    y = 0.02);

GagarinSat_cfg5.RANGE = "default_range";
GagarinSat_cfg5.SHADE = "continuous_shade";
GagarinSat_cfg5.NODES = FALSE;

ANNOTATE(string = "Thermal Node Attributes: Temperature",
         x = 0.02,
         y = 0.95);

DISPLAY(p_and_o = [0.0,0.0,0.0,0.0,0.0,0.0],
        time = vis_orbit_times[1],
        scale = 1.0,
        axes = TRUE,
        asm_axes = TRUE,
        points = FALSE,
        assembly_p_and_o = vis_orbit_pos[1]);

CLEAR();

KEY(shade = continuous_shade,
    range = default_range,
    x = 0.02,
    y = 0.02);

GagarinSat_cfg5.RANGE = "default_range";
GagarinSat_cfg5.SHADE = "continuous_shade";
GagarinSat_cfg5.NODES = FALSE;

ANNOTATE(string = "Thermal Node Attributes: Temperature",
         x = 0.02,
         y = 0.95);

DISPLAY(p_and_o = [0.0,0.0,0.0,0.0,0.0,0.0],
        time = vis_orbit_times[1],
        scale = 1.0,
        axes = TRUE,
        asm_axes = TRUE,
        points = FALSE,
        assembly_p_and_o = vis_orbit_pos[1]);

CLEAR();

KEY(shade = continuous_shade,
    range = default_range,
    x = 0.02,
    y = 0.02);

GagarinSat_cfg5.RANGE = "default_range";
GagarinSat_cfg5.SHADE = "continuous_shade";
GagarinSat_cfg5.NODES = FALSE;

ANNOTATE(string = "Thermal Node Attributes: Temperature",
         x = 0.02,
         y = 0.95);

DISPLAY(p_and_o = [0.0,0.0,0.0,0.0,0.0,0.0],
        time = vis_orbit_times[1],
        scale = 1.0,
        axes = TRUE,
        asm_axes = TRUE,
        points = FALSE,
        assembly_p_and_o = vis_orbit_pos[1]);

CLEAR();

KEY(shade = continuous_shade,
    range = default_range,
    x = 0.02,
    y = 0.02);

GagarinSat_cfg5.RANGE = "default_range";
GagarinSat_cfg5.SHADE = "continuous_shade";
GagarinSat_cfg5.NODES = FALSE;

ANNOTATE(string = "Thermal Node Attributes: Temperature",
         x = 0.02,
         y = 0.95);

DISPLAY(p_and_o = [0.0,0.0,0.0,0.0,0.0,0.0],
        time = vis_orbit_times[1],
        scale = 1.0,
        axes = TRUE,
        asm_axes = TRUE,
        points = FALSE,
        assembly_p_and_o = vis_orbit_pos[1]);

CLEAR();

KEY(shade = continuous_shade,
    range = default_range,
    x = 0.02,
    y = 0.02);

GagarinSat_cfg5.RANGE = "default_range";
GagarinSat_cfg5.SHADE = "continuous_shade";
GagarinSat_cfg5.NODES = FALSE;

ANNOTATE(string = "Thermal Node Attributes: Temperature",
         x = 0.02,
         y = 0.95);

DISPLAY(p_and_o = [0.0,0.0,0.0,0.0,0.0,0.0],
        time = vis_orbit_times[1],
        scale = 1.0,
        axes = TRUE,
        asm_axes = TRUE,
        points = FALSE,
        assembly_p_and_o = vis_orbit_pos[1]);

CLEAR();

KEY(shade = continuous_shade,
    range = default_range,
    x = 0.02,
    y = 0.02);

GagarinSat_cfg5.RANGE = "default_range";
GagarinSat_cfg5.SHADE = "continuous_shade";
GagarinSat_cfg5.NODES = FALSE;

ANNOTATE(string = "Thermal Node Attributes: Temperature",
         x = 0.02,
         y = 0.95);

DISPLAY(p_and_o = [0.0,0.0,0.0,0.0,0.0,0.0],
        time = vis_orbit_times[1],
        scale = 1.0,
        axes = TRUE,
        asm_axes = TRUE,
        points = FALSE,
        assembly_p_and_o = vis_orbit_pos[1]);

RADIATIVE_PRE_PROCESS_OVERLAY(source = "GEOMETRY",
                              display = "MODEL_ONLY");
CLEAR();

GagarinSat_cfg5.NODES = FALSE;

ANNOTATE(string = "Colour",
         x = 0.02,
         y = 0.95);

DISPLAY(p_and_o = [0.0,0.0,0.0,0.0,0.0,0.0],
        scale = 1.0,
        axes = TRUE,
        asm_axes = TRUE,
        points = FALSE);

CLEAR();

GagarinSat_cfg5.NODES = FALSE;

ANNOTATE(string = "Colour",
         x = 0.02,
         y = 0.95);

DISPLAY(p_and_o = [0.0,0.0,0.0,0.0,0.0,0.0],
        scale = 1.0,
        axes = TRUE,
        asm_axes = TRUE,
        points = FALSE);

CLEAR();

GagarinSat_cfg5.NODES = FALSE;

ANNOTATE(string = "Colour",
         x = 0.02,
         y = 0.95);

DISPLAY(p_and_o = [0.0,0.0,0.0,0.0,0.0,0.0],
        scale = 1.0,
        axes = TRUE,
        asm_axes = TRUE,
        points = FALSE);

CLEAR();

GagarinSat_cfg5.NODES = FALSE;

ANNOTATE(string = "Colour",
         x = 0.02,
         y = 0.95);

DISPLAY(p_and_o = [0.0,0.0,0.0,0.0,0.0,0.0],
        scale = 1.0,
        axes = TRUE,
        asm_axes = TRUE,
        points = FALSE);

RADIATIVE_PRE_PROCESS_OVERLAY(source = "GEOMETRY",
                              display = "MODEL_ONLY");
CLEAR();

GagarinSat_cfg5.NODES = FALSE;

ANNOTATE(string = "Colour",
         x = 0.02,
         y = 0.95);

DISPLAY(p_and_o = [0.0,0.0,0.0,0.0,0.0,0.0],
        scale = 1.0,
        axes = TRUE,
        asm_axes = TRUE,
        points = FALSE);

CLEAR();

GagarinSat_cfg5.NODES = FALSE;

ANNOTATE(string = "Colour",
         x = 0.02,
         y = 0.95);

DISPLAY(p_and_o = [0.0,0.0,0.0,0.0,0.0,0.0],
        scale = 1.0,
        axes = TRUE,
        asm_axes = TRUE,
        points = FALSE);

CLEAR();

GagarinSat_cfg5.NODES = FALSE;

ANNOTATE(string = "Colour",
         x = 0.02,
         y = 0.95);

DISPLAY(p_and_o = [0.0,0.0,0.0,0.0,0.0,0.0],
        scale = 1.0,
        axes = TRUE,
        asm_axes = TRUE,
        points = FALSE);

CLEAR();

GagarinSat_cfg5.NODES = FALSE;

ANNOTATE(string = "Colour",
         x = 0.02,
         y = 0.95);

DISPLAY(p_and_o = [0.0,0.0,0.0,0.0,0.0,0.0],
        scale = 1.0,
        axes = TRUE,
        asm_axes = TRUE,
        points = FALSE);

CLEAR();

GagarinSat_cfg5.NODES = FALSE;

ANNOTATE(string = "Colour",
         x = 0.02,
         y = 0.95);

DISPLAY(p_and_o = [0.0,0.0,0.0,0.0,0.0,0.0],
        scale = 1.0,
        axes = TRUE,
        asm_axes = TRUE,
        points = FALSE);

CLEAR();

GagarinSat_cfg5.NODES = FALSE;

ANNOTATE(string = "Colour",
         x = 0.02,
         y = 0.95);

DISPLAY(p_and_o = [0.0,0.0,0.0,0.0,0.0,0.0],
        scale = 1.0,
        axes = TRUE,
        asm_axes = TRUE,
        points = FALSE);

CLEAR();

GagarinSat_cfg5.NODES = FALSE;

ANNOTATE(string = "Colour",
         x = 0.02,
         y = 0.95);

DISPLAY(p_and_o = [0.0,0.0,0.0,0.0,0.0,0.0],
        scale = 1.0,
        axes = TRUE,
        asm_axes = TRUE,
        points = FALSE);

CLEAR();

GagarinSat_cfg5.NODES = FALSE;

ANNOTATE(string = "Colour",
         x = 0.02,
         y = 0.95);

DISPLAY(p_and_o = [0.0,0.0,0.0,0.0,0.0,0.0],
        scale = 1.0,
        axes = TRUE,
        asm_axes = TRUE,
        points = FALSE);

CLEAR();

GagarinSat_cfg5.NODES = FALSE;

ANNOTATE(string = "Colour",
         x = 0.02,
         y = 0.95);

DISPLAY(p_and_o = [0.0,0.0,0.0,0.0,0.0,0.0],
        scale = 1.0,
        axes = TRUE,
        asm_axes = TRUE,
        points = FALSE);

CLEAR();

GagarinSat_cfg5.NODES = FALSE;

ANNOTATE(string = "Colour",
         x = 0.02,
         y = 0.95);

DISPLAY(p_and_o = [0.0,0.0,0.0,0.0,0.0,0.0],
        scale = 1.0,
        axes = TRUE,
        asm_axes = TRUE,
        points = FALSE);

CLEAR();

GagarinSat_cfg5.NODES = FALSE;

ANNOTATE(string = "Colour",
         x = 0.02,
         y = 0.95);

DISPLAY(p_and_o = [0.0,0.0,0.0,0.0,0.0,0.0],
        scale = 1.0,
        axes = TRUE,
        asm_axes = TRUE,
        points = FALSE);

CLEAR();

GagarinSat_cfg5.NODES = FALSE;

ANNOTATE(string = "Colour",
         x = 0.02,
         y = 0.95);

DISPLAY(p_and_o = [0.0,0.0,0.0,0.0,0.0,0.0],
        scale = 1.0,
        axes = TRUE,
        asm_axes = TRUE,
        points = FALSE);

CLEAR();

GagarinSat_cfg5.NODES = FALSE;

ANNOTATE(string = "Colour",
         x = 0.02,
         y = 0.95);

DISPLAY(p_and_o = [0.0,0.0,0.0,0.0,0.0,0.0],
        scale = 1.0,
        axes = TRUE,
        asm_axes = TRUE,
        points = FALSE);

CLEAR();

GagarinSat_cfg5.NODES = FALSE;

ANNOTATE(string = "Colour",
         x = 0.02,
         y = 0.95);

DISPLAY(p_and_o = [0.0,0.0,0.0,0.0,0.0,0.0],
        scale = 1.0,
        axes = TRUE,
        asm_axes = TRUE,
        points = FALSE);

CLEAR();

GagarinSat_cfg5.NODES = FALSE;

ANNOTATE(string = "Colour",
         x = 0.02,
         y = 0.95);

DISPLAY(p_and_o = [0.0,0.0,0.0,0.0,0.0,0.0],
        scale = 1.0,
        axes = TRUE,
        asm_axes = TRUE,
        points = FALSE);

CLEAR();

GagarinSat_cfg5.NODES = FALSE;

ANNOTATE(string = "Colour",
         x = 0.02,
         y = 0.95);

DISPLAY(p_and_o = [0.0,0.0,0.0,0.0,0.0,0.0],
        scale = 1.0,
        axes = TRUE,
        asm_axes = TRUE,
        points = FALSE);

CLEAR();

GagarinSat_cfg5.NODES = FALSE;

ANNOTATE(string = "Colour",
         x = 0.02,
         y = 0.95);

DISPLAY(p_and_o = [0.0,0.0,0.0,0.0,0.0,0.0],
        scale = 1.0,
        axes = TRUE,
        asm_axes = TRUE,
        points = FALSE);

CLEAR();

GagarinSat_cfg5.NODES = FALSE;

ANNOTATE(string = "Colour",
         x = 0.02,
         y = 0.95);

DISPLAY(p_and_o = [0.0,0.0,0.0,0.0,0.0,0.0],
        scale = 1.0,
        axes = TRUE,
        asm_axes = TRUE,
        points = FALSE);

CLEAR();

GagarinSat_cfg5.NODES = FALSE;

ANNOTATE(string = "Colour",
         x = 0.02,
         y = 0.95);

DISPLAY(p_and_o = [0.0,0.0,0.0,0.0,0.0,0.0],
        scale = 1.0,
        axes = TRUE,
        asm_axes = TRUE,
        points = FALSE);

CLEAR();

GagarinSat_cfg5.NODES = FALSE;

ANNOTATE(string = "Colour",
         x = 0.02,
         y = 0.95);

DISPLAY(p_and_o = [0.0,0.0,0.0,0.0,0.0,0.0],
        scale = 1.0,
        axes = TRUE,
        asm_axes = TRUE,
        points = FALSE);

CLEAR();

GagarinSat_cfg5.NODES = FALSE;

ANNOTATE(string = "Colour",
         x = 0.02,
         y = 0.95);

DISPLAY(p_and_o = [0.0,0.0,0.0,0.0,0.0,0.0],
        scale = 1.0,
        axes = TRUE,
        asm_axes = TRUE,
        points = FALSE);

CLEAR();

GagarinSat_cfg5.NODES = FALSE;

ANNOTATE(string = "Colour",
         x = 0.02,
         y = 0.95);

DISPLAY(p_and_o = [0.0,0.0,0.0,0.0,0.0,0.0],
        scale = 1.0,
        axes = TRUE,
        asm_axes = TRUE,
        points = FALSE);

CLEAR();

GagarinSat_cfg5.NODES = FALSE;

ANNOTATE(string = "Colour",
         x = 0.02,
         y = 0.95);

DISPLAY(p_and_o = [0.0,0.0,0.0,0.0,0.0,0.0],
        scale = 1.0,
        axes = TRUE,
        asm_axes = TRUE,
        points = FALSE);

CLEAR();

GagarinSat_cfg5.NODES = FALSE;

ANNOTATE(string = "Colour",
         x = 0.02,
         y = 0.95);

DISPLAY(p_and_o = [0.0,0.0,0.0,0.0,0.0,0.0],
        scale = 1.0,
        axes = TRUE,
        asm_axes = TRUE,
        points = FALSE);

CLEAR();

GagarinSat_cfg5.NODES = FALSE;

ANNOTATE(string = "Colour",
         x = 0.02,
         y = 0.95);

DISPLAY(p_and_o = [0.0,0.0,0.0,0.0,0.0,0.0],
        scale = 1.0,
        axes = TRUE,
        asm_axes = TRUE,
        points = FALSE);

CLEAR();

GagarinSat_cfg5.NODES = FALSE;

ANNOTATE(string = "Colour",
         x = 0.02,
         y = 0.95);

DISPLAY(p_and_o = [0.0,0.0,0.0,0.0,0.0,0.0],
        scale = 1.0,
        axes = TRUE,
        asm_axes = TRUE,
        points = FALSE);

CLEAR();

GagarinSat_cfg5.NODES = FALSE;

ANNOTATE(string = "Colour",
         x = 0.02,
         y = 0.95);

DISPLAY(p_and_o = [0.0,0.0,0.0,0.0,0.0,0.0],
        scale = 1.0,
        axes = TRUE,
        asm_axes = TRUE,
        points = FALSE);

CLEAR();

GagarinSat_cfg5.NODES = FALSE;

ANNOTATE(string = "Colour",
         x = 0.02,
         y = 0.95);

DISPLAY(p_and_o = [0.0,0.0,0.0,0.0,0.0,0.0],
        scale = 1.0,
        axes = TRUE,
        asm_axes = TRUE,
        points = FALSE);

CLEAR();

GagarinSat_cfg5.NODES = FALSE;

ANNOTATE(string = "Colour",
         x = 0.02,
         y = 0.95);

DISPLAY(p_and_o = [0.0,0.0,0.0,0.0,0.0,0.0],
        scale = 1.0,
        axes = TRUE,
        asm_axes = TRUE,
        points = FALSE);

CLEAR();

GagarinSat_cfg5.NODES = FALSE;

ANNOTATE(string = "Colour",
         x = 0.02,
         y = 0.95);

DISPLAY(p_and_o = [0.0,0.0,0.0,0.0,0.0,0.0],
        scale = 1.0,
        axes = TRUE,
        asm_axes = TRUE,
        points = FALSE);

CLEAR();

GagarinSat_cfg5.NODES = FALSE;

ANNOTATE(string = "Colour",
         x = 0.02,
         y = 0.95);

DISPLAY(p_and_o = [0.0,0.0,0.0,0.0,0.0,0.0],
        scale = 1.0,
        axes = TRUE,
        asm_axes = TRUE,
        points = FALSE);

CLEAR();

GagarinSat_cfg5.NODES = FALSE;

ANNOTATE(string = "Colour",
         x = 0.02,
         y = 0.95);

DISPLAY(p_and_o = [0.0,0.0,0.0,0.0,0.0,0.0],
        scale = 1.0,
        axes = TRUE,
        asm_axes = TRUE,
        points = FALSE);

CLEAR();

GagarinSat_cfg5.NODES = FALSE;

ANNOTATE(string = "Colour",
         x = 0.02,
         y = 0.95);

DISPLAY(p_and_o = [0.0,0.0,0.0,0.0,0.0,0.0],
        scale = 1.0,
        axes = TRUE,
        asm_axes = TRUE,
        points = FALSE);

CLEAR();

GagarinSat_cfg5.NODES = FALSE;

ANNOTATE(string = "Colour",
         x = 0.02,
         y = 0.95);

DISPLAY(p_and_o = [0.0,0.0,0.0,0.0,0.0,0.0],
        scale = 1.0,
        axes = TRUE,
        asm_axes = TRUE,
        points = FALSE);

CLEAR();

GagarinSat_cfg5.NODES = FALSE;

ANNOTATE(string = "Colour",
         x = 0.02,
         y = 0.95);

DISPLAY(p_and_o = [0.0,0.0,0.0,0.0,0.0,0.0],
        scale = 1.0,
        axes = TRUE,
        asm_axes = TRUE,
        points = FALSE);

CLEAR();

GagarinSat_cfg5.NODES = FALSE;

ANNOTATE(string = "Colour",
         x = 0.02,
         y = 0.95);

DISPLAY(p_and_o = [0.0,0.0,0.0,0.0,0.0,0.0],
        scale = 1.0,
        axes = TRUE,
        asm_axes = TRUE,
        points = FALSE);

CLEAR();

GagarinSat_cfg5.NODES = FALSE;

ANNOTATE(string = "Colour",
         x = 0.02,
         y = 0.95);

DISPLAY(p_and_o = [0.0,0.0,0.0,0.0,0.0,0.0],
        scale = 1.0,
        axes = TRUE,
        asm_axes = TRUE,
        points = FALSE);

CLEAR();

GagarinSat_cfg5.NODES = FALSE;

ANNOTATE(string = "Colour",
         x = 0.02,
         y = 0.95);

DISPLAY(p_and_o = [0.0,0.0,0.0,0.0,0.0,0.0],
        scale = 1.0,
        axes = TRUE,
        asm_axes = TRUE,
        points = FALSE);

CLEAR();

GagarinSat_cfg5.NODES = FALSE;

ANNOTATE(string = "Colour",
         x = 0.02,
         y = 0.95);

DISPLAY(p_and_o = [0.0,0.0,0.0,0.0,0.0,0.0],
        scale = 1.0,
        axes = TRUE,
        asm_axes = TRUE,
        points = FALSE);

CLEAR();

GagarinSat_cfg5.NODES = FALSE;

ANNOTATE(string = "Colour",
         x = 0.02,
         y = 0.95);

DISPLAY(p_and_o = [0.0,0.0,0.0,0.0,0.0,0.0],
        scale = 1.0,
        axes = TRUE,
        asm_axes = TRUE,
        points = FALSE);

CLEAR();

GagarinSat_cfg5.NODES = FALSE;

ANNOTATE(string = "Colour",
         x = 0.02,
         y = 0.95);

DISPLAY(p_and_o = [0.0,0.0,0.0,0.0,0.0,0.0],
        scale = 1.0,
        axes = TRUE,
        asm_axes = TRUE,
        points = FALSE);

CLEAR();

GagarinSat_cfg5.NODES = FALSE;

ANNOTATE(string = "Colour",
         x = 0.02,
         y = 0.95);

DISPLAY(p_and_o = [0.0,0.0,0.0,0.0,0.0,0.0],
        scale = 1.0,
        axes = TRUE,
        asm_axes = TRUE,
        points = FALSE);

CLEAR();

GagarinSat_cfg5.NODES = FALSE;

ANNOTATE(string = "Colour",
         x = 0.02,
         y = 0.95);

DISPLAY(p_and_o = [0.0,0.0,0.0,0.0,0.0,0.0],
        scale = 1.0,
        axes = TRUE,
        asm_axes = TRUE,
        points = FALSE);

CLEAR();

GagarinSat_cfg5.NODES = FALSE;

ANNOTATE(string = "Colour",
         x = 0.02,
         y = 0.95);

DISPLAY(p_and_o = [0.0,0.0,0.0,0.0,0.0,0.0],
        scale = 1.0,
        axes = TRUE,
        asm_axes = TRUE,
        points = FALSE);

RADIATIVE_PRE_PROCESS_OVERLAY(source = "GEOMETRY",
                              display = "MODEL_ONLY");
CLEAR();

GagarinSat_cfg5.NODES = FALSE;

ANNOTATE(string = "Colour",
         x = 0.02,
         y = 0.95);

DISPLAY(p_and_o = [0.0,0.0,0.0,0.0,0.0,0.0],
        scale = 1.0,
        axes = TRUE,
        asm_axes = TRUE,
        points = FALSE);

CLEAR();

GagarinSat_cfg5.NODES = FALSE;

ANNOTATE(string = "Colour",
         x = 0.02,
         y = 0.95);

DISPLAY(p_and_o = [0.0,0.0,0.0,0.0,0.0,0.0],
        scale = 1.0,
        axes = TRUE,
        asm_axes = TRUE,
        points = FALSE);

CLEAR();

GagarinSat_cfg5.NODES = FALSE;

ANNOTATE(string = "Colour",
         x = 0.02,
         y = 0.95);

DISPLAY(p_and_o = [0.0,0.0,0.0,0.0,0.0,0.0],
        scale = 1.0,
        axes = TRUE,
        asm_axes = TRUE,
        points = FALSE);

CLEAR();

GagarinSat_cfg5.NODES = FALSE;

ANNOTATE(string = "Colour",
         x = 0.02,
         y = 0.95);

DISPLAY(p_and_o = [0.0,0.0,0.0,0.0,0.0,0.0],
        scale = 1.0,
        axes = TRUE,
        asm_axes = TRUE,
        points = FALSE);

CLEAR();

GagarinSat_cfg5.NODES = FALSE;

ANNOTATE(string = "Colour",
         x = 0.02,
         y = 0.95);

DISPLAY(p_and_o = [0.0,0.0,0.0,0.0,0.0,0.0],
        scale = 1.0,
        axes = TRUE,
        asm_axes = TRUE,
        points = FALSE);

CLEAR();

GagarinSat_cfg5.NODES = FALSE;

ANNOTATE(string = "Colour",
         x = 0.02,
         y = 0.95);

DISPLAY(p_and_o = [0.0,0.0,0.0,0.0,0.0,0.0],
        scale = 1.0,
        axes = TRUE,
        asm_axes = TRUE,
        points = FALSE);

CLEAR();

GagarinSat_cfg5.NODES = FALSE;

ANNOTATE(string = "Colour",
         x = 0.02,
         y = 0.95);

DISPLAY(p_and_o = [0.0,0.0,0.0,0.0,0.0,0.0],
        scale = 1.0,
        axes = TRUE,
        asm_axes = TRUE,
        points = FALSE);

CLEAR();

GagarinSat_cfg5.NODES = FALSE;

ANNOTATE(string = "Colour",
         x = 0.02,
         y = 0.95);

DISPLAY(p_and_o = [0.0,0.0,0.0,0.0,0.0,0.0],
        scale = 1.0,
        axes = TRUE,
        asm_axes = TRUE,
        points = FALSE);

CLEAR();

GagarinSat_cfg5.NODES = FALSE;

ANNOTATE(string = "Colour",
         x = 0.02,
         y = 0.95);

DISPLAY(p_and_o = [0.0,0.0,0.0,0.0,0.0,0.0],
        scale = 1.0,
        axes = TRUE,
        asm_axes = TRUE,
        points = FALSE);

CLEAR();

GagarinSat_cfg5.NODES = FALSE;

ANNOTATE(string = "Colour",
         x = 0.02,
         y = 0.95);

DISPLAY(p_and_o = [0.0,0.0,0.0,0.0,0.0,0.0],
        scale = 1.0,
        axes = TRUE,
        asm_axes = TRUE,
        points = FALSE);

CLEAR();

GagarinSat_cfg5.NODES = FALSE;

ANNOTATE(string = "Colour",
         x = 0.02,
         y = 0.95);

DISPLAY(p_and_o = [0.0,0.0,0.0,0.0,0.0,0.0],
        scale = 1.0,
        axes = TRUE,
        asm_axes = TRUE,
        points = FALSE);

CLEAR();

GagarinSat_cfg5.NODES = FALSE;

ANNOTATE(string = "Colour",
         x = 0.02,
         y = 0.95);

DISPLAY(p_and_o = [0.0,0.0,0.0,0.0,0.0,0.0],
        scale = 1.0,
        axes = TRUE,
        asm_axes = TRUE,
        points = FALSE);

CLEAR();

GagarinSat_cfg5.NODES = FALSE;

ANNOTATE(string = "Colour",
         x = 0.02,
         y = 0.95);

DISPLAY(p_and_o = [0.0,0.0,0.0,0.0,0.0,0.0],
        scale = 1.0,
        axes = TRUE,
        asm_axes = TRUE,
        points = FALSE);

CLEAR();

GagarinSat_cfg5.NODES = FALSE;

ANNOTATE(string = "Colour",
         x = 0.02,
         y = 0.95);

DISPLAY(p_and_o = [0.0,0.0,0.0,0.0,0.0,0.0],
        scale = 1.0,
        axes = TRUE,
        asm_axes = TRUE,
        points = FALSE);

CLEAR();

GagarinSat_cfg5.NODES = FALSE;

ANNOTATE(string = "Colour",
         x = 0.02,
         y = 0.95);

DISPLAY(p_and_o = [0.0,0.0,0.0,0.0,0.0,0.0],
        scale = 1.0,
        axes = TRUE,
        asm_axes = TRUE,
        points = FALSE);

CLEAR();

GagarinSat_cfg5.NODES = FALSE;

ANNOTATE(string = "Colour",
         x = 0.02,
         y = 0.95);

DISPLAY(p_and_o = [0.0,0.0,0.0,0.0,0.0,0.0],
        scale = 1.0,
        axes = TRUE,
        asm_axes = TRUE,
        points = FALSE);

CLEAR();

GagarinSat_cfg5.NODES = FALSE;

ANNOTATE(string = "Colour",
         x = 0.02,
         y = 0.95);

DISPLAY(p_and_o = [0.0,0.0,0.0,0.0,0.0,0.0],
        scale = 1.0,
        axes = TRUE,
        asm_axes = TRUE,
        points = FALSE);

CLEAR();

GagarinSat_cfg5.NODES = FALSE;

ANNOTATE(string = "Colour",
         x = 0.02,
         y = 0.95);

DISPLAY(p_and_o = [0.0,0.0,0.0,0.0,0.0,0.0],
        scale = 1.0,
        axes = TRUE,
        asm_axes = TRUE,
        points = FALSE);

CLEAR();

GagarinSat_cfg5.NODES = FALSE;

ANNOTATE(string = "Colour",
         x = 0.02,
         y = 0.95);

DISPLAY(p_and_o = [0.0,0.0,0.0,0.0,0.0,0.0],
        scale = 1.0,
        axes = TRUE,
        asm_axes = TRUE,
        points = FALSE);

CLEAR();

GagarinSat_cfg5.NODES = FALSE;

ANNOTATE(string = "Colour",
         x = 0.02,
         y = 0.95);

DISPLAY(p_and_o = [0.0,0.0,0.0,0.0,0.0,0.0],
        scale = 1.0,
        axes = TRUE,
        asm_axes = TRUE,
        points = FALSE);

CLEAR();

GagarinSat_cfg5.NODES = FALSE;

ANNOTATE(string = "Colour",
         x = 0.02,
         y = 0.95);

DISPLAY(p_and_o = [0.0,0.0,0.0,0.0,0.0,0.0],
        scale = 1.0,
        axes = TRUE,
        asm_axes = TRUE,
        points = FALSE);

CLEAR();

GagarinSat_cfg5.NODES = FALSE;

ANNOTATE(string = "Colour",
         x = 0.02,
         y = 0.95);

DISPLAY(p_and_o = [0.0,0.0,0.0,0.0,0.0,0.0],
        scale = 1.0,
        axes = TRUE,
        asm_axes = TRUE,
        points = FALSE);

RADIATIVE_PRE_PROCESS_OVERLAY(source = "GEOMETRY",
                              display = "MODEL_ONLY");
CLEAR();

GagarinSat_cfg5.NODES = FALSE;

ANNOTATE(string = "Colour",
         x = 0.02,
         y = 0.95);

DISPLAY(p_and_o = [0.0,0.0,0.0,0.0,0.0,0.0],
        scale = 1.0,
        axes = TRUE,
        asm_axes = TRUE,
        points = FALSE);

CLEAR();

GagarinSat_cfg5.NODES = FALSE;

ANNOTATE(string = "Colour",
         x = 0.02,
         y = 0.95);

DISPLAY(p_and_o = [0.0,0.0,0.0,0.0,0.0,0.0],
        scale = 1.0,
        axes = TRUE,
        asm_axes = TRUE,
        points = FALSE);

RADIATIVE_PRE_PROCESS_OVERLAY(source = "GEOMETRY",
                              display = "MODEL_ONLY");
CLEAR();

GagarinSat_cfg5.NODES = FALSE;

ANNOTATE(string = "Colour",
         x = 0.02,
         y = 0.95);

DISPLAY(p_and_o = [0.0,0.0,0.0,0.0,0.0,0.0],
        scale = 1.0,
        axes = TRUE,
        asm_axes = TRUE,
        points = FALSE);

CLEAR();

GagarinSat_cfg5.NODES = FALSE;

ANNOTATE(string = "Colour",
         x = 0.02,
         y = 0.95);

DISPLAY(p_and_o = [0.0,0.0,0.0,0.0,0.0,0.0],
        scale = 1.0,
        axes = TRUE,
        asm_axes = TRUE,
        points = FALSE);

CLEAR();

GagarinSat_cfg5.NODES = FALSE;

ANNOTATE(string = "Colour",
         x = 0.02,
         y = 0.95);

DISPLAY(p_and_o = [0.0,0.0,0.0,0.0,0.0,0.0],
        scale = 1.0,
        axes = TRUE,
        asm_axes = TRUE,
        points = FALSE);

CLEAR();

GagarinSat_cfg5.NODES = FALSE;

ANNOTATE(string = "Colour",
         x = 0.02,
         y = 0.95);

DISPLAY(p_and_o = [0.0,0.0,0.0,0.0,0.0,0.0],
        scale = 1.0,
        axes = TRUE,
        asm_axes = TRUE,
        points = FALSE);

CLEAR();

GagarinSat_cfg5.NODES = FALSE;

ANNOTATE(string = "Colour",
         x = 0.02,
         y = 0.95);

DISPLAY(p_and_o = [0.0,0.0,0.0,0.0,0.0,0.0],
        scale = 1.0,
        axes = TRUE,
        asm_axes = TRUE,
        points = FALSE);

CLEAR();

GagarinSat_cfg5.NODES = FALSE;

ANNOTATE(string = "Colour",
         x = 0.02,
         y = 0.95);

DISPLAY(p_and_o = [0.0,0.0,0.0,0.0,0.0,0.0],
        scale = 1.0,
        axes = TRUE,
        asm_axes = TRUE,
        points = FALSE);

CLEAR();

GagarinSat_cfg5.NODES = FALSE;

ANNOTATE(string = "Colour",
         x = 0.02,
         y = 0.95);

DISPLAY(p_and_o = [0.0,0.0,0.0,0.0,0.0,0.0],
        scale = 1.0,
        axes = TRUE,
        asm_axes = TRUE,
        points = FALSE);

CLEAR();

GagarinSat_cfg5.NODES = FALSE;

ANNOTATE(string = "Colour",
         x = 0.02,
         y = 0.95);

DISPLAY(p_and_o = [0.0,0.0,0.0,0.0,0.0,0.0],
        scale = 1.0,
        axes = TRUE,
        asm_axes = TRUE,
        points = FALSE);

CLEAR();

GagarinSat_cfg5.NODES = FALSE;

ANNOTATE(string = "Colour",
         x = 0.02,
         y = 0.95);

DISPLAY(p_and_o = [0.0,0.0,0.0,0.0,0.0,0.0],
        scale = 1.0,
        axes = TRUE,
        asm_axes = TRUE,
        points = FALSE);

CLEAR();

GagarinSat_cfg5.NODES = FALSE;

ANNOTATE(string = "Colour",
         x = 0.02,
         y = 0.95);

DISPLAY(p_and_o = [0.0,0.0,0.0,0.0,0.0,0.0],
        scale = 1.0,
        axes = TRUE,
        asm_axes = TRUE,
        points = FALSE);

CLEAR();

GagarinSat_cfg5.NODES = FALSE;

ANNOTATE(string = "Colour",
         x = 0.02,
         y = 0.95);

DISPLAY(p_and_o = [0.0,0.0,0.0,0.0,0.0,0.0],
        scale = 1.0,
        axes = TRUE,
        asm_axes = TRUE,
        points = FALSE);

CLEAR();

GagarinSat_cfg5.NODES = FALSE;

ANNOTATE(string = "Colour",
         x = 0.02,
         y = 0.95);

DISPLAY(p_and_o = [0.0,0.0,0.0,0.0,0.0,0.0],
        scale = 1.0,
        axes = TRUE,
        asm_axes = TRUE,
        points = FALSE);

CLEAR();

GagarinSat_cfg5.NODES = FALSE;

ANNOTATE(string = "Colour",
         x = 0.02,
         y = 0.95);

DISPLAY(p_and_o = [0.0,0.0,0.0,0.0,0.0,0.0],
        scale = 1.0,
        axes = TRUE,
        asm_axes = TRUE,
        points = FALSE);

CLEAR();

GagarinSat_cfg5.NODES = FALSE;

ANNOTATE(string = "Colour",
         x = 0.02,
         y = 0.95);

DISPLAY(p_and_o = [0.0,0.0,0.0,0.0,0.0,0.0],
        scale = 1.0,
        axes = TRUE,
        asm_axes = TRUE,
        points = FALSE);

CLEAR();

GagarinSat_cfg5.NODES = FALSE;

ANNOTATE(string = "Colour",
         x = 0.02,
         y = 0.95);

DISPLAY(p_and_o = [0.0,0.0,0.0,0.0,0.0,0.0],
        scale = 1.0,
        axes = TRUE,
        asm_axes = TRUE,
        points = FALSE);

CLEAR();

GagarinSat_cfg5.NODES = FALSE;

ANNOTATE(string = "Colour",
         x = 0.02,
         y = 0.95);

DISPLAY(p_and_o = [0.0,0.0,0.0,0.0,0.0,0.0],
        scale = 1.0,
        axes = TRUE,
        asm_axes = TRUE,
        points = FALSE);

CLEAR();

GagarinSat_cfg5.NODES = FALSE;

ANNOTATE(string = "Colour",
         x = 0.02,
         y = 0.95);

DISPLAY(p_and_o = [0.0,0.0,0.0,0.0,0.0,0.0],
        scale = 1.0,
        axes = TRUE,
        asm_axes = TRUE,
        points = FALSE);

CLEAR();

GagarinSat_cfg5.NODES = FALSE;

ANNOTATE(string = "Colour",
         x = 0.02,
         y = 0.95);

DISPLAY(p_and_o = [0.0,0.0,0.0,0.0,0.0,0.0],
        scale = 1.0,
        axes = TRUE,
        asm_axes = TRUE,
        points = FALSE);

RADIATIVE_PRE_PROCESS_OVERLAY(source = "GEOMETRY",
                              display = "MODEL_ONLY");
CLEAR();

GagarinSat_cfg5.NODES = FALSE;

ANNOTATE(string = "Colour",
         x = 0.02,
         y = 0.95);

DISPLAY(p_and_o = [0.0,0.0,0.0,0.0,0.0,0.0],
        scale = 1.0,
        axes = TRUE,
        asm_axes = TRUE,
        points = FALSE);

CLEAR();

GagarinSat_cfg5.NODES = FALSE;

ANNOTATE(string = "Colour",
         x = 0.02,
         y = 0.95);

DISPLAY(p_and_o = [0.0,0.0,0.0,0.0,0.0,0.0],
        scale = 1.0,
        axes = TRUE,
        asm_axes = TRUE,
        points = FALSE);

CLEAR();

GagarinSat_cfg5.NODES = FALSE;

ANNOTATE(string = "Colour",
         x = 0.02,
         y = 0.95);

DISPLAY(p_and_o = [0.0,0.0,0.0,0.0,0.0,0.0],
        scale = 1.0,
        axes = TRUE,
        asm_axes = TRUE,
        points = FALSE);

CLEAR();

GagarinSat_cfg5.NODES = FALSE;

ANNOTATE(string = "Colour",
         x = 0.02,
         y = 0.95);

DISPLAY(p_and_o = [0.0,0.0,0.0,0.0,0.0,0.0],
        scale = 1.0,
        axes = TRUE,
        asm_axes = TRUE,
        points = FALSE);

CLEAR();

GagarinSat_cfg5.NODES = FALSE;

ANNOTATE(string = "Colour",
         x = 0.02,
         y = 0.95);

DISPLAY(p_and_o = [0.0,0.0,0.0,0.0,0.0,0.0],
        scale = 1.0,
        axes = TRUE,
        asm_axes = TRUE,
        points = FALSE);

CLEAR();

GagarinSat_cfg5.NODES = FALSE;

ANNOTATE(string = "Colour",
         x = 0.02,
         y = 0.95);

DISPLAY(p_and_o = [0.0,0.0,0.0,0.0,0.0,0.0],
        scale = 1.0,
        axes = TRUE,
        asm_axes = TRUE,
        points = FALSE);

CLEAR();

GagarinSat_cfg5.NODES = FALSE;

ANNOTATE(string = "Colour",
         x = 0.02,
         y = 0.95);

DISPLAY(p_and_o = [0.0,0.0,0.0,0.0,0.0,0.0],
        scale = 1.0,
        axes = TRUE,
        asm_axes = TRUE,
        points = FALSE);

CLEAR();

GagarinSat_cfg5.NODES = FALSE;

ANNOTATE(string = "Colour",
         x = 0.02,
         y = 0.95);

DISPLAY(p_and_o = [0.0,0.0,0.0,0.0,0.0,0.0],
        scale = 1.0,
        axes = TRUE,
        asm_axes = TRUE,
        points = FALSE);

CLEAR();

GagarinSat_cfg5.NODES = FALSE;

ANNOTATE(string = "Colour",
         x = 0.02,
         y = 0.95);

DISPLAY(p_and_o = [0.0,0.0,0.0,0.0,0.0,0.0],
        scale = 1.0,
        axes = TRUE,
        asm_axes = TRUE,
        points = FALSE);

CLEAR();

GagarinSat_cfg5.NODES = FALSE;

ANNOTATE(string = "Colour",
         x = 0.02,
         y = 0.95);

DISPLAY(p_and_o = [0.0,0.0,0.0,0.0,0.0,0.0],
        scale = 1.0,
        axes = TRUE,
        asm_axes = TRUE,
        points = FALSE);

CLEAR();

GagarinSat_cfg5.NODES = FALSE;

ANNOTATE(string = "Colour",
         x = 0.02,
         y = 0.95);

DISPLAY(p_and_o = [0.0,0.0,0.0,0.0,0.0,0.0],
        scale = 1.0,
        axes = TRUE,
        asm_axes = TRUE,
        points = FALSE);

CLEAR();

GagarinSat_cfg5.NODES = FALSE;

ANNOTATE(string = "Colour",
         x = 0.02,
         y = 0.95);

DISPLAY(p_and_o = [0.0,0.0,0.0,0.0,0.0,0.0],
        scale = 1.0,
        axes = TRUE,
        asm_axes = TRUE,
        points = FALSE);

CLEAR();

GagarinSat_cfg5.NODES = FALSE;

ANNOTATE(string = "Colour",
         x = 0.02,
         y = 0.95);

DISPLAY(p_and_o = [0.0,0.0,0.0,0.0,0.0,0.0],
        scale = 1.0,
        axes = TRUE,
        asm_axes = TRUE,
        points = FALSE);

CLEAR();

GagarinSat_cfg5.NODES = FALSE;

ANNOTATE(string = "Colour",
         x = 0.02,
         y = 0.95);

DISPLAY(p_and_o = [0.0,0.0,0.0,0.0,0.0,0.0],
        scale = 1.0,
        axes = TRUE,
        asm_axes = TRUE,
        points = FALSE);

CLEAR();

GagarinSat_cfg5.NODES = FALSE;

ANNOTATE(string = "Colour",
         x = 0.02,
         y = 0.95);

DISPLAY(p_and_o = [0.0,0.0,0.0,0.0,0.0,0.0],
        scale = 1.0,
        axes = TRUE,
        asm_axes = TRUE,
        points = FALSE);

CLEAR();

GagarinSat_cfg5.NODES = FALSE;

ANNOTATE(string = "Colour",
         x = 0.02,
         y = 0.95);

DISPLAY(p_and_o = [0.0,0.0,0.0,0.0,0.0,0.0],
        scale = 1.0,
        axes = TRUE,
        asm_axes = TRUE,
        points = FALSE);

CLEAR();

GagarinSat_cfg5.NODES = FALSE;

ANNOTATE(string = "Colour",
         x = 0.02,
         y = 0.95);

DISPLAY(p_and_o = [0.0,0.0,0.0,0.0,0.0,0.0],
        scale = 1.0,
        axes = TRUE,
        asm_axes = TRUE,
        points = FALSE);

CLEAR();

GagarinSat_cfg5.NODES = FALSE;

ANNOTATE(string = "Colour",
         x = 0.02,
         y = 0.95);

DISPLAY(p_and_o = [0.0,0.0,0.0,0.0,0.0,0.0],
        scale = 1.0,
        axes = TRUE,
        asm_axes = TRUE,
        points = FALSE);

CLEAR();

GagarinSat_cfg5.NODES = FALSE;

ANNOTATE(string = "Colour",
         x = 0.02,
         y = 0.95);

DISPLAY(p_and_o = [0.0,0.0,0.0,0.0,0.0,0.0],
        scale = 1.0,
        axes = TRUE,
        asm_axes = TRUE,
        points = FALSE);

CLEAR();

GagarinSat_cfg5.NODES = FALSE;

ANNOTATE(string = "Colour",
         x = 0.02,
         y = 0.95);

DISPLAY(p_and_o = [0.0,0.0,0.0,0.0,0.0,0.0],
        scale = 1.0,
        axes = TRUE,
        asm_axes = TRUE,
        points = FALSE);

CLEAR();

GagarinSat_cfg5.NODES = FALSE;

ANNOTATE(string = "Colour",
         x = 0.02,
         y = 0.95);

DISPLAY(p_and_o = [0.0,0.0,0.0,0.0,0.0,0.0],
        scale = 1.0,
        axes = TRUE,
        asm_axes = TRUE,
        points = FALSE);

CLEAR();

GagarinSat_cfg5.NODES = FALSE;

ANNOTATE(string = "Colour",
         x = 0.02,
         y = 0.95);

DISPLAY(p_and_o = [0.0,0.0,0.0,0.0,0.0,0.0],
        scale = 1.0,
        axes = TRUE,
        asm_axes = TRUE,
        points = FALSE);

CLEAR();

GagarinSat_cfg5.NODES = FALSE;

ANNOTATE(string = "Colour",
         x = 0.02,
         y = 0.95);

DISPLAY(p_and_o = [0.0,0.0,0.0,0.0,0.0,0.0],
        scale = 1.0,
        axes = TRUE,
        asm_axes = TRUE,
        points = FALSE);

CLEAR();

GagarinSat_cfg5.NODES = FALSE;

ANNOTATE(string = "Colour",
         x = 0.02,
         y = 0.95);

DISPLAY(p_and_o = [0.0,0.0,0.0,0.0,0.0,0.0],
        scale = 1.0,
        axes = TRUE,
        asm_axes = TRUE,
        points = FALSE);

CLEAR();

GagarinSat_cfg5.NODES = FALSE;

ANNOTATE(string = "Colour",
         x = 0.02,
         y = 0.95);

DISPLAY(p_and_o = [0.0,0.0,0.0,0.0,0.0,0.0],
        scale = 1.0,
        axes = TRUE,
        asm_axes = TRUE,
        points = FALSE);

CLEAR();

GagarinSat_cfg5.NODES = FALSE;

ANNOTATE(string = "Colour",
         x = 0.02,
         y = 0.95);

DISPLAY(p_and_o = [0.0,0.0,0.0,0.0,0.0,0.0],
        scale = 1.0,
        axes = TRUE,
        asm_axes = TRUE,
        points = FALSE);

CLEAR();

GagarinSat_cfg5.NODES = FALSE;

ANNOTATE(string = "Colour",
         x = 0.02,
         y = 0.95);

DISPLAY(p_and_o = [0.0,0.0,0.0,0.0,0.0,0.0],
        scale = 1.0,
        axes = TRUE,
        asm_axes = TRUE,
        points = FALSE);

CLEAR();

GagarinSat_cfg5.NODES = FALSE;

ANNOTATE(string = "Colour",
         x = 0.02,
         y = 0.95);

DISPLAY(p_and_o = [0.0,0.0,0.0,0.0,0.0,0.0],
        scale = 1.0,
        axes = TRUE,
        asm_axes = TRUE,
        points = FALSE);

CLEAR();

GagarinSat_cfg5.NODES = FALSE;

ANNOTATE(string = "Colour",
         x = 0.02,
         y = 0.95);

DISPLAY(p_and_o = [0.0,0.0,0.0,0.0,0.0,0.0],
        scale = 1.0,
        axes = TRUE,
        asm_axes = TRUE,
        points = FALSE);

CLEAR();

GagarinSat_cfg5.NODES = FALSE;

ANNOTATE(string = "Colour",
         x = 0.02,
         y = 0.95);

DISPLAY(p_and_o = [0.0,0.0,0.0,0.0,0.0,0.0],
        scale = 1.0,
        axes = TRUE,
        asm_axes = TRUE,
        points = FALSE);

CLEAR();

GagarinSat_cfg5.NODES = FALSE;

ANNOTATE(string = "Colour",
         x = 0.02,
         y = 0.95);

DISPLAY(p_and_o = [0.0,0.0,0.0,0.0,0.0,0.0],
        scale = 1.0,
        axes = TRUE,
        asm_axes = TRUE,
        points = FALSE);

CLEAR();

GagarinSat_cfg5.NODES = FALSE;

ANNOTATE(string = "Colour",
         x = 0.02,
         y = 0.95);

DISPLAY(p_and_o = [0.0,0.0,0.0,0.0,0.0,0.0],
        scale = 1.0,
        axes = TRUE,
        asm_axes = TRUE,
        points = FALSE);

CLEAR();

GagarinSat_cfg5.NODES = FALSE;

ANNOTATE(string = "Colour",
         x = 0.02,
         y = 0.95);

DISPLAY(p_and_o = [0.0,0.0,0.0,0.0,0.0,0.0],
        scale = 1.0,
        axes = TRUE,
        asm_axes = TRUE,
        points = FALSE);

CLEAR();

GagarinSat_cfg5.NODES = FALSE;

ANNOTATE(string = "Colour",
         x = 0.02,
         y = 0.95);

DISPLAY(p_and_o = [0.0,0.0,0.0,0.0,0.0,0.0],
        scale = 1.0,
        axes = TRUE,
        asm_axes = TRUE,
        points = FALSE);

CLEAR();

GagarinSat_cfg5.NODES = FALSE;

ANNOTATE(string = "Colour",
         x = 0.02,
         y = 0.95);

DISPLAY(p_and_o = [0.0,0.0,0.0,0.0,0.0,0.0],
        scale = 1.0,
        axes = TRUE,
        asm_axes = TRUE,
        points = FALSE);

CLEAR();

GagarinSat_cfg5.NODES = FALSE;

ANNOTATE(string = "Colour",
         x = 0.02,
         y = 0.95);

DISPLAY(p_and_o = [0.0,0.0,0.0,0.0,0.0,0.0],
        scale = 1.0,
        axes = TRUE,
        asm_axes = TRUE,
        points = FALSE);

CLEAR();

GagarinSat_cfg5.NODES = FALSE;

ANNOTATE(string = "Colour",
         x = 0.02,
         y = 0.95);

DISPLAY(p_and_o = [0.0,0.0,0.0,0.0,0.0,0.0],
        scale = 1.0,
        axes = TRUE,
        asm_axes = TRUE,
        points = FALSE);

LOAD_EXTERNAL_RESULTS (
   type = "TMD",
   file = "C:\ESATAN-TMS\ESATAN-TMS-Models\ESATAN-TMS_Models\GagarinSat_cfg5\esatan\Case_00\GAGARINSAT_CFG3_CASE_00.TMD");
RADIATIVE_PRE_PROCESS_OVERLAY(source = "GEOMETRY",
                              display = "MODEL_ONLY");
CLEAR();

GagarinSat_cfg5.NODES = FALSE;

ANNOTATE(string = "Colour",
         x = 0.02,
         y = 0.95);

DISPLAY(p_and_o = [0.0,0.0,0.0,0.0,0.0,0.0],
        scale = 1.0,
        axes = TRUE,
        asm_axes = TRUE,
        points = FALSE);

LOAD_EXTERNAL_RESULTS (
   type = "TMD",
   file = "C:\ESATAN-TMS\ESATAN-TMS-Models\ESATAN-TMS_Models\GagarinSat_cfg5\esatan\Case_00\GAGARINSAT_CFG5_CASE_00.TMD");
RADIATIVE_PRE_PROCESS_OVERLAY(source = "GEOMETRY",
                              display = "MODEL_ONLY");
CLEAR();

GagarinSat_cfg5.NODES = FALSE;

ANNOTATE(string = "Colour",
         x = 0.02,
         y = 0.95);

DISPLAY(p_and_o = [0.0,0.0,0.0,0.0,0.0,0.0],
        scale = 1.0,
        axes = TRUE,
        asm_axes = TRUE,
        points = FALSE);

THERMAL_POST_PROCESS_OVERLAY(
    record_type= "Thermal_Node",
    start_time = 0.0,
    end_time = 6059.29,
    cycle = 1,
    radiative_case = Rad_Case_00,
    analysis_case = Case_00,
    fixed_scale = FALSE,
    attribute = "Temperature",
     planet_scale = 0.334,
     model_scale = 0.741,
     draw_periapsis = TRUE,
     draw_asc_node = TRUE
);
DEFINE_RANGE(
    range = default_range,
    min = -51.209233021883236,
    max = 150.13635685010098,
    type = "LINEAR"
);

CLEAR();

KEY(shade = continuous_shade,
    range = default_range,
    x = 0.02,
    y = 0.02);

GagarinSat_cfg5.RANGE = "default_range";
GagarinSat_cfg5.SHADE = "continuous_shade";
GagarinSat_cfg5.NODES = FALSE;

ANNOTATE(string = "Thermal Node Attributes: Temperature",
         x = 0.02,
         y = 0.95);

DRAW_ORBIT(analysis_case = Case_00);
DRAW_PERIAPSIS(orbit = Rad_Case_00.ORBIT);
DRAW_ASCENDING_NODE(orbit = Rad_Case_00.ORBIT);
vis_orbit_index = 1;
vis_orbit_index = 1;
DRAW_PLANET(radiative_case = Rad_Case_00,
            time = vis_orbit_times[1],
            scale = 0.334,
            range = default_range,
            shade = continuous_shade
);
FOR (vis_orbit_index = 1;
    vis_orbit_index <= 11;
    vis_orbit_index = EVAL(vis_orbit_index + 1))
DISPLAY(p_and_o = vis_orbit_pos[vis_orbit_index],
        time = vis_orbit_times[vis_orbit_index],
        scale = 0.741 * (Rad_Case_00.ORBIT.ALT_A + R_PLANET),
        axes = TRUE,
        asm_axes = TRUE,
        points = FALSE);

END_FOR
DEFINE_RANGE(
    range = default_range,
    min = -46.50016166874273,
    max = 58.442512791081086,
    type = "LINEAR"
);

CLEAR();

KEY(shade = continuous_shade,
    range = default_range,
    x = 0.02,
    y = 0.02);

GagarinSat_cfg5.RANGE = "default_range";
GagarinSat_cfg5.SHADE = "continuous_shade";
GagarinSat_cfg5.NODES = FALSE;

ANNOTATE(string = "Thermal Node Attributes: Temperature",
         x = 0.02,
         y = 0.95);

DRAW_ORBIT(analysis_case = Case_00);
DRAW_PERIAPSIS(orbit = Rad_Case_00.ORBIT);
DRAW_ASCENDING_NODE(orbit = Rad_Case_00.ORBIT);
vis_orbit_index = 1;
vis_orbit_index = 1;
DRAW_PLANET(radiative_case = Rad_Case_00,
            time = vis_orbit_times[1],
            scale = 0.334,
            range = default_range,
            shade = continuous_shade
);
FOR (vis_orbit_index = 1;
    vis_orbit_index <= 11;
    vis_orbit_index = EVAL(vis_orbit_index + 1))
DISPLAY(p_and_o = vis_orbit_pos[vis_orbit_index],
        time = vis_orbit_times[vis_orbit_index],
        scale = 0.741 * (Rad_Case_00.ORBIT.ALT_A + R_PLANET),
        axes = TRUE,
        asm_axes = TRUE,
        points = FALSE);

END_FOR
CLEAR();

KEY(shade = continuous_shade,
    range = default_range,
    x = 0.02,
    y = 0.02);

GagarinSat_cfg5.RANGE = "default_range";
GagarinSat_cfg5.SHADE = "continuous_shade";
GagarinSat_cfg5.NODES = FALSE;

ANNOTATE(string = "Thermal Node Attributes: Temperature",
         x = 0.02,
         y = 0.95);

DRAW_ORBIT(analysis_case = Case_00);
DRAW_PERIAPSIS(orbit = Rad_Case_00.ORBIT);
DRAW_ASCENDING_NODE(orbit = Rad_Case_00.ORBIT);
vis_orbit_index = 1;
vis_orbit_index = 1;
DRAW_PLANET(radiative_case = Rad_Case_00,
            time = vis_orbit_times[1],
            scale = 0.334,
            range = default_range,
            shade = continuous_shade
);
FOR (vis_orbit_index = 1;
    vis_orbit_index <= 11;
    vis_orbit_index = EVAL(vis_orbit_index + 1))
DISPLAY(p_and_o = vis_orbit_pos[vis_orbit_index],
        time = vis_orbit_times[vis_orbit_index],
        scale = 0.741 * (Rad_Case_00.ORBIT.ALT_A + R_PLANET),
        axes = TRUE,
        asm_axes = TRUE,
        points = FALSE);

END_FOR
CLEAR();

KEY(shade = continuous_shade,
    range = default_range,
    x = 0.02,
    y = 0.02);

GagarinSat_cfg5.RANGE = "default_range";
GagarinSat_cfg5.SHADE = "continuous_shade";
GagarinSat_cfg5.NODES = FALSE;

ANNOTATE(string = "Thermal Node Attributes: Temperature",
         x = 0.02,
         y = 0.95);

DRAW_ORBIT(analysis_case = Case_00);
DRAW_PERIAPSIS(orbit = Rad_Case_00.ORBIT);
DRAW_ASCENDING_NODE(orbit = Rad_Case_00.ORBIT);
vis_orbit_index = 1;
vis_orbit_index = 1;
DRAW_PLANET(radiative_case = Rad_Case_00,
            time = vis_orbit_times[1],
            scale = 0.334,
            range = default_range,
            shade = continuous_shade
);
FOR (vis_orbit_index = 1;
    vis_orbit_index <= 11;
    vis_orbit_index = EVAL(vis_orbit_index + 1))
DISPLAY(p_and_o = vis_orbit_pos[vis_orbit_index],
        time = vis_orbit_times[vis_orbit_index],
        scale = 0.741 * (Rad_Case_00.ORBIT.ALT_A + R_PLANET),
        axes = TRUE,
        asm_axes = TRUE,
        points = FALSE);

END_FOR
CLEAR();

KEY(shade = continuous_shade,
    range = default_range,
    x = 0.02,
    y = 0.02);

GagarinSat_cfg5.RANGE = "default_range";
GagarinSat_cfg5.SHADE = "continuous_shade";
GagarinSat_cfg5.NODES = FALSE;

ANNOTATE(string = "Thermal Node Attributes: Temperature",
         x = 0.02,
         y = 0.95);

DRAW_ORBIT(analysis_case = Case_00);
DRAW_PERIAPSIS(orbit = Rad_Case_00.ORBIT);
DRAW_ASCENDING_NODE(orbit = Rad_Case_00.ORBIT);
vis_orbit_index = 1;
vis_orbit_index = 1;
DRAW_PLANET(radiative_case = Rad_Case_00,
            time = vis_orbit_times[1],
            scale = 0.334,
            range = default_range,
            shade = continuous_shade
);
FOR (vis_orbit_index = 1;
    vis_orbit_index <= 11;
    vis_orbit_index = EVAL(vis_orbit_index + 1))
DISPLAY(p_and_o = vis_orbit_pos[vis_orbit_index],
        time = vis_orbit_times[vis_orbit_index],
        scale = 0.741 * (Rad_Case_00.ORBIT.ALT_A + R_PLANET),
        axes = TRUE,
        asm_axes = TRUE,
        points = FALSE);

END_FOR

   /* Warning Error: current function is Radiative results */
   /* Radiative case Rad_Case_00: Model geometry has changed, existing results deleted */
CLEAR();

KEY(shade = continuous_shade,
    range = default_range,
    x = 0.02,
    y = 0.02);

GagarinSat_cfg5.RANGE = "default_range";
GagarinSat_cfg5.SHADE = "continuous_shade";
GagarinSat_cfg5.NODES = FALSE;

ANNOTATE(string = "Thermal Node Attributes: Temperature",
         x = 0.02,
         y = 0.95);

DRAW_ORBIT(analysis_case = Case_00);
DRAW_PERIAPSIS(orbit = Rad_Case_00.ORBIT);
DRAW_ASCENDING_NODE(orbit = Rad_Case_00.ORBIT);
vis_orbit_index = 1;
vis_orbit_index = 1;
DRAW_PLANET(radiative_case = Rad_Case_00,
            time = vis_orbit_times[1],
            scale = 0.334,
            range = default_range,
            shade = continuous_shade
);
FOR (vis_orbit_index = 1;
    vis_orbit_index <= 11;
    vis_orbit_index = EVAL(vis_orbit_index + 1))
DISPLAY(p_and_o = vis_orbit_pos[vis_orbit_index],
        time = vis_orbit_times[vis_orbit_index],
        scale = 0.741 * (Rad_Case_00.ORBIT.ALT_A + R_PLANET),
        axes = TRUE,
        asm_axes = TRUE,
        points = FALSE);

END_FOR
LOAD_EXTERNAL_RESULTS (
   type = "TMD",
   file = "C:\ESATAN-TMS\ESATAN-TMS-Models\ESATAN-TMS_Models\GagarinSat_cfg5\esatan\Case_00\GAGARINSAT_CFG5_CASE_00.TMD");
RADIATIVE_PRE_PROCESS_OVERLAY(source = "GEOMETRY",
                              display = "MODEL_ONLY");
CLEAR();

GagarinSat_cfg5.NODES = FALSE;

ANNOTATE(string = "Colour",
         x = 0.02,
         y = 0.95);

DISPLAY(p_and_o = [0.0,0.0,0.0,0.0,0.0,0.0],
        scale = 1.0,
        axes = TRUE,
        asm_axes = TRUE,
        points = FALSE);

RESET_VIEW();

THERMAL_POST_PROCESS_OVERLAY(
    record_type= "Thermal_Node",
    start_time = 0.0,
    end_time = 6059.29,
    cycle = 1,
    radiative_case = Rad_Case_00,
    analysis_case = Case_00,
    fixed_scale = FALSE,
    attribute = "Temperature",
     planet_scale = 0.334,
     model_scale = 0.741,
     draw_periapsis = TRUE,
     draw_asc_node = TRUE
);
DEFINE_RANGE(
    range = default_range,
    min = -48.208287742341035,
    max = 58.283399942660864,
    type = "LINEAR"
);

CLEAR();

KEY(shade = continuous_shade,
    range = default_range,
    x = 0.02,
    y = 0.02);

GagarinSat_cfg5.RANGE = "default_range";
GagarinSat_cfg5.SHADE = "continuous_shade";
GagarinSat_cfg5.NODES = FALSE;

ANNOTATE(string = "Thermal Node Attributes: Temperature",
         x = 0.02,
         y = 0.95);

DRAW_ORBIT(analysis_case = Case_00);
DRAW_PERIAPSIS(orbit = Rad_Case_00.ORBIT);
DRAW_ASCENDING_NODE(orbit = Rad_Case_00.ORBIT);
vis_orbit_index = 1;
vis_orbit_index = 1;
DRAW_PLANET(radiative_case = Rad_Case_00,
            time = vis_orbit_times[1],
            scale = 0.334,
            range = default_range,
            shade = continuous_shade
);
FOR (vis_orbit_index = 1;
    vis_orbit_index <= 11;
    vis_orbit_index = EVAL(vis_orbit_index + 1))
DISPLAY(p_and_o = vis_orbit_pos[vis_orbit_index],
        time = vis_orbit_times[vis_orbit_index],
        scale = 0.741 * (Rad_Case_00.ORBIT.ALT_A + R_PLANET),
        axes = TRUE,
        asm_axes = TRUE,
        points = FALSE);

END_FOR
